bf0432-005.cnf                                         --          1000.00
bf0432-007.cnf                                         --          1000.00
bf0432-011.cnf                                         --          1000.00
bf0432-015.cnf                                         --          1000.00
bf0432-017.cnf                                         --          1000.00
bf0432-033.cnf                                       2783          715.80
bf0432-035.cnf                                       2783          825.32
bf0432-039.cnf                                       2789          745.35
bf0432-041.cnf                                       2782          662.64
bf0432-043.cnf                                       2782          889.58
bf0432-048.cnf                                       1036           1.98
INFO: Number of clauses 3761bf0432-070.cnf                                         --          1000.00
INFO: Number of clauses 3685bf0432-077.cnf                                         --          1000.00
INFO: Number of clauses 3685bf0432-079.cnf                                         --          1000.00
INFO: Number of clauses 3761bf0432-091.cnf                                         --          1000.00
INFO: Number of clauses 3746bf0432-103.cnf                                         --          1000.00
INFO: Number of clauses 3763bf0432-122.cnf                                         --          1000.00
INFO: Number of clauses 1031bf0432-135.cnf                                       1030           2.14
INFO: Number of clauses 1000bf0432-138.cnf                                        999           3.97
INFO: Number of clauses 1010bf0432-139.cnf                                       1010           6.08
INFO: Number of clauses 6778bf1355-075.cnf                                         --          1000.00
INFO: Number of clauses 6778bf1355-076.cnf                                         --          1000.00
INFO: Number of clauses 7306bf1355-119.cnf                                         --          1000.00
INFO: Number of clauses 7306bf1355-120.cnf                                         --          1000.00
INFO: Number of clauses 7306bf1355-123.cnf                                         --          1000.00
INFO: Number of clauses 7306bf1355-124.cnf                                         --          1000.00
INFO: Number of clauses 7306bf1355-127.cnf                                         --          1000.00
INFO: Number of clauses 7306