b14_opt_bug2_vec1-gate-0.dimacs.seq                    --          1000.00
b15-bug-fourvec-gate-0.dimacs.seq                      --          1000.00
b15-bug-onevec-gate-0.dimacs.seq                       --          1000.00
c1_DD_s3_f1_e2_v1-bug-fourvec-gate-0.dimacs.seq        --          1000.00
c1_DD_s3_f1_e2_v1-bug-onevec-gate-0.dimacs.seq         --          1000.00
c2_DD_s3_f1_e2_v1-bug-fourvec-gate-0.dimacs.seq        --          1000.00
c2_DD_s3_f1_e2_v1-bug-onevec-gate-0.dimacs.seq         --          1000.00
c3_DD_s3_f1_e1_v1-bug-fourvec-gate-0.dimacs.seq        --          1000.00
c3_DD_s3_f1_e1_v1-bug-onevec-gate-0.dimacs.seq         --          1000.00
c4_DD_s3_f1_e1_v1-bug-gate-0.dimacs.seq                --          1000.00
c4_DD_s3_f1_e2_v1-bug-fourvec-gate-0.dimacs.seq        --          1000.00
c4_DD_s3_f1_e2_v1-bug-onevec-gate-0.dimacs.seq         --          1000.00
c5315-bug-gate-0.dimacs.seq                          5048          169.48
c5_DD_s3_f1_e1_v1-bug-fourvec-gate-0.dimacs.seq        --          1000.00
c5_DD_s3_f1_e1_v1-bug-gate-0.dimacs.seq                --          1000.00
c5_DD_s3_f1_e1_v1-bug-onevec-gate-0.dimacs.seq         --          1000.00
c5_DD_s3_f1_e1_v2-bug-gate-0.dimacs.seq                --          1000.00
c6288-bug-gate-0.dimacs.seq                            --          1000.00
c6_DD_s3_f1_e1_v1-bug-fourvec-gate-0.dimacs.seq        --          1000.00
c6_DD_s3_f1_e1_v1-bug-gate-0.dimacs.seq                --          1000.00
c6_DD_s3_f1_e1_v1-bug-onevec-gate-0.dimacs.seq         --          1000.00
c6_DD_s3_f1_e2_v1-bug-fourvec-gate-0.dimacs.seq        --          1000.00
c7552-bug-gate-0.dimacs.seq                            --          1000.00
mot_comb1._red-gate-0.dimacs.seq                     5325           0.15
mot_comb2._red-gate-0.dimacs.seq                    13893           6.70
mot_comb3._red-gate-0.dimacs.seq                       --          1000.00
s15850-bug-fourvec-gate-0.dimacs.seq                   --          1000.00
s15850-bug-onevec-gate-0.dimacs.seq                    --          1000.00
s38584-bug-onevec-gate-0.dimacs.seq                    --          1000.00
