c7552-bug-gate-0.dimacs.seq xxx 6.47
c6_DD_s3_f1_e1_v1-bug-onevec-gate-0.dimacs.seq xxx 21.62
c5_DD_s3_f1_e1_v1-bug-gate-0.dimacs.seq xxx 48.72
s38584-bug-onevec-gate-0.dimacs.seq xxx 65.33
mot_comb2._red-gate-0.dimacs.seq xxx 2.42
b14_opt_bug2_vec1-gate-0.dimacs.seq xxx 39.02
c6_DD_s3_f1_e2_v1-bug-fourvec-gate-0.dimacs.seq xxx 41.64
s15850-bug-onevec-gate-0.dimacs.seq xxx 3.62
c1_DD_s3_f1_e2_v1-bug-fourvec-gate-0.dimacs.seq xxx 68.97
c4_DD_s3_f1_e2_v1-bug-fourvec-gate-0.dimacs.seq xxx 79.26
c6_DD_s3_f1_e1_v1-bug-fourvec-gate-0.dimacs.seq xxx 41.71
b15-bug-fourvec-gate-0.dimacs.seq xxx 89.10
c3_DD_s3_f1_e1_v1-bug-fourvec-gate-0.dimacs.seq xxx 5.74
c1_DD_s3_f1_e2_v1-bug-onevec-gate-0.dimacs.seq xxx 29.26
c2_DD_s3_f1_e2_v1-bug-onevec-gate-0.dimacs.seq xxx 28.30
s15850-bug-fourvec-gate-0.dimacs.seq xxx 26.30
c4_DD_s3_f1_e1_v1-bug-gate-0.dimacs.seq xxx 95.80
mot_comb1._red-gate-0.dimacs.seq xxx 2.20
c3_DD_s3_f1_e1_v1-bug-onevec-gate-0.dimacs.seq xxx 2.68
c5_DD_s3_f1_e1_v1-bug-fourvec-gate-0.dimacs.seq xxx 31.28
c2_DD_s3_f1_e2_v1-bug-fourvec-gate-0.dimacs.seq xxx 79.85
c6_DD_s3_f1_e1_v1-bug-gate-0.dimacs.seq xxx 64.16
c6288-bug-gate-0.dimacs.seq xxx 2.42
c5_DD_s3_f1_e1_v1-bug-onevec-gate-0.dimacs.seq xxx 15.81
b15-bug-onevec-gate-0.dimacs.seq xxx 36.44
c5315-bug-gate-0.dimacs.seq xxx 2.20
c4_DD_s3_f1_e2_v1-bug-onevec-gate-0.dimacs.seq xxx 34.37
mot_comb3._red-gate-0.dimacs.seq xxx 2.91
c5_DD_s3_f1_e1_v2-bug-gate-0.dimacs.seq xxx 48.71
