c10b_s.cnf                                             --          1000.00
c10_i.cnf                                              --          1000.00
c10n_s.cnf                                             --          1000.00
c10_s.cnf                                            3465           0.21
c6b.cnf                                                --          1000.00
c6b_i.cnf                                              --          1000.00
c6bi_s.cnf                                             --          1000.00
c6b_s.cnf                                              --          1000.00
c6_i.cnf                                               --          1000.00
c6i.cnf                                                --          1000.00
c6i_s.cnf                                              --          1000.00
c6n.cnf                                                --          1000.00
c6n_i.cnf                                              --          1000.00
c6n_s.cnf                                              --          1000.00
c6_s.cnf                                             3150           0.65
c7b_i.cnf                                              --          1000.00
c7b_s.cnf                                              --          1000.00
c7_i.cnf                                               --          1000.00
c7n.cnf                                                --          1000.00
c7n_i.cnf                                              --          1000.00
c7n_s.cnf                                              --          1000.00
c7_s.cnf                                             3186           0.17
c8b_i.cnf                                              --          1000.00
c8b_s.cnf                                              --          1000.00
c8_i.cnf                                               --          1000.00
c8n_i.cnf                                              --          1000.00
c8n_s.cnf                                              --          1000.00
c8_s.cnf                                             3264           0.20
c9b_i.cnf                                              --          1000.00
c9b_s.cnf                                              --          1000.00
c9_i.cnf                                               --          1000.00
c9n_i.cnf                                              --          1000.00
c9n_s.cnf                                              --          1000.00
c9_s.cnf                                             3324           0.19
f6b.cnf                                                --          1000.00
f6.cnf                                                 --          1000.00
f6i.cnf                                                --          1000.00
f6n.cnf                                                --          1000.00
f7.cnf                                                 --          1000.00
g6b.cnf                                                --          1000.00
g6bi.cnf                                               --          1000.00
g6bid.cnf                                              --          1000.00
g6bidw.cnf                                             --          1000.00
g6.cnf                                                 --          1000.00
g6i.cnf                                                --          1000.00
g6id.cnf                                               --          1000.00
g6idw.cnf                                              --          1000.00
g6n.cnf                                                --          1000.00
g6ni.cnf                                               --          1000.00
g6nid.cnf                                              --          1000.00
g6nidw.cnf                                             --          1000.00
g7b.cnf                                                --          1000.00
g7.cnf                                                 --          1000.00
g7n.cnf                                                --          1000.00
g8b.cnf                                                --          1000.00
g8.cnf                                                 --          1000.00
g8n.cnf                                                --          1000.00
g9.cnf                                                 --          1000.00
