C168_FW_SZ_107.cnf                                   6598           0.03
C168_FW_SZ_128.cnf                                   5424           0.81
C168_FW_SZ_41.cnf                                    5386           0.01
C168_FW_SZ_66.cnf                                    5400           0.01
C168_FW_SZ_75.cnf                                      xx          1000.00
C168_FW_UT_2463.cnf                                  7488           0.03
C168_FW_UT_2468.cnf                                  7486           0.03
C168_FW_UT_2469.cnf                                  7499           0.03
C168_FW_UT_714.cnf                                   7486           0.04
C168_FW_UT_851.cnf                                   7490           0.03
C168_FW_UT_852.cnf                                   7488           0.03
C168_FW_UT_854.cnf                                   7485           0.03
C168_FW_UT_855.cnf                                   7484           0.03
C170_FR_RZ_32.cnf                                    4955           0.07
C170_FR_SZ_58.cnf                                    5000           0.00
C170_FR_SZ_92.cnf                                    5081           0.01
C170_FR_SZ_95.cnf                                    4954           0.02
C170_FR_SZ_96.cnf                                    4954           0.02
C202_FS_RZ_44.cnf                                    6198           0.02
C202_FS_SZ_104.cnf                                   6200           0.02
C202_FS_SZ_121.cnf                                   6180           0.01
C202_FS_SZ_122.cnf                                   6178           0.02
C202_FS_SZ_74.cnf                                      xx          1000.00
C202_FS_SZ_84.cnf                                      --          1000.00
C202_FS_SZ_95.cnf                                    6183           0.02
C202_FS_SZ_97.cnf                                    6249           0.02
C202_FW_RZ_57.cnf                                    8684           3.08
C202_FW_SZ_100.cnf                                   8737           0.04
C202_FW_SZ_103.cnf                                     xx          1000.00
C202_FW_SZ_118.cnf                                   8810           0.04
C202_FW_SZ_123.cnf                                     xx          1000.00
C202_FW_SZ_124.cnf                                   8683           0.05
C202_FW_SZ_61.cnf                                      --          1000.00
C202_FW_SZ_77.cnf                                    8859           0.31
C202_FW_SZ_87.cnf                                      --          1000.00
C202_FW_SZ_96.cnf                                      --          1000.00
C202_FW_SZ_98.cnf                                      xx          1000.00
C202_FW_UT_2814.cnf                                 11351           0.11
C202_FW_UT_2815.cnf                                 11351           0.11
C208_FA_RZ_43.cnf                                    5296           0.00
C208_FA_RZ_64.cnf                                    5278           0.35
C208_FA_SZ_120.cnf                                   5277           0.01
C208_FA_SZ_121.cnf                                   5277           0.01
C208_FA_SZ_87.cnf                                    5298           0.00
C208_FA_UT_3254.cnf                                    --          1000.00
C208_FA_UT_3255.cnf                                    --          1000.00
C208_FC_RZ_65.cnf                                    5590           0.01
C208_FC_RZ_70.cnf                                    5542           0.49
C208_FC_SZ_107.cnf                                   5640           0.02
C208_FC_SZ_127.cnf                                   5541           0.01
C208_FC_SZ_128.cnf                                   5541           0.01
C210_FS_RZ_23.cnf                                      xx          1000.00
C210_FS_RZ_38.cnf                                    5762           0.01
C210_FS_RZ_40.cnf                                    5751           1.90
C210_FS_SZ_103.cnf                                     xx          1000.00
C210_FS_SZ_107.cnf                                   5761           0.00
C210_FS_SZ_123.cnf                                   5920           0.02
C210_FS_SZ_129.cnf                                   5752           0.01
C210_FS_SZ_130.cnf                                   5752           0.01
C210_FS_SZ_55.cnf                                    5780           0.01
C210_FS_SZ_78.cnf                                    5929           0.07
C210_FW_RZ_30.cnf                                    7425           0.03
C210_FW_RZ_57.cnf                                    7404           0.03
C210_FW_RZ_59.cnf                                      xx          1000.00
C210_FW_SZ_106.cnf                                     xx          1000.00
C210_FW_SZ_111.cnf                                   7403           0.03
C210_FW_SZ_128.cnf                                     xx          1000.00
C210_FW_SZ_129.cnf                                     xx          1000.00
C210_FW_SZ_135.cnf                                     xx          1000.00
C210_FW_SZ_136.cnf                                     xx          1000.00
C210_FW_SZ_80.cnf                                      xx          1000.00
C210_FW_SZ_90.cnf                                      --          1000.00
C210_FW_SZ_91.cnf                                      --          1000.00
C210_FW_UT_8630.cnf                                  9720           0.51
C210_FW_UT_8634.cnf                                  9718           0.26
C220_FV_RZ_12.cnf                                    4511           0.01
C220_FV_RZ_13.cnf                                    4508           0.00
C220_FV_RZ_14.cnf                                    4507           0.00
C220_FV_SZ_114.cnf                                   4776           0.01
C220_FV_SZ_121.cnf                                   4507           0.10
C220_FV_SZ_39.cnf                                      --          1000.00
C220_FV_SZ_46.cnf                                    4497           0.01
C220_FV_SZ_55.cnf                                      --          1000.00
C220_FV_SZ_65.cnf                                    4495           0.01
