p_hat500-2.clq.cnf  xxx 0.41
san1000.clq.cnf  xxx 0.13
c-fat200-5.clq.cnf  xxx 0.16
brock400_2.clq.cnf  xxx 19.82
brock800_2.clq.cnf  xxx 2.10
p_hat300-2.clq.cnf  xxx 0.06
san200_0.9_1.clq.cnf  xxx 360.64
hamming6-2.clq.cnf  xxx 999.82
hamming10-2.clq.cnf  xxx 999.74
brock200_3.clq.cnf  xxx 3.51
san400_0.5_1.clq.cnf  xxx 0.18
sanr200_0.7.clq.cnf  xxx 7.64
brock400_1.clq.cnf  xxx 24.70
keller5.clq.cnf  xxx 6.29
brock400_4.clq.cnf  xxx 10.09
johnson16-2-4.clq.cnf  xxx 0.29
johnson8-4-4.clq.cnf  xxx 999.82
p_hat500-1.clq.cnf  xxx 0.01
MANN_a45.clq.cnf  xxx 999.83
sanr200_0.9.clq.cnf  xxx 146.65
keller4.clq.cnf  xxx 0.13
p_hat700-2.clq.cnf  xxx 0.14
brock400_3.clq.cnf  xxx 8.95
p_hat700-1.clq.cnf  xxx 0.00
san200_0.9_2.clq.cnf  xxx 444.26
hamming10-4.clq.cnf  xxx 293.36
MANN_a9.clq.cnf  xxx 999.81
hamming8-2.clq.cnf  xxx 999.82
sanr400_0.5.clq.cnf  xxx 0.19
san400_0.7_2.clq.cnf  xxx 7.50
p_hat300-3.clq.cnf  xxx 18.82
hamming8-4.clq.cnf  xxx 0.26
c-fat200-1.clq.cnf  xxx 0.00
p_hat300-1.clq.cnf  xxx 0.00
johnson8-2-4.clq.cnf  xxx 0.01
c-fat500-5.clq.cnf  xxx 999.82
p_hat1000-1.clq.cnf  xxx 0.00
san400_0.7_1.clq.cnf  xxx 12.42
brock800_3.clq.cnf  xxx 2.44
san200_0.7_2.clq.cnf  xxx 7.18
p_hat500-3.clq.cnf  xxx 56.65
san200_0.9_3.clq.cnf  xxx 447.98
brock200_4.clq.cnf  xxx 2.12
MANN_a81.clq.cnf  xxx 999.82
hamming6-4.clq.cnf xxx 0.32
san400_0.7_3.clq.cnf xxx  9.12
p_hat1000-3.clq.cnf xxx 6.16
johnson32-2-4.clq.cnf xxx 72.78
brock200_2.clq.cnf xxx 0.16
san200_0.7_1.clq.cnf xxx 22.43
p_hat700-3.clq.cnf xxx 25.36
c-fat500-2.clq.cnf xxx 0.01
brock800_4.clq.cnf xxx 1.68
sanr400_0.7.clq.cnf xxx  2.83
c-fat500-1.clq.cnf  xxx 0.00
brock800_1.clq.cnf  xxx 1.50
c-fat500-10.clq.cnf  xxx 999.82
san400_0.9_1.clq.cnf  xxx 336.68
c-fat200-2.clq.cnf  xxx 0.00
p_hat1000-2.clq.cnf  xxx 0.17
brock200_1.clq.cnf  xxx 12.17
MANN_a27.clq.cnf  xxx 999.79
