p_hat500-2.clq.cnf xxx 0.51
san1000.clq.cnf xxx 0.22
c-fat200-5.clq.cnf xxx 0.23
brock400_2.clq.cnf xxx 19.94
brock800_2.clq.cnf xxx 2.21
p_hat300-2.clq.cnf xxx 0.14
san200_0.9_1.clq.cnf xxx 360.77
hamming6-2.clq.cnf xxx 1314.56
hamming10-2.clq.cnf xxx 1623.26
brock200_3.clq.cnf xxx 3.62
san400_0.5_1.clq.cnf xxx 0.26
sanr200_0.7.clq.cnf xxx 7.75
brock400_1.clq.cnf xxx 24.83
keller5.clq.cnf xxx 6.43
brock400_4.clq.cnf xxx 10.22
johnson16-2-4.clq.cnf xxx 0.40
johnson8-4-4.clq.cnf xxx 704.75
p_hat500-1.clq.cnf xxx 0.07
MANN_a45.clq.cnf xxx 1530.64
sanr200_0.9.clq.cnf xxx 146.80
keller4.clq.cnf xxx 0.25
p_hat700-2.clq.cnf xxx 0.23
brock400_3.clq.cnf xxx 9.06
p_hat700-1.clq.cnf xxx 0.06
san200_0.9_2.clq.cnf xxx 444.29
hamming10-4.clq.cnf xxx 293.58
MANN_a9.clq.cnf xxx 1553.96
hamming8-2.clq.cnf xxx 1613.68
sanr400_0.5.clq.cnf xxx 0.28
san400_0.7_2.clq.cnf xxx 7.60
p_hat300-3.clq.cnf xxx 18.94
hamming8-4.clq.cnf xxx 0.36
c-fat200-1.clq.cnf xxx 0.03
p_hat300-1.clq.cnf xxx 0.05
johnson8-2-4.clq.cnf xxx 0.05
c-fat500-5.clq.cnf xxx 2007.61
p_hat1000-1.clq.cnf xxx 0.05
san400_0.7_1.clq.cnf xxx 12.54
brock800_3.clq.cnf xxx 2.55
san200_0.7_2.clq.cnf xxx 7.30
p_hat500-3.clq.cnf xxx 56.78
san200_0.9_3.clq.cnf xxx 448.09
brock200_4.clq.cnf xxx 2.22
MANN_a81.clq.cnf xxx 1473.16
hamming6-4.clq.cnf xxx 0.48
san400_0.7_3.clq.cnf xxx 9.25
p_hat1000-3.clq.cnf xxx 6.27
johnson32-2-4.clq.cnf xxx 72.98
brock200_2.clq.cnf xxx 0.24
san200_0.7_1.clq.cnf xxx 22.54
p_hat700-3.clq.cnf xxx 25.50
c-fat500-2.clq.cnf xxx 0.04
brock800_4.clq.cnf xxx 1.79
sanr400_0.7.clq.cnf xxx 2.95
c-fat500-1.clq.cnf xxx 0.02
brock800_1.clq.cnf xxx 1.62
c-fat500-10.clq.cnf xxx 1808.30
san400_0.9_1.clq.cnf xxx 336.76
c-fat200-2.clq.cnf xxx 0.04
p_hat1000-2.clq.cnf xxx 0.25
brock200_1.clq.cnf xxx 12.28
MANN_a27.clq.cnf xxx 999.73
