22s.smv.sat.chaff.4.1.bryant.cnf                       --          1000.00
25s.smv.sat.chaff.4.1.bryant.cnf                       --          1000.00
27s.smv.sat.chaff.4.1.bryant.cnf                       --          1000.00
32s.smv.sat.chaff.4.1.bryant.cnf                     2945          20.75
37s.smv.sat.chaff.4.1.bryant.cnf                     1070           0.02
38s.smv.sat.chaff.4.1.bryant.cnf                     2443           0.37
43s.smv.sat.chaff.4.1.bryant.cnf                       --          1000.00
44s.smv.sat.chaff.4.1.bryant.cnf                       --          1000.00
46s.smv.sat.chaff.4.1.bryant.cnf                       --          1000.00
49s.smv.sat.chaff.4.1.bryant.cnf                       --          1000.00
cache.inv10.ucl.sat.chaff.4.1.bryant.cnf               --          1000.00
cache.inv12.ucl.sat.chaff.4.1.bryant.cnf               --          1000.00
cache.inv14.ucl.sat.chaff.4.1.bryant.cnf               --          1000.00
cache.inv8.ucl.sat.chaff.4.1.bryant.cnf              9671          288.59
dlx1c.rwmem1.ucl.sat.chaff.4.1.bryant.cnf              --          1000.00
dlx1c.rwmem.ucl.sat.chaff.4.1.bryant.cnf               --          1000.00
dlx1c.ucl.sat.chaff.4.1.bryant.cnf                     --          1000.00
elf.rf10.ucl.sat.chaff.4.1.bryant.cnf                  --          1000.00
elf.rf6.ucl.sat.chaff.4.1.bryant.cnf                  223           0.00
elf.rf7.ucl.sat.chaff.4.1.bryant.cnf                   --          1000.00
elf.rf8.ucl.sat.chaff.4.1.bryant.cnf                   --          1000.00
elf.rf9.ucl.sat.chaff.4.1.bryant.cnf                   --          1000.00
ooo.rf10.ucl.sat.chaff.4.1.bryant.cnf                  --          1000.00
ooo.rf6.ucl.sat.chaff.4.1.bryant.cnf                 8393          355.33
ooo.rf7.ucl.sat.chaff.4.1.bryant.cnf                   --          1000.00
ooo.rf8.ucl.sat.chaff.4.1.bryant.cnf                   --          1000.00
ooo.rf9.ucl.sat.chaff.4.1.bryant.cnf                   --          1000.00
ooo.tag10.ucl.sat.chaff.4.1.bryant.cnf                 --          1000.00
ooo.tag12.ucl.sat.chaff.4.1.bryant.cnf                 --          1000.00
ooo.tag14.ucl.sat.chaff.4.1.bryant.cnf                 --          1000.00
ooo.tag8.ucl.sat.chaff.4.1.bryant.cnf                  --          1000.00
