C168_FW_UT_2463.cnf xxx 2.05
C208_FC_RZ_65.cnf xxx 2.03
C210_FW_SZ_129.cnf xxx 2.04
C168_FW_UT_714.cnf xxx 2.05
C210_FW_UT_8630.cnf xxx 2.25
C168_FW_UT_854.cnf xxx 2.05
C168_FW_UT_851.cnf xxx 2.05
C210_FS_SZ_130.cnf xxx 2.03
C202_FW_SZ_61.cnf xxx 2.03
C208_FC_SZ_128.cnf xxx 2.03
C208_FC_SZ_107.cnf xxx 2.03
C168_FW_UT_855.cnf xxx 2.05
C208_FA_RZ_64.cnf xxx 2.16
C210_FW_SZ_80.cnf xxx 2.04
C168_FW_SZ_75.cnf xxx 2.03
C202_FS_SZ_95.cnf xxx 2.03
C168_FW_SZ_66.cnf xxx 2.03
C210_FW_SZ_106.cnf xxx 2.04
C202_FS_SZ_84.cnf xxx 2.06
C202_FS_SZ_74.cnf xxx 2.03
C210_FS_RZ_38.cnf xxx 2.03
C210_FW_UT_8634.cnf xxx 2.38
C170_FR_SZ_92.cnf xxx 2.02
C202_FW_SZ_123.cnf xxx 2.04
C210_FW_RZ_57.cnf xxx 2.05
C168_FW_SZ_41.cnf xxx 2.03
C208_FC_RZ_70.cnf xxx 2.21
C220_FV_RZ_12.cnf xxx 2.03
C168_FW_UT_2469.cnf xxx 2.05
C208_FA_RZ_43.cnf xxx 2.03
C208_FA_SZ_87.cnf xxx 2.02
C170_FR_SZ_58.cnf xxx 2.02
C210_FS_SZ_107.cnf xxx 2.03
C208_FA_SZ_121.cnf xxx 2.03
C210_FW_SZ_135.cnf xxx 2.04
C170_FR_SZ_96.cnf xxx 2.03
C170_FR_SZ_95.cnf xxx 2.03
C210_FW_SZ_91.cnf xxx 2.14
C210_FW_SZ_136.cnf xxx 2.04
C220_FV_RZ_13.cnf xxx 2.03
C210_FS_SZ_123.cnf xxx 2.03
C202_FW_SZ_87.cnf xxx 2.12
C202_FW_RZ_57.cnf xxx 3.23
C202_FS_SZ_104.cnf xxx 2.03
C202_FW_SZ_103.cnf xxx 2.27
C202_FW_SZ_118.cnf xxx 2.05
C210_FW_SZ_111.cnf xxx 2.05
C202_FW_SZ_96.cnf xxx 2.08
C170_FR_RZ_32.cnf xxx 2.05
C202_FW_UT_2814.cnf xxx 2.09
C168_FW_UT_2468.cnf xxx 2.05
C220_FV_SZ_114.cnf xxx 2.03
C202_FW_SZ_98.cnf xxx 2.04
C202_FW_SZ_124.cnf xxx 2.05
C220_FV_SZ_46.cnf xxx 2.03
C210_FS_RZ_40.cnf xxx 2.75
C220_FV_SZ_65.cnf xxx 2.02
C220_FV_SZ_55.cnf xxx 2.43
C202_FW_UT_2815.cnf xxx 2.09
C202_FS_SZ_97.cnf xxx 2.04
C168_FW_UT_852.cnf xxx 2.05
C210_FS_SZ_78.cnf xxx 2.05
C202_FW_SZ_77.cnf xxx 2.15
C208_FC_SZ_127.cnf xxx 2.02
C208_FA_UT_3255.cnf xxx 2.04
C210_FS_SZ_129.cnf xxx 2.03
C220_FV_RZ_14.cnf xxx 2.02
C208_FA_UT_3254.cnf xxx 2.05
C210_FW_RZ_30.cnf xxx 2.05
C210_FS_SZ_55.cnf xxx 2.02
C210_FW_RZ_59.cnf xxx 2.04
C202_FS_SZ_121.cnf xxx 2.03
C210_FW_SZ_128.cnf xxx 2.04
C210_FW_SZ_90.cnf xxx 2.24
C168_FW_SZ_107.cnf xxx 2.07
C210_FS_SZ_103.cnf xxx 2.03
C202_FS_RZ_44.cnf xxx 2.03
C220_FV_SZ_121.cnf xxx 2.06
C168_FW_SZ_128.cnf xxx 2.34
C202_FS_SZ_122.cnf xxx 2.03
C210_FS_RZ_23.cnf xxx 2.03
C220_FV_SZ_39.cnf xxx 2.27
C202_FW_SZ_100.cnf xxx 2.05
C208_FA_SZ_120.cnf xxx 2.03
