c5315_F11@1.pmcnf  1.53
c17_F22gat@1.pmcnf  0.04
duke2_Fv1@1.pmcnf  1.42
spla_Fv13@0.pmcnf  4.33
duke2_Fv0@0.pmcnf  1.70
c2670_F78@1.pmcnf  4.67
apex2_Fv20@0.pmcnf  1.53
c1355_F183gat@0.pmcnf  9.67
misex3_Fa@1.pmcnf  10.97
spla_Fv4@1.pmcnf  4.84
c6288_F18gat@0.pmcnf  23.37
alu4_Fa@1.pmcnf  17.50
c2670_F28@1.pmcnf  14.37
alu4_Fl@1.pmcnf  6.16
duke2_Fv10@1.pmcnf  2.07
c432_F60gat@1.pmcnf  1.72
c2670_F7@1.pmcnf  1.41
alu4_Fh@1.pmcnf  3.27
c1355_F197gat-308gat@1.pmcnf  10.15
spla_Fv15@1.pmcnf  4.27
misex1_Fdmpst2@0.pmcnf  1.19
9symml_F_117_@1.pmcnf  1.67
c1908_F119@1.pmcnf  5.44
c2670_F16@0.pmcnf  3.31
c17_F16gat@0.pmcnf  0.08
c1908_F125@0.pmcnf  5.50
c17_F19gat@1.pmcnf  0.05
9symml_F7-_52309_@0.pmcnf  1.70
apex2_Fv14@1.pmcnf  1.60
alu4_Fd@1.pmcnf  3.31
c3540_F20@1.pmcnf  13.47
c17_F3gat@0.pmcnf  0.11
duke2_Fv2@0.pmcnf  3.35
c1908_F953@1.pmcnf  9.34
c1908_F902@0.pmcnf  8.91
c2670_F4@1.pmcnf  1001.61
c17_F3gat-11gat@1.pmcnf  0.09
apex2_Fv17@1.pmcnf  1.67
c1908_F119@0.pmcnf  5.41
c1908_F107@1.pmcnf  5.58
9symml_F_52312_@0.pmcnf  1.81
c1908_F953@0.pmcnf  13.95
9symml_F_52310_-_117_@0.pmcnf  1.70
e64_Fv13@1.pmcnf  1.44
misex1_Fdmpst3@1.pmcnf  1.22
c1355_F1183gat-1262gat@1.pmcnf  1.94
misex3_Fa@0.pmcnf  6.75
c1355_F106gat-409gat@1.pmcnf  11.34
apex2_Fv22@1.pmcnf  1.46
e64_Fv9@1.pmcnf  2.85
c6288_F205gat@1.pmcnf  16.54
c5315_F54@1.pmcnf  5.66
c499_Fid20-xa10@0.pmcnf  2.08
c2670_F2@1.pmcnf  1.47
c2670_F8@0.pmcnf  4.13
apex2_Fv19@1.pmcnf  1.66
c5315_F79@1.pmcnf  1.30
c1355_F1036gat-1229gat@1.pmcnf  1.89
c6288_F137gat@1.pmcnf  15.10
duke2_Fv7@0.pmcnf  7.64
apex2_Fv2@0.pmcnf  1.63
apex2_Fv18@1.pmcnf  1.66
9symml_F1@1.pmcnf  1.70
spla_Fv14@0.pmcnf  4.23
c432_F30gat@1.pmcnf  2.07
c1908_F952@0.pmcnf  6.71
e64_Fv9@0.pmcnf  3.31
apex2_Fv21@1.pmcnf  1.47
c1355_F1001gat@1.pmcnf  2.34
c17_F1gat@1.pmcnf  0.06
spla_Fv12@1.pmcnf  4.35
c17_F11gat@0.pmcnf  0.10
alu4_Fj@0.pmcnf  6.06
c432_F17gat@1.pmcnf  2.07
9symml_F6-_117_@0.pmcnf  1.68
c2670_F8@1.pmcnf  4.15
c1908_F469@0.pmcnf  4.59
9symml_F5-_52310_@0.pmcnf  1.74
c17_F22gat@0.pmcnf  0.05
c432_F14gat@1.pmcnf  1.56
c499_Fic0@1.pmcnf  2.08
c1908_F113@0.pmcnf  5.58
c1908_F107@0.pmcnf  10.03
apex2_Fv6@1.pmcnf  1.68
misex3_Fb@0.pmcnf  4.87
c1908_F125@1.pmcnf  15.85
misex3_Fb@1.pmcnf  4.88
c3540_F45@0.pmcnf  9.31
9symml_F4@1.pmcnf  1.89
alu4_Fb@0.pmcnf  4.69
duke2_Fv4@1.pmcnf  3.33
alu4_Fg@0.pmcnf  4.11
spla_Fv10@0.pmcnf  7.86
c5315_F43@0.pmcnf  1.81
c17_F7gat@1.pmcnf  0.07
e64_Fv12@0.pmcnf  1.64
c2670_F11@0.pmcnf  2.50
c1355_F43gat@1.pmcnf  11.54
apex2_Fv8@1.pmcnf  1.70
c499_Fid11@1.pmcnf  2.08
c1355_F1150gat@0.pmcnf  1.97
c499_Fxa10@0.pmcnf  2.08
apex2_Fv7@0.pmcnf  1.70
spla_Fv9@0.pmcnf  4.49
duke2_Fv3@0.pmcnf  0.97
c1355_F113gat-1260gat@1.pmcnf  1.81
c1908_F110@0.pmcnf  5.44
c1908_F101@0.pmcnf  5.53
c499_Fid18@0.pmcnf  2.08
c1355_F1051gat@1.pmcnf  2.00
c1908_F101@1.pmcnf  5.49
c1355_F1gat@0.pmcnf  4.47
c499_Fic6@1.pmcnf  2.08
c1908_F104@0.pmcnf  5.73
c17_F2gat@1.pmcnf  0.09
misex1_Fdmpst1@0.pmcnf  1.16
c17_F16gat-22gat@1.pmcnf  0.05
duke2_Fv6@0.pmcnf  3.30
alu4_Fg@1.pmcnf  4.12
c2670_F74@1.pmcnf  4.77
c2670_F19@1.pmcnf  1001.61
c17_F10gat@1.pmcnf  0.06
c432_F37gat@1.pmcnf  1.93
c1355_F57gat@1.pmcnf  4.39
c17_F23gat@0.pmcnf  0.05
c432_F102gat@1.pmcnf  1.92
alu4_Fc@0.pmcnf  4.16
c5315_F34@1.pmcnf  1.35
9symml_F2@0.pmcnf  1.50
c17_F23gat@1.pmcnf  0.05
c3540_F41@1.pmcnf  9.30
alu4_Fh@0.pmcnf  3.27
9symml_F7@0.pmcnf  1.78
c2670_F14@1.pmcnf  3.19
c432_F14gat@0.pmcnf  1.56
alu4_Fk@0.pmcnf  6.00
c1908_F116@1.pmcnf  5.55
e64_Fv5@1.pmcnf  1.98
c2670_F37@1.pmcnf  3.24
c17_F16gat@1.pmcnf  0.07
c1355_F127gat-418gat@1.pmcnf  14.01
c499_Fid26@0.pmcnf  2.08
spla_Fv2@1.pmcnf  1.01
c17_F11gat-16gat@1.pmcnf  0.08
spla_Fv1@0.pmcnf  11.33
c2670_F27@1.pmcnf  1001.66
c1355_F141gat@0.pmcnf  4.46
c6288_F35gat@1.pmcnf  9.95
c1355_F543gat@1.pmcnf  5.12
e64_Fv4@1.pmcnf  2.93
c1355_F120gat-414gat@1.pmcnf  8.79
c3540_F45@1.pmcnf  9.27
duke2_Fv12@1.pmcnf  3.35
c1355_F155gat@1.pmcnf  4.44
c432_F105gat@0.pmcnf  1.55
c1908_F116@0.pmcnf  5.44
apex2_Fv16@0.pmcnf  1.51
c17_F6gat@1.pmcnf  0.11
c1908_F122@1.pmcnf  5.42
apex2_Fv12@0.pmcnf  1.73
spla_F_51723_@0.pmcnf  4.84
c2670_F1@1.pmcnf  1.54
c2670_F36@1.pmcnf  1.40
c1908_F110@1.pmcnf  8.25
e64_Fv3@1.pmcnf  3.14
spla_Fv7@0.pmcnf  7.24
c5315_F4@1.pmcnf  5.58
c6288_F69gat@1.pmcnf  12.00
c1908_F221@1.pmcnf  7.93
9symml_F5@1.pmcnf  1.76
apex2_Fv24@1.pmcnf  1.73
c2670_F34@1.pmcnf  1001.65
c1355_F106gat@0.pmcnf  4.50
c1355_F71gat@1.pmcnf  7.70
apex2_Fv13@1.pmcnf  1.73
duke2_Fv5@1.pmcnf  4.18
c2670_F32@1.pmcnf  1001.63
e64_Fv6@1.pmcnf  3.07
misex1_Fdmpst0@1.pmcnf  1.25
9symml_F6@0.pmcnf  1.69
9symml_F_52309_@0.pmcnf  1.68
9symml_F8@1.pmcnf  1.73
c2670_F20@1.pmcnf  1001.58
c2670_F6@1.pmcnf  1001.64
c1355_F50gat@1.pmcnf  9.53
c17_F16gat-23gat@1.pmcnf  0.04
c2670_F3@1.pmcnf  1.52
apex2_Fv1@1.pmcnf  1.58
e64_Fv7@0.pmcnf  3.65
c17_F11gat@1.pmcnf  0.09
c432_F1gat@1.pmcnf  1.93
e64_Fv0@0.pmcnf  3.09
spla_Fv6@1.pmcnf  4.83
e64_Fv14@1.pmcnf  4.72
c1355_F1229gat@1.pmcnf  2.00
c1355_F176gat-1278gat@1.pmcnf  1.83
e64_Fv11@1.pmcnf  3.31
9symml_F3@0.pmcnf  1.76
c2670_F15@1.pmcnf  1.46
c2670_F16@1.pmcnf  3.32
c2670_F11@1.pmcnf  2.51
alu4_Ff@1.pmcnf  4.79
c5315_F61@1.pmcnf  1.53
c1908_F122@0.pmcnf  5.41
9symml_F4-_52312_@1.pmcnf  1.83
c17_F3gat-10gat@1.pmcnf  0.05
c1908_F113@1.pmcnf  5.59
c17_F11gat-19gat@1.pmcnf  0.05
e64_Fv10@1.pmcnf  3.75
apex2_Fv0@1.pmcnf  1.35
c1908_F104@1.pmcnf  5.68
c499_Fic2@1.pmcnf  2.08
9symml_F_52310_@1.pmcnf  1.76
c5315_F1@0.pmcnf  1.39
c1355_F1001gat-1048gat@1.pmcnf  2.07
