elf.rf7.ucl.sat.chaff.4.1.bryant.cnf xxx 2.28
25s.smv.sat.chaff.4.1.bryant.cnf xxx 3.11
ooo.rf10.ucl.sat.chaff.4.1.bryant.cnf xxx 18.77
ooo.tag8.ucl.sat.chaff.4.1.bryant.cnf xxx 2.74
cache.inv12.ucl.sat.chaff.4.1.bryant.cnf xxx 6.30
elf.rf6.ucl.sat.chaff.4.1.bryant.cnf xxx 0.09
38s.smv.sat.chaff.4.1.bryant.cnf xxx 2.19
elf.rf9.ucl.sat.chaff.4.1.bryant.cnf xxx 8.97
49s.smv.sat.chaff.4.1.bryant.cnf xxx 3.79
27s.smv.sat.chaff.4.1.bryant.cnf xxx 1.57
dlx1c.rwmem.ucl.sat.chaff.4.1.bryant.cnf xxx 9.76
ooo.rf9.ucl.sat.chaff.4.1.bryant.cnf xxx 18.93
ooo.tag14.ucl.sat.chaff.4.1.bryant.cnf xxx 24.79
ooo.tag10.ucl.sat.chaff.4.1.bryant.cnf xxx 5.19
32s.smv.sat.chaff.4.1.bryant.cnf xxx 2.19
22s.smv.sat.chaff.4.1.bryant.cnf xxx 3.43
43s.smv.sat.chaff.4.1.bryant.cnf xxx 3.08
cache.inv14.ucl.sat.chaff.4.1.bryant.cnf xxx 26.31
cache.inv10.ucl.sat.chaff.4.1.bryant.cnf xxx 3.08
44s.smv.sat.chaff.4.1.bryant.cnf xxx 2.22
dlx1c.ucl.sat.chaff.4.1.bryant.cnf xxx 7.39
37s.smv.sat.chaff.4.1.bryant.cnf xxx 1.06
elf.rf8.ucl.sat.chaff.4.1.bryant.cnf xxx 3.66
ooo.tag12.ucl.sat.chaff.4.1.bryant.cnf xxx 14.81
46s.smv.sat.chaff.4.1.bryant.cnf xxx 2.37
ooo.rf6.ucl.sat.chaff.4.1.bryant.cnf xxx 2.45
cache.inv8.ucl.sat.chaff.4.1.bryant.cnf xxx 2.35
ooo.rf8.ucl.sat.chaff.4.1.bryant.cnf xxx 6.31
dlx1c.rwmem1.ucl.sat.chaff.4.1.bryant.cnf xxx 10.05
elf.rf10.ucl.sat.chaff.4.1.bryant.cnf xxx 31.39
ooo.rf7.ucl.sat.chaff.4.1.bryant.cnf xxx 3.76
