9symml_gr_2pin_w5.shuffled.cnf                         --          1000.00
9symml_gr_2pin_w6.shuffled.cnf                         --          1000.00
9symml_gr_rcs_w5.shuffled.cnf                       24306          29.59
9symml_gr_rcs_w6.shuffled.cnf                       29119           6.46
alu2_gr_rcs_w7.shuffled.cnf                            --          1000.00
alu2_gr_rcs_w8.shuffled.cnf                            --          1000.00
apex7_gr_2pin_w4.shuffled.cnf                          --          1000.00
apex7_gr_2pin_w5.shuffled.cnf                          --          1000.00
apex7_gr_rcs_w5.shuffled.cnf                        11695          30.66
c499_gr_2pin_w5.shuffled.cnf                           --          1000.00
c499_gr_2pin_w6.shuffled.cnf                           --          1000.00
c499_gr_rcs_w5.shuffled.cnf                            --          1000.00
c499_gr_rcs_w6.shuffled.cnf                            --          1000.00
c880_gr_rcs_w5.shuffled.cnf                            --          1000.00
c880_gr_rcs_w6.shuffled.cnf                            --          1000.00
c880_gr_rcs_w7.shuffled.cnf                            --          1000.00
example2_gr_2pin_w5.shuffled.cnf                       --          1000.00
example2_gr_2pin_w6.shuffled.cnf                       --          1000.00
example2_gr_rcs_w5.shuffled.cnf                        --          1000.00
example2_gr_rcs_w6.shuffled.cnf                     27684          27.40
term1_gr_2pin_w3.shuffled.cnf                          --          1000.00
term1_gr_2pin_w4.shuffled.cnf                          --          1000.00
term1_gr_rcs_w3.shuffled.cnf                           --          1000.00
term1_gr_rcs_w4.shuffled.cnf                         3290           5.64
too_large_gr_rcs_w5.shuffled.cnf                       --          1000.00
too_large_gr_rcs_w6.shuffled.cnf                       --          1000.00
too_large_gr_rcs_w7.shuffled.cnf                       --          1000.00
too_large_gr_rcs_w8.shuffled.cnf                       --          1000.00
too_large_gr_rcs_w9.shuffled.cnf                       --          1000.00
vda_gr_rcs_w7.shuffled.cnf                             --          1000.00
vda_gr_rcs_w8.shuffled.cnf                             --          1000.00
vda_gr_rcs_w9.shuffled.cnf                             --          1000.00
