c9_i.cnf xxx 126.12
g7.cnf xxx 49.57
c8n_i.cnf xxx 19.29
f6b.cnf xxx 28.79
c6n.cnf xxx 948.06
c6b_s.cnf xxx 2.38
c7n.cnf xxx 18.54
g6ni.cnf xxx 17.76
c7b_s.cnf xxx 2.48
g6nidw.cnf xxx 24.33
c7b_i.cnf xxx 1046.81
c6bi_s.cnf xxx 9.59
c9n_s.cnf xxx 2.60
g8.cnf xxx 18.47
c6i.cnf xxx 21.75
c10_i.cnf xxx 24.77
c7_i.cnf xxx 110.04
g8b.cnf xxx 21.82
c8n_s.cnf xxx 2.55
g6i.cnf xxx 15.29
g6bi.cnf xxx 16.08
c8_i.cnf xxx 46.62
c10b_s.cnf xxx 2.78
c6n_i.cnf xxx 65.38
c6b_i.cnf xxx 205.69
f7.cnf xxx 23.40
c6n_s.cnf xxx 2.34
g6bidw.cnf xxx 24.52
c7n_s.cnf xxx 2.45
g7n.cnf xxx 98.87
c6_i.cnf xxx 77.08
c10_s.cnf xxx 2.18
c6_s.cnf xxx 2.15
c7_s.cnf xxx 2.18
c6b.cnf xxx 128.26
g6id.cnf xxx 19.07
c10n_s.cnf xxx 2.79
g6nid.cnf xxx 21.64
c7n_i.cnf xxx 921.17
c9_s.cnf xxx 2.18
c8b_s.cnf xxx 2.55
c8_s.cnf xxx 2.18
g8n.cnf xxx 21.39
g6.cnf xxx 7.02
c9n_i.cnf xxx 1151.47
f6n.cnf xxx 73.06
g6b.cnf xxx 6.59
g9.cnf xxx 21.58
f6.cnf xxx 18.98
c6i_s.cnf xxx 5.09
c9b_s.cnf xxx 2.62
c9b_i.cnf xxx 1434.65
g6bid.cnf xxx 21.78
g7b.cnf xxx 39.19
g6idw.cnf xxx 193.84
c8b_i.cnf xxx 1173.88
f6i.cnf xxx 22.66
g6n.cnf xxx 17.67
