IBM_FV_2004_rule_batch_01_SAT_dat.k10.cnf              --          1000.00
IBM_FV_2004_rule_batch_01_SAT_dat.k15.cnf              --          1000.00
IBM_FV_2004_rule_batch_01_SAT_dat.k20.cnf              --          1000.00
IBM_FV_2004_rule_batch_01_SAT_dat.k25.cnf              --          1000.00
IBM_FV_2004_rule_batch_01_SAT_dat.k30.cnf              --          1000.00
IBM_FV_2004_rule_batch_01_SAT_dat.k35.cnf              --          1000.00
IBM_FV_2004_rule_batch_02_2_SAT_dat.k10.cnf            --          1000.00
IBM_FV_2004_rule_batch_02_2_SAT_dat.k15.cnf            --          1000.00
IBM_FV_2004_rule_batch_02_2_SAT_dat.k20.cnf            --          1000.00
IBM_FV_2004_rule_batch_02_2_SAT_dat.k25.cnf            --          1000.00
IBM_FV_2004_rule_batch_02_2_SAT_dat.k30.cnf            --          1000.00
IBM_FV_2004_rule_batch_02_2_SAT_dat.k35.cnf            --          1000.00
IBM_FV_2004_rule_batch_03_SAT_dat.k10.cnf              --          1000.00
IBM_FV_2004_rule_batch_03_SAT_dat.k15.cnf              --          1000.00
IBM_FV_2004_rule_batch_03_SAT_dat.k20.cnf              --          1000.00
IBM_FV_2004_rule_batch_03_SAT_dat.k25.cnf              --          1000.00
IBM_FV_2004_rule_batch_03_SAT_dat.k30.cnf              --          1000.00
IBM_FV_2004_rule_batch_03_SAT_dat.k35.cnf              --          1000.00
IBM_FV_2004_rule_batch_04_SAT_dat.k10.cnf              --          1000.00
IBM_FV_2004_rule_batch_04_SAT_dat.k15.cnf              --          1000.00
IBM_FV_2004_rule_batch_04_SAT_dat.k20.cnf              --          1000.00
IBM_FV_2004_rule_batch_04_SAT_dat.k25.cnf              --          1000.00
IBM_FV_2004_rule_batch_04_SAT_dat.k30.cnf              --          1000.00
IBM_FV_2004_rule_batch_04_SAT_dat.k35.cnf              --          1000.00
IBM_FV_2004_rule_batch_05_SAT_dat.k10.cnf              --          1000.00
IBM_FV_2004_rule_batch_05_SAT_dat.k15.cnf              --          1000.00
IBM_FV_2004_rule_batch_05_SAT_dat.k20.cnf              --          1000.00
IBM_FV_2004_rule_batch_05_SAT_dat.k25.cnf              --          1000.00
IBM_FV_2004_rule_batch_05_SAT_dat.k30.cnf              --          1000.00
IBM_FV_2004_rule_batch_05_SAT_dat.k35.cnf              --          1000.00
IBM_FV_2004_rule_batch_06_SAT_dat.k10.cnf              --          1000.00
IBM_FV_2004_rule_batch_06_SAT_dat.k15.cnf              --          1000.00
IBM_FV_2004_rule_batch_06_SAT_dat.k20.cnf              --          1000.00
IBM_FV_2004_rule_batch_06_SAT_dat.k25.cnf              --          1000.00
IBM_FV_2004_rule_batch_06_SAT_dat.k30.cnf              --          1000.00
IBM_FV_2004_rule_batch_06_SAT_dat.k35.cnf              --          1000.00
IBM_FV_2004_rule_batch_07_SAT_dat.k10.cnf              --          1000.00
IBM_FV_2004_rule_batch_07_SAT_dat.k15.cnf              --          1000.00
IBM_FV_2004_rule_batch_07_SAT_dat.k20.cnf              --          1000.00
IBM_FV_2004_rule_batch_07_SAT_dat.k25.cnf              --          1000.00
IBM_FV_2004_rule_batch_07_SAT_dat.k30.cnf              --          1000.00
IBM_FV_2004_rule_batch_07_SAT_dat.k35.cnf              --          1000.00
IBM_FV_2004_rule_batch_09_SAT_dat.k10.cnf              --          1000.00
IBM_FV_2004_rule_batch_09_SAT_dat.k15.cnf              --          1000.00
IBM_FV_2004_rule_batch_09_SAT_dat.k20.cnf              --          1000.00
IBM_FV_2004_rule_batch_09_SAT_dat.k25.cnf              --          1000.00
IBM_FV_2004_rule_batch_09_SAT_dat.k30.cnf              --          1000.00
IBM_FV_2004_rule_batch_09_SAT_dat.k35.cnf              --          1000.00
IBM_FV_2004_rule_batch_1_02_1_SAT_dat.k10.cnf          --          1000.00
IBM_FV_2004_rule_batch_1_02_1_SAT_dat.k15.cnf          --          1000.00
IBM_FV_2004_rule_batch_1_02_1_SAT_dat.k20.cnf          --          1000.00
IBM_FV_2004_rule_batch_1_02_1_SAT_dat.k25.cnf          --          1000.00
IBM_FV_2004_rule_batch_1_02_1_SAT_dat.k30.cnf          --          1000.00
IBM_FV_2004_rule_batch_1_02_1_SAT_dat.k35.cnf          --          1000.00
IBM_FV_2004_rule_batch_1_02_3_SAT_dat.k10.cnf          --          1000.00
IBM_FV_2004_rule_batch_1_02_3_SAT_dat.k15.cnf          --          1000.00
IBM_FV_2004_rule_batch_1_02_3_SAT_dat.k20.cnf          --          1000.00
IBM_FV_2004_rule_batch_1_02_3_SAT_dat.k25.cnf          --          1000.00
IBM_FV_2004_rule_batch_1_02_3_SAT_dat.k30.cnf          --          1000.00
IBM_FV_2004_rule_batch_1_02_3_SAT_dat.k35.cnf          --          1000.00
IBM_FV_2004_rule_batch_10_SAT_dat.k10.cnf              --          1000.00
IBM_FV_2004_rule_batch_10_SAT_dat.k15.cnf              --          1000.00
IBM_FV_2004_rule_batch_10_SAT_dat.k20.cnf              --          1000.00
IBM_FV_2004_rule_batch_10_SAT_dat.k25.cnf              --          1000.00
IBM_FV_2004_rule_batch_10_SAT_dat.k30.cnf              --          1000.00
IBM_FV_2004_rule_batch_10_SAT_dat.k35.cnf              --          1000.00
IBM_FV_2004_rule_batch_1_11_SAT_dat.k10.cnf            --          1000.00
IBM_FV_2004_rule_batch_1_11_SAT_dat.k15.cnf            --          1000.00
IBM_FV_2004_rule_batch_1_11_SAT_dat.k20.cnf            --          1000.00
IBM_FV_2004_rule_batch_1_11_SAT_dat.k25.cnf            --          1000.00
IBM_FV_2004_rule_batch_1_11_SAT_dat.k30.cnf            --          1000.00
IBM_FV_2004_rule_batch_1_11_SAT_dat.k35.cnf            --          1000.00
IBM_FV_2004_rule_batch_1_13_SAT_dat.k10.cnf            --          1000.00
IBM_FV_2004_rule_batch_1_13_SAT_dat.k15.cnf            --          1000.00
IBM_FV_2004_rule_batch_1_13_SAT_dat.k20.cnf            --          1000.00
IBM_FV_2004_rule_batch_1_13_SAT_dat.k25.cnf            --          1000.00
IBM_FV_2004_rule_batch_1_13_SAT_dat.k30.cnf            --          1000.00
IBM_FV_2004_rule_batch_1_13_SAT_dat.k35.cnf            --          1000.00
IBM_FV_2004_rule_batch_1_14_SAT_dat.k10.cnf            --          1000.00
IBM_FV_2004_rule_batch_1_14_SAT_dat.k15.cnf            --          1000.00
IBM_FV_2004_rule_batch_1_14_SAT_dat.k20.cnf            --          1000.00
IBM_FV_2004_rule_batch_1_14_SAT_dat.k25.cnf            --          1000.00
IBM_FV_2004_rule_batch_1_14_SAT_dat.k30.cnf            --          1000.00
IBM_FV_2004_rule_batch_1_14_SAT_dat.k35.cnf            --          1000.00
IBM_FV_2004_rule_batch_1_16_2_SAT_dat.k10.cnf          --          1000.00
IBM_FV_2004_rule_batch_1_16_2_SAT_dat.k15.cnf          --          1000.00
IBM_FV_2004_rule_batch_1_16_2_SAT_dat.k20.cnf          --          1000.00
IBM_FV_2004_rule_batch_1_16_2_SAT_dat.k25.cnf          --          1000.00
IBM_FV_2004_rule_batch_1_16_2_SAT_dat.k30.cnf          --          1000.00
IBM_FV_2004_rule_batch_1_16_2_SAT_dat.k35.cnf          --          1000.00
IBM_FV_2004_rule_batch_1_17_1_SAT_dat.k10.cnf          --          1000.00
IBM_FV_2004_rule_batch_1_17_1_SAT_dat.k15.cnf          --          1000.00
IBM_FV_2004_rule_batch_1_17_1_SAT_dat.k20.cnf          --          1000.00
IBM_FV_2004_rule_batch_1_17_1_SAT_dat.k25.cnf          --          1000.00
IBM_FV_2004_rule_batch_1_17_1_SAT_dat.k30.cnf          --          1000.00
IBM_FV_2004_rule_batch_1_17_1_SAT_dat.k35.cnf          --          1000.00
IBM_FV_2004_rule_batch_1_17_2_SAT_dat.k10.cnf          --          1000.00
IBM_FV_2004_rule_batch_1_17_2_SAT_dat.k15.cnf          --          1000.00
IBM_FV_2004_rule_batch_1_17_2_SAT_dat.k20.cnf          --          1000.00
IBM_FV_2004_rule_batch_1_17_2_SAT_dat.k25.cnf          --          1000.00
IBM_FV_2004_rule_batch_1_17_2_SAT_dat.k30.cnf          --          1000.00
IBM_FV_2004_rule_batch_1_17_2_SAT_dat.k35.cnf          --          1000.00
IBM_FV_2004_rule_batch_12_SAT_dat.k10.cnf               1           0.00
IBM_FV_2004_rule_batch_12_SAT_dat.k15.cnf               1           0.00
IBM_FV_2004_rule_batch_12_SAT_dat.k20.cnf               1           0.00
IBM_FV_2004_rule_batch_12_SAT_dat.k25.cnf               1           0.00
IBM_FV_2004_rule_batch_12_SAT_dat.k30.cnf               1           0.00
IBM_FV_2004_rule_batch_12_SAT_dat.k35.cnf               1           0.00
IBM_FV_2004_rule_batch_1_31_1_SAT_dat.k10.cnf          --          1000.00
IBM_FV_2004_rule_batch_1_31_1_SAT_dat.k15.cnf          --          1000.00
IBM_FV_2004_rule_batch_1_31_1_SAT_dat.k20.cnf          --          1000.00
IBM_FV_2004_rule_batch_1_31_1_SAT_dat.k25.cnf          --          1000.00
IBM_FV_2004_rule_batch_1_31_1_SAT_dat.k30.cnf          --          1000.00
IBM_FV_2004_rule_batch_1_31_1_SAT_dat.k35.cnf          --          1000.00
IBM_FV_2004_rule_batch_1_31_2_SAT_dat.k10.cnf          --          1000.00
IBM_FV_2004_rule_batch_1_31_2_SAT_dat.k15.cnf          --          1000.00
IBM_FV_2004_rule_batch_1_31_2_SAT_dat.k20.cnf          --          1000.00
IBM_FV_2004_rule_batch_1_31_2_SAT_dat.k25.cnf          --          1000.00
IBM_FV_2004_rule_batch_1_31_2_SAT_dat.k30.cnf          --          1000.00
IBM_FV_2004_rule_batch_1_31_2_SAT_dat.k35.cnf          --          1000.00
IBM_FV_2004_rule_batch_15_SAT_dat.k10.cnf              --          1000.00
IBM_FV_2004_rule_batch_15_SAT_dat.k15.cnf              --          1000.00
IBM_FV_2004_rule_batch_15_SAT_dat.k20.cnf              --          1000.00
IBM_FV_2004_rule_batch_15_SAT_dat.k25.cnf              --          1000.00
IBM_FV_2004_rule_batch_15_SAT_dat.k30.cnf              --          1000.00
IBM_FV_2004_rule_batch_15_SAT_dat.k35.cnf              --          1000.00
IBM_FV_2004_rule_batch_16_1_SAT_dat.k10.cnf            --          1000.00
IBM_FV_2004_rule_batch_16_1_SAT_dat.k15.cnf            --          1000.00
IBM_FV_2004_rule_batch_16_1_SAT_dat.k20.cnf            --          1000.00
IBM_FV_2004_rule_batch_16_1_SAT_dat.k25.cnf            --          1000.00
IBM_FV_2004_rule_batch_16_1_SAT_dat.k30.cnf            --          1000.00
IBM_FV_2004_rule_batch_16_1_SAT_dat.k35.cnf            --          1000.00
IBM_FV_2004_rule_batch_18_SAT_dat.k10.cnf              --          1000.00
IBM_FV_2004_rule_batch_18_SAT_dat.k15.cnf              --          1000.00
IBM_FV_2004_rule_batch_18_SAT_dat.k20.cnf              --          1000.00
IBM_FV_2004_rule_batch_18_SAT_dat.k25.cnf              --          1000.00
IBM_FV_2004_rule_batch_18_SAT_dat.k30.cnf              --          1000.00
IBM_FV_2004_rule_batch_18_SAT_dat.k35.cnf              --          1000.00
IBM_FV_2004_rule_batch_19_SAT_dat.k10.cnf              --          1000.00
IBM_FV_2004_rule_batch_19_SAT_dat.k15.cnf              --          1000.00
IBM_FV_2004_rule_batch_19_SAT_dat.k20.cnf              --          1000.00
IBM_FV_2004_rule_batch_19_SAT_dat.k25.cnf              --          1000.00
IBM_FV_2004_rule_batch_19_SAT_dat.k30.cnf              --          1000.00
IBM_FV_2004_rule_batch_19_SAT_dat.k35.cnf              --          1000.00
IBM_FV_2004_rule_batch_2_02_1_SAT_dat.k10.cnf          --          1000.00
IBM_FV_2004_rule_batch_2_02_1_SAT_dat.k15.cnf          --          1000.00
IBM_FV_2004_rule_batch_2_02_1_SAT_dat.k20.cnf          --          1000.00
IBM_FV_2004_rule_batch_2_02_1_SAT_dat.k25.cnf          --          1000.00
IBM_FV_2004_rule_batch_2_02_1_SAT_dat.k30.cnf          --          1000.00
IBM_FV_2004_rule_batch_2_02_1_SAT_dat.k35.cnf          --          1000.00
IBM_FV_2004_rule_batch_2_02_3_SAT_dat.k10.cnf          --          1000.00
IBM_FV_2004_rule_batch_2_02_3_SAT_dat.k15.cnf          --          1000.00
IBM_FV_2004_rule_batch_2_02_3_SAT_dat.k20.cnf          --          1000.00
IBM_FV_2004_rule_batch_2_02_3_SAT_dat.k25.cnf          --          1000.00
IBM_FV_2004_rule_batch_2_02_3_SAT_dat.k30.cnf          --          1000.00
IBM_FV_2004_rule_batch_2_02_3_SAT_dat.k35.cnf          --          1000.00
IBM_FV_2004_rule_batch_20_SAT_dat.k10.cnf              --          1000.00
IBM_FV_2004_rule_batch_20_SAT_dat.k15.cnf              --          1000.00
IBM_FV_2004_rule_batch_20_SAT_dat.k20.cnf              --          1000.00
IBM_FV_2004_rule_batch_20_SAT_dat.k25.cnf              --          1000.00
IBM_FV_2004_rule_batch_20_SAT_dat.k30.cnf              --          1000.00
IBM_FV_2004_rule_batch_20_SAT_dat.k35.cnf              --          1000.00
IBM_FV_2004_rule_batch_2_11_SAT_dat.k10.cnf            --          1000.00
IBM_FV_2004_rule_batch_2_11_SAT_dat.k15.cnf            --          1000.00
IBM_FV_2004_rule_batch_2_11_SAT_dat.k20.cnf            --          1000.00
IBM_FV_2004_rule_batch_2_11_SAT_dat.k25.cnf            --          1000.00
IBM_FV_2004_rule_batch_2_11_SAT_dat.k30.cnf            --          1000.00
IBM_FV_2004_rule_batch_2_11_SAT_dat.k35.cnf            --          1000.00
IBM_FV_2004_rule_batch_2_14_SAT_dat.k10.cnf            --          1000.00
IBM_FV_2004_rule_batch_2_14_SAT_dat.k15.cnf            --          1000.00
IBM_FV_2004_rule_batch_2_14_SAT_dat.k20.cnf            --          1000.00
IBM_FV_2004_rule_batch_2_14_SAT_dat.k25.cnf            --          1000.00
IBM_FV_2004_rule_batch_2_14_SAT_dat.k30.cnf            --          1000.00
IBM_FV_2004_rule_batch_2_14_SAT_dat.k35.cnf            --          1000.00
IBM_FV_2004_rule_batch_2_16_2_SAT_dat.k10.cnf       14140          54.99
IBM_FV_2004_rule_batch_2_16_2_SAT_dat.k15.cnf          --          1000.00
IBM_FV_2004_rule_batch_2_16_2_SAT_dat.k20.cnf          --          1000.00
IBM_FV_2004_rule_batch_2_16_2_SAT_dat.k25.cnf          --          1000.00
IBM_FV_2004_rule_batch_2_16_2_SAT_dat.k30.cnf          --          1000.00
IBM_FV_2004_rule_batch_2_16_2_SAT_dat.k35.cnf          --          1000.00
IBM_FV_2004_rule_batch_2_17_1_SAT_dat.k10.cnf          --          1000.00
IBM_FV_2004_rule_batch_2_17_1_SAT_dat.k15.cnf          --          1000.00
IBM_FV_2004_rule_batch_2_17_1_SAT_dat.k20.cnf          --          1000.00
IBM_FV_2004_rule_batch_2_17_1_SAT_dat.k25.cnf          --          1000.00
IBM_FV_2004_rule_batch_2_17_1_SAT_dat.k30.cnf          --          1000.00
IBM_FV_2004_rule_batch_2_17_1_SAT_dat.k35.cnf          --          1000.00
IBM_FV_2004_rule_batch_2_17_2_SAT_dat.k10.cnf          --          1000.00
IBM_FV_2004_rule_batch_2_17_2_SAT_dat.k15.cnf          --          1000.00
IBM_FV_2004_rule_batch_2_17_2_SAT_dat.k20.cnf          --          1000.00
IBM_FV_2004_rule_batch_2_17_2_SAT_dat.k25.cnf          --          1000.00
IBM_FV_2004_rule_batch_2_17_2_SAT_dat.k30.cnf          --          1000.00
IBM_FV_2004_rule_batch_2_17_2_SAT_dat.k35.cnf          --          1000.00
IBM_FV_2004_rule_batch_21_SAT_dat.k10.cnf              --          1000.00
IBM_FV_2004_rule_batch_21_SAT_dat.k15.cnf              --          1000.00
IBM_FV_2004_rule_batch_21_SAT_dat.k20.cnf              --          1000.00
IBM_FV_2004_rule_batch_21_SAT_dat.k25.cnf              --          1000.00
IBM_FV_2004_rule_batch_21_SAT_dat.k30.cnf              --          1000.00
IBM_FV_2004_rule_batch_21_SAT_dat.k35.cnf              --          1000.00
IBM_FV_2004_rule_batch_22_SAT_dat.k10.cnf              --          1000.00
IBM_FV_2004_rule_batch_22_SAT_dat.k15.cnf              --          1000.00
IBM_FV_2004_rule_batch_22_SAT_dat.k20.cnf              --          1000.00
IBM_FV_2004_rule_batch_22_SAT_dat.k25.cnf              --          1000.00
IBM_FV_2004_rule_batch_22_SAT_dat.k30.cnf              --          1000.00
IBM_FV_2004_rule_batch_22_SAT_dat.k35.cnf              --          1000.00
IBM_FV_2004_rule_batch_2_31_1_SAT_dat.k10.cnf          --          1000.00
IBM_FV_2004_rule_batch_2_31_1_SAT_dat.k15.cnf          --          1000.00
IBM_FV_2004_rule_batch_2_31_1_SAT_dat.k20.cnf          --          1000.00
IBM_FV_2004_rule_batch_2_31_1_SAT_dat.k25.cnf          --          1000.00
IBM_FV_2004_rule_batch_2_31_1_SAT_dat.k30.cnf          --          1000.00
IBM_FV_2004_rule_batch_2_31_1_SAT_dat.k35.cnf          --          1000.00
IBM_FV_2004_rule_batch_2_31_2_SAT_dat.k10.cnf          --          1000.00
IBM_FV_2004_rule_batch_2_31_2_SAT_dat.k15.cnf          --          1000.00
IBM_FV_2004_rule_batch_2_31_2_SAT_dat.k20.cnf          --          1000.00
IBM_FV_2004_rule_batch_2_31_2_SAT_dat.k25.cnf          --          1000.00
IBM_FV_2004_rule_batch_2_31_2_SAT_dat.k30.cnf          --          1000.00
IBM_FV_2004_rule_batch_2_31_2_SAT_dat.k35.cnf          --          1000.00
IBM_FV_2004_rule_batch_23_SAT_dat.k10.cnf              --          1000.00
IBM_FV_2004_rule_batch_23_SAT_dat.k15.cnf              --          1000.00
IBM_FV_2004_rule_batch_23_SAT_dat.k20.cnf              --          1000.00
IBM_FV_2004_rule_batch_23_SAT_dat.k25.cnf              --          1000.00
IBM_FV_2004_rule_batch_23_SAT_dat.k30.cnf              --          1000.00
IBM_FV_2004_rule_batch_23_SAT_dat.k35.cnf              --          1000.00
IBM_FV_2004_rule_batch_25_SAT_dat.k10.cnf              --          1000.00
IBM_FV_2004_rule_batch_25_SAT_dat.k15.cnf              --          1000.00
IBM_FV_2004_rule_batch_25_SAT_dat.k20.cnf              --          1000.00
IBM_FV_2004_rule_batch_25_SAT_dat.k25.cnf              --          1000.00
IBM_FV_2004_rule_batch_25_SAT_dat.k30.cnf              --          1000.00
IBM_FV_2004_rule_batch_25_SAT_dat.k35.cnf              --          1000.00
IBM_FV_2004_rule_batch_26_SAT_dat.k10.cnf              --          1000.00
IBM_FV_2004_rule_batch_26_SAT_dat.k15.cnf              --          1000.00
IBM_FV_2004_rule_batch_26_SAT_dat.k20.cnf              --          1000.00
IBM_FV_2004_rule_batch_26_SAT_dat.k25.cnf              --          1000.00
IBM_FV_2004_rule_batch_26_SAT_dat.k30.cnf              --          1000.00
IBM_FV_2004_rule_batch_26_SAT_dat.k35.cnf              --          1000.00
IBM_FV_2004_rule_batch_27_SAT_dat.k10.cnf              --          1000.00
IBM_FV_2004_rule_batch_27_SAT_dat.k15.cnf              --          1000.00
IBM_FV_2004_rule_batch_27_SAT_dat.k20.cnf              --          1000.00
IBM_FV_2004_rule_batch_27_SAT_dat.k25.cnf              --          1000.00
IBM_FV_2004_rule_batch_27_SAT_dat.k30.cnf              --          1000.00
IBM_FV_2004_rule_batch_27_SAT_dat.k35.cnf              --          1000.00
IBM_FV_2004_rule_batch_28_SAT_dat.k10.cnf              --          1000.00
IBM_FV_2004_rule_batch_28_SAT_dat.k15.cnf              --          1000.00
IBM_FV_2004_rule_batch_28_SAT_dat.k20.cnf              --          1000.00
IBM_FV_2004_rule_batch_28_SAT_dat.k25.cnf              --          1000.00
IBM_FV_2004_rule_batch_28_SAT_dat.k30.cnf              --          1000.00
IBM_FV_2004_rule_batch_28_SAT_dat.k35.cnf              --          1000.00
IBM_FV_2004_rule_batch_29_SAT_dat.k10.cnf              --          1000.00
IBM_FV_2004_rule_batch_29_SAT_dat.k15.cnf              --          1000.00
IBM_FV_2004_rule_batch_29_SAT_dat.k20.cnf              --          1000.00
IBM_FV_2004_rule_batch_29_SAT_dat.k25.cnf              --          1000.00
IBM_FV_2004_rule_batch_29_SAT_dat.k30.cnf              --          1000.00
IBM_FV_2004_rule_batch_29_SAT_dat.k35.cnf              --          1000.00
IBM_FV_2004_rule_batch_3_02_1_SAT_dat.k10.cnf          --          1000.00
IBM_FV_2004_rule_batch_3_02_1_SAT_dat.k15.cnf          --          1000.00
IBM_FV_2004_rule_batch_3_02_1_SAT_dat.k20.cnf          --          1000.00
IBM_FV_2004_rule_batch_3_02_1_SAT_dat.k25.cnf          --          1000.00
IBM_FV_2004_rule_batch_3_02_1_SAT_dat.k30.cnf          --          1000.00
IBM_FV_2004_rule_batch_3_02_1_SAT_dat.k35.cnf          --          1000.00
IBM_FV_2004_rule_batch_3_02_3_SAT_dat.k10.cnf          --          1000.00
IBM_FV_2004_rule_batch_3_02_3_SAT_dat.k15.cnf          --          1000.00
IBM_FV_2004_rule_batch_3_02_3_SAT_dat.k20.cnf          --          1000.00
IBM_FV_2004_rule_batch_3_02_3_SAT_dat.k25.cnf          --          1000.00
IBM_FV_2004_rule_batch_3_02_3_SAT_dat.k30.cnf          --          1000.00
IBM_FV_2004_rule_batch_3_02_3_SAT_dat.k35.cnf          --          1000.00
IBM_FV_2004_rule_batch_30_SAT_dat.k10.cnf              --          1000.00
IBM_FV_2004_rule_batch_30_SAT_dat.k15.cnf              --          1000.00
IBM_FV_2004_rule_batch_30_SAT_dat.k20.cnf              --          1000.00
IBM_FV_2004_rule_batch_30_SAT_dat.k25.cnf              --          1000.00
IBM_FV_2004_rule_batch_30_SAT_dat.k30.cnf              --          1000.00
IBM_FV_2004_rule_batch_30_SAT_dat.k35.cnf              --          1000.00
IBM_FV_2004_rule_batch_3_11_SAT_dat.k10.cnf            --          1000.00
IBM_FV_2004_rule_batch_3_11_SAT_dat.k15.cnf            --          1000.00
IBM_FV_2004_rule_batch_3_11_SAT_dat.k20.cnf            --          1000.00
IBM_FV_2004_rule_batch_3_11_SAT_dat.k25.cnf            --          1000.00
IBM_FV_2004_rule_batch_3_11_SAT_dat.k30.cnf            --          1000.00
IBM_FV_2004_rule_batch_3_11_SAT_dat.k35.cnf            --          1000.00
IBM_FV_2004_rule_batch_3_16_2_SAT_dat.k10.cnf       14162          55.25
IBM_FV_2004_rule_batch_3_16_2_SAT_dat.k15.cnf          --          1000.00
IBM_FV_2004_rule_batch_3_16_2_SAT_dat.k20.cnf          --          1000.00
IBM_FV_2004_rule_batch_3_16_2_SAT_dat.k25.cnf          --          1000.00
IBM_FV_2004_rule_batch_3_16_2_SAT_dat.k30.cnf          --          1000.00
IBM_FV_2004_rule_batch_3_16_2_SAT_dat.k35.cnf          --          1000.00
IBM_FV_2004_rule_batch_3_31_1_SAT_dat.k10.cnf          --          1000.00
IBM_FV_2004_rule_batch_3_31_1_SAT_dat.k15.cnf          --          1000.00
IBM_FV_2004_rule_batch_3_31_1_SAT_dat.k20.cnf          --          1000.00
IBM_FV_2004_rule_batch_3_31_1_SAT_dat.k25.cnf          --          1000.00
IBM_FV_2004_rule_batch_3_31_1_SAT_dat.k30.cnf          --          1000.00
IBM_FV_2004_rule_batch_3_31_1_SAT_dat.k35.cnf          --          1000.00
IBM_FV_2004_rule_batch_4_02_1_SAT_dat.k10.cnf          --          1000.00
IBM_FV_2004_rule_batch_4_02_1_SAT_dat.k15.cnf          --          1000.00
IBM_FV_2004_rule_batch_4_02_1_SAT_dat.k20.cnf          --          1000.00
IBM_FV_2004_rule_batch_4_02_1_SAT_dat.k25.cnf          --          1000.00
IBM_FV_2004_rule_batch_4_02_1_SAT_dat.k30.cnf          --          1000.00
IBM_FV_2004_rule_batch_4_02_1_SAT_dat.k35.cnf          --          1000.00
IBM_FV_2004_rule_batch_4_02_3_SAT_dat.k10.cnf          --          1000.00
IBM_FV_2004_rule_batch_4_02_3_SAT_dat.k15.cnf          --          1000.00
IBM_FV_2004_rule_batch_4_02_3_SAT_dat.k20.cnf          --          1000.00
IBM_FV_2004_rule_batch_4_02_3_SAT_dat.k25.cnf          --          1000.00
IBM_FV_2004_rule_batch_4_02_3_SAT_dat.k30.cnf          --          1000.00
IBM_FV_2004_rule_batch_4_02_3_SAT_dat.k35.cnf          --          1000.00
IBM_FV_2004_rule_batch_4_16_2_SAT_dat.k10.cnf       21401          98.65
IBM_FV_2004_rule_batch_4_16_2_SAT_dat.k15.cnf          --          1000.00
IBM_FV_2004_rule_batch_4_16_2_SAT_dat.k20.cnf          --          1000.00
IBM_FV_2004_rule_batch_4_16_2_SAT_dat.k25.cnf          --          1000.00
IBM_FV_2004_rule_batch_4_16_2_SAT_dat.k30.cnf          --          1000.00
IBM_FV_2004_rule_batch_4_16_2_SAT_dat.k35.cnf          --          1000.00
IBM_FV_2004_rule_batch_5_02_1_SAT_dat.k10.cnf          --          1000.00
IBM_FV_2004_rule_batch_5_02_1_SAT_dat.k15.cnf          --          1000.00
IBM_FV_2004_rule_batch_5_02_1_SAT_dat.k20.cnf          --          1000.00
IBM_FV_2004_rule_batch_5_02_1_SAT_dat.k25.cnf          --          1000.00
IBM_FV_2004_rule_batch_5_02_1_SAT_dat.k30.cnf          --          1000.00
IBM_FV_2004_rule_batch_5_02_1_SAT_dat.k35.cnf          --          1000.00
IBM_FV_2004_rule_batch_5_02_3_SAT_dat.k10.cnf          --          1000.00
IBM_FV_2004_rule_batch_5_02_3_SAT_dat.k15.cnf          --          1000.00
IBM_FV_2004_rule_batch_5_02_3_SAT_dat.k20.cnf          --          1000.00
IBM_FV_2004_rule_batch_5_02_3_SAT_dat.k25.cnf          --          1000.00
IBM_FV_2004_rule_batch_5_02_3_SAT_dat.k30.cnf          --          1000.00
IBM_FV_2004_rule_batch_5_02_3_SAT_dat.k35.cnf          --          1000.00
IBM_FV_2004_rule_batch_5_16_2_SAT_dat.k10.cnf       19309          86.92
IBM_FV_2004_rule_batch_5_16_2_SAT_dat.k15.cnf          --          1000.00
IBM_FV_2004_rule_batch_5_16_2_SAT_dat.k20.cnf          --          1000.00
IBM_FV_2004_rule_batch_5_16_2_SAT_dat.k25.cnf          --          1000.00
IBM_FV_2004_rule_batch_5_16_2_SAT_dat.k30.cnf          --          1000.00
IBM_FV_2004_rule_batch_5_16_2_SAT_dat.k35.cnf          --          1000.00
IBM_FV_2004_rule_batch_6_02_3_SAT_dat.k10.cnf          --          1000.00
IBM_FV_2004_rule_batch_6_02_3_SAT_dat.k15.cnf          --          1000.00
IBM_FV_2004_rule_batch_6_02_3_SAT_dat.k20.cnf          --          1000.00
IBM_FV_2004_rule_batch_6_02_3_SAT_dat.k25.cnf          --          1000.00
IBM_FV_2004_rule_batch_6_02_3_SAT_dat.k30.cnf          --          1000.00
IBM_FV_2004_rule_batch_6_02_3_SAT_dat.k35.cnf          --          1000.00
IBM_FV_2004_rule_batch_6_16_2_SAT_dat.k10.cnf       19351          97.83
IBM_FV_2004_rule_batch_6_16_2_SAT_dat.k15.cnf          --          1000.00
IBM_FV_2004_rule_batch_6_16_2_SAT_dat.k20.cnf          --          1000.00
IBM_FV_2004_rule_batch_6_16_2_SAT_dat.k25.cnf          --          1000.00
IBM_FV_2004_rule_batch_6_16_2_SAT_dat.k30.cnf          --          1000.00
IBM_FV_2004_rule_batch_6_16_2_SAT_dat.k35.cnf          --          1000.00
IBM_FV_2004_rule_batch_7_02_3_SAT_dat.k15.cnf          --          1000.00
IBM_FV_2004_rule_batch_7_02_3_SAT_dat.k20.cnf          --          1000.00
IBM_FV_2004_rule_batch_7_02_3_SAT_dat.k25.cnf          --          1000.00
IBM_FV_2004_rule_batch_7_02_3_SAT_dat.k30.cnf          --          1000.00
IBM_FV_2004_rule_batch_7_02_3_SAT_dat.k35.cnf          --          1000.00
