9symml_F_117_@1.pmcnf           3734        0.06
9symml_F1@1.pmcnf           3967        0.13
9symml_F2@0.pmcnf           2670        0.08
9symml_F3@0.pmcnf           4275        0.16
9symml_F4@1.pmcnf           4648        0.17
9symml_F4-_52312_@1.pmcnf           4641        0.10
9symml_F5@1.pmcnf           4279        0.09
9symml_F_52309_@0.pmcnf           4083        0.07
9symml_F_52310_-_117_@0.pmcnf           3734        0.03
9symml_F_52310_@1.pmcnf           3998        0.08
9symml_F_52312_@0.pmcnf           4643        0.11
9symml_F5-_52310_@0.pmcnf           3996        0.08
9symml_F6@0.pmcnf           4057        0.14
9symml_F6-_117_@0.pmcnf           3734        0.04
9symml_F7@0.pmcnf           4447        0.18
9symml_F7-_52309_@0.pmcnf           4081        0.09
9symml_F8@1.pmcnf           4265        0.18
alu4_Fa@1.pmcnf           14548        0.90
alu4_Fb@0.pmcnf           13163        1.11
alu4_Fc@0.pmcnf           10324        0.39
alu4_Fd@1.pmcnf           7292        0.07
alu4_Ff@1.pmcnf           12951        0.28
alu4_Fg@0.pmcnf           10081        0.37
alu4_Fg@1.pmcnf           10081        0.43
alu4_Fh@0.pmcnf           7254        0.09
alu4_Fh@1.pmcnf           7254        0.08
alu4_Fj@0.pmcnf           16746        0.67
alu4_Fk@0.pmcnf           16704        1.11
alu4_Fl@1.pmcnf           16994        1.04
apex2_Fv0@1.pmcnf           1996        0.04
apex2_Fv1@1.pmcnf           3046        0.07
apex2_Fv12@0.pmcnf           3759        0.21
apex2_Fv13@1.pmcnf           3860        0.30
apex2_Fv14@1.pmcnf           3245        0.14
apex2_Fv16@0.pmcnf           2452        0.06
apex2_Fv17@1.pmcnf           3069        0.12
apex2_Fv18@1.pmcnf           3606        0.12
apex2_Fv19@1.pmcnf           3605        0.17
apex2_Fv20@0.pmcnf           2611        0.08
apex2_Fv2@0.pmcnf           3412        0.13
apex2_Fv21@1.pmcnf           2257        0.08
apex2_Fv22@1.pmcnf           2483        0.04
apex2_Fv24@1.pmcnf           3564        0.28
apex2_Fv6@1.pmcnf           3236        0.06
apex2_Fv7@0.pmcnf           3746        0.25
apex2_Fv8@1.pmcnf           3767        0.42
c1355_F1001gat-1048gat@1.pmcnf           2523        25.58
c1355_F1001gat@1.pmcnf           3211        40.92
c1355_F1036gat-1229gat@1.pmcnf           2455        252.86
c1355_F1051gat@1.pmcnf           2523        29.36
c1355_F106gat@0.pmcnf           11854        38.94
c1355_F106gat-409gat@1.pmcnf           --        1000.00
c1355_F113gat-1260gat@1.pmcnf           2455        271.88
c1355_F1150gat@0.pmcnf           2499        22.01
c1355_F1183gat-1262gat@1.pmcnf           2455        120.74
c1355_F120gat-414gat@1.pmcnf           --        1000.00
c1355_F1229gat@1.pmcnf           2455        14.03
c1355_F127gat-418gat@1.pmcnf           --        1000.00
c1355_F141gat@0.pmcnf           11854        178.40
c1355_F155gat@1.pmcnf           11854        35.19
c1355_F176gat-1278gat@1.pmcnf           2455        23.73
c1355_F183gat@0.pmcnf           11854        60.02
c1355_F197gat-308gat@1.pmcnf           --        1000.00
c1355_F1gat@0.pmcnf           11854        25.74
c1355_F43gat@1.pmcnf           11854        45.65
c1355_F50gat@1.pmcnf           11854        41.47
c1355_F543gat@1.pmcnf           --        1000.00
c1355_F57gat@1.pmcnf           11854        47.01
c1355_F71gat@1.pmcnf           11854        95.54
c17_F10gat@1.pmcnf           115        0.00
c17_F11gat@0.pmcnf           237        0.00
c17_F11gat-16gat@1.pmcnf           182        0.00
c17_F11gat-19gat@1.pmcnf           116        0.00
c17_F11gat@1.pmcnf           235        0.00
c17_F16gat@0.pmcnf           183        0.00
c17_F16gat@1.pmcnf           182        0.00
c17_F16gat-22gat@1.pmcnf           81        0.00
c17_F16gat-23gat@1.pmcnf           80        0.00
c17_F19gat@1.pmcnf           116        0.00
c17_F1gat@1.pmcnf           147        0.00
c17_F22gat@0.pmcnf           80        0.00
c17_F22gat@1.pmcnf           81        0.00
c17_F23gat@0.pmcnf           80        0.00
c17_F23gat@1.pmcnf           80        0.00
c17_F2gat@1.pmcnf           221        0.00
c17_F3gat@0.pmcnf           287        0.00
c17_F3gat-10gat@1.pmcnf           116        0.00
c17_F3gat-11gat@1.pmcnf           236        0.00
c17_F6gat@1.pmcnf           273        0.00
c17_F7gat@1.pmcnf           155        0.00
c1908_F101@0.pmcnf           15966        0.28
c1908_F101@1.pmcnf           15966        0.28
c1908_F104@0.pmcnf           16067        1.91
c1908_F104@1.pmcnf           16067        1.22
c1908_F107@0.pmcnf           16168        0.75
c1908_F107@1.pmcnf           16168        1.58
c1908_F110@0.pmcnf           15573        0.99
c1908_F110@1.pmcnf           15573        1.05
c1908_F113@0.pmcnf           15579        2.62
c1908_F113@1.pmcnf           15579        3.46
c1908_F116@0.pmcnf           15936        1.95
c1908_F116@1.pmcnf           15936        1.63
c1908_F119@0.pmcnf           15840        1.77
c1908_F119@1.pmcnf           15840        0.85
c1908_F122@0.pmcnf           15191        2.12
c1908_F122@1.pmcnf           15191        1.71
c1908_F125@0.pmcnf           15783        1.56
c1908_F125@1.pmcnf           15782        0.84
c1908_F221@1.pmcnf           13254        3.64
c1908_F469@0.pmcnf           12768        2.78
c1908_F902@0.pmcnf           15236        5.44
c1908_F952@0.pmcnf           12460        8.56
c1908_F953@0.pmcnf           17829        8.91
c1908_F953@1.pmcnf           17829        3.87
c2670_F11@0.pmcnf           3266        2.78
c2670_F11@1.pmcnf           3266        0.25
c2670_F1@1.pmcnf           1315        0.00
c2670_F14@1.pmcnf           --        1000.00
c2670_F15@1.pmcnf           1182        0.00
c2670_F16@0.pmcnf           --        1000.00
c2670_F16@1.pmcnf           5394        12.51
c2670_F19@1.pmcnf           3499        0.28
c2670_F20@1.pmcnf           3499        0.59
c2670_F2@1.pmcnf           1182        0.00
c2670_F27@1.pmcnf           3508        0.59
c2670_F28@1.pmcnf           3320        0.49
c2670_F3@1.pmcnf           1315        0.00
c2670_F32@1.pmcnf           3508        0.42
c2670_F34@1.pmcnf           3508        0.63
c2670_F36@1.pmcnf           1253        0.00
c2670_F37@1.pmcnf           6799        50.99
c2670_F4@1.pmcnf           3499        0.13
c2670_F6@1.pmcnf           3499        0.61
c2670_F7@1.pmcnf           1308        0.00
c2670_F74@1.pmcnf           11469        0.84
c2670_F78@1.pmcnf           11550        0.55
c2670_F8@0.pmcnf           9755        26.00
c2670_F8@1.pmcnf           9749        919.91
c3540_F20@1.pmcnf           41365        36.73
c3540_F41@1.pmcnf           29478        34.82
c3540_F45@0.pmcnf           29139        27.29
c3540_F45@1.pmcnf           29138        27.64
c432_F102gat@1.pmcnf           5090        0.25
c432_F105gat@0.pmcnf           2914        0.20
c432_F14gat@0.pmcnf           2915        0.20
c432_F14gat@1.pmcnf           2913        0.24
c432_F17gat@1.pmcnf           5127        0.40
c432_F1gat@1.pmcnf           5090        0.30
c432_F30gat@1.pmcnf           5127        0.25
c432_F37gat@1.pmcnf           5090        0.69
c432_F60gat@1.pmcnf           3739        0.63
c499_Fic0@1.pmcnf           5512        0.10
c499_Fic2@1.pmcnf           5512        0.11
c499_Fic6@1.pmcnf           5512        0.10
c499_Fid11@1.pmcnf           6166        3.78
c499_Fid18@0.pmcnf           6166        5.64
c499_Fid20-xa10@0.pmcnf           5660        0.31
c499_Fid26@0.pmcnf           6166        4.95
c499_Fxa10@0.pmcnf           5662        0.33
c5315_F1@0.pmcnf           1199        0.01
c5315_F11@1.pmcnf           1671        0.01
c5315_F34@1.pmcnf           1186        0.00
c5315_F4@1.pmcnf           15761        123.14
c5315_F43@0.pmcnf           2331        0.03
c5315_F54@1.pmcnf           16260        88.48
c5315_F61@1.pmcnf           1671        0.01
c5315_F79@1.pmcnf           1115        0.00
c6288_F137gat@1.pmcnf           45241        214.53
c6288_F18gat@0.pmcnf           27151        16.74
c6288_F205gat@1.pmcnf           50493        383.59
c6288_F35gat@1.pmcnf           30428        23.77
c6288_F69gat@1.pmcnf           36289        107.34
duke2_Fv0@0.pmcnf           3121        0.02
duke2_Fv10@1.pmcnf           4807        0.10
duke2_Fv1@1.pmcnf           2021        0.01
duke2_Fv12@1.pmcnf           7668        0.24
duke2_Fv2@0.pmcnf           7490        0.20
duke2_Fv3@0.pmcnf           1029        0.00
duke2_Fv4@1.pmcnf           7478        0.19
duke2_Fv5@1.pmcnf           10185        0.66
duke2_Fv6@0.pmcnf           7212        0.20
duke2_Fv7@0.pmcnf           10079        0.21
e64_Fv0@0.pmcnf           5523        2.59
e64_Fv10@1.pmcnf           8190        0.59
e64_Fv11@1.pmcnf           7174        1.78
e64_Fv12@0.pmcnf           2475        0.44
e64_Fv13@1.pmcnf           1713        0.13
e64_Fv14@1.pmcnf           8444        0.64
e64_Fv3@1.pmcnf           6285        1.21
e64_Fv4@1.pmcnf           4888        0.77
e64_Fv5@1.pmcnf           3618        0.08
e64_Fv6@1.pmcnf           5904        0.72
e64_Fv7@0.pmcnf           6539        0.12
e64_Fv9@0.pmcnf           4380        0.13
e64_Fv9@1.pmcnf           4380        0.29
misex1_Fdmpst0@1.pmcnf           1696        0.01
misex1_Fdmpst1@0.pmcnf           1620        0.01
misex1_Fdmpst2@0.pmcnf           1581        0.01
misex1_Fdmpst3@1.pmcnf           1607        0.01
misex3_Fa@0.pmcnf           10102        0.87
misex3_Fa@1.pmcnf           10102        0.65
misex3_Fb@0.pmcnf           12588        2.20
misex3_Fb@1.pmcnf           12588        1.12
spla_F_51723_@0.pmcnf           10540        0.61
spla_Fv10@0.pmcnf           13509        0.62
spla_Fv1@0.pmcnf           15108        0.25
spla_Fv12@1.pmcnf           10716        0.72
spla_Fv13@0.pmcnf           11023        0.42
spla_Fv14@0.pmcnf           10703        0.67
spla_Fv15@1.pmcnf           10966        0.45
spla_Fv2@1.pmcnf           1232        0.01
spla_Fv4@1.pmcnf           13500        0.47
spla_Fv6@1.pmcnf           13910        0.50
spla_Fv7@0.pmcnf           14555        0.24
spla_Fv9@0.pmcnf           12070        0.40
