normalized-f20c10b_001_area_delay.pmcnf           --        1000.00
normalized-f20c10b_002_area_delay.pmcnf           --        1000.00
normalized-f20c10b_003_area_delay.pmcnf           --        1000.00
normalized-f20c10b_004_area_delay.pmcnf           --        1000.00
normalized-f20c10b_005_area_delay.pmcnf           --        1000.00
normalized-f20c10b_006_area_delay.pmcnf           --        1000.00
normalized-f20c10b_007_area_delay.pmcnf           --        1000.00
normalized-f20c10b_008_area_delay.pmcnf           --        1000.00
normalized-f20c10b_009_area_delay.pmcnf           --        1000.00
normalized-f20c10b_010_area_delay.pmcnf           --        1000.00
normalized-f20c10b_011_area_delay.pmcnf           --        1000.00
normalized-f20c10b_012_area_delay.pmcnf           --        1000.00
normalized-f20c10b_013_area_delay.pmcnf           --        1000.00
normalized-f20c10b_014_area_delay.pmcnf           --        1000.00
normalized-f20c10b_015_area_delay.pmcnf           --        1000.00
normalized-f20c10b_016_area_delay.pmcnf           --        1000.00
normalized-f20c10b_017_area_delay.pmcnf           --        1000.00
normalized-f20c10b_018_area_delay.pmcnf           --        1000.00
normalized-f20c10b_019_area_delay.pmcnf           --        1000.00
normalized-f20c10b_020_area_delay.pmcnf           --        1000.00
normalized-f20c10b_021_area_delay.pmcnf           --        1000.00
normalized-f20c10b_022_area_delay.pmcnf           --        1000.00
normalized-f20c10b_023_area_delay.pmcnf           --        1000.00
normalized-f20c10b_024_area_delay.pmcnf           --        1000.00
normalized-f20c10b_025_area_delay.pmcnf           --        1000.00
normalized-f20c10b_026_area_delay.pmcnf           --        1000.00
normalized-f20c10b_027_area_delay.pmcnf           --        1000.00
normalized-f20c10b_028_area_delay.pmcnf           --        1000.00
normalized-f20c10b_029_area_delay.pmcnf           --        1000.00
normalized-f20c10b_030_area_delay.pmcnf           --        1000.00
normalized-fir01_area_delay.pmcnf           265        0.00
normalized-fir01_area_opers.pmcnf           389        0.03
normalized-fir02_area_delay.pmcnf           2243        0.96
normalized-fir02_area_opers.pmcnf           3415        510.32
normalized-fir02_area_partials.pmcnf           223        0.00
normalized-fir03_area_delay.pmcnf           11540        562.47
normalized-fir03_area_opers.pmcnf           --        1000.00
normalized-fir03_area_partials.pmcnf           4648        0.32
normalized-fir04_area_delay.pmcnf           2414        8.14
normalized-fir04_area_opers.pmcnf           3627        664.71
normalized-fir04_area_partials.pmcnf           82        0.00
normalized-fir05_area_delay.pmcnf           --        1000.00
normalized-fir05_area_opers.pmcnf           --        1000.00
normalized-fir05_area_partials.pmcnf           1659        0.23
normalized-fir06_area_delay.pmcnf           --        1000.00
normalized-fir06_area_opers.pmcnf           --        1000.00
normalized-fir06_area_partials.pmcnf           1923        0.52
normalized-fir07_area_delay.pmcnf           --        1000.00
normalized-fir07_area_opers.pmcnf           --        1000.00
normalized-fir07_area_partials.pmcnf           471        0.04
normalized-fir08_area_delay.pmcnf           --        1000.00
normalized-fir08_area_opers.pmcnf           --        1000.00
normalized-fir08_area_partials.pmcnf           --        1000.00
normalized-fir09_area_delay.pmcnf           --        1000.00
normalized-fir09_area_opers.pmcnf           --        1000.00
normalized-fir09_area_partials.pmcnf           20384        241.32
normalized-fir10_area_delay.pmcnf           --        1000.00
normalized-fir10_area_opers.pmcnf           --        1000.00
normalized-fir10_area_partials.pmcnf           --        1000.00
