c10b_s.cnf                                          18774           4.69
c10_i.cnf                                           50703          124.93
c10n_s.cnf                                          18021           6.38
c10_s.cnf                                            3465           0.42
c6b.cnf                                                --          1000.00
c6b_i.cnf                                              --          1000.00
c6bi_s.cnf                                             --          1000.00
c6b_s.cnf                                            8721           1.67
c6_i.cnf                                            36858          121.15
c6i.cnf                                                --          1000.00
c6i_s.cnf                                              --          1000.00
c6n.cnf                                                --          1000.00
c6n_i.cnf                                           60327          174.18
c6n_s.cnf                                            7863           1.84
c6_s.cnf                                             3150           0.38
c7b_i.cnf                                              --          1000.00
c7b_s.cnf                                           11181           3.87
c7_i.cnf                                            38508          125.13
c7n.cnf                                                --          1000.00
c7n_i.cnf                                              --          1000.00
c7n_s.cnf                                           10470           2.13
c7_s.cnf                                             3186           0.51
c8b_i.cnf                                              --          1000.00
c8b_s.cnf                                           14112           5.73
c8_i.cnf                                            41595          124.40
c8n_i.cnf                                              --          1000.00
c8n_s.cnf                                           12780           3.47
c8_s.cnf                                             3264           0.66
c9b_i.cnf                                              --          1000.00
c9b_s.cnf                                           15675          10.21
c9_i.cnf                                            44739          79.51
c9n_i.cnf                                              --          1000.00
c9n_s.cnf                                           15321           4.74
c9_s.cnf                                             3324           0.41
f6b.cnf                                                --          1000.00
f6.cnf                                                 --          1000.00
f6i.cnf                                                --          1000.00
f6n.cnf                                                --          1000.00
f7.cnf                                                 --          1000.00
g6b.cnf                                             39570          77.14
g6bi.cnf                                               --          1000.00
g6bid.cnf                                              --          1000.00
g6bidw.cnf                                             --          1000.00
g6.cnf                                              27918          43.73
g6i.cnf                                             49647          143.04
g6id.cnf                                               --          1000.00
g6idw.cnf                                              --          1000.00
g6n.cnf                                             36978          76.15
g6ni.cnf                                               --          1000.00
g6nid.cnf                                              --          1000.00
g6nidw.cnf                                             --          1000.00
g7b.cnf                                                --          1000.00
g7.cnf                                              51792          69.79
g7n.cnf                                                --          1000.00
g8b.cnf                                                --          1000.00
g8.cnf                                                 --          1000.00
g8n.cnf                                                --          1000.00
g9.cnf                                                 --          1000.00
