b14_opt_bug2_vec1-gate-0.dimacs.seq                    --           1000.00
b15-bug-fourvec-gate-0.dimacs.seq                      --           1000.00
b15-bug-onevec-gate-0.dimacs.seq                       --           1000.00
c1_DD_s3_f1_e2_v1-bug-fourvec-gate-0.dimacs.seq        --           1000.00
c1_DD_s3_f1_e2_v1-bug-onevec-gate-0.dimacs.seq         --           1000.00
c2_DD_s3_f1_e2_v1-bug-fourvec-gate-0.dimacs.seq        --           1000.00
c2_DD_s3_f1_e2_v1-bug-onevec-gate-0.dimacs.seq         --           1000.00
c3_DD_s3_f1_e1_v1-bug-fourvec-gate-0.dimacs.seq        --           1000.00
c3_DD_s3_f1_e1_v1-bug-onevec-gate-0.dimacs.seq         --           1000.00
c4_DD_s3_f1_e1_v1-bug-gate-0.dimacs.seq                --           1000.00
c4_DD_s3_f1_e2_v1-bug-fourvec-gate-0.dimacs.seq        --           1000.00
c4_DD_s3_f1_e2_v1-bug-onevec-gate-0.dimacs.seq         --           1000.00
c5315-bug-gate-0.dimacs.seq                          5048          949.51
c5_DD_s3_f1_e1_v1-bug-fourvec-gate-0.dimacs.seq        --           1000.00
c5_DD_s3_f1_e1_v1-bug-gate-0.dimacs.seq                --           1000.00
c5_DD_s3_f1_e1_v1-bug-onevec-gate-0.dimacs.seq         --           1000.00
c5_DD_s3_f1_e1_v2-bug-gate-0.dimacs.seq                --           1000.00
c6288-bug-gate-0.dimacs.seq                            --           1000.00
c6_DD_s3_f1_e1_v1-bug-fourvec-gate-0.dimacs.seq        --           1000.00
c6_DD_s3_f1_e1_v1-bug-gate-0.dimacs.seq                --           1000.00
c6_DD_s3_f1_e1_v1-bug-onevec-gate-0.dimacs.seq         --           1000.00
c6_DD_s3_f1_e2_v1-bug-fourvec-gate-0.dimacs.seq        --           1000.00
c7552-bug-gate-0.dimacs.seq                            --           1000.00
dividers10.dimacs                                      --           1000.00
dividers11.dimacs                                      --           1000.00
dividers1.dimacs                                       --           1000.00
dividers2.dimacs                                       --           1000.00
dividers3.dimacs                                       --           1000.00
dividers4.dimacs                                       --           1000.00
dividers5.dimacs                                       --           1000.00
dividers6_hack.dimacs                                  --           1000.00
dividers7.dimacs                                       --           1000.00
dividers8.dimacs                                       --           1000.00
dividers9.dimacs                                       --           1000.00
dividers_multivec1.dimacs                              --           1000.00
i2c_master1.dimacs                                     --           1000.00
i2c_master2.dimacs                                     --           1000.00
mem_ctrl1.dimacs                                       --           1000.00
mot_comb1._red-gate-0.dimacs.seq                     5325          84.27
mot_comb2._red-gate-0.dimacs.seq                       --           1000.00
mot_comb3._red-gate-0.dimacs.seq                       --           1000.00
mrisc_mem2wire1.dimacs                                 --           1000.00
rsdecoder1.dimacs                                      --           1000.00
rsdecoder2.dimacs                                      --           1000.00
rsdecoder3.dimacs                                      --           1000.00
rsdecoder4.dimacs                                      --           1000.00
rsdecoder5.dimacs                                      --           1000.00
rsdecoder6.dimacs                                      --           1000.00
rsdecoder_fsm1.dimacs                                  --           1000.00
rsdecoder_fsm2.dimacs                                  --           1000.00
rsdecoder_multivec1.dimacs                             --           1000.00
s15850-bug-fourvec-gate-0.dimacs.seq                   --           1000.00
s15850-bug-onevec-gate-0.dimacs.seq                    --           1000.00
s38584-bug-onevec-gate-0.dimacs.seq                    --           1000.00
SM_AS_TOP_buggy1.dimacs                                --           1000.00
SM_MAIN_MEM_buggy1.dimacs                              --           1000.00
SM_RX_TOP.dimacs                                       --           1000.00
spi2.dimacs                                            --           1000.00
wb1.dimacs                                             --           1000.00
wb2.dimacs                                             --           1000.00
wb_4m8s1.dimacs                                        --           1000.00
wb_4m8s3.dimacs                                        --           1000.00
wb_4m8s4.dimacs                                        --           1000.00
wb_conmax1.dimacs                                      --           1000.00
wb_conmax3.dimacs                                      --           1000.00
