22s.smv.sat.chaff.4.1.bryant.cnf                    40970          29.32
25s.smv.sat.chaff.4.1.bryant.cnf                    33484          17.27
27s.smv.sat.chaff.4.1.bryant.cnf                     1552           0.17
32s.smv.sat.chaff.4.1.bryant.cnf                     2945           0.53
37s.smv.sat.chaff.4.1.bryant.cnf                     1070           0.12
38s.smv.sat.chaff.4.1.bryant.cnf                     2443           0.31
43s.smv.sat.chaff.4.1.bryant.cnf                    21334          22.60
44s.smv.sat.chaff.4.1.bryant.cnf                     3388           0.61
46s.smv.sat.chaff.4.1.bryant.cnf                     8811           2.35
49s.smv.sat.chaff.4.1.bryant.cnf                    54540          27.19
cache.inv10.ucl.sat.chaff.4.1.bryant.cnf            32615          39.01
cache.inv12.ucl.sat.chaff.4.1.bryant.cnf               --          1000.00
cache.inv14.ucl.sat.chaff.4.1.bryant.cnf               --          1000.00
cache.inv8.ucl.sat.chaff.4.1.bryant.cnf              9671           2.72
dlx1c.rwmem1.ucl.sat.chaff.4.1.bryant.cnf           48642          29.86
dlx1c.rwmem.ucl.sat.chaff.4.1.bryant.cnf            52791          41.04
dlx1c.ucl.sat.chaff.4.1.bryant.cnf                  43397          74.78
elf.rf10.ucl.sat.chaff.4.1.bryant.cnf                  --          1000.00
elf.rf6.ucl.sat.chaff.4.1.bryant.cnf                  223           0.01
elf.rf7.ucl.sat.chaff.4.1.bryant.cnf                 4771           0.90
elf.rf8.ucl.sat.chaff.4.1.bryant.cnf                31700           9.58
elf.rf9.ucl.sat.chaff.4.1.bryant.cnf                   --          1000.00
ooo.rf10.ucl.sat.chaff.4.1.bryant.cnf                  --          1000.00
ooo.rf6.ucl.sat.chaff.4.1.bryant.cnf                 8393           3.05
ooo.rf7.ucl.sat.chaff.4.1.bryant.cnf                18784          23.28
ooo.rf8.ucl.sat.chaff.4.1.bryant.cnf                32961          15.91
ooo.rf9.ucl.sat.chaff.4.1.bryant.cnf                53450          64.01
ooo.tag10.ucl.sat.chaff.4.1.bryant.cnf              43407          61.87
ooo.tag12.ucl.sat.chaff.4.1.bryant.cnf                 --          1000.00
ooo.tag14.ucl.sat.chaff.4.1.bryant.cnf                 --          1000.00
ooo.tag8.ucl.sat.chaff.4.1.bryant.cnf               15650           5.90
