9symml_gr_2pin_w5.shuffled.cnf                         --          1000.00
9symml_gr_2pin_w6.shuffled.cnf                         --          1000.00
9symml_gr_rcs_w5.shuffled.cnf                          --          1000.00
9symml_gr_rcs_w6.shuffled.cnf                          --          1000.00
alu2_gr_rcs_w7.shuffled.cnf                            --          1000.00
alu2_gr_rcs_w8.shuffled.cnf                            --          1000.00
apex7_gr_2pin_w4.shuffled.cnf                          --          1000.00
apex7_gr_2pin_w5.shuffled.cnf                          --          1000.00
apex7_gr_rcs_w5.shuffled.cnf                        11695           2.14
c499_gr_2pin_w5.shuffled.cnf                           --          1000.00
c499_gr_2pin_w6.shuffled.cnf                           --          1000.00
c499_gr_rcs_w5.shuffled.cnf                            --          1000.00
c499_gr_rcs_w6.shuffled.cnf                            --          1000.00
c880_gr_rcs_w5.shuffled.cnf                            --          1000.00
c880_gr_rcs_w6.shuffled.cnf                            --          1000.00
c880_gr_rcs_w7.shuffled.cnf                            --          1000.00
example2_gr_2pin_w5.shuffled.cnf                       --          1000.00
example2_gr_2pin_w6.shuffled.cnf                       --          1000.00
example2_gr_rcs_w5.shuffled.cnf                        --          1000.00
example2_gr_rcs_w6.shuffled.cnf                     27684           6.46
term1_gr_2pin_w3.shuffled.cnf                          --          1000.00
term1_gr_2pin_w4.shuffled.cnf                        3964          34.54
term1_gr_rcs_w3.shuffled.cnf                           --          1000.00
term1_gr_rcs_w4.shuffled.cnf                         3290           0.41
too_large_gr_rcs_w5.shuffled.cnf                       --          1000.00
too_large_gr_rcs_w6.shuffled.cnf                       --          1000.00
too_large_gr_rcs_w7.shuffled.cnf                       --          1000.00
too_large_gr_rcs_w8.shuffled.cnf                    57495          15.26
too_large_gr_rcs_w9.shuffled.cnf                       --          1000.00
vda_gr_rcs_w7.shuffled.cnf                             --          1000.00
vda_gr_rcs_w8.shuffled.cnf                             --          1000.00
vda_gr_rcs_w9.shuffled.cnf                             --          1000.00
