9symml_F_117_@1.pmcnf           7        0.08
9symml_F1@1.pmcnf           9        0.09
9symml_F2@0.pmcnf           9        0.06
9symml_F3@0.pmcnf           9        0.10
9symml_F4@1.pmcnf           9        0.11
9symml_F4-_52312_@1.pmcnf           9        0.10
9symml_F5@1.pmcnf           9        0.09
9symml_F_52309_@0.pmcnf           9        0.09
9symml_F_52310_-_117_@0.pmcnf           8        0.07
9symml_F_52310_@1.pmcnf           7        0.09
9symml_F_52312_@0.pmcnf           9        0.10
9symml_F5-_52310_@0.pmcnf           7        0.09
9symml_F6@0.pmcnf           9        0.09
9symml_F6-_117_@0.pmcnf           8        0.07
9symml_F7@0.pmcnf           9        0.10
9symml_F7-_52309_@0.pmcnf           7        0.09
9symml_F8@1.pmcnf           9        0.09
alu4_Fa@1.pmcnf           6        0.31
alu4_Fb@0.pmcnf           6        0.36
alu4_Fc@0.pmcnf           6        0.23
alu4_Fd@1.pmcnf           2        0.13
alu4_Ff@1.pmcnf           6        0.35
alu4_Fg@0.pmcnf           6        0.25
alu4_Fg@1.pmcnf           6        0.25
alu4_Fh@0.pmcnf           2        0.13
alu4_Fh@1.pmcnf           2        0.13
alu4_Fj@0.pmcnf           6        0.36
alu4_Fk@0.pmcnf           6        0.40
alu4_Fl@1.pmcnf           6        0.39
apex2_Fv0@1.pmcnf           17        0.04
apex2_Fv1@1.pmcnf           21        0.07
apex2_Fv12@0.pmcnf           11        0.10
apex2_Fv13@1.pmcnf           13        0.11
apex2_Fv14@1.pmcnf           10        0.08
apex2_Fv16@0.pmcnf           11        0.05
apex2_Fv17@1.pmcnf           12        0.07
apex2_Fv18@1.pmcnf           17        0.09
apex2_Fv19@1.pmcnf           17        0.10
apex2_Fv20@0.pmcnf           8        0.05
apex2_Fv2@0.pmcnf           16        0.08
apex2_Fv21@1.pmcnf           8        0.06
apex2_Fv22@1.pmcnf           9        0.06
apex2_Fv24@1.pmcnf           7        0.07
apex2_Fv6@1.pmcnf           18        0.08
apex2_Fv7@0.pmcnf           10        0.11
apex2_Fv8@1.pmcnf           16        0.09
c1355_F1001gat-1048gat@1.pmcnf           21        0.08
c1355_F1001gat@1.pmcnf           21        0.10
c1355_F1036gat-1229gat@1.pmcnf           13        0.08
c1355_F1051gat@1.pmcnf           13        0.07
c1355_F106gat@0.pmcnf           14        0.28
c1355_F106gat-409gat@1.pmcnf           33        0.27
c1355_F113gat-1260gat@1.pmcnf           13        0.07
c1355_F1150gat@0.pmcnf           13        0.08
c1355_F1183gat-1262gat@1.pmcnf           33        0.06
c1355_F120gat-414gat@1.pmcnf           33        0.27
c1355_F1229gat@1.pmcnf           33        0.05
c1355_F127gat-418gat@1.pmcnf           33        0.26
c1355_F141gat@0.pmcnf           14        0.30
c1355_F155gat@1.pmcnf           14        0.28
c1355_F176gat-1278gat@1.pmcnf           13        0.07
c1355_F183gat@0.pmcnf           14        0.30
c1355_F197gat-308gat@1.pmcnf           33        0.26
c1355_F1gat@0.pmcnf           14        0.29
c1355_F43gat@1.pmcnf           14        0.29
c1355_F50gat@1.pmcnf           14        0.33
c1355_F543gat@1.pmcnf           33        0.28
c1355_F57gat@1.pmcnf           14        0.28
c1355_F71gat@1.pmcnf           14        0.28
c17_F10gat@1.pmcnf           3        0.00
c17_F11gat@0.pmcnf           2        0.01
c17_F11gat-16gat@1.pmcnf           3        0.00
c17_F11gat-19gat@1.pmcnf           3        0.00
c17_F11gat@1.pmcnf           3        0.00
c17_F16gat@0.pmcnf           2        0.00
c17_F16gat@1.pmcnf           2        0.00
c17_F16gat-22gat@1.pmcnf           2        0.00
c17_F16gat-23gat@1.pmcnf           3        0.00
c17_F19gat@1.pmcnf           3        0.00
c17_F1gat@1.pmcnf           3        0.00
c17_F22gat@0.pmcnf           2        0.00
c17_F22gat@1.pmcnf           2        0.00
c17_F23gat@0.pmcnf           2        0.00
c17_F23gat@1.pmcnf           2        0.00
c17_F2gat@1.pmcnf           2        0.00
c17_F3gat@0.pmcnf           3        0.01
c17_F3gat-10gat@1.pmcnf           3        0.00
c17_F3gat-11gat@1.pmcnf           3        0.00
c17_F6gat@1.pmcnf           4        0.01
c17_F7gat@1.pmcnf           3        0.00
c1908_F101@0.pmcnf           3        0.30
c1908_F101@1.pmcnf           3        0.29
c1908_F104@0.pmcnf           3        0.31
c1908_F104@1.pmcnf           3        0.31
c1908_F107@0.pmcnf           3        0.32
c1908_F107@1.pmcnf           3        0.31
c1908_F110@0.pmcnf           3        0.30
c1908_F110@1.pmcnf           3        0.30
c1908_F113@0.pmcnf           3        0.31
c1908_F113@1.pmcnf           3        0.30
c1908_F116@0.pmcnf           3        0.31
c1908_F116@1.pmcnf           3        0.32
c1908_F119@0.pmcnf           3        0.30
c1908_F119@1.pmcnf           3        0.31
c1908_F122@0.pmcnf           3        0.30
c1908_F122@1.pmcnf           3        0.30
c1908_F125@0.pmcnf           3        0.32
c1908_F125@1.pmcnf           3        0.31
c1908_F221@1.pmcnf           11        0.30
c1908_F469@0.pmcnf           11        0.30
c1908_F902@0.pmcnf           13        0.43
c1908_F952@0.pmcnf           9        0.28
c1908_F953@0.pmcnf           4        0.38
c1908_F953@1.pmcnf           4        0.44
c2670_F11@0.pmcnf           37        0.10
c2670_F11@1.pmcnf           37        0.12
c2670_F1@1.pmcnf           6        0.01
c2670_F14@1.pmcnf           11        0.15
c2670_F15@1.pmcnf           3        0.01
c2670_F16@0.pmcnf           39        0.23
c2670_F16@1.pmcnf           39        0.17
c2670_F19@1.pmcnf           37        0.10
c2670_F20@1.pmcnf           37        0.09
c2670_F2@1.pmcnf           3        0.01
c2670_F27@1.pmcnf           37        0.10
c2670_F28@1.pmcnf           37        0.10
c2670_F3@1.pmcnf           6        0.01
c2670_F32@1.pmcnf           37        0.10
c2670_F34@1.pmcnf           37        0.10
c2670_F36@1.pmcnf           5        0.01
c2670_F37@1.pmcnf           12        0.27
c2670_F4@1.pmcnf           37        0.09
c2670_F6@1.pmcnf           37        0.09
c2670_F7@1.pmcnf           2        0.01
c2670_F74@1.pmcnf           3        0.19
c2670_F78@1.pmcnf           3        0.20
c2670_F8@0.pmcnf           11        0.38
c2670_F8@1.pmcnf           8        0.36
c3540_F20@1.pmcnf           6        1.36
c3540_F41@1.pmcnf           7        0.84
c3540_F45@0.pmcnf           9        1.76
c3540_F45@1.pmcnf           9        2.12
c432_F102gat@1.pmcnf           10        0.12
c432_F105gat@0.pmcnf           12        0.07
c432_F14gat@0.pmcnf           8        0.07
c432_F14gat@1.pmcnf           8        0.07
c432_F17gat@1.pmcnf           7        0.11
c432_F1gat@1.pmcnf           8        0.13
c432_F30gat@1.pmcnf           7        0.11
c432_F37gat@1.pmcnf           9        0.13
c432_F60gat@1.pmcnf           10        0.08
c499_Fic0@1.pmcnf           41        0.13
c499_Fic2@1.pmcnf           41        0.14
c499_Fic6@1.pmcnf           41        0.14
c499_Fid11@1.pmcnf           14        0.16
c499_Fid18@0.pmcnf           14        0.14
c499_Fid20-xa10@0.pmcnf           33        0.16
c499_Fid26@0.pmcnf           14        0.16
c499_Fxa10@0.pmcnf           33        0.16
c5315_F1@0.pmcnf           1        0.01
c5315_F11@1.pmcnf           3        0.02
c5315_F34@1.pmcnf           4        0.01
c5315_F4@1.pmcnf           6        0.34
c5315_F43@0.pmcnf           3        0.03
c5315_F54@1.pmcnf           5        0.33
c5315_F61@1.pmcnf           3        0.02
c5315_F79@1.pmcnf           5        0.01
c6288_F137gat@1.pmcnf           10        7.03
c6288_F18gat@0.pmcnf           3        0.46
c6288_F205gat@1.pmcnf           7        3.08
c6288_F35gat@1.pmcnf           4        0.67
c6288_F69gat@1.pmcnf           6        1.68
duke2_Fv0@0.pmcnf           7        0.06
duke2_Fv10@1.pmcnf           12        0.09
duke2_Fv1@1.pmcnf           7        0.04
duke2_Fv12@1.pmcnf           8        0.16
duke2_Fv2@0.pmcnf           8        0.15
duke2_Fv3@0.pmcnf           9        0.02
duke2_Fv4@1.pmcnf           9        0.15
duke2_Fv5@1.pmcnf           5        0.22
duke2_Fv6@0.pmcnf           8        0.14
duke2_Fv7@0.pmcnf           5        0.22
e64_Fv0@0.pmcnf           29        0.12
e64_Fv10@1.pmcnf           8        0.16
e64_Fv11@1.pmcnf           16        0.14
e64_Fv12@0.pmcnf           53        0.06
e64_Fv13@1.pmcnf           59        0.04
e64_Fv14@1.pmcnf           6        0.16
e64_Fv3@1.pmcnf           23        0.12
e64_Fv4@1.pmcnf           34        0.10
e64_Fv5@1.pmcnf           44        0.07
e64_Fv6@1.pmcnf           26        0.12
e64_Fv7@0.pmcnf           21        0.14
e64_Fv9@0.pmcnf           38        0.09
e64_Fv9@1.pmcnf           38        0.09
misex1_Fdmpst0@1.pmcnf           4        0.03
misex1_Fdmpst1@0.pmcnf           4        0.03
misex1_Fdmpst2@0.pmcnf           3        0.03
misex1_Fdmpst3@1.pmcnf           3        0.03
misex3_Fa@0.pmcnf           9        0.23
misex3_Fa@1.pmcnf           9        0.22
misex3_Fb@0.pmcnf           9        0.31
misex3_Fb@1.pmcnf           8        0.30
spla_F_51723_@0.pmcnf           9        0.22
spla_Fv10@0.pmcnf           7        0.30
spla_Fv1@0.pmcnf           3        0.34
spla_Fv12@1.pmcnf           8        0.23
spla_Fv13@0.pmcnf           8        0.25
spla_Fv14@0.pmcnf           8        0.22
spla_Fv15@1.pmcnf           8        0.24
spla_Fv2@1.pmcnf           2        0.02
spla_Fv4@1.pmcnf           4        0.28
spla_Fv6@1.pmcnf           4        0.30
spla_Fv7@0.pmcnf           4        0.31
spla_Fv9@0.pmcnf           6        0.27
