ssa0432-001.cnf                                      1026           0.13
ssa0432-002.cnf                                      1019           0.09
ssa0432-003.cnf                                      1026           0.09
ssa0432-004.cnf                                      1026           0.09
ssa0432-011.cnf                                      1026           0.12
ssa0432-014.cnf                                      1003           0.07
ssa0432-015.cnf                                      1019           0.08
ssa2670-127.cnf                                      3295           0.64
ssa2670-128.cnf                                      3320           0.84
ssa2670-129.cnf                                      3295           0.76
ssa2670-130.cnf                                      3320           0.67
ssa2670-131.cnf                                      3313           0.54
ssa2670-132.cnf                                      3295           0.48
ssa2670-133.cnf                                      3295           0.62
ssa2670-134.cnf                                      3272           0.65
ssa2670-136.cnf                                      3244           0.60
ssa2670-139.cnf                                      3228           0.57
ssa2670-140.cnf                                      3200           2.67
ssa2670-141.cnf                                      2314           0.55
ssa6288-001.cnf                                     34201          175.53
ssa6288-047.cnf                                     34237          170.86
ssa6288-048.cnf                                     34201          234.37
ssa7552-001.cnf                                      3614           0.80
ssa7552-002.cnf                                      3614           0.44
ssa7552-021.cnf                                      3614           0.46
ssa7552-032.cnf                                      3605           2.31
ssa7552-037.cnf                                      3575           0.50
ssa7552-038.cnf                                      3575           0.70
ssa7552-039.cnf                                      3470           0.69
ssa7552-040.cnf                                      3449           0.43
ssa7552-042.cnf                                      3598           1.01
ssa7552-043.cnf                                      3629           1.38
ssa7552-044.cnf                                      3501           0.50
ssa7552-045.cnf                                      3586           0.52
ssa7552-046.cnf                                      3586           0.45
ssa7552-047.cnf                                      3449           0.51
ssa7552-048.cnf                                      3460           0.76
ssa7552-049.cnf                                      3458           0.89
ssa7552-050.cnf                                      3466           0.53
ssa7552-051.cnf                                      3466           0.54
ssa7552-052.cnf                                      3456           0.42
ssa7552-053.cnf                                      3598           0.80
ssa7552-054.cnf                                      3300           0.49
ssa7552-055.cnf                                      3442           0.83
ssa7552-058.cnf                                      3622           0.75
ssa7552-059.cnf                                      3523           0.86
ssa7552-060.cnf                                      3446           0.59
ssa7552-061.cnf                                      3586           0.62
ssa7552-062.cnf                                      3586           0.50
ssa7552-063.cnf                                      3289           0.47
ssa7552-064.cnf                                      3579           0.90
ssa7552-065.cnf                                      3579           0.52
ssa7552-066.cnf                                      3463           0.43
ssa7552-067.cnf                                      3300           0.42
ssa7552-074.cnf                                      3458           0.43
ssa7552-075.cnf                                      3282           0.44
ssa7552-076.cnf                                      3282           0.50
ssa7552-077.cnf                                      3282           0.49
ssa7552-080.cnf                                      3635           1.80
ssa7552-081.cnf                                      3622           0.45
ssa7552-082.cnf                                      3297           0.51
ssa7552-083.cnf                                      3298           0.44
ssa7552-084.cnf                                      3300           0.65
ssa7552-085.cnf                                      3442           0.69
ssa7552-090.cnf                                      3665           0.45
ssa7552-091.cnf                                      3297           0.48
ssa7552-092.cnf                                      3298           0.48
ssa7552-093.cnf                                      3300           0.42
ssa7552-094.cnf                                      3442           0.74
ssa7552-095.cnf                                      3331           0.50
ssa7552-096.cnf                                      3460           0.43
ssa7552-098.cnf                                      4123           1.42
ssa7552-102.cnf                                      3623           0.45
ssa7552-103.cnf                                      3460           0.46
ssa7552-104.cnf                                      3458           0.62
ssa7552-106.cnf                                      3463           0.55
ssa7552-107.cnf                                      3575           1.10
ssa7552-108.cnf                                      3470           0.90
ssa7552-109.cnf                                      3463           0.43
ssa7552-110.cnf                                      3463           0.43
ssa7552-111.cnf                                      3442           0.43
ssa7552-112.cnf                                      3275           0.41
ssa7552-113.cnf                                      3665           0.53
ssa7552-114.cnf                                      3460           0.65
ssa7552-115.cnf                                      3458           0.75
ssa7552-116.cnf                                      3466           0.56
ssa7552-117.cnf                                      3440           0.48
ssa7552-118.cnf                                      3440           0.43
ssa7552-119.cnf                                      3239           0.51
ssa7552-121.cnf                                      3523           0.44
ssa7552-124.cnf                                      4795           0.78
ssa7552-125.cnf                                      3523           0.77
ssa7552-126.cnf                                      3434           0.70
ssa7552-127.cnf                                      3239           0.42
ssa7552-128.cnf                                      3347           0.58
ssa7552-129.cnf                                      3239           0.49
ssa7552-130.cnf                                      3234           0.46
ssa7552-131.cnf                                      3302           0.47
ssa7552-132.cnf                                      3282           0.42
ssa7552-156.cnf                                      3282           0.49
ssa7552-157.cnf                                      3431           0.81
ssa7552-160.cnf                                      3126           0.48
