p_hat500-2.clq.cnf xxx 999.71
san1000.clq.cnf xxx 999.76
c-fat200-5.clq.cnf xxx 999.75
brock400_2.clq.cnf xxx 999.60
brock800_2.clq.cnf xxx 999.68
p_hat300-2.clq.cnf xxx 999.78
san200_0.9_1.clq.cnf xxx 999.64
hamming6-2.clq.cnf xxx 999.48
hamming10-2.clq.cnf xxx 999.54
brock200_3.clq.cnf xxx 999.69
san400_0.5_1.clq.cnf xxx 999.74
sanr200_0.7.clq.cnf xxx 999.66
brock400_1.clq.cnf xxx 999.64
keller5.clq.cnf xxx 999.63
brock400_4.clq.cnf xxx 999.60
johnson16-2-4.clq.cnf xxx 999.68
johnson8-4-4.clq.cnf xxx 999.35
p_hat500-1.clq.cnf xxx 999.80
MANN_a45.clq.cnf xxx 999.55
sanr200_0.9.clq.cnf xxx 999.58
keller4.clq.cnf xxx 999.67
p_hat700-2.clq.cnf xxx 999.74
brock400_3.clq.cnf xxx 999.69
p_hat700-1.clq.cnf xxx 999.82
san200_0.9_2.clq.cnf xxx 999.60
hamming10-4.clq.cnf xxx 999.57
MANN_a9.clq.cnf xxx 999.52
hamming8-2.clq.cnf xxx 999.54
sanr400_0.5.clq.cnf xxx 999.75
san400_0.7_2.clq.cnf xxx 999.68
p_hat300-3.clq.cnf xxx 999.67
hamming8-4.clq.cnf xxx 999.71
c-fat200-1.clq.cnf xxx 0.03
p_hat300-1.clq.cnf xxx 999.81
johnson8-2-4.clq.cnf xxx 999.80
c-fat500-5.clq.cnf xxx 999.79
p_hat1000-1.clq.cnf xxx 999.81
san400_0.7_1.clq.cnf xxx 999.61
brock800_3.clq.cnf xxx 999.68
san200_0.7_2.clq.cnf xxx 999.65
p_hat500-3.clq.cnf xxx 999.62
san200_0.9_3.clq.cnf xxx 999.62
brock200_4.clq.cnf xxx 999.69
MANN_a81.clq.cnf xxx 999.57
hamming6-4.clq.cnf xxx 999.63
san400_0.7_3.clq.cnf xxx 999.66
p_hat1000-3.clq.cnf xxx 999.64
johnson32-2-4.clq.cnf xxx 999.55
brock200_2.clq.cnf xxx 999.76
san200_0.7_1.clq.cnf xxx 999.62
p_hat700-3.clq.cnf xxx 999.66
c-fat500-2.clq.cnf xxx 999.83
brock800_4.clq.cnf xxx 999.71
sanr400_0.7.clq.cnf xxx 999.70
c-fat500-1.clq.cnf xxx 0.02
brock800_1.clq.cnf xxx 999.71
c-fat500-10.clq.cnf xxx 999.70
san400_0.9_1.clq.cnf xxx 999.58
c-fat200-2.clq.cnf xxx 678.69
p_hat1000-2.clq.cnf xxx 999.77
brock200_1.clq.cnf xxx 999.65
MANN_a27.clq.cnf xxx 999.63
