bf0432-005.cnf                                       3667           0.54
bf0432-007.cnf                                       3667           0.55
bf0432-011.cnf                                       3742           0.95
bf0432-015.cnf                                       3684           0.53
bf0432-017.cnf                                       3684           0.58
bf0432-033.cnf                                       2783           1.83
bf0432-035.cnf                                       2783           0.47
bf0432-039.cnf                                       2789           2.22
bf0432-041.cnf                                       2782           0.43
bf0432-043.cnf                                       2782           0.38
bf0432-048.cnf                                       1036           0.16
bf0432-053.cnf                                       3765           0.82
bf0432-070.cnf                                       3760           0.48
bf0432-077.cnf                                       3684           2.79
bf0432-079.cnf                                       3684           0.52
bf0432-091.cnf                                       3760           1.01
bf0432-103.cnf                                       3745           2.58
bf0432-122.cnf                                       3762           0.55
bf0432-135.cnf                                       1030           0.12
bf0432-138.cnf                                        999           0.11
bf0432-139.cnf                                       1010           0.10
bf1355-075.cnf                                       6777           1.69
bf1355-076.cnf                                       6777           1.66
bf1355-119.cnf                                       7305           1.89
bf1355-120.cnf                                       7305           1.17
bf1355-123.cnf                                       7305           1.92
bf1355-124.cnf                                       7305           2.58
bf1355-127.cnf                                       7305           1.94
bf1355-128.cnf                                       7305           2.42
bf1355-131.cnf                                       7270           2.54
bf1355-132.cnf                                       7270           2.01
bf1355-143.cnf                                       7288           1.96
bf1355-144.cnf                                       7288           2.78
bf1355-147.cnf                                       7288           1.77
bf1355-148.cnf                                       7288           1.65
bf1355-151.cnf                                       7294           1.45
bf1355-152.cnf                                       7294           1.47
bf1355-159.cnf                                       7304           1.27
bf1355-160.cnf                                       7304           2.66
bf1355-167.cnf                                       7261           2.73
bf1355-168.cnf                                       7261           2.29
bf1355-175.cnf                                       7247           1.10
bf1355-176.cnf                                       7247           2.37
bf1355-227.cnf                                       7306           8.75
bf1355-228.cnf                                       7306           1.17
bf1355-239.cnf                                       7306           2.23
bf1355-240.cnf                                       7306           2.54
bf1355-243.cnf                                       4030           1.28
bf1355-291.cnf                                       7265           1.86
bf1355-292.cnf                                       7265           1.51
bf1355-295.cnf                                       6290           1.24
bf1355-296.cnf                                       6290           3.18
bf1355-303.cnf                                       7272           1.84
bf1355-304.cnf                                       7272           1.69
bf1355-315.cnf                                       7272           2.07
bf1355-316.cnf                                       7272           3.58
bf1355-319.cnf                                       7247           2.34
bf1355-320.cnf                                       7247           9.65
bf1355-323.cnf                                       7270           3.15
bf1355-324.cnf                                       7270           2.37
bf1355-327.cnf                                       7247           1.19
bf1355-328.cnf                                       7247           1.99
bf1355-347.cnf                                       7270           2.45
bf1355-348.cnf                                       7270           4.49
bf1355-351.cnf                                       7247           2.18
bf1355-352.cnf                                       7247           2.35
bf1355-355.cnf                                       7272           1.11
bf1355-356.cnf                                       7272           1.43
bf1355-359.cnf                                       7306           1.19
bf1355-360.cnf                                       7306           1.43
bf1355-363.cnf                                       7287           2.10
bf1355-364.cnf                                       7287           1.54
bf1355-445.cnf                                       7304           5.78
bf1355-446.cnf                                       7304           1.37
bf1355-449.cnf                                       7295           2.60
bf1355-450.cnf                                       7295           1.95
bf1355-453.cnf                                       7294           2.50
bf1355-454.cnf                                       7294           2.32
bf1355-457.cnf                                       7270           1.15
bf1355-458.cnf                                       7270           1.83
bf1355-461.cnf                                       7304           2.53
bf1355-462.cnf                                       7304           4.87
bf1355-465.cnf                                       7294           1.69
bf1355-466.cnf                                       7294           1.28
bf1355-469.cnf                                       7288           1.21
bf1355-470.cnf                                       7288           1.30
bf1355-473.cnf                                       7294           1.62
bf1355-474.cnf                                       7294           1.69
bf1355-477.cnf                                       7243           2.87
bf1355-478.cnf                                       7243           2.86
bf1355-481.cnf                                       7270           1.70
bf1355-482.cnf                                       7270           2.84
bf1355-485.cnf                                       7295           1.87
bf1355-486.cnf                                       7295           6.18
bf1355-489.cnf                                       7270           2.26
bf1355-490.cnf                                       7270           4.44
bf1355-493.cnf                                       7272           1.78
bf1355-494.cnf                                       7272           4.52
bf1355-497.cnf                                       6767           1.36
bf1355-498.cnf                                       6767           1.84
bf1355-505.cnf                                       6766           1.63
bf1355-506.cnf                                       6766           8.09
bf1355-509.cnf                                       6767           1.61
bf1355-510.cnf                                       6767           2.97
bf1355-513.cnf                                       7269           3.79
bf1355-514.cnf                                       7269           2.28
bf1355-517.cnf                                       7287           3.58
bf1355-518.cnf                                       7287           1.45
bf1355-521.cnf                                       7263           1.44
bf1355-522.cnf                                       7263           2.03
bf1355-525.cnf                                       6787           2.26
bf1355-526.cnf                                       6787           2.03
bf1355-529.cnf                                       7304           6.27
bf1355-530.cnf                                       7304           1.41
bf1355-533.cnf                                       7295           2.46
bf1355-534.cnf                                       7295           1.92
bf1355-537.cnf                                       6710           2.68
bf1355-538.cnf                                       6710           3.07
bf1355-557.cnf                                       7295           1.25
bf1355-558.cnf                                       7295           3.45
bf1355-561.cnf                                       7261           1.13
bf1355-562.cnf                                       7261           1.76
bf1355-565.cnf                                       7297           3.79
bf1355-566.cnf                                       7297           2.13
bf1355-573.cnf                                       6777           6.77
bf1355-574.cnf                                       6777           2.75
bf1355-577.cnf                                       6792           2.49
bf1355-578.cnf                                       6792           3.02
bf1355-581.cnf                                       7287           1.82
bf1355-582.cnf                                       7287           2.59
bf1355-585.cnf                                       7269           2.90
bf1355-586.cnf                                       7269           1.82
bf1355-589.cnf                                       7261           7.53
bf1355-590.cnf                                       7261           2.25
bf1355-593.cnf                                       6777           1.44
bf1355-594.cnf                                       6777           2.62
bf1355-597.cnf                                       7297           1.70
bf1355-598.cnf                                       7297           2.60
bf1355-601.cnf                                       7282           1.92
bf1355-602.cnf                                       7282          11.99
bf1355-617.cnf                                       7289           2.32
bf1355-618.cnf                                       7289           4.62
bf1355-621.cnf                                       7297           1.90
bf1355-622.cnf                                       7297           6.53
bf1355-625.cnf                                       7265           1.13
bf1355-626.cnf                                       7265           2.11
bf1355-629.cnf                                       6766           2.66
bf1355-630.cnf                                       6766           6.65
bf1355-633.cnf                                       7269           1.23
bf1355-634.cnf                                       7269           3.00
bf1355-637.cnf                                       6767           1.47
bf1355-638.cnf                                       6767           2.55
bf1355-653.cnf                                       7306           2.15
bf1355-654.cnf                                       7306           3.06
bf1355-661.cnf                                       7295           2.94
bf1355-662.cnf                                       7295           1.93
bf1355-665.cnf                                       7304           1.64
bf1355-666.cnf                                       7304           5.95
bf1355-669.cnf                                       7304           2.58
bf1355-670.cnf                                       7304           1.55
bf1355-681.cnf                                       7247           2.99
bf1355-682.cnf                                       7247           2.55
bf1355-701.cnf                                       7287           3.63
bf1355-702.cnf                                       7287           1.11
bf1355-741.cnf                                       7306           2.61
bf1355-742.cnf                                       7306           2.20
bf1355-749.cnf                                       7294           2.36
bf1355-750.cnf                                       7294           1.76
bf1355-757.cnf                                       7305          10.74
bf1355-758.cnf                                       7305           1.81
bf2670-001.cnf                                       3433           0.65
bf2670-007.cnf                                       1633           0.17
bf2670-008.cnf                                       1643           0.16
bf2670-033.cnf                                       1640           0.18
bf2670-035.cnf                                       1698           0.17
bf2670-038.cnf                                       2286           0.25
bf2670-042.cnf                                       2169           0.24
bf2670-051.cnf                                       3439           0.56
bf2670-052.cnf                                       3439           0.64
bf2670-121.cnf                                       1619           0.16
bf2670-126.cnf                                       1613           0.17
bf2670-130.cnf                                       4765           9.75
bf2670-143.cnf                                       1662           0.17
bf2670-144.cnf                                       1625           0.18
bf2670-145.cnf                                       1643           0.17
bf2670-187.cnf                                       3390           0.60
bf2670-189.cnf                                       3416           0.46
bf2670-190.cnf                                       3416           0.53
bf2670-200.cnf                                       3368           0.66
bf2670-202.cnf                                       3438           0.65
bf2670-203.cnf                                       3438           0.60
bf2670-208.cnf                                       3422           0.95
bf2670-240.cnf                                       4940           1.29
bf2670-241.cnf                                       4940           1.57
bf2670-244.cnf                                       4268           1.33
bf2670-248.cnf                                       4323           1.57
bf2670-269.cnf                                       3495           0.51
bf2670-275.cnf                                       4333           0.88
bf2670-278.cnf                                       4334           0.81
bf2670-400.cnf                                       3248           0.50
bf2670-404.cnf                                       2323           0.42
bf2670-414.cnf                                       2940           0.44
bf2670-449.cnf                                       1677           0.19
bf2670-461.cnf                                       2169           0.27
bf2670-468.cnf                                       3858           0.54
bf2670-483.cnf                                       4391           1.54
bf2670-487.cnf                                       3608           4.63
bf2670-491.cnf                                       3360           0.53
bf2670-492.cnf                                       3360           2.22
bf2670-493.cnf                                       3382           2.56
bf2670-494.cnf                                       3382           1.04
bf2670-495.cnf                                       3400           0.57
bf2670-501.cnf                                       4940           1.58
bf2670-502.cnf                                       4940           1.13
bf2670-510.cnf                                       4940           1.28
bf2670-511.cnf                                       4940           1.07
bf2670-522.cnf                                       3413           0.84
bf2670-524.cnf                                       3435           0.46
bf2670-532.cnf                                       3840           0.64
bf2670-533.cnf                                       3840           0.93
bf2670-538.cnf                                       4711           1.89
bf2670-546.cnf                                       3736           0.52
bf2670-547.cnf                                       3736           0.59
