normalized-fir01_area_delay.pmcnf           5        0.01
normalized-fir02_area_delay.pmcnf           8        0.19
normalized-fir03_area_delay.pmcnf           10        166.77
normalized-fir04_area_delay.pmcnf           12        0.78
normalized-fir05_area_delay.pmcnf           --        1000.00
normalized-fir06_area_delay.pmcnf           --        1000.00
normalized-fir07_area_delay.pmcnf           --        1000.00
normalized-fir08_area_delay.pmcnf           --        1000.00
normalized-fir09_area_delay.pmcnf           --        1000.00
normalized-fir10_area_delay.pmcnf           --        1000.00
normalized-fir01_area_opers.pmcnf           10        0.01
normalized-fir02_area_opers.pmcnf           18        0.34
normalized-fir03_area_opers.pmcnf           17        475.53
normalized-fir04_area_opers.pmcnf           29        0.51
normalized-fir05_area_opers.pmcnf           --        1000.00
normalized-fir06_area_opers.pmcnf           --        1000.00
normalized-fir07_area_opers.pmcnf           --        1000.00
normalized-fir08_area_opers.pmcnf           --        1000.00
normalized-fir09_area_opers.pmcnf           --        1000.00
normalized-fir10_area_opers.pmcnf           --        1000.00
normalized-fir02_area_partials.pmcnf           19        0.01
normalized-fir03_area_partials.pmcnf           18        0.09
normalized-fir04_area_partials.pmcnf           30        0.02
normalized-fir05_area_partials.pmcnf           36        0.02
normalized-fir06_area_partials.pmcnf           24        0.25
normalized-fir07_area_partials.pmcnf           33        0.01
normalized-fir08_area_partials.pmcnf           49        20.27
normalized-fir09_area_partials.pmcnf           35        2.01
normalized-fir10_area_partials.pmcnf           52        3.42
normalized-f20c10b_001_area_delay.pmcnf           --        1000.00
normalized-f20c10b_002_area_delay.pmcnf           --        1000.00
normalized-f20c10b_003_area_delay.pmcnf           --        1000.00
normalized-f20c10b_004_area_delay.pmcnf           --        1000.00
normalized-f20c10b_005_area_delay.pmcnf           --        1000.00
normalized-f20c10b_006_area_delay.pmcnf           22        4.11
normalized-f20c10b_007_area_delay.pmcnf           --        1000.00
normalized-f20c10b_008_area_delay.pmcnf           25        26.45
normalized-f20c10b_009_area_delay.pmcnf           --        1000.00
normalized-f20c10b_010_area_delay.pmcnf           --        1000.00
normalized-f20c10b_011_area_delay.pmcnf           --        1000.00
normalized-f20c10b_012_area_delay.pmcnf           --        1000.00
normalized-f20c10b_013_area_delay.pmcnf           --        1000.00
normalized-f20c10b_014_area_delay.pmcnf           --        1000.00
normalized-f20c10b_015_area_delay.pmcnf           --        1000.00
normalized-f20c10b_016_area_delay.pmcnf           --        1000.00
normalized-f20c10b_017_area_delay.pmcnf           --        1000.00
normalized-f20c10b_018_area_delay.pmcnf           25        14.51
normalized-f20c10b_019_area_delay.pmcnf           --        1000.00
normalized-f20c10b_020_area_delay.pmcnf           23        16.73
normalized-f20c10b_021_area_delay.pmcnf           --        1000.00
normalized-f20c10b_022_area_delay.pmcnf           --        1000.00
normalized-f20c10b_023_area_delay.pmcnf           --        1000.00
normalized-f20c10b_024_area_delay.pmcnf           24        20.81
normalized-f20c10b_025_area_delay.pmcnf           --        1000.00
normalized-f20c10b_026_area_delay.pmcnf           --        1000.00
normalized-f20c10b_027_area_delay.pmcnf           --        1000.00
normalized-f20c10b_028_area_delay.pmcnf           --        1000.00
normalized-f20c10b_029_area_delay.pmcnf           --        1000.00
normalized-f20c10b_030_area_delay.pmcnf           --        1000.00
