IBM_FV_2004_rule_batch_01_SAT_dat.k10.cnf           38801          941.66
IBM_FV_2004_rule_batch_01_SAT_dat.k15.cnf              --          1000.00
IBM_FV_2004_rule_batch_01_SAT_dat.k20.cnf              --          1000.00
IBM_FV_2004_rule_batch_01_SAT_dat.k25.cnf              --          1000.00
IBM_FV_2004_rule_batch_01_SAT_dat.k30.cnf              --          1000.00
IBM_FV_2004_rule_batch_01_SAT_dat.k35.cnf              --          1000.00
IBM_FV_2004_rule_batch_02_2_SAT_dat.k10.cnf         18752           4.32
IBM_FV_2004_rule_batch_02_2_SAT_dat.k15.cnf         29887          66.56
IBM_FV_2004_rule_batch_02_2_SAT_dat.k20.cnf         41062          135.79
IBM_FV_2004_rule_batch_02_2_SAT_dat.k25.cnf         52237          394.96
IBM_FV_2004_rule_batch_02_2_SAT_dat.k30.cnf            --          1000.00
IBM_FV_2004_rule_batch_02_2_SAT_dat.k35.cnf            --          1000.00
IBM_FV_2004_rule_batch_03_SAT_dat.k10.cnf              --          1000.00
IBM_FV_2004_rule_batch_03_SAT_dat.k15.cnf              --          1000.00
IBM_FV_2004_rule_batch_03_SAT_dat.k20.cnf              --          1000.00
IBM_FV_2004_rule_batch_03_SAT_dat.k25.cnf              --          1000.00
IBM_FV_2004_rule_batch_03_SAT_dat.k30.cnf              --          1000.00
IBM_FV_2004_rule_batch_03_SAT_dat.k35.cnf              --          1000.00
IBM_FV_2004_rule_batch_04_SAT_dat.k10.cnf           39117          288.62
IBM_FV_2004_rule_batch_04_SAT_dat.k15.cnf              --          1000.00
IBM_FV_2004_rule_batch_04_SAT_dat.k20.cnf              --          1000.00
IBM_FV_2004_rule_batch_04_SAT_dat.k25.cnf              --          1000.00
IBM_FV_2004_rule_batch_04_SAT_dat.k30.cnf              --          1000.00
IBM_FV_2004_rule_batch_04_SAT_dat.k35.cnf              --          1000.00
IBM_FV_2004_rule_batch_05_SAT_dat.k10.cnf              --          1000.00
IBM_FV_2004_rule_batch_05_SAT_dat.k15.cnf              --          1000.00
IBM_FV_2004_rule_batch_05_SAT_dat.k20.cnf              --          1000.00
IBM_FV_2004_rule_batch_05_SAT_dat.k25.cnf              --          1000.00
IBM_FV_2004_rule_batch_05_SAT_dat.k30.cnf              --          1000.00
IBM_FV_2004_rule_batch_05_SAT_dat.k35.cnf              --          1000.00
IBM_FV_2004_rule_batch_06_SAT_dat.k10.cnf           48206          41.97
IBM_FV_2004_rule_batch_06_SAT_dat.k15.cnf              --          1000.00
IBM_FV_2004_rule_batch_06_SAT_dat.k20.cnf              --          1000.00
IBM_FV_2004_rule_batch_06_SAT_dat.k25.cnf              --          1000.00
IBM_FV_2004_rule_batch_06_SAT_dat.k30.cnf              --          1000.00
IBM_FV_2004_rule_batch_06_SAT_dat.k35.cnf              --          1000.00
IBM_FV_2004_rule_batch_07_SAT_dat.k10.cnf              --          1000.00
IBM_FV_2004_rule_batch_07_SAT_dat.k15.cnf           23728          240.36
IBM_FV_2004_rule_batch_07_SAT_dat.k20.cnf              --          1000.00
IBM_FV_2004_rule_batch_07_SAT_dat.k25.cnf           28598          155.41
IBM_FV_2004_rule_batch_07_SAT_dat.k30.cnf           31033          190.40
IBM_FV_2004_rule_batch_07_SAT_dat.k35.cnf           33468          197.01
IBM_FV_2004_rule_batch_09_SAT_dat.k10.cnf           22934           7.99
IBM_FV_2004_rule_batch_09_SAT_dat.k15.cnf           38108          12.44
IBM_FV_2004_rule_batch_09_SAT_dat.k20.cnf           53388          141.44
IBM_FV_2004_rule_batch_09_SAT_dat.k25.cnf              --          1000.00
IBM_FV_2004_rule_batch_09_SAT_dat.k30.cnf              --          1000.00
IBM_FV_2004_rule_batch_09_SAT_dat.k35.cnf              --          1000.00
IBM_FV_2004_rule_batch_1_02_1_SAT_dat.k10.cnf       22563          56.61
IBM_FV_2004_rule_batch_1_02_1_SAT_dat.k15.cnf       34550          321.87
IBM_FV_2004_rule_batch_1_02_1_SAT_dat.k20.cnf       46925          351.08
IBM_FV_2004_rule_batch_1_02_1_SAT_dat.k25.cnf       59300          442.96
IBM_FV_2004_rule_batch_1_02_1_SAT_dat.k30.cnf          --          1000.00
IBM_FV_2004_rule_batch_1_02_1_SAT_dat.k35.cnf          --          1000.00
IBM_FV_2004_rule_batch_1_02_3_SAT_dat.k10.cnf       27325          57.44
IBM_FV_2004_rule_batch_1_02_3_SAT_dat.k15.cnf       42572          102.47
IBM_FV_2004_rule_batch_1_02_3_SAT_dat.k20.cnf       57877          234.50
IBM_FV_2004_rule_batch_1_02_3_SAT_dat.k25.cnf          --          1000.00
IBM_FV_2004_rule_batch_1_02_3_SAT_dat.k30.cnf          --          1000.00
IBM_FV_2004_rule_batch_1_02_3_SAT_dat.k35.cnf          --          1000.00
IBM_FV_2004_rule_batch_10_SAT_dat.k10.cnf              --          1000.00
IBM_FV_2004_rule_batch_10_SAT_dat.k15.cnf              --          1000.00
IBM_FV_2004_rule_batch_10_SAT_dat.k20.cnf              --          1000.00
IBM_FV_2004_rule_batch_10_SAT_dat.k25.cnf              --          1000.00
IBM_FV_2004_rule_batch_10_SAT_dat.k30.cnf              --          1000.00
IBM_FV_2004_rule_batch_10_SAT_dat.k35.cnf              --          1000.00
IBM_FV_2004_rule_batch_1_11_SAT_dat.k10.cnf            --          1000.00
IBM_FV_2004_rule_batch_1_11_SAT_dat.k15.cnf            --          1000.00
IBM_FV_2004_rule_batch_1_11_SAT_dat.k20.cnf            --          1000.00
IBM_FV_2004_rule_batch_1_11_SAT_dat.k25.cnf            --          1000.00
IBM_FV_2004_rule_batch_1_11_SAT_dat.k30.cnf            --          1000.00
IBM_FV_2004_rule_batch_1_11_SAT_dat.k35.cnf            --          1000.00
IBM_FV_2004_rule_batch_1_13_SAT_dat.k10.cnf            --          1000.00
IBM_FV_2004_rule_batch_1_13_SAT_dat.k15.cnf            --          1000.00
IBM_FV_2004_rule_batch_1_13_SAT_dat.k20.cnf            --          1000.00
IBM_FV_2004_rule_batch_1_13_SAT_dat.k25.cnf            --          1000.00
IBM_FV_2004_rule_batch_1_13_SAT_dat.k30.cnf            --          1000.00
IBM_FV_2004_rule_batch_1_13_SAT_dat.k35.cnf            --          1000.00
IBM_FV_2004_rule_batch_1_14_SAT_dat.k10.cnf            --          1000.00
IBM_FV_2004_rule_batch_1_14_SAT_dat.k15.cnf            --          1000.00
IBM_FV_2004_rule_batch_1_14_SAT_dat.k20.cnf            --          1000.00
IBM_FV_2004_rule_batch_1_14_SAT_dat.k25.cnf            --          1000.00
IBM_FV_2004_rule_batch_1_14_SAT_dat.k30.cnf            --          1000.00
IBM_FV_2004_rule_batch_1_14_SAT_dat.k35.cnf            --          1000.00
IBM_FV_2004_rule_batch_1_16_2_SAT_dat.k10.cnf       14104           2.70
IBM_FV_2004_rule_batch_1_16_2_SAT_dat.k15.cnf       21443           4.54
IBM_FV_2004_rule_batch_1_16_2_SAT_dat.k20.cnf       29233          90.23
IBM_FV_2004_rule_batch_1_16_2_SAT_dat.k25.cnf       37023          150.65
IBM_FV_2004_rule_batch_1_16_2_SAT_dat.k30.cnf       44813          372.18
IBM_FV_2004_rule_batch_1_16_2_SAT_dat.k35.cnf          --          1000.00
IBM_FV_2004_rule_batch_1_17_1_SAT_dat.k10.cnf       26155          11.82
IBM_FV_2004_rule_batch_1_17_1_SAT_dat.k15.cnf       45344          282.05
IBM_FV_2004_rule_batch_1_17_1_SAT_dat.k20.cnf          --          1000.00
IBM_FV_2004_rule_batch_1_17_1_SAT_dat.k25.cnf          --          1000.00
IBM_FV_2004_rule_batch_1_17_1_SAT_dat.k30.cnf          --          1000.00
IBM_FV_2004_rule_batch_1_17_1_SAT_dat.k35.cnf          --          1000.00
IBM_FV_2004_rule_batch_1_17_2_SAT_dat.k10.cnf       27690           8.83
IBM_FV_2004_rule_batch_1_17_2_SAT_dat.k15.cnf       50750          14.53
IBM_FV_2004_rule_batch_1_17_2_SAT_dat.k20.cnf          --          1000.00
IBM_FV_2004_rule_batch_1_17_2_SAT_dat.k25.cnf          --          1000.00
IBM_FV_2004_rule_batch_1_17_2_SAT_dat.k30.cnf          --          1000.00
IBM_FV_2004_rule_batch_1_17_2_SAT_dat.k35.cnf          --          1000.00
IBM_FV_2004_rule_batch_12_SAT_dat.k10.cnf               1           0.00
IBM_FV_2004_rule_batch_12_SAT_dat.k15.cnf               1           0.00
IBM_FV_2004_rule_batch_12_SAT_dat.k20.cnf               1           0.00
IBM_FV_2004_rule_batch_12_SAT_dat.k25.cnf               1           0.00
IBM_FV_2004_rule_batch_12_SAT_dat.k30.cnf               1           0.00
IBM_FV_2004_rule_batch_12_SAT_dat.k35.cnf               1           0.00
IBM_FV_2004_rule_batch_1_31_1_SAT_dat.k10.cnf       46921          195.43
IBM_FV_2004_rule_batch_1_31_1_SAT_dat.k15.cnf          --          1000.00
IBM_FV_2004_rule_batch_1_31_1_SAT_dat.k20.cnf          --          1000.00
IBM_FV_2004_rule_batch_1_31_1_SAT_dat.k25.cnf          --          1000.00
IBM_FV_2004_rule_batch_1_31_1_SAT_dat.k30.cnf          --          1000.00
IBM_FV_2004_rule_batch_1_31_1_SAT_dat.k35.cnf          --          1000.00
IBM_FV_2004_rule_batch_1_31_2_SAT_dat.k10.cnf       44619          294.28
IBM_FV_2004_rule_batch_1_31_2_SAT_dat.k15.cnf          --          1000.00
IBM_FV_2004_rule_batch_1_31_2_SAT_dat.k20.cnf          --          1000.00
IBM_FV_2004_rule_batch_1_31_2_SAT_dat.k25.cnf          --          1000.00
IBM_FV_2004_rule_batch_1_31_2_SAT_dat.k30.cnf          --          1000.00
IBM_FV_2004_rule_batch_1_31_2_SAT_dat.k35.cnf          --          1000.00
IBM_FV_2004_rule_batch_15_SAT_dat.k10.cnf              --          1000.00
IBM_FV_2004_rule_batch_15_SAT_dat.k15.cnf              --          1000.00
IBM_FV_2004_rule_batch_15_SAT_dat.k20.cnf              --          1000.00
IBM_FV_2004_rule_batch_15_SAT_dat.k25.cnf              --          1000.00
IBM_FV_2004_rule_batch_15_SAT_dat.k30.cnf              --          1000.00
IBM_FV_2004_rule_batch_15_SAT_dat.k35.cnf              --          1000.00
IBM_FV_2004_rule_batch_16_1_SAT_dat.k10.cnf         20323           6.27
IBM_FV_2004_rule_batch_16_1_SAT_dat.k15.cnf         30296          118.87
IBM_FV_2004_rule_batch_16_1_SAT_dat.k20.cnf         41141          290.16
IBM_FV_2004_rule_batch_16_1_SAT_dat.k25.cnf         51986          795.22
IBM_FV_2004_rule_batch_16_1_SAT_dat.k30.cnf            --          1000.00
IBM_FV_2004_rule_batch_16_1_SAT_dat.k35.cnf            --          1000.00
IBM_FV_2004_rule_batch_18_SAT_dat.k10.cnf              --          1000.00
IBM_FV_2004_rule_batch_18_SAT_dat.k15.cnf              --          1000.00
IBM_FV_2004_rule_batch_18_SAT_dat.k20.cnf              --          1000.00
IBM_FV_2004_rule_batch_18_SAT_dat.k25.cnf              --          1000.00
IBM_FV_2004_rule_batch_18_SAT_dat.k30.cnf              --          1000.00
IBM_FV_2004_rule_batch_18_SAT_dat.k35.cnf              --          1000.00
IBM_FV_2004_rule_batch_19_SAT_dat.k10.cnf              --          1000.00
IBM_FV_2004_rule_batch_19_SAT_dat.k15.cnf              --          1000.00
IBM_FV_2004_rule_batch_19_SAT_dat.k20.cnf              --          1000.00
IBM_FV_2004_rule_batch_19_SAT_dat.k25.cnf              --          1000.00
IBM_FV_2004_rule_batch_19_SAT_dat.k30.cnf              --          1000.00
IBM_FV_2004_rule_batch_19_SAT_dat.k35.cnf              --          1000.00
IBM_FV_2004_rule_batch_2_02_1_SAT_dat.k10.cnf       21800          89.39
IBM_FV_2004_rule_batch_2_02_1_SAT_dat.k15.cnf       33744          189.01
IBM_FV_2004_rule_batch_2_02_1_SAT_dat.k20.cnf       45964          367.91
IBM_FV_2004_rule_batch_2_02_1_SAT_dat.k25.cnf       58184          623.39
IBM_FV_2004_rule_batch_2_02_1_SAT_dat.k30.cnf          --          1000.00
IBM_FV_2004_rule_batch_2_02_1_SAT_dat.k35.cnf          --          1000.00
IBM_FV_2004_rule_batch_2_02_3_SAT_dat.k10.cnf       27302          106.97
IBM_FV_2004_rule_batch_2_02_3_SAT_dat.k15.cnf       42561          610.77
IBM_FV_2004_rule_batch_2_02_3_SAT_dat.k20.cnf       57866          837.49
IBM_FV_2004_rule_batch_2_02_3_SAT_dat.k25.cnf          --          1000.00
IBM_FV_2004_rule_batch_2_02_3_SAT_dat.k30.cnf          --          1000.00
IBM_FV_2004_rule_batch_2_02_3_SAT_dat.k35.cnf          --          1000.00
IBM_FV_2004_rule_batch_20_SAT_dat.k10.cnf              --          1000.00
IBM_FV_2004_rule_batch_20_SAT_dat.k15.cnf              --          1000.00
IBM_FV_2004_rule_batch_20_SAT_dat.k20.cnf              --          1000.00
IBM_FV_2004_rule_batch_20_SAT_dat.k25.cnf              --          1000.00
IBM_FV_2004_rule_batch_20_SAT_dat.k30.cnf              --          1000.00
IBM_FV_2004_rule_batch_20_SAT_dat.k35.cnf              --          1000.00
IBM_FV_2004_rule_batch_2_11_SAT_dat.k10.cnf            --          1000.00
IBM_FV_2004_rule_batch_2_11_SAT_dat.k15.cnf            --          1000.00
IBM_FV_2004_rule_batch_2_11_SAT_dat.k20.cnf            --          1000.00
IBM_FV_2004_rule_batch_2_11_SAT_dat.k25.cnf            --          1000.00
IBM_FV_2004_rule_batch_2_11_SAT_dat.k30.cnf            --          1000.00
IBM_FV_2004_rule_batch_2_11_SAT_dat.k35.cnf            --          1000.00
IBM_FV_2004_rule_batch_2_14_SAT_dat.k10.cnf         49350          501.20
IBM_FV_2004_rule_batch_2_14_SAT_dat.k15.cnf            --          1000.00
IBM_FV_2004_rule_batch_2_14_SAT_dat.k20.cnf            --          1000.00
IBM_FV_2004_rule_batch_2_14_SAT_dat.k25.cnf            --          1000.00
IBM_FV_2004_rule_batch_2_14_SAT_dat.k30.cnf            --          1000.00
IBM_FV_2004_rule_batch_2_14_SAT_dat.k35.cnf            --          1000.00
IBM_FV_2004_rule_batch_2_16_2_SAT_dat.k10.cnf       14140           3.55
IBM_FV_2004_rule_batch_2_16_2_SAT_dat.k15.cnf       21464          74.84
IBM_FV_2004_rule_batch_2_16_2_SAT_dat.k20.cnf       29254          14.64
IBM_FV_2004_rule_batch_2_16_2_SAT_dat.k25.cnf       37044          190.55
IBM_FV_2004_rule_batch_2_16_2_SAT_dat.k30.cnf       44834          320.52
IBM_FV_2004_rule_batch_2_16_2_SAT_dat.k35.cnf       52624          428.42
IBM_FV_2004_rule_batch_2_17_1_SAT_dat.k10.cnf       22765          75.15
IBM_FV_2004_rule_batch_2_17_1_SAT_dat.k15.cnf       42097          419.91
IBM_FV_2004_rule_batch_2_17_1_SAT_dat.k20.cnf          --          1000.00
IBM_FV_2004_rule_batch_2_17_1_SAT_dat.k25.cnf          --          1000.00
IBM_FV_2004_rule_batch_2_17_1_SAT_dat.k30.cnf          --          1000.00
IBM_FV_2004_rule_batch_2_17_1_SAT_dat.k35.cnf          --          1000.00
IBM_FV_2004_rule_batch_2_17_2_SAT_dat.k10.cnf       30491           7.62
IBM_FV_2004_rule_batch_2_17_2_SAT_dat.k15.cnf       53534          358.45
IBM_FV_2004_rule_batch_2_17_2_SAT_dat.k20.cnf          --          1000.00
IBM_FV_2004_rule_batch_2_17_2_SAT_dat.k25.cnf          --          1000.00
IBM_FV_2004_rule_batch_2_17_2_SAT_dat.k30.cnf          --          1000.00
IBM_FV_2004_rule_batch_2_17_2_SAT_dat.k35.cnf          --          1000.00
IBM_FV_2004_rule_batch_21_SAT_dat.k10.cnf              --          1000.00
IBM_FV_2004_rule_batch_21_SAT_dat.k15.cnf              --          1000.00
IBM_FV_2004_rule_batch_21_SAT_dat.k20.cnf              --          1000.00
IBM_FV_2004_rule_batch_21_SAT_dat.k25.cnf              --          1000.00
IBM_FV_2004_rule_batch_21_SAT_dat.k30.cnf              --          1000.00
IBM_FV_2004_rule_batch_21_SAT_dat.k35.cnf              --          1000.00
IBM_FV_2004_rule_batch_22_SAT_dat.k10.cnf              --          1000.00
IBM_FV_2004_rule_batch_22_SAT_dat.k15.cnf              --          1000.00
IBM_FV_2004_rule_batch_22_SAT_dat.k20.cnf              --          1000.00
IBM_FV_2004_rule_batch_22_SAT_dat.k25.cnf              --          1000.00
IBM_FV_2004_rule_batch_22_SAT_dat.k30.cnf              --          1000.00
IBM_FV_2004_rule_batch_22_SAT_dat.k35.cnf              --          1000.00
IBM_FV_2004_rule_batch_2_31_1_SAT_dat.k10.cnf       46923          502.46
IBM_FV_2004_rule_batch_2_31_1_SAT_dat.k15.cnf          --          1000.00
IBM_FV_2004_rule_batch_2_31_1_SAT_dat.k20.cnf          --          1000.00
IBM_FV_2004_rule_batch_2_31_1_SAT_dat.k25.cnf          --          1000.00
IBM_FV_2004_rule_batch_2_31_1_SAT_dat.k30.cnf          --          1000.00
IBM_FV_2004_rule_batch_2_31_1_SAT_dat.k35.cnf          --          1000.00
IBM_FV_2004_rule_batch_2_31_2_SAT_dat.k10.cnf       48506          142.46
IBM_FV_2004_rule_batch_2_31_2_SAT_dat.k15.cnf          --          1000.00
IBM_FV_2004_rule_batch_2_31_2_SAT_dat.k20.cnf          --          1000.00
IBM_FV_2004_rule_batch_2_31_2_SAT_dat.k25.cnf          --          1000.00
IBM_FV_2004_rule_batch_2_31_2_SAT_dat.k30.cnf          --          1000.00
IBM_FV_2004_rule_batch_2_31_2_SAT_dat.k35.cnf          --          1000.00
IBM_FV_2004_rule_batch_23_SAT_dat.k10.cnf              --          1000.00
IBM_FV_2004_rule_batch_23_SAT_dat.k15.cnf              --          1000.00
IBM_FV_2004_rule_batch_23_SAT_dat.k20.cnf              --          1000.00
IBM_FV_2004_rule_batch_23_SAT_dat.k25.cnf              --          1000.00
IBM_FV_2004_rule_batch_23_SAT_dat.k30.cnf              --          1000.00
IBM_FV_2004_rule_batch_23_SAT_dat.k35.cnf              --          1000.00
IBM_FV_2004_rule_batch_25_SAT_dat.k10.cnf              --          1000.00
IBM_FV_2004_rule_batch_25_SAT_dat.k15.cnf              --          1000.00
IBM_FV_2004_rule_batch_25_SAT_dat.k20.cnf              --          1000.00
IBM_FV_2004_rule_batch_25_SAT_dat.k25.cnf              --          1000.00
IBM_FV_2004_rule_batch_25_SAT_dat.k30.cnf              --          1000.00
IBM_FV_2004_rule_batch_25_SAT_dat.k35.cnf              --          1000.00
IBM_FV_2004_rule_batch_26_SAT_dat.k10.cnf              --          1000.00
IBM_FV_2004_rule_batch_26_SAT_dat.k15.cnf              --          1000.00
IBM_FV_2004_rule_batch_26_SAT_dat.k20.cnf              --          1000.00
IBM_FV_2004_rule_batch_26_SAT_dat.k25.cnf              --          1000.00
IBM_FV_2004_rule_batch_26_SAT_dat.k30.cnf              --          1000.00
IBM_FV_2004_rule_batch_26_SAT_dat.k35.cnf              --          1000.00
IBM_FV_2004_rule_batch_27_SAT_dat.k10.cnf           27069          628.64
IBM_FV_2004_rule_batch_27_SAT_dat.k15.cnf              --          1000.00
IBM_FV_2004_rule_batch_27_SAT_dat.k20.cnf              --          1000.00
IBM_FV_2004_rule_batch_27_SAT_dat.k25.cnf              --          1000.00
IBM_FV_2004_rule_batch_27_SAT_dat.k30.cnf              --          1000.00
IBM_FV_2004_rule_batch_27_SAT_dat.k35.cnf              --          1000.00
IBM_FV_2004_rule_batch_28_SAT_dat.k10.cnf           24946          11.76
IBM_FV_2004_rule_batch_28_SAT_dat.k15.cnf           35796          226.24
IBM_FV_2004_rule_batch_28_SAT_dat.k20.cnf           47771          726.08
IBM_FV_2004_rule_batch_28_SAT_dat.k25.cnf              --          1000.00
IBM_FV_2004_rule_batch_28_SAT_dat.k30.cnf              --          1000.00
IBM_FV_2004_rule_batch_28_SAT_dat.k35.cnf              --          1000.00
IBM_FV_2004_rule_batch_29_SAT_dat.k10.cnf           36919          16.70
IBM_FV_2004_rule_batch_29_SAT_dat.k15.cnf              --          1000.00
IBM_FV_2004_rule_batch_29_SAT_dat.k20.cnf              --          1000.00
IBM_FV_2004_rule_batch_29_SAT_dat.k25.cnf              --          1000.00
IBM_FV_2004_rule_batch_29_SAT_dat.k30.cnf              --          1000.00
IBM_FV_2004_rule_batch_29_SAT_dat.k35.cnf              --          1000.00
IBM_FV_2004_rule_batch_3_02_1_SAT_dat.k10.cnf       19542          27.42
IBM_FV_2004_rule_batch_3_02_1_SAT_dat.k15.cnf       30878          105.33
IBM_FV_2004_rule_batch_3_02_1_SAT_dat.k20.cnf       42328          222.03
IBM_FV_2004_rule_batch_3_02_1_SAT_dat.k25.cnf       53778          522.53
IBM_FV_2004_rule_batch_3_02_1_SAT_dat.k30.cnf          --          1000.00
IBM_FV_2004_rule_batch_3_02_1_SAT_dat.k35.cnf          --          1000.00
IBM_FV_2004_rule_batch_3_02_3_SAT_dat.k10.cnf       27325           6.31
IBM_FV_2004_rule_batch_3_02_3_SAT_dat.k15.cnf       42572          101.22
IBM_FV_2004_rule_batch_3_02_3_SAT_dat.k20.cnf       57877          311.75
IBM_FV_2004_rule_batch_3_02_3_SAT_dat.k25.cnf          --          1000.00
IBM_FV_2004_rule_batch_3_02_3_SAT_dat.k30.cnf          --          1000.00
IBM_FV_2004_rule_batch_3_02_3_SAT_dat.k35.cnf          --          1000.00
IBM_FV_2004_rule_batch_30_SAT_dat.k10.cnf              --          1000.00
IBM_FV_2004_rule_batch_30_SAT_dat.k15.cnf              --          1000.00
IBM_FV_2004_rule_batch_30_SAT_dat.k20.cnf              --          1000.00
IBM_FV_2004_rule_batch_30_SAT_dat.k25.cnf              --          1000.00
IBM_FV_2004_rule_batch_30_SAT_dat.k30.cnf              --          1000.00
IBM_FV_2004_rule_batch_30_SAT_dat.k35.cnf              --          1000.00
IBM_FV_2004_rule_batch_3_11_SAT_dat.k10.cnf            --          1000.00
IBM_FV_2004_rule_batch_3_11_SAT_dat.k15.cnf            --          1000.00
IBM_FV_2004_rule_batch_3_11_SAT_dat.k20.cnf            --          1000.00
IBM_FV_2004_rule_batch_3_11_SAT_dat.k25.cnf            --          1000.00
IBM_FV_2004_rule_batch_3_11_SAT_dat.k30.cnf            --          1000.00
IBM_FV_2004_rule_batch_3_11_SAT_dat.k35.cnf            --          1000.00
IBM_FV_2004_rule_batch_3_16_2_SAT_dat.k10.cnf       14162           2.89
IBM_FV_2004_rule_batch_3_16_2_SAT_dat.k15.cnf       21474           5.33
IBM_FV_2004_rule_batch_3_16_2_SAT_dat.k20.cnf       29264           7.48
IBM_FV_2004_rule_batch_3_16_2_SAT_dat.k25.cnf       37054          310.93
IBM_FV_2004_rule_batch_3_16_2_SAT_dat.k30.cnf       44844          425.96
IBM_FV_2004_rule_batch_3_16_2_SAT_dat.k35.cnf       52634          529.25
IBM_FV_2004_rule_batch_3_31_1_SAT_dat.k10.cnf          --          1000.00
IBM_FV_2004_rule_batch_3_31_1_SAT_dat.k15.cnf          --          1000.00
IBM_FV_2004_rule_batch_3_31_1_SAT_dat.k20.cnf          --          1000.00
IBM_FV_2004_rule_batch_3_31_1_SAT_dat.k25.cnf          --          1000.00
IBM_FV_2004_rule_batch_3_31_1_SAT_dat.k30.cnf          --          1000.00
IBM_FV_2004_rule_batch_3_31_1_SAT_dat.k35.cnf          --          1000.00
IBM_FV_2004_rule_batch_4_02_1_SAT_dat.k10.cnf       19510          16.84
IBM_FV_2004_rule_batch_4_02_1_SAT_dat.k15.cnf       30831          131.23
IBM_FV_2004_rule_batch_4_02_1_SAT_dat.k20.cnf       42266          216.33
IBM_FV_2004_rule_batch_4_02_1_SAT_dat.k25.cnf       53701          443.29
IBM_FV_2004_rule_batch_4_02_1_SAT_dat.k30.cnf          --          1000.00
IBM_FV_2004_rule_batch_4_02_1_SAT_dat.k35.cnf          --          1000.00
IBM_FV_2004_rule_batch_4_02_3_SAT_dat.k10.cnf       27302          123.84
IBM_FV_2004_rule_batch_4_02_3_SAT_dat.k15.cnf       42561          179.13
IBM_FV_2004_rule_batch_4_02_3_SAT_dat.k20.cnf       57866          302.58
IBM_FV_2004_rule_batch_4_02_3_SAT_dat.k25.cnf          --          1000.00
IBM_FV_2004_rule_batch_4_02_3_SAT_dat.k30.cnf          --          1000.00
IBM_FV_2004_rule_batch_4_02_3_SAT_dat.k35.cnf          --          1000.00
IBM_FV_2004_rule_batch_4_16_2_SAT_dat.k10.cnf       21401           4.51
IBM_FV_2004_rule_batch_4_16_2_SAT_dat.k15.cnf       30570          14.25
IBM_FV_2004_rule_batch_4_16_2_SAT_dat.k20.cnf       41090          188.53
IBM_FV_2004_rule_batch_4_16_2_SAT_dat.k25.cnf       51610          353.03
IBM_FV_2004_rule_batch_4_16_2_SAT_dat.k30.cnf          --          1000.00
IBM_FV_2004_rule_batch_4_16_2_SAT_dat.k35.cnf          --          1000.00
IBM_FV_2004_rule_batch_5_02_1_SAT_dat.k10.cnf       19420          25.65
IBM_FV_2004_rule_batch_5_02_1_SAT_dat.k15.cnf       30696          101.04
IBM_FV_2004_rule_batch_5_02_1_SAT_dat.k20.cnf       42086          450.37
IBM_FV_2004_rule_batch_5_02_1_SAT_dat.k25.cnf       53476          295.33
IBM_FV_2004_rule_batch_5_02_1_SAT_dat.k30.cnf          --          1000.00
IBM_FV_2004_rule_batch_5_02_1_SAT_dat.k35.cnf          --          1000.00
IBM_FV_2004_rule_batch_5_02_3_SAT_dat.k10.cnf       27325          11.41
IBM_FV_2004_rule_batch_5_02_3_SAT_dat.k15.cnf       42572          104.86
IBM_FV_2004_rule_batch_5_02_3_SAT_dat.k20.cnf       57877          346.79
IBM_FV_2004_rule_batch_5_02_3_SAT_dat.k25.cnf          --          1000.00
IBM_FV_2004_rule_batch_5_02_3_SAT_dat.k30.cnf          --          1000.00
IBM_FV_2004_rule_batch_5_02_3_SAT_dat.k35.cnf          --          1000.00
IBM_FV_2004_rule_batch_5_16_2_SAT_dat.k10.cnf       19309           4.12
IBM_FV_2004_rule_batch_5_16_2_SAT_dat.k15.cnf       28950           7.97
IBM_FV_2004_rule_batch_5_16_2_SAT_dat.k20.cnf       39470          155.59
IBM_FV_2004_rule_batch_5_16_2_SAT_dat.k25.cnf       49990          241.61
IBM_FV_2004_rule_batch_5_16_2_SAT_dat.k30.cnf          --          1000.00
IBM_FV_2004_rule_batch_5_16_2_SAT_dat.k35.cnf          --          1000.00
IBM_FV_2004_rule_batch_6_02_3_SAT_dat.k10.cnf       27302          126.31
IBM_FV_2004_rule_batch_6_02_3_SAT_dat.k15.cnf       42561          654.43
IBM_FV_2004_rule_batch_6_02_3_SAT_dat.k20.cnf       57866          606.41
IBM_FV_2004_rule_batch_6_02_3_SAT_dat.k25.cnf          --          1000.00
IBM_FV_2004_rule_batch_6_02_3_SAT_dat.k30.cnf          --          1000.00
IBM_FV_2004_rule_batch_6_02_3_SAT_dat.k35.cnf          --          1000.00
IBM_FV_2004_rule_batch_6_16_2_SAT_dat.k10.cnf       19351           4.83
IBM_FV_2004_rule_batch_6_16_2_SAT_dat.k15.cnf       28977           9.55
IBM_FV_2004_rule_batch_6_16_2_SAT_dat.k20.cnf       39497           9.70
IBM_FV_2004_rule_batch_6_16_2_SAT_dat.k25.cnf       50017          361.54
IBM_FV_2004_rule_batch_6_16_2_SAT_dat.k30.cnf          --          1000.00
IBM_FV_2004_rule_batch_6_16_2_SAT_dat.k35.cnf          --          1000.00
IBM_FV_2004_rule_batch_7_02_3_SAT_dat.k15.cnf       40968          182.83
IBM_FV_2004_rule_batch_7_02_3_SAT_dat.k20.cnf       55983          324.46
IBM_FV_2004_rule_batch_7_02_3_SAT_dat.k25.cnf          --          1000.00
IBM_FV_2004_rule_batch_7_02_3_SAT_dat.k30.cnf          --          1000.00
IBM_FV_2004_rule_batch_7_02_3_SAT_dat.k35.cnf          --          1000.00
