IBM_FV_2004_rule_batch_01_SAT_dat.k10.cnf           38801           1.47
IBM_FV_2004_rule_batch_01_SAT_dat.k15.cnf           48585           1.17
IBM_FV_2004_rule_batch_01_SAT_dat.k20.cnf           63760           2.80
IBM_FV_2004_rule_batch_01_SAT_dat.k25.cnf           78935           4.38
IBM_FV_2004_rule_batch_01_SAT_dat.k30.cnf           94110          22.28
IBM_FV_2004_rule_batch_01_SAT_dat.k35.cnf           109285          15.00
IBM_FV_2004_rule_batch_02_2_SAT_dat.k10.cnf         18752           0.33
IBM_FV_2004_rule_batch_02_2_SAT_dat.k15.cnf         29887           0.51
IBM_FV_2004_rule_batch_02_2_SAT_dat.k20.cnf         41062           0.72
IBM_FV_2004_rule_batch_02_2_SAT_dat.k25.cnf         52237           0.91
IBM_FV_2004_rule_batch_02_2_SAT_dat.k30.cnf         63412           1.18
IBM_FV_2004_rule_batch_02_2_SAT_dat.k35.cnf         74587           1.33
IBM_FV_2004_rule_batch_03_SAT_dat.k10.cnf           35309           0.90
IBM_FV_2004_rule_batch_03_SAT_dat.k15.cnf           56119           1.46
IBM_FV_2004_rule_batch_03_SAT_dat.k20.cnf           77054           2.47
IBM_FV_2004_rule_batch_03_SAT_dat.k25.cnf           97989           3.14
IBM_FV_2004_rule_batch_03_SAT_dat.k30.cnf           118924          10.50
IBM_FV_2004_rule_batch_03_SAT_dat.k35.cnf           139860           3.58
IBM_FV_2004_rule_batch_04_SAT_dat.k10.cnf           39117           0.99
IBM_FV_2004_rule_batch_04_SAT_dat.k15.cnf           65597          11.11
IBM_FV_2004_rule_batch_04_SAT_dat.k20.cnf           92137          370.81
IBM_FV_2004_rule_batch_04_SAT_dat.k25.cnf           118678           2.62
IBM_FV_2004_rule_batch_04_SAT_dat.k30.cnf           145218           3.67
IBM_FV_2004_rule_batch_04_SAT_dat.k35.cnf           171758           6.95
IBM_FV_2004_rule_batch_05_SAT_dat.k10.cnf           81446          32.91
IBM_FV_2004_rule_batch_05_SAT_dat.k15.cnf           134921          534.97
IBM_FV_2004_rule_batch_05_SAT_dat.k20.cnf              --          1000.00
IBM_FV_2004_rule_batch_05_SAT_dat.k25.cnf              --          1000.00
IBM_FV_2004_rule_batch_05_SAT_dat.k30.cnf              --          1000.00
IBM_FV_2004_rule_batch_05_SAT_dat.k35.cnf           349042           8.74
IBM_FV_2004_rule_batch_06_SAT_dat.k10.cnf           48206           1.17
IBM_FV_2004_rule_batch_06_SAT_dat.k15.cnf           75615           1.94
IBM_FV_2004_rule_batch_06_SAT_dat.k20.cnf           103225          12.09
IBM_FV_2004_rule_batch_06_SAT_dat.k25.cnf           130835          588.37
IBM_FV_2004_rule_batch_06_SAT_dat.k30.cnf              --          1000.00
IBM_FV_2004_rule_batch_06_SAT_dat.k35.cnf           186056           8.24
IBM_FV_2004_rule_batch_07_SAT_dat.k10.cnf              --          1000.00
IBM_FV_2004_rule_batch_07_SAT_dat.k15.cnf           23728          27.18
IBM_FV_2004_rule_batch_07_SAT_dat.k20.cnf              --          1000.00
IBM_FV_2004_rule_batch_07_SAT_dat.k25.cnf              --          1000.00
IBM_FV_2004_rule_batch_07_SAT_dat.k30.cnf           31033          17.45
IBM_FV_2004_rule_batch_07_SAT_dat.k35.cnf              --          1000.00
IBM_FV_2004_rule_batch_09_SAT_dat.k10.cnf           22934           0.55
IBM_FV_2004_rule_batch_09_SAT_dat.k15.cnf           38108           0.90
IBM_FV_2004_rule_batch_09_SAT_dat.k20.cnf           53388           1.29
IBM_FV_2004_rule_batch_09_SAT_dat.k25.cnf           68668           1.76
IBM_FV_2004_rule_batch_09_SAT_dat.k30.cnf           83948           2.12
IBM_FV_2004_rule_batch_09_SAT_dat.k35.cnf           99228           2.58
IBM_FV_2004_rule_batch_1_02_1_SAT_dat.k10.cnf       22563           0.86
IBM_FV_2004_rule_batch_1_02_1_SAT_dat.k15.cnf       34550           1.52
IBM_FV_2004_rule_batch_1_02_1_SAT_dat.k20.cnf       46925          18.31
IBM_FV_2004_rule_batch_1_02_1_SAT_dat.k25.cnf       59300           9.80
IBM_FV_2004_rule_batch_1_02_1_SAT_dat.k30.cnf       71675          502.47
IBM_FV_2004_rule_batch_1_02_1_SAT_dat.k35.cnf       84050          613.33
IBM_FV_2004_rule_batch_1_02_3_SAT_dat.k10.cnf       27325           0.46
IBM_FV_2004_rule_batch_1_02_3_SAT_dat.k15.cnf       42572           0.75
IBM_FV_2004_rule_batch_1_02_3_SAT_dat.k20.cnf       57877           1.01
IBM_FV_2004_rule_batch_1_02_3_SAT_dat.k25.cnf       73182           1.31
IBM_FV_2004_rule_batch_1_02_3_SAT_dat.k30.cnf       88487           1.57
IBM_FV_2004_rule_batch_1_02_3_SAT_dat.k35.cnf       103792           1.98
IBM_FV_2004_rule_batch_10_SAT_dat.k10.cnf           95785           2.83
IBM_FV_2004_rule_batch_10_SAT_dat.k15.cnf           159500          12.91
IBM_FV_2004_rule_batch_10_SAT_dat.k20.cnf           223390           8.97
IBM_FV_2004_rule_batch_10_SAT_dat.k25.cnf           287280          24.35
IBM_FV_2004_rule_batch_10_SAT_dat.k30.cnf           351170          31.15
IBM_FV_2004_rule_batch_10_SAT_dat.k35.cnf           415060          39.32
IBM_FV_2004_rule_batch_1_11_SAT_dat.k10.cnf         111518           6.18
IBM_FV_2004_rule_batch_1_11_SAT_dat.k15.cnf         178109          54.14
IBM_FV_2004_rule_batch_1_11_SAT_dat.k20.cnf         244869          627.24
IBM_FV_2004_rule_batch_1_11_SAT_dat.k25.cnf         311629          627.48
IBM_FV_2004_rule_batch_1_11_SAT_dat.k30.cnf            --          1000.00
IBM_FV_2004_rule_batch_1_11_SAT_dat.k35.cnf         445150          42.78
IBM_FV_2004_rule_batch_1_13_SAT_dat.k10.cnf         101316          154.03
IBM_FV_2004_rule_batch_1_13_SAT_dat.k15.cnf         91886          140.87
IBM_FV_2004_rule_batch_1_13_SAT_dat.k20.cnf         92861          168.39
IBM_FV_2004_rule_batch_1_13_SAT_dat.k25.cnf         93836          99.58
IBM_FV_2004_rule_batch_1_13_SAT_dat.k30.cnf         94811          267.01
IBM_FV_2004_rule_batch_1_13_SAT_dat.k35.cnf         95786          158.03
IBM_FV_2004_rule_batch_1_14_SAT_dat.k10.cnf         48665           2.22
IBM_FV_2004_rule_batch_1_14_SAT_dat.k15.cnf         77365           2.39
IBM_FV_2004_rule_batch_1_14_SAT_dat.k20.cnf         106135          19.41
IBM_FV_2004_rule_batch_1_14_SAT_dat.k25.cnf         134905          12.51
IBM_FV_2004_rule_batch_1_14_SAT_dat.k30.cnf         163675          15.76
IBM_FV_2004_rule_batch_1_14_SAT_dat.k35.cnf         192445          17.34
IBM_FV_2004_rule_batch_1_16_2_SAT_dat.k10.cnf       14104           0.25
IBM_FV_2004_rule_batch_1_16_2_SAT_dat.k15.cnf       21443           0.37
IBM_FV_2004_rule_batch_1_16_2_SAT_dat.k20.cnf       29233           0.50
IBM_FV_2004_rule_batch_1_16_2_SAT_dat.k25.cnf       37023           0.65
IBM_FV_2004_rule_batch_1_16_2_SAT_dat.k30.cnf       44813           0.80
IBM_FV_2004_rule_batch_1_16_2_SAT_dat.k35.cnf       52603           0.95
IBM_FV_2004_rule_batch_1_17_1_SAT_dat.k10.cnf       26155           0.84
IBM_FV_2004_rule_batch_1_17_1_SAT_dat.k15.cnf       45344           2.50
IBM_FV_2004_rule_batch_1_17_1_SAT_dat.k20.cnf       64549           9.84
IBM_FV_2004_rule_batch_1_17_1_SAT_dat.k25.cnf       83754           8.41
IBM_FV_2004_rule_batch_1_17_1_SAT_dat.k30.cnf       102959          16.05
IBM_FV_2004_rule_batch_1_17_1_SAT_dat.k35.cnf       122164          25.60
IBM_FV_2004_rule_batch_1_17_2_SAT_dat.k10.cnf       27690           0.67
IBM_FV_2004_rule_batch_1_17_2_SAT_dat.k15.cnf       50750           1.39
IBM_FV_2004_rule_batch_1_17_2_SAT_dat.k20.cnf       73810           2.16
IBM_FV_2004_rule_batch_1_17_2_SAT_dat.k25.cnf       96870           8.46
IBM_FV_2004_rule_batch_1_17_2_SAT_dat.k30.cnf       119930           8.37
IBM_FV_2004_rule_batch_1_17_2_SAT_dat.k35.cnf       142990           6.65
IBM_FV_2004_rule_batch_12_SAT_dat.k10.cnf               1           0.07
IBM_FV_2004_rule_batch_12_SAT_dat.k15.cnf               1           0.07
IBM_FV_2004_rule_batch_12_SAT_dat.k20.cnf               1           0.06
IBM_FV_2004_rule_batch_12_SAT_dat.k25.cnf               1           0.06
IBM_FV_2004_rule_batch_12_SAT_dat.k30.cnf               1           0.07
IBM_FV_2004_rule_batch_12_SAT_dat.k35.cnf               1           0.07
IBM_FV_2004_rule_batch_1_31_1_SAT_dat.k10.cnf       46921          33.72
IBM_FV_2004_rule_batch_1_31_1_SAT_dat.k15.cnf       75418          26.69
IBM_FV_2004_rule_batch_1_31_1_SAT_dat.k20.cnf       103953          266.67
IBM_FV_2004_rule_batch_1_31_1_SAT_dat.k25.cnf          --          1000.00
IBM_FV_2004_rule_batch_1_31_1_SAT_dat.k30.cnf          --          1000.00
IBM_FV_2004_rule_batch_1_31_1_SAT_dat.k35.cnf          --          1000.00
IBM_FV_2004_rule_batch_1_31_2_SAT_dat.k10.cnf       44619           6.48
IBM_FV_2004_rule_batch_1_31_2_SAT_dat.k15.cnf       72863          117.65
IBM_FV_2004_rule_batch_1_31_2_SAT_dat.k20.cnf          --          1000.00
IBM_FV_2004_rule_batch_1_31_2_SAT_dat.k25.cnf          --          1000.00
IBM_FV_2004_rule_batch_1_31_2_SAT_dat.k30.cnf          --          1000.00
IBM_FV_2004_rule_batch_1_31_2_SAT_dat.k35.cnf          --          1000.00
IBM_FV_2004_rule_batch_15_SAT_dat.k10.cnf           74434           1.33
IBM_FV_2004_rule_batch_15_SAT_dat.k15.cnf           119910           3.36
IBM_FV_2004_rule_batch_15_SAT_dat.k20.cnf           165415           6.92
IBM_FV_2004_rule_batch_15_SAT_dat.k25.cnf           210920           8.45
IBM_FV_2004_rule_batch_15_SAT_dat.k30.cnf           256425          25.12
IBM_FV_2004_rule_batch_15_SAT_dat.k35.cnf           301930          29.70
IBM_FV_2004_rule_batch_16_1_SAT_dat.k10.cnf         20323           0.63
IBM_FV_2004_rule_batch_16_1_SAT_dat.k15.cnf         30296           0.91
IBM_FV_2004_rule_batch_16_1_SAT_dat.k20.cnf         41141           1.30
IBM_FV_2004_rule_batch_16_1_SAT_dat.k25.cnf         51986           2.85
IBM_FV_2004_rule_batch_16_1_SAT_dat.k30.cnf         62831           4.50
IBM_FV_2004_rule_batch_16_1_SAT_dat.k35.cnf         73676           2.67
IBM_FV_2004_rule_batch_18_SAT_dat.k10.cnf           69988          17.85
IBM_FV_2004_rule_batch_18_SAT_dat.k15.cnf           106324          33.70
IBM_FV_2004_rule_batch_18_SAT_dat.k20.cnf              --          1000.00
IBM_FV_2004_rule_batch_18_SAT_dat.k25.cnf              --          1000.00
IBM_FV_2004_rule_batch_18_SAT_dat.k30.cnf           217310          210.74
IBM_FV_2004_rule_batch_18_SAT_dat.k35.cnf           254305          316.18
IBM_FV_2004_rule_batch_19_SAT_dat.k10.cnf           83901           3.63
IBM_FV_2004_rule_batch_19_SAT_dat.k15.cnf           134022           8.74
IBM_FV_2004_rule_batch_19_SAT_dat.k20.cnf           184177          18.37
IBM_FV_2004_rule_batch_19_SAT_dat.k25.cnf           234332          349.42
IBM_FV_2004_rule_batch_19_SAT_dat.k30.cnf           284488           7.03
IBM_FV_2004_rule_batch_19_SAT_dat.k35.cnf           334643          12.64
IBM_FV_2004_rule_batch_2_02_1_SAT_dat.k10.cnf       21800           1.60
IBM_FV_2004_rule_batch_2_02_1_SAT_dat.k15.cnf       33744           1.46
IBM_FV_2004_rule_batch_2_02_1_SAT_dat.k20.cnf       45964          13.99
IBM_FV_2004_rule_batch_2_02_1_SAT_dat.k25.cnf       58184          43.08
IBM_FV_2004_rule_batch_2_02_1_SAT_dat.k30.cnf       70404          31.02
IBM_FV_2004_rule_batch_2_02_1_SAT_dat.k35.cnf       82624          78.75
IBM_FV_2004_rule_batch_2_02_3_SAT_dat.k10.cnf       27302           1.21
IBM_FV_2004_rule_batch_2_02_3_SAT_dat.k15.cnf       42561           3.90
IBM_FV_2004_rule_batch_2_02_3_SAT_dat.k20.cnf       57866           9.43
IBM_FV_2004_rule_batch_2_02_3_SAT_dat.k25.cnf       73171           3.34
IBM_FV_2004_rule_batch_2_02_3_SAT_dat.k30.cnf       88476           5.00
IBM_FV_2004_rule_batch_2_02_3_SAT_dat.k35.cnf       103781           8.93
IBM_FV_2004_rule_batch_20_SAT_dat.k10.cnf           72086          10.05
IBM_FV_2004_rule_batch_20_SAT_dat.k15.cnf           109509          94.92
IBM_FV_2004_rule_batch_20_SAT_dat.k20.cnf              --          1000.00
IBM_FV_2004_rule_batch_20_SAT_dat.k25.cnf              --          1000.00
IBM_FV_2004_rule_batch_20_SAT_dat.k30.cnf              --          1000.00
IBM_FV_2004_rule_batch_20_SAT_dat.k35.cnf              --          1000.00
IBM_FV_2004_rule_batch_2_11_SAT_dat.k10.cnf         110607           9.16
IBM_FV_2004_rule_batch_2_11_SAT_dat.k15.cnf         176681          32.63
IBM_FV_2004_rule_batch_2_11_SAT_dat.k20.cnf         242971          436.98
IBM_FV_2004_rule_batch_2_11_SAT_dat.k25.cnf         309261          963.54
IBM_FV_2004_rule_batch_2_11_SAT_dat.k30.cnf         375551          368.03
IBM_FV_2004_rule_batch_2_11_SAT_dat.k35.cnf            --          1000.00
IBM_FV_2004_rule_batch_2_14_SAT_dat.k10.cnf         49350           8.07
IBM_FV_2004_rule_batch_2_14_SAT_dat.k15.cnf         78394          312.95
IBM_FV_2004_rule_batch_2_14_SAT_dat.k20.cnf         107514          251.66
IBM_FV_2004_rule_batch_2_14_SAT_dat.k25.cnf         136634          812.06
IBM_FV_2004_rule_batch_2_14_SAT_dat.k30.cnf            --          1000.00
IBM_FV_2004_rule_batch_2_14_SAT_dat.k35.cnf            --          1000.00
IBM_FV_2004_rule_batch_2_16_2_SAT_dat.k10.cnf       14140           0.26
IBM_FV_2004_rule_batch_2_16_2_SAT_dat.k15.cnf       21464           0.37
IBM_FV_2004_rule_batch_2_16_2_SAT_dat.k20.cnf       29254           0.50
IBM_FV_2004_rule_batch_2_16_2_SAT_dat.k25.cnf       37044           0.65
IBM_FV_2004_rule_batch_2_16_2_SAT_dat.k30.cnf       44834           0.77
IBM_FV_2004_rule_batch_2_16_2_SAT_dat.k35.cnf       52624           0.93
IBM_FV_2004_rule_batch_2_17_1_SAT_dat.k10.cnf       22765           2.15
IBM_FV_2004_rule_batch_2_17_1_SAT_dat.k15.cnf       42097           9.48
IBM_FV_2004_rule_batch_2_17_1_SAT_dat.k20.cnf       61532          55.37
IBM_FV_2004_rule_batch_2_17_1_SAT_dat.k25.cnf       80967          46.01
IBM_FV_2004_rule_batch_2_17_1_SAT_dat.k30.cnf       100402          429.31
IBM_FV_2004_rule_batch_2_17_1_SAT_dat.k35.cnf       119837          109.00
IBM_FV_2004_rule_batch_2_17_2_SAT_dat.k10.cnf       30491           0.74
IBM_FV_2004_rule_batch_2_17_2_SAT_dat.k15.cnf       53534           1.57
IBM_FV_2004_rule_batch_2_17_2_SAT_dat.k20.cnf       76594           3.09
IBM_FV_2004_rule_batch_2_17_2_SAT_dat.k25.cnf       99654          10.64
IBM_FV_2004_rule_batch_2_17_2_SAT_dat.k30.cnf       122714           7.79
IBM_FV_2004_rule_batch_2_17_2_SAT_dat.k35.cnf       145774          11.05
IBM_FV_2004_rule_batch_21_SAT_dat.k10.cnf           65179           3.08
IBM_FV_2004_rule_batch_21_SAT_dat.k15.cnf           103880          14.27
IBM_FV_2004_rule_batch_21_SAT_dat.k20.cnf           142615          40.86
IBM_FV_2004_rule_batch_21_SAT_dat.k25.cnf           181350          191.33
IBM_FV_2004_rule_batch_21_SAT_dat.k30.cnf           220086           5.11
IBM_FV_2004_rule_batch_21_SAT_dat.k35.cnf           258821           8.58
IBM_FV_2004_rule_batch_22_SAT_dat.k10.cnf           77413          39.09
IBM_FV_2004_rule_batch_22_SAT_dat.k15.cnf           122813          393.78
IBM_FV_2004_rule_batch_22_SAT_dat.k20.cnf           168248          99.19
IBM_FV_2004_rule_batch_22_SAT_dat.k25.cnf              --          1000.00
IBM_FV_2004_rule_batch_22_SAT_dat.k30.cnf              --          1000.00
IBM_FV_2004_rule_batch_22_SAT_dat.k35.cnf              --          1000.00
IBM_FV_2004_rule_batch_2_31_1_SAT_dat.k10.cnf       46923          15.12
IBM_FV_2004_rule_batch_2_31_1_SAT_dat.k15.cnf       75420          50.12
IBM_FV_2004_rule_batch_2_31_1_SAT_dat.k20.cnf       103955          351.62
IBM_FV_2004_rule_batch_2_31_1_SAT_dat.k25.cnf       132490          1065.70
IBM_FV_2004_rule_batch_2_31_1_SAT_dat.k30.cnf          --          1000.00
IBM_FV_2004_rule_batch_2_31_1_SAT_dat.k35.cnf          --          1000.00
IBM_FV_2004_rule_batch_2_31_2_SAT_dat.k10.cnf       48506           3.96
IBM_FV_2004_rule_batch_2_31_2_SAT_dat.k15.cnf       77057          22.07
IBM_FV_2004_rule_batch_2_31_2_SAT_dat.k20.cnf       105632          404.06
IBM_FV_2004_rule_batch_2_31_2_SAT_dat.k25.cnf          --          1000.00
IBM_FV_2004_rule_batch_2_31_2_SAT_dat.k30.cnf          --          1000.00
IBM_FV_2004_rule_batch_2_31_2_SAT_dat.k35.cnf          --          1000.00
IBM_FV_2004_rule_batch_23_SAT_dat.k10.cnf           76085           2.31
IBM_FV_2004_rule_batch_23_SAT_dat.k15.cnf              --          1000.00
IBM_FV_2004_rule_batch_23_SAT_dat.k20.cnf           163254          928.91
IBM_FV_2004_rule_batch_23_SAT_dat.k25.cnf              --          1000.00
IBM_FV_2004_rule_batch_23_SAT_dat.k30.cnf              --          1000.00
IBM_FV_2004_rule_batch_23_SAT_dat.k35.cnf              --          1000.00
IBM_FV_2004_rule_batch_25_SAT_dat.k10.cnf              --          1000.00
IBM_FV_2004_rule_batch_25_SAT_dat.k15.cnf              --          1000.00
IBM_FV_2004_rule_batch_25_SAT_dat.k20.cnf              --          1000.00
IBM_FV_2004_rule_batch_25_SAT_dat.k25.cnf              --          1000.00
IBM_FV_2004_rule_batch_25_SAT_dat.k30.cnf              --          1000.00
IBM_FV_2004_rule_batch_25_SAT_dat.k35.cnf              --          1000.00
IBM_FV_2004_rule_batch_26_SAT_dat.k10.cnf           277610           9.63
IBM_FV_2004_rule_batch_26_SAT_dat.k15.cnf           385165          14.44
IBM_FV_2004_rule_batch_26_SAT_dat.k20.cnf           509490          21.06
IBM_FV_2004_rule_batch_26_SAT_dat.k25.cnf           633815          308.84
IBM_FV_2004_rule_batch_26_SAT_dat.k30.cnf           758140          32.06
IBM_FV_2004_rule_batch_26_SAT_dat.k35.cnf           882465          51.59
IBM_FV_2004_rule_batch_27_SAT_dat.k10.cnf           27069           4.01
IBM_FV_2004_rule_batch_27_SAT_dat.k15.cnf           42163          40.19
IBM_FV_2004_rule_batch_27_SAT_dat.k20.cnf           57369           1.09
IBM_FV_2004_rule_batch_27_SAT_dat.k25.cnf           72574           1.72
IBM_FV_2004_rule_batch_27_SAT_dat.k30.cnf           87779           2.48
IBM_FV_2004_rule_batch_27_SAT_dat.k35.cnf           102984           3.20
IBM_FV_2004_rule_batch_28_SAT_dat.k10.cnf           24946          43.00
IBM_FV_2004_rule_batch_28_SAT_dat.k15.cnf           35796           0.73
IBM_FV_2004_rule_batch_28_SAT_dat.k20.cnf           47771           1.16
IBM_FV_2004_rule_batch_28_SAT_dat.k25.cnf           59746           1.90
IBM_FV_2004_rule_batch_28_SAT_dat.k30.cnf           71721           3.24
IBM_FV_2004_rule_batch_28_SAT_dat.k35.cnf           83696           2.29
IBM_FV_2004_rule_batch_29_SAT_dat.k10.cnf              --          1000.00
IBM_FV_2004_rule_batch_29_SAT_dat.k15.cnf              --          1000.00
IBM_FV_2004_rule_batch_29_SAT_dat.k20.cnf              --          1000.00
IBM_FV_2004_rule_batch_29_SAT_dat.k25.cnf              --          1000.00
IBM_FV_2004_rule_batch_29_SAT_dat.k30.cnf              --          1000.00
IBM_FV_2004_rule_batch_29_SAT_dat.k35.cnf           108358          790.98
IBM_FV_2004_rule_batch_3_02_1_SAT_dat.k10.cnf       19542           0.50
IBM_FV_2004_rule_batch_3_02_1_SAT_dat.k15.cnf       30878           0.79
IBM_FV_2004_rule_batch_3_02_1_SAT_dat.k20.cnf       42328           1.22
IBM_FV_2004_rule_batch_3_02_1_SAT_dat.k25.cnf       53778           1.58
IBM_FV_2004_rule_batch_3_02_1_SAT_dat.k30.cnf       65228           4.32
IBM_FV_2004_rule_batch_3_02_1_SAT_dat.k35.cnf       76678           2.28
IBM_FV_2004_rule_batch_3_02_3_SAT_dat.k10.cnf       27325           0.47
IBM_FV_2004_rule_batch_3_02_3_SAT_dat.k15.cnf       42572           0.74
IBM_FV_2004_rule_batch_3_02_3_SAT_dat.k20.cnf       57877           1.04
IBM_FV_2004_rule_batch_3_02_3_SAT_dat.k25.cnf       73182           1.35
IBM_FV_2004_rule_batch_3_02_3_SAT_dat.k30.cnf       88487           1.57
IBM_FV_2004_rule_batch_3_02_3_SAT_dat.k35.cnf       103792           1.89
IBM_FV_2004_rule_batch_30_SAT_dat.k10.cnf           76367          10.80
IBM_FV_2004_rule_batch_30_SAT_dat.k15.cnf              --          1000.00
IBM_FV_2004_rule_batch_30_SAT_dat.k20.cnf              --          1000.00
IBM_FV_2004_rule_batch_30_SAT_dat.k25.cnf              --          1000.00
IBM_FV_2004_rule_batch_30_SAT_dat.k30.cnf              --          1000.00
IBM_FV_2004_rule_batch_30_SAT_dat.k35.cnf              --          1000.00
IBM_FV_2004_rule_batch_3_11_SAT_dat.k10.cnf         112345          10.82
IBM_FV_2004_rule_batch_3_11_SAT_dat.k15.cnf         178129          13.34
IBM_FV_2004_rule_batch_3_11_SAT_dat.k20.cnf         244459          793.24
IBM_FV_2004_rule_batch_3_11_SAT_dat.k25.cnf            --          1000.00
IBM_FV_2004_rule_batch_3_11_SAT_dat.k30.cnf            --          1000.00
IBM_FV_2004_rule_batch_3_11_SAT_dat.k35.cnf            --          1000.00
IBM_FV_2004_rule_batch_3_16_2_SAT_dat.k10.cnf       14162           0.26
IBM_FV_2004_rule_batch_3_16_2_SAT_dat.k15.cnf       21474           0.37
IBM_FV_2004_rule_batch_3_16_2_SAT_dat.k20.cnf       29264           0.50
IBM_FV_2004_rule_batch_3_16_2_SAT_dat.k25.cnf       37054           0.65
IBM_FV_2004_rule_batch_3_16_2_SAT_dat.k30.cnf       44844           0.79
IBM_FV_2004_rule_batch_3_16_2_SAT_dat.k35.cnf       52634           0.94
IBM_FV_2004_rule_batch_3_31_1_SAT_dat.k10.cnf       46923          23.03
IBM_FV_2004_rule_batch_3_31_1_SAT_dat.k15.cnf       75420          31.54
IBM_FV_2004_rule_batch_3_31_1_SAT_dat.k20.cnf       103955          492.93
IBM_FV_2004_rule_batch_3_31_1_SAT_dat.k25.cnf          --          1000.00
IBM_FV_2004_rule_batch_3_31_1_SAT_dat.k30.cnf          --          1000.00
IBM_FV_2004_rule_batch_3_31_1_SAT_dat.k35.cnf          --          1000.00
IBM_FV_2004_rule_batch_4_02_1_SAT_dat.k10.cnf       19510           0.51
IBM_FV_2004_rule_batch_4_02_1_SAT_dat.k15.cnf       30831           0.79
IBM_FV_2004_rule_batch_4_02_1_SAT_dat.k20.cnf       42266           1.13
IBM_FV_2004_rule_batch_4_02_1_SAT_dat.k25.cnf       53701           2.36
IBM_FV_2004_rule_batch_4_02_1_SAT_dat.k30.cnf       65136           3.19
IBM_FV_2004_rule_batch_4_02_1_SAT_dat.k35.cnf       76571           4.37
IBM_FV_2004_rule_batch_4_02_3_SAT_dat.k10.cnf       27302           1.40
IBM_FV_2004_rule_batch_4_02_3_SAT_dat.k15.cnf       42561           4.55
IBM_FV_2004_rule_batch_4_02_3_SAT_dat.k20.cnf       57866          24.80
IBM_FV_2004_rule_batch_4_02_3_SAT_dat.k25.cnf       73171          10.25
IBM_FV_2004_rule_batch_4_02_3_SAT_dat.k30.cnf       88476           7.20
IBM_FV_2004_rule_batch_4_02_3_SAT_dat.k35.cnf       103781          17.35
IBM_FV_2004_rule_batch_4_16_2_SAT_dat.k10.cnf       21401           0.37
IBM_FV_2004_rule_batch_4_16_2_SAT_dat.k15.cnf       30570           0.52
IBM_FV_2004_rule_batch_4_16_2_SAT_dat.k20.cnf       41090           0.71
IBM_FV_2004_rule_batch_4_16_2_SAT_dat.k25.cnf       51610           0.90
IBM_FV_2004_rule_batch_4_16_2_SAT_dat.k30.cnf       62130           1.12
IBM_FV_2004_rule_batch_4_16_2_SAT_dat.k35.cnf       72650           1.33
IBM_FV_2004_rule_batch_5_02_1_SAT_dat.k10.cnf       19420           0.50
IBM_FV_2004_rule_batch_5_02_1_SAT_dat.k15.cnf       30696           0.81
IBM_FV_2004_rule_batch_5_02_1_SAT_dat.k20.cnf       42086           1.12
IBM_FV_2004_rule_batch_5_02_1_SAT_dat.k25.cnf       53476           1.76
IBM_FV_2004_rule_batch_5_02_1_SAT_dat.k30.cnf       64866           2.04
IBM_FV_2004_rule_batch_5_02_1_SAT_dat.k35.cnf       76256           8.22
IBM_FV_2004_rule_batch_5_02_3_SAT_dat.k10.cnf       27325           0.48
IBM_FV_2004_rule_batch_5_02_3_SAT_dat.k15.cnf       42572           0.75
IBM_FV_2004_rule_batch_5_02_3_SAT_dat.k20.cnf       57877           1.00
IBM_FV_2004_rule_batch_5_02_3_SAT_dat.k25.cnf       73182           1.42
IBM_FV_2004_rule_batch_5_02_3_SAT_dat.k30.cnf       88487           1.56
IBM_FV_2004_rule_batch_5_02_3_SAT_dat.k35.cnf       103792           1.93
IBM_FV_2004_rule_batch_5_16_2_SAT_dat.k10.cnf       19309           0.34
IBM_FV_2004_rule_batch_5_16_2_SAT_dat.k15.cnf       28950           0.49
IBM_FV_2004_rule_batch_5_16_2_SAT_dat.k20.cnf       39470           0.68
IBM_FV_2004_rule_batch_5_16_2_SAT_dat.k25.cnf       49990           0.87
IBM_FV_2004_rule_batch_5_16_2_SAT_dat.k30.cnf       60510           1.04
IBM_FV_2004_rule_batch_5_16_2_SAT_dat.k35.cnf       71030           1.29
IBM_FV_2004_rule_batch_6_02_3_SAT_dat.k10.cnf       27302           1.11
IBM_FV_2004_rule_batch_6_02_3_SAT_dat.k15.cnf       42561           4.91
IBM_FV_2004_rule_batch_6_02_3_SAT_dat.k20.cnf          --          1000.00
IBM_FV_2004_rule_batch_6_02_3_SAT_dat.k25.cnf       73171           3.60
IBM_FV_2004_rule_batch_6_02_3_SAT_dat.k30.cnf       88476          12.48
IBM_FV_2004_rule_batch_6_02_3_SAT_dat.k35.cnf       103781           4.10
IBM_FV_2004_rule_batch_6_16_2_SAT_dat.k10.cnf       19351           0.35
IBM_FV_2004_rule_batch_6_16_2_SAT_dat.k15.cnf       28977           0.50
IBM_FV_2004_rule_batch_6_16_2_SAT_dat.k20.cnf       39497           0.69
IBM_FV_2004_rule_batch_6_16_2_SAT_dat.k25.cnf       50017           0.87
IBM_FV_2004_rule_batch_6_16_2_SAT_dat.k30.cnf       60537           1.03
IBM_FV_2004_rule_batch_6_16_2_SAT_dat.k35.cnf       71057           1.29
IBM_FV_2004_rule_batch_7_02_3_SAT_dat.k15.cnf       40968           1.85
IBM_FV_2004_rule_batch_7_02_3_SAT_dat.k20.cnf       55983           7.81
IBM_FV_2004_rule_batch_7_02_3_SAT_dat.k25.cnf       70998           6.67
IBM_FV_2004_rule_batch_7_02_3_SAT_dat.k30.cnf       86013          13.17
IBM_FV_2004_rule_batch_7_02_3_SAT_dat.k35.cnf       101028           5.50
