c10b_s.cnf                                          18774           0.60
c10_i.cnf                                           50703          88.26
c10n_s.cnf                                          18021           0.52
c10_s.cnf                                            3465           0.14
c6b.cnf                                             64557          411.01
c6b_i.cnf                                           64683          839.03
c6bi_s.cnf                                          115113           6.57
c6b_s.cnf                                            8721           0.29
c6_i.cnf                                            36858          156.86
c6i.cnf                                             119148          186.31
c6i_s.cnf                                           75855           2.29
c6n.cnf                                             110076          223.93
c6n_i.cnf                                           60327          426.73
c6n_s.cnf                                            7863           0.27
c6_s.cnf                                             3150           0.13
c7b_i.cnf                                              --          1000.00
c7b_s.cnf                                           11181           0.35
c7_i.cnf                                            38508          27.02
c7n.cnf                                             81471          113.99
c7n_i.cnf                                              --          1000.00
c7n_s.cnf                                           10470           0.34
c7_s.cnf                                             3186           0.14
c8b_i.cnf                                              --          1000.00
c8b_s.cnf                                           14112           0.47
c8_i.cnf                                            41595          41.47
c8n_i.cnf                                           88938          160.51
c8n_s.cnf                                           12780           0.42
c8_s.cnf                                             3264           0.14
c9b_i.cnf                                              --          1000.00
c9b_s.cnf                                           15675           0.49
c9_i.cnf                                            44739          142.87
c9n_i.cnf                                              --          1000.00
c9n_s.cnf                                           15321           0.46
c9_s.cnf                                             3324           0.15
f6b.cnf                                             109569          60.19
f6.cnf                                              83724          35.36
f6i.cnf                                             144690          30.40
f6n.cnf                                             110919          53.17
f7.cnf                                              158181          355.18
g6b.cnf                                             39570           7.75
g6bi.cnf                                            69894          76.74
g6bid.cnf                                           118191          40.17
g6bidw.cnf                                          133539          611.55
g6.cnf                                              27918           4.58
g6i.cnf                                             49647           6.62
g6id.cnf                                            84870          12.84
g6idw.cnf                                           99696          116.87
g6n.cnf                                             36978          16.17
g6ni.cnf                                            67908          412.49
g6nid.cnf                                           117474          116.93
g6nidw.cnf                                          132615          400.49
g7b.cnf                                             75711          81.20
g7.cnf                                              51792          17.83
g7n.cnf                                             70491          176.80
g8b.cnf                                             119994          425.39
g8.cnf                                              80343          105.32
g8n.cnf                                             115812          382.78
g9.cnf                                              116934          837.58
