IBM_FV_2004_rule_batch_01_SAT_dat.k10.cnf           38801           3.17
IBM_FV_2004_rule_batch_01_SAT_dat.k15.cnf           48585           1.16
IBM_FV_2004_rule_batch_01_SAT_dat.k20.cnf           63760           2.79
IBM_FV_2004_rule_batch_01_SAT_dat.k25.cnf           78935           4.39
IBM_FV_2004_rule_batch_01_SAT_dat.k30.cnf           94110          22.32
IBM_FV_2004_rule_batch_01_SAT_dat.k35.cnf           109285          15.01
IBM_FV_2004_rule_batch_02_2_SAT_dat.k10.cnf         18752           0.33
IBM_FV_2004_rule_batch_02_2_SAT_dat.k15.cnf         29887           0.51
IBM_FV_2004_rule_batch_02_2_SAT_dat.k20.cnf         41062           0.71
IBM_FV_2004_rule_batch_02_2_SAT_dat.k25.cnf         52237           0.91
IBM_FV_2004_rule_batch_02_2_SAT_dat.k30.cnf         63412           1.18
IBM_FV_2004_rule_batch_02_2_SAT_dat.k35.cnf         74587           1.32
IBM_FV_2004_rule_batch_03_SAT_dat.k10.cnf           35309           0.79
IBM_FV_2004_rule_batch_03_SAT_dat.k15.cnf           56119           1.43
IBM_FV_2004_rule_batch_03_SAT_dat.k20.cnf           77054           2.13
IBM_FV_2004_rule_batch_03_SAT_dat.k25.cnf           97989           3.32
IBM_FV_2004_rule_batch_03_SAT_dat.k30.cnf           118924          11.43
IBM_FV_2004_rule_batch_03_SAT_dat.k35.cnf           139860           3.60
IBM_FV_2004_rule_batch_04_SAT_dat.k10.cnf           39117           0.90
IBM_FV_2004_rule_batch_04_SAT_dat.k15.cnf           65597          15.27
IBM_FV_2004_rule_batch_04_SAT_dat.k20.cnf           92137          159.93
IBM_FV_2004_rule_batch_04_SAT_dat.k25.cnf           118678           2.62
IBM_FV_2004_rule_batch_04_SAT_dat.k30.cnf           145218           3.66
IBM_FV_2004_rule_batch_04_SAT_dat.k35.cnf           171758           6.95
IBM_FV_2004_rule_batch_05_SAT_dat.k10.cnf           81446          99.95
IBM_FV_2004_rule_batch_05_SAT_dat.k15.cnf           134921          166.76
IBM_FV_2004_rule_batch_05_SAT_dat.k20.cnf              --          1000.00
IBM_FV_2004_rule_batch_05_SAT_dat.k25.cnf              --          1000.00
IBM_FV_2004_rule_batch_05_SAT_dat.k30.cnf              --          1000.00
IBM_FV_2004_rule_batch_05_SAT_dat.k35.cnf           349042           8.74
IBM_FV_2004_rule_batch_06_SAT_dat.k10.cnf           48206           1.03
IBM_FV_2004_rule_batch_06_SAT_dat.k15.cnf           75615           1.75
IBM_FV_2004_rule_batch_06_SAT_dat.k20.cnf           103225           8.09
IBM_FV_2004_rule_batch_06_SAT_dat.k25.cnf           130835          152.19
IBM_FV_2004_rule_batch_06_SAT_dat.k30.cnf              --          1000.00
IBM_FV_2004_rule_batch_06_SAT_dat.k35.cnf           186056           8.27
IBM_FV_2004_rule_batch_07_SAT_dat.k10.cnf              --          1000.00
IBM_FV_2004_rule_batch_07_SAT_dat.k15.cnf           23728          29.20
IBM_FV_2004_rule_batch_07_SAT_dat.k20.cnf              --          1000.00
IBM_FV_2004_rule_batch_07_SAT_dat.k25.cnf              --          1000.00
IBM_FV_2004_rule_batch_07_SAT_dat.k30.cnf           31033          29.95
IBM_FV_2004_rule_batch_07_SAT_dat.k35.cnf              --          1000.00
IBM_FV_2004_rule_batch_09_SAT_dat.k10.cnf           22934           0.51
IBM_FV_2004_rule_batch_09_SAT_dat.k15.cnf           38108           0.78
IBM_FV_2004_rule_batch_09_SAT_dat.k20.cnf           53388           1.11
IBM_FV_2004_rule_batch_09_SAT_dat.k25.cnf           68668           1.51
IBM_FV_2004_rule_batch_09_SAT_dat.k30.cnf           83948           1.82
IBM_FV_2004_rule_batch_09_SAT_dat.k35.cnf           99228           2.28
IBM_FV_2004_rule_batch_1_02_1_SAT_dat.k10.cnf       22563           1.01
IBM_FV_2004_rule_batch_1_02_1_SAT_dat.k15.cnf       34550           4.27
IBM_FV_2004_rule_batch_1_02_1_SAT_dat.k20.cnf       46925           9.97
IBM_FV_2004_rule_batch_1_02_1_SAT_dat.k25.cnf       59300          76.60
IBM_FV_2004_rule_batch_1_02_1_SAT_dat.k30.cnf       71675          52.60
IBM_FV_2004_rule_batch_1_02_1_SAT_dat.k35.cnf       84050          98.34
IBM_FV_2004_rule_batch_1_02_3_SAT_dat.k10.cnf       27325           0.48
IBM_FV_2004_rule_batch_1_02_3_SAT_dat.k15.cnf       42572           0.74
IBM_FV_2004_rule_batch_1_02_3_SAT_dat.k20.cnf       57877           1.02
IBM_FV_2004_rule_batch_1_02_3_SAT_dat.k25.cnf       73182           1.31
IBM_FV_2004_rule_batch_1_02_3_SAT_dat.k30.cnf       88487           1.57
IBM_FV_2004_rule_batch_1_02_3_SAT_dat.k35.cnf       103792           1.98
IBM_FV_2004_rule_batch_10_SAT_dat.k10.cnf           95785           3.74
IBM_FV_2004_rule_batch_10_SAT_dat.k15.cnf           159500          14.07
IBM_FV_2004_rule_batch_10_SAT_dat.k20.cnf           223390           6.75
IBM_FV_2004_rule_batch_10_SAT_dat.k25.cnf           287280          28.87
IBM_FV_2004_rule_batch_10_SAT_dat.k30.cnf           351170          32.65
IBM_FV_2004_rule_batch_10_SAT_dat.k35.cnf           415060          37.65
IBM_FV_2004_rule_batch_1_11_SAT_dat.k10.cnf         111518           4.22
IBM_FV_2004_rule_batch_1_11_SAT_dat.k15.cnf         178109          112.25
IBM_FV_2004_rule_batch_1_11_SAT_dat.k20.cnf         244869          328.56
IBM_FV_2004_rule_batch_1_11_SAT_dat.k25.cnf            --          1000.00
IBM_FV_2004_rule_batch_1_11_SAT_dat.k30.cnf            --          1000.00
IBM_FV_2004_rule_batch_1_11_SAT_dat.k35.cnf         445150          42.77
IBM_FV_2004_rule_batch_1_13_SAT_dat.k10.cnf         101316          21.69
IBM_FV_2004_rule_batch_1_13_SAT_dat.k15.cnf         91886          52.35
IBM_FV_2004_rule_batch_1_13_SAT_dat.k20.cnf         92861          72.57
IBM_FV_2004_rule_batch_1_13_SAT_dat.k25.cnf         93836          176.39
IBM_FV_2004_rule_batch_1_13_SAT_dat.k30.cnf         94811          144.21
IBM_FV_2004_rule_batch_1_13_SAT_dat.k35.cnf         95786          19.06
IBM_FV_2004_rule_batch_1_14_SAT_dat.k10.cnf         48665           4.56
IBM_FV_2004_rule_batch_1_14_SAT_dat.k15.cnf         77365           2.75
IBM_FV_2004_rule_batch_1_14_SAT_dat.k20.cnf         106135           8.22
IBM_FV_2004_rule_batch_1_14_SAT_dat.k25.cnf         134905           7.46
IBM_FV_2004_rule_batch_1_14_SAT_dat.k30.cnf         163675           8.97
IBM_FV_2004_rule_batch_1_14_SAT_dat.k35.cnf         192445          31.65
IBM_FV_2004_rule_batch_1_16_2_SAT_dat.k10.cnf       14104           0.26
IBM_FV_2004_rule_batch_1_16_2_SAT_dat.k15.cnf       21443           0.38
IBM_FV_2004_rule_batch_1_16_2_SAT_dat.k20.cnf       29233           0.50
IBM_FV_2004_rule_batch_1_16_2_SAT_dat.k25.cnf       37023           0.66
IBM_FV_2004_rule_batch_1_16_2_SAT_dat.k30.cnf       44813           0.80
IBM_FV_2004_rule_batch_1_16_2_SAT_dat.k35.cnf       52603           0.94
IBM_FV_2004_rule_batch_1_17_1_SAT_dat.k10.cnf       26155           0.76
IBM_FV_2004_rule_batch_1_17_1_SAT_dat.k15.cnf       45344           1.27
IBM_FV_2004_rule_batch_1_17_1_SAT_dat.k20.cnf       64549           3.75
IBM_FV_2004_rule_batch_1_17_1_SAT_dat.k25.cnf       83754          11.93
IBM_FV_2004_rule_batch_1_17_1_SAT_dat.k30.cnf       102959          32.99
IBM_FV_2004_rule_batch_1_17_1_SAT_dat.k35.cnf       122164          39.67
IBM_FV_2004_rule_batch_1_17_2_SAT_dat.k10.cnf       27690           0.62
IBM_FV_2004_rule_batch_1_17_2_SAT_dat.k15.cnf       50750           1.29
IBM_FV_2004_rule_batch_1_17_2_SAT_dat.k20.cnf       73810           1.88
IBM_FV_2004_rule_batch_1_17_2_SAT_dat.k25.cnf       96870           4.56
IBM_FV_2004_rule_batch_1_17_2_SAT_dat.k30.cnf       119930           4.16
IBM_FV_2004_rule_batch_1_17_2_SAT_dat.k35.cnf       142990          11.71
IBM_FV_2004_rule_batch_12_SAT_dat.k10.cnf               1           0.06
IBM_FV_2004_rule_batch_12_SAT_dat.k15.cnf               1           0.06
IBM_FV_2004_rule_batch_12_SAT_dat.k20.cnf               1           0.06
IBM_FV_2004_rule_batch_12_SAT_dat.k25.cnf               1           0.06
IBM_FV_2004_rule_batch_12_SAT_dat.k30.cnf               1           0.06
IBM_FV_2004_rule_batch_12_SAT_dat.k35.cnf               1           0.07
IBM_FV_2004_rule_batch_1_31_1_SAT_dat.k10.cnf       46921          27.49
IBM_FV_2004_rule_batch_1_31_1_SAT_dat.k15.cnf       75418          24.69
IBM_FV_2004_rule_batch_1_31_1_SAT_dat.k20.cnf       103953          226.62
IBM_FV_2004_rule_batch_1_31_1_SAT_dat.k25.cnf          --          1000.00
IBM_FV_2004_rule_batch_1_31_1_SAT_dat.k30.cnf          --          1000.00
IBM_FV_2004_rule_batch_1_31_1_SAT_dat.k35.cnf          --          1000.00
IBM_FV_2004_rule_batch_1_31_2_SAT_dat.k10.cnf       44619           4.40
IBM_FV_2004_rule_batch_1_31_2_SAT_dat.k15.cnf       72863          138.77
IBM_FV_2004_rule_batch_1_31_2_SAT_dat.k20.cnf       101293          768.30
IBM_FV_2004_rule_batch_1_31_2_SAT_dat.k25.cnf          --          1000.00
IBM_FV_2004_rule_batch_1_31_2_SAT_dat.k30.cnf          --          1000.00
IBM_FV_2004_rule_batch_1_31_2_SAT_dat.k35.cnf          --          1000.00
IBM_FV_2004_rule_batch_15_SAT_dat.k10.cnf           74434           1.33
IBM_FV_2004_rule_batch_15_SAT_dat.k15.cnf           119910           2.88
IBM_FV_2004_rule_batch_15_SAT_dat.k20.cnf           165415           5.99
IBM_FV_2004_rule_batch_15_SAT_dat.k25.cnf           210920          11.70
IBM_FV_2004_rule_batch_15_SAT_dat.k30.cnf           256425          14.49
IBM_FV_2004_rule_batch_15_SAT_dat.k35.cnf           301930          21.01
IBM_FV_2004_rule_batch_16_1_SAT_dat.k10.cnf         20323           0.63
IBM_FV_2004_rule_batch_16_1_SAT_dat.k15.cnf         30296           0.88
IBM_FV_2004_rule_batch_16_1_SAT_dat.k20.cnf         41141           1.26
IBM_FV_2004_rule_batch_16_1_SAT_dat.k25.cnf         51986           3.06
IBM_FV_2004_rule_batch_16_1_SAT_dat.k30.cnf         62831           5.13
IBM_FV_2004_rule_batch_16_1_SAT_dat.k35.cnf         73676           2.59
IBM_FV_2004_rule_batch_18_SAT_dat.k10.cnf           69988           8.98
IBM_FV_2004_rule_batch_18_SAT_dat.k15.cnf           106324          498.87
IBM_FV_2004_rule_batch_18_SAT_dat.k20.cnf              --          1000.00
IBM_FV_2004_rule_batch_18_SAT_dat.k25.cnf              --          1000.00
IBM_FV_2004_rule_batch_18_SAT_dat.k30.cnf           217310          211.40
IBM_FV_2004_rule_batch_18_SAT_dat.k35.cnf           254305          316.24
IBM_FV_2004_rule_batch_19_SAT_dat.k10.cnf           83901           9.81
IBM_FV_2004_rule_batch_19_SAT_dat.k15.cnf           134022          13.69
IBM_FV_2004_rule_batch_19_SAT_dat.k20.cnf           184177          28.85
IBM_FV_2004_rule_batch_19_SAT_dat.k25.cnf              --          1000.00
IBM_FV_2004_rule_batch_19_SAT_dat.k30.cnf           284488           7.04
IBM_FV_2004_rule_batch_19_SAT_dat.k35.cnf           334643          12.65
IBM_FV_2004_rule_batch_2_02_1_SAT_dat.k10.cnf       21800           0.97
IBM_FV_2004_rule_batch_2_02_1_SAT_dat.k15.cnf       33744           4.56
IBM_FV_2004_rule_batch_2_02_1_SAT_dat.k20.cnf       45964          43.09
IBM_FV_2004_rule_batch_2_02_1_SAT_dat.k25.cnf       58184          14.06
IBM_FV_2004_rule_batch_2_02_1_SAT_dat.k30.cnf       70404          260.43
IBM_FV_2004_rule_batch_2_02_1_SAT_dat.k35.cnf       82624          161.83
IBM_FV_2004_rule_batch_2_02_3_SAT_dat.k10.cnf       27302           4.97
IBM_FV_2004_rule_batch_2_02_3_SAT_dat.k15.cnf       42561           4.43
IBM_FV_2004_rule_batch_2_02_3_SAT_dat.k20.cnf       57866          13.38
IBM_FV_2004_rule_batch_2_02_3_SAT_dat.k25.cnf       73171           3.20
IBM_FV_2004_rule_batch_2_02_3_SAT_dat.k30.cnf       88476           4.81
IBM_FV_2004_rule_batch_2_02_3_SAT_dat.k35.cnf       103781           5.70
IBM_FV_2004_rule_batch_20_SAT_dat.k10.cnf           72086          12.14
IBM_FV_2004_rule_batch_20_SAT_dat.k15.cnf           109509          126.54
IBM_FV_2004_rule_batch_20_SAT_dat.k20.cnf              --          1000.00
IBM_FV_2004_rule_batch_20_SAT_dat.k25.cnf              --          1000.00
IBM_FV_2004_rule_batch_20_SAT_dat.k30.cnf              --          1000.00
IBM_FV_2004_rule_batch_20_SAT_dat.k35.cnf              --          1000.00
IBM_FV_2004_rule_batch_2_11_SAT_dat.k10.cnf         110607           3.61
IBM_FV_2004_rule_batch_2_11_SAT_dat.k15.cnf         176681          67.08
IBM_FV_2004_rule_batch_2_11_SAT_dat.k20.cnf         242971          113.68
IBM_FV_2004_rule_batch_2_11_SAT_dat.k25.cnf            --          1000.00
IBM_FV_2004_rule_batch_2_11_SAT_dat.k30.cnf            --          1000.00
IBM_FV_2004_rule_batch_2_11_SAT_dat.k35.cnf            --          1000.00
IBM_FV_2004_rule_batch_2_14_SAT_dat.k10.cnf         49350           3.21
IBM_FV_2004_rule_batch_2_14_SAT_dat.k15.cnf         78394          36.84
IBM_FV_2004_rule_batch_2_14_SAT_dat.k20.cnf         107514          141.51
IBM_FV_2004_rule_batch_2_14_SAT_dat.k25.cnf            --          1000.00
IBM_FV_2004_rule_batch_2_14_SAT_dat.k30.cnf            --          1000.00
IBM_FV_2004_rule_batch_2_14_SAT_dat.k35.cnf            --          1000.00
IBM_FV_2004_rule_batch_2_16_2_SAT_dat.k10.cnf       14140           0.25
IBM_FV_2004_rule_batch_2_16_2_SAT_dat.k15.cnf       21464           0.37
IBM_FV_2004_rule_batch_2_16_2_SAT_dat.k20.cnf       29254           0.50
IBM_FV_2004_rule_batch_2_16_2_SAT_dat.k25.cnf       37044           0.65
IBM_FV_2004_rule_batch_2_16_2_SAT_dat.k30.cnf       44834           0.79
IBM_FV_2004_rule_batch_2_16_2_SAT_dat.k35.cnf       52624           0.93
IBM_FV_2004_rule_batch_2_17_1_SAT_dat.k10.cnf       22765           3.36
IBM_FV_2004_rule_batch_2_17_1_SAT_dat.k15.cnf       42097          13.29
IBM_FV_2004_rule_batch_2_17_1_SAT_dat.k20.cnf       61532          23.21
IBM_FV_2004_rule_batch_2_17_1_SAT_dat.k25.cnf       80967          76.63
IBM_FV_2004_rule_batch_2_17_1_SAT_dat.k30.cnf       100402          386.54
IBM_FV_2004_rule_batch_2_17_1_SAT_dat.k35.cnf       119837          783.40
IBM_FV_2004_rule_batch_2_17_2_SAT_dat.k10.cnf       30491           0.69
IBM_FV_2004_rule_batch_2_17_2_SAT_dat.k15.cnf       53534           1.42
IBM_FV_2004_rule_batch_2_17_2_SAT_dat.k20.cnf       76594           2.32
IBM_FV_2004_rule_batch_2_17_2_SAT_dat.k25.cnf       99654          17.07
IBM_FV_2004_rule_batch_2_17_2_SAT_dat.k30.cnf       122714          11.77
IBM_FV_2004_rule_batch_2_17_2_SAT_dat.k35.cnf       145774          14.45
IBM_FV_2004_rule_batch_21_SAT_dat.k10.cnf           65179           3.88
IBM_FV_2004_rule_batch_21_SAT_dat.k15.cnf           103880          52.10
IBM_FV_2004_rule_batch_21_SAT_dat.k20.cnf           142615          43.11
IBM_FV_2004_rule_batch_21_SAT_dat.k25.cnf           181350          170.54
IBM_FV_2004_rule_batch_21_SAT_dat.k30.cnf           220086           5.11
IBM_FV_2004_rule_batch_21_SAT_dat.k35.cnf           258821           8.59
IBM_FV_2004_rule_batch_22_SAT_dat.k10.cnf           77413           2.37
IBM_FV_2004_rule_batch_22_SAT_dat.k15.cnf           122813          103.41
IBM_FV_2004_rule_batch_22_SAT_dat.k20.cnf           168248          328.51
IBM_FV_2004_rule_batch_22_SAT_dat.k25.cnf              --          1000.00
IBM_FV_2004_rule_batch_22_SAT_dat.k30.cnf              --          1000.00
IBM_FV_2004_rule_batch_22_SAT_dat.k35.cnf              --          1000.00
IBM_FV_2004_rule_batch_2_31_1_SAT_dat.k10.cnf       46923           9.58
IBM_FV_2004_rule_batch_2_31_1_SAT_dat.k15.cnf       75420          35.57
IBM_FV_2004_rule_batch_2_31_1_SAT_dat.k20.cnf       103955          189.08
IBM_FV_2004_rule_batch_2_31_1_SAT_dat.k25.cnf       132490          1081.80
IBM_FV_2004_rule_batch_2_31_1_SAT_dat.k30.cnf          --          1000.00
IBM_FV_2004_rule_batch_2_31_1_SAT_dat.k35.cnf          --          1000.00
IBM_FV_2004_rule_batch_2_31_2_SAT_dat.k10.cnf       48506          18.51
IBM_FV_2004_rule_batch_2_31_2_SAT_dat.k15.cnf       77057           8.17
IBM_FV_2004_rule_batch_2_31_2_SAT_dat.k20.cnf       105632          869.11
IBM_FV_2004_rule_batch_2_31_2_SAT_dat.k25.cnf          --          1000.00
IBM_FV_2004_rule_batch_2_31_2_SAT_dat.k30.cnf          --          1000.00
IBM_FV_2004_rule_batch_2_31_2_SAT_dat.k35.cnf          --          1000.00
IBM_FV_2004_rule_batch_23_SAT_dat.k10.cnf           76085           1.91
IBM_FV_2004_rule_batch_23_SAT_dat.k15.cnf           119634          99.69
IBM_FV_2004_rule_batch_23_SAT_dat.k20.cnf              --          1000.00
IBM_FV_2004_rule_batch_23_SAT_dat.k25.cnf              --          1000.00
IBM_FV_2004_rule_batch_23_SAT_dat.k30.cnf              --          1000.00
IBM_FV_2004_rule_batch_23_SAT_dat.k35.cnf              --          1000.00
IBM_FV_2004_rule_batch_25_SAT_dat.k10.cnf              --          1000.00
IBM_FV_2004_rule_batch_25_SAT_dat.k15.cnf              --          1000.00
IBM_FV_2004_rule_batch_25_SAT_dat.k20.cnf              --          1000.00
IBM_FV_2004_rule_batch_25_SAT_dat.k25.cnf              --          1000.00
IBM_FV_2004_rule_batch_25_SAT_dat.k30.cnf              --          1000.00
IBM_FV_2004_rule_batch_25_SAT_dat.k35.cnf              --          1000.00
IBM_FV_2004_rule_batch_26_SAT_dat.k10.cnf           277610           8.67
IBM_FV_2004_rule_batch_26_SAT_dat.k15.cnf           385165          14.14
IBM_FV_2004_rule_batch_26_SAT_dat.k20.cnf           509490          18.92
IBM_FV_2004_rule_batch_26_SAT_dat.k25.cnf           633815          304.94
IBM_FV_2004_rule_batch_26_SAT_dat.k30.cnf           758140          20.52
IBM_FV_2004_rule_batch_26_SAT_dat.k35.cnf           882465          26.55
IBM_FV_2004_rule_batch_27_SAT_dat.k10.cnf           27069           0.98
IBM_FV_2004_rule_batch_27_SAT_dat.k15.cnf           42163          17.14
IBM_FV_2004_rule_batch_27_SAT_dat.k20.cnf           57369           1.09
IBM_FV_2004_rule_batch_27_SAT_dat.k25.cnf           72574           1.73
IBM_FV_2004_rule_batch_27_SAT_dat.k30.cnf           87779           2.46
IBM_FV_2004_rule_batch_27_SAT_dat.k35.cnf           102984           3.19
IBM_FV_2004_rule_batch_28_SAT_dat.k10.cnf           24946          69.82
IBM_FV_2004_rule_batch_28_SAT_dat.k15.cnf           35796           0.73
IBM_FV_2004_rule_batch_28_SAT_dat.k20.cnf           47771           1.16
IBM_FV_2004_rule_batch_28_SAT_dat.k25.cnf           59746           1.89
IBM_FV_2004_rule_batch_28_SAT_dat.k30.cnf           71721           3.22
IBM_FV_2004_rule_batch_28_SAT_dat.k35.cnf           83696           2.27
IBM_FV_2004_rule_batch_29_SAT_dat.k10.cnf           36919          184.36
IBM_FV_2004_rule_batch_29_SAT_dat.k15.cnf              --          1000.00
IBM_FV_2004_rule_batch_29_SAT_dat.k20.cnf              --          1000.00
IBM_FV_2004_rule_batch_29_SAT_dat.k25.cnf              --          1000.00
IBM_FV_2004_rule_batch_29_SAT_dat.k30.cnf              --          1000.00
IBM_FV_2004_rule_batch_29_SAT_dat.k35.cnf           108358          790.69
IBM_FV_2004_rule_batch_3_02_1_SAT_dat.k10.cnf       19542           0.46
IBM_FV_2004_rule_batch_3_02_1_SAT_dat.k15.cnf       30878           0.73
IBM_FV_2004_rule_batch_3_02_1_SAT_dat.k20.cnf       42328           1.82
IBM_FV_2004_rule_batch_3_02_1_SAT_dat.k25.cnf       53778           1.58
IBM_FV_2004_rule_batch_3_02_1_SAT_dat.k30.cnf       65228           3.45
IBM_FV_2004_rule_batch_3_02_1_SAT_dat.k35.cnf       76678           2.55
IBM_FV_2004_rule_batch_3_02_3_SAT_dat.k10.cnf       27325           0.47
IBM_FV_2004_rule_batch_3_02_3_SAT_dat.k15.cnf       42572           0.74
IBM_FV_2004_rule_batch_3_02_3_SAT_dat.k20.cnf       57877           1.03
IBM_FV_2004_rule_batch_3_02_3_SAT_dat.k25.cnf       73182           1.35
IBM_FV_2004_rule_batch_3_02_3_SAT_dat.k30.cnf       88487           1.56
IBM_FV_2004_rule_batch_3_02_3_SAT_dat.k35.cnf       103792           1.90
IBM_FV_2004_rule_batch_30_SAT_dat.k10.cnf           76367          11.17
IBM_FV_2004_rule_batch_30_SAT_dat.k15.cnf              --          1000.00
IBM_FV_2004_rule_batch_30_SAT_dat.k20.cnf              --          1000.00
IBM_FV_2004_rule_batch_30_SAT_dat.k25.cnf              --          1000.00
IBM_FV_2004_rule_batch_30_SAT_dat.k30.cnf              --          1000.00
IBM_FV_2004_rule_batch_30_SAT_dat.k35.cnf              --          1000.00
IBM_FV_2004_rule_batch_3_11_SAT_dat.k10.cnf         112345           7.83
IBM_FV_2004_rule_batch_3_11_SAT_dat.k15.cnf         178129          37.83
IBM_FV_2004_rule_batch_3_11_SAT_dat.k20.cnf         244459          62.64
IBM_FV_2004_rule_batch_3_11_SAT_dat.k25.cnf            --          1000.00
IBM_FV_2004_rule_batch_3_11_SAT_dat.k30.cnf            --          1000.00
IBM_FV_2004_rule_batch_3_11_SAT_dat.k35.cnf            --          1000.00
IBM_FV_2004_rule_batch_3_16_2_SAT_dat.k10.cnf       14162           0.27
IBM_FV_2004_rule_batch_3_16_2_SAT_dat.k15.cnf       21474           0.37
IBM_FV_2004_rule_batch_3_16_2_SAT_dat.k20.cnf       29264           0.50
IBM_FV_2004_rule_batch_3_16_2_SAT_dat.k25.cnf       37054           0.66
IBM_FV_2004_rule_batch_3_16_2_SAT_dat.k30.cnf       44844           0.79
IBM_FV_2004_rule_batch_3_16_2_SAT_dat.k35.cnf       52634           0.93
IBM_FV_2004_rule_batch_3_31_1_SAT_dat.k10.cnf       46923          21.81
IBM_FV_2004_rule_batch_3_31_1_SAT_dat.k15.cnf       75420          64.81
IBM_FV_2004_rule_batch_3_31_1_SAT_dat.k20.cnf       103955          346.47
IBM_FV_2004_rule_batch_3_31_1_SAT_dat.k25.cnf       132490          702.08
IBM_FV_2004_rule_batch_3_31_1_SAT_dat.k30.cnf          --          1000.00
IBM_FV_2004_rule_batch_3_31_1_SAT_dat.k35.cnf          --          1000.00
IBM_FV_2004_rule_batch_4_02_1_SAT_dat.k10.cnf       19510           0.47
IBM_FV_2004_rule_batch_4_02_1_SAT_dat.k15.cnf       30831           0.73
IBM_FV_2004_rule_batch_4_02_1_SAT_dat.k20.cnf       42266           1.03
IBM_FV_2004_rule_batch_4_02_1_SAT_dat.k25.cnf       53701           1.90
IBM_FV_2004_rule_batch_4_02_1_SAT_dat.k30.cnf       65136           2.01
IBM_FV_2004_rule_batch_4_02_1_SAT_dat.k35.cnf       76571           3.26
IBM_FV_2004_rule_batch_4_02_3_SAT_dat.k10.cnf       27302           0.98
IBM_FV_2004_rule_batch_4_02_3_SAT_dat.k15.cnf       42561          83.13
IBM_FV_2004_rule_batch_4_02_3_SAT_dat.k20.cnf       57866           2.82
IBM_FV_2004_rule_batch_4_02_3_SAT_dat.k25.cnf       73171          15.15
IBM_FV_2004_rule_batch_4_02_3_SAT_dat.k30.cnf       88476           2.66
IBM_FV_2004_rule_batch_4_02_3_SAT_dat.k35.cnf       103781          17.30
IBM_FV_2004_rule_batch_4_16_2_SAT_dat.k10.cnf       21401           0.37
IBM_FV_2004_rule_batch_4_16_2_SAT_dat.k15.cnf       30570           0.53
IBM_FV_2004_rule_batch_4_16_2_SAT_dat.k20.cnf       41090           0.71
IBM_FV_2004_rule_batch_4_16_2_SAT_dat.k25.cnf       51610           0.90
IBM_FV_2004_rule_batch_4_16_2_SAT_dat.k30.cnf       62130           1.12
IBM_FV_2004_rule_batch_4_16_2_SAT_dat.k35.cnf       72650           1.33
IBM_FV_2004_rule_batch_5_02_1_SAT_dat.k10.cnf       19420           0.47
IBM_FV_2004_rule_batch_5_02_1_SAT_dat.k15.cnf       30696           0.71
IBM_FV_2004_rule_batch_5_02_1_SAT_dat.k20.cnf       42086           1.03
IBM_FV_2004_rule_batch_5_02_1_SAT_dat.k25.cnf       53476           2.03
IBM_FV_2004_rule_batch_5_02_1_SAT_dat.k30.cnf       64866           5.32
IBM_FV_2004_rule_batch_5_02_1_SAT_dat.k35.cnf       76256           3.48
IBM_FV_2004_rule_batch_5_02_3_SAT_dat.k10.cnf       27325           0.47
IBM_FV_2004_rule_batch_5_02_3_SAT_dat.k15.cnf       42572           0.75
IBM_FV_2004_rule_batch_5_02_3_SAT_dat.k20.cnf       57877           1.00
IBM_FV_2004_rule_batch_5_02_3_SAT_dat.k25.cnf       73182           1.42
IBM_FV_2004_rule_batch_5_02_3_SAT_dat.k30.cnf       88487           1.56
IBM_FV_2004_rule_batch_5_02_3_SAT_dat.k35.cnf       103792           1.93
IBM_FV_2004_rule_batch_5_16_2_SAT_dat.k10.cnf       19309           0.34
IBM_FV_2004_rule_batch_5_16_2_SAT_dat.k15.cnf       28950           0.49
IBM_FV_2004_rule_batch_5_16_2_SAT_dat.k20.cnf       39470           0.68
IBM_FV_2004_rule_batch_5_16_2_SAT_dat.k25.cnf       49990           0.87
IBM_FV_2004_rule_batch_5_16_2_SAT_dat.k30.cnf       60510           1.05
IBM_FV_2004_rule_batch_5_16_2_SAT_dat.k35.cnf       71030           1.28
IBM_FV_2004_rule_batch_6_02_3_SAT_dat.k10.cnf       27302           1.17
IBM_FV_2004_rule_batch_6_02_3_SAT_dat.k15.cnf          --          1000.00
IBM_FV_2004_rule_batch_6_02_3_SAT_dat.k20.cnf          --          1000.00
IBM_FV_2004_rule_batch_6_02_3_SAT_dat.k25.cnf       73171           5.83
IBM_FV_2004_rule_batch_6_02_3_SAT_dat.k30.cnf       88476           2.64
IBM_FV_2004_rule_batch_6_02_3_SAT_dat.k35.cnf       103781           2.62
IBM_FV_2004_rule_batch_6_16_2_SAT_dat.k10.cnf       19351           0.34
IBM_FV_2004_rule_batch_6_16_2_SAT_dat.k15.cnf       28977           0.49
IBM_FV_2004_rule_batch_6_16_2_SAT_dat.k20.cnf       39497           0.68
IBM_FV_2004_rule_batch_6_16_2_SAT_dat.k25.cnf       50017           0.87
IBM_FV_2004_rule_batch_6_16_2_SAT_dat.k30.cnf       60537           1.04
IBM_FV_2004_rule_batch_6_16_2_SAT_dat.k35.cnf       71057           1.28
IBM_FV_2004_rule_batch_7_02_3_SAT_dat.k15.cnf       40968           1.67
IBM_FV_2004_rule_batch_7_02_3_SAT_dat.k20.cnf       55983           9.54
IBM_FV_2004_rule_batch_7_02_3_SAT_dat.k25.cnf       70998          10.34
IBM_FV_2004_rule_batch_7_02_3_SAT_dat.k30.cnf       86013          12.02
IBM_FV_2004_rule_batch_7_02_3_SAT_dat.k35.cnf       101028           8.51
