ssa0432-001.cnf                                      1026           1.29
ssa0432-002.cnf                                      1019           0.80
ssa0432-003.cnf                                      1026           0.92
ssa0432-004.cnf                                      1026           1.29
ssa0432-011.cnf                                      1026           0.92
ssa0432-014.cnf                                      1003           1.41
ssa0432-015.cnf                                      1019           0.80
ssa2670-127.cnf                                      3295           5.34
ssa2670-128.cnf                                      3320           6.79
ssa2670-129.cnf                                      3295           6.15
ssa2670-130.cnf                                      3320           5.32
ssa2670-131.cnf                                      3313          16.17
ssa2670-132.cnf                                      3295           6.12
ssa2670-133.cnf                                      3295           5.33
ssa2670-134.cnf                                      3272          15.95
ssa2670-136.cnf                                      3244          15.99
ssa2670-139.cnf                                      3228          16.03
ssa2670-140.cnf                                      3200          16.24
ssa2670-141.cnf                                      2314          16.23
ssa6288-001.cnf                                     34201           0.72
ssa6288-047.cnf                                     34237           0.75
ssa6288-048.cnf                                     34201           0.73
ssa7552-001.cnf                                      3614           0.11
ssa7552-002.cnf                                      3614           0.10
ssa7552-021.cnf                                      3614           0.10
ssa7552-032.cnf                                      3605           0.10
ssa7552-037.cnf                                      3575           0.10
ssa7552-038.cnf                                      3575           0.10
ssa7552-039.cnf                                      3470           0.10
ssa7552-040.cnf                                      3449           0.11
ssa7552-042.cnf                                      3598           0.10
ssa7552-043.cnf                                      3629           0.10
ssa7552-044.cnf                                      3501           0.10
ssa7552-045.cnf                                      3586           0.10
ssa7552-046.cnf                                      3586           0.10
ssa7552-047.cnf                                      3449           0.11
ssa7552-048.cnf                                      3460           0.10
ssa7552-049.cnf                                      3458           0.11
ssa7552-050.cnf                                      3466           0.10
ssa7552-051.cnf                                      3466           0.10
ssa7552-052.cnf                                      3456           0.09
ssa7552-053.cnf                                      3598           0.11
ssa7552-054.cnf                                      3300           0.10
ssa7552-055.cnf                                      3442           0.10
ssa7552-058.cnf                                      3622           0.10
ssa7552-059.cnf                                      3523           0.10
ssa7552-060.cnf                                      3446           0.11
ssa7552-061.cnf                                      3586           0.10
ssa7552-062.cnf                                      3586           0.10
ssa7552-063.cnf                                      3289           0.10
ssa7552-064.cnf                                      3579           0.11
ssa7552-065.cnf                                      3579           0.10
ssa7552-066.cnf                                      3463           0.10
ssa7552-067.cnf                                      3300           0.09
ssa7552-074.cnf                                      3458           0.11
ssa7552-075.cnf                                      3282           0.10
ssa7552-076.cnf                                      3282           0.10
ssa7552-077.cnf                                      3282           0.10
ssa7552-080.cnf                                      3635           0.10
ssa7552-081.cnf                                      3622           0.10
ssa7552-082.cnf                                      3297           0.10
ssa7552-083.cnf                                      3298           0.10
ssa7552-084.cnf                                      3300           0.10
ssa7552-085.cnf                                      3442           0.10
ssa7552-090.cnf                                      3665           0.10
ssa7552-091.cnf                                      3297           0.10
ssa7552-092.cnf                                      3298           0.10
ssa7552-093.cnf                                      3300           0.10
ssa7552-094.cnf                                      3442           0.10
ssa7552-095.cnf                                      3331           0.10
ssa7552-096.cnf                                      3460           0.10
ssa7552-098.cnf                                      4123           0.12
ssa7552-102.cnf                                      3623           0.11
ssa7552-103.cnf                                      3460           0.10
ssa7552-104.cnf                                      3458           0.11
ssa7552-106.cnf                                      3463           0.10
ssa7552-107.cnf                                      3575           0.10
ssa7552-108.cnf                                      3470           0.09
ssa7552-109.cnf                                      3463           0.10
ssa7552-110.cnf                                      3463           0.10
ssa7552-111.cnf                                      3442           0.10
ssa7552-112.cnf                                      3275           0.10
ssa7552-113.cnf                                      3665           0.10
ssa7552-114.cnf                                      3460           0.10
ssa7552-115.cnf                                      3458           0.10
ssa7552-116.cnf                                      3466           0.10
ssa7552-117.cnf                                      3440           0.10
ssa7552-118.cnf                                      3440           0.11
ssa7552-119.cnf                                      3239           0.10
ssa7552-121.cnf                                      3523           0.11
ssa7552-124.cnf                                      4795           0.12
ssa7552-125.cnf                                      3523           0.11
ssa7552-126.cnf                                      3434           0.10
ssa7552-127.cnf                                      3239           0.11
ssa7552-128.cnf                                      3347           0.10
ssa7552-129.cnf                                      3239           0.09
ssa7552-130.cnf                                      3234           0.10
ssa7552-131.cnf                                      3302           0.11
ssa7552-132.cnf                                      3282           0.10
ssa7552-156.cnf                                      3282           0.10
ssa7552-157.cnf                                      3431           0.11
ssa7552-160.cnf                                      3126           0.10
