IBM_FV_2004_rule_batch_01_SAT_dat.k10.cnf           38801          38.96
IBM_FV_2004_rule_batch_01_SAT_dat.k15.cnf           48585           1.16
IBM_FV_2004_rule_batch_01_SAT_dat.k20.cnf           63760           2.78
IBM_FV_2004_rule_batch_01_SAT_dat.k25.cnf           78935           4.34
IBM_FV_2004_rule_batch_01_SAT_dat.k30.cnf           94110          22.28
IBM_FV_2004_rule_batch_01_SAT_dat.k35.cnf           109285          14.89
IBM_FV_2004_rule_batch_02_2_SAT_dat.k10.cnf         18752           0.33
IBM_FV_2004_rule_batch_02_2_SAT_dat.k15.cnf         29887           0.51
IBM_FV_2004_rule_batch_02_2_SAT_dat.k20.cnf         41062           0.72
IBM_FV_2004_rule_batch_02_2_SAT_dat.k25.cnf         52237           0.91
IBM_FV_2004_rule_batch_02_2_SAT_dat.k30.cnf         63412           1.18
IBM_FV_2004_rule_batch_02_2_SAT_dat.k35.cnf         74587           1.32
IBM_FV_2004_rule_batch_03_SAT_dat.k10.cnf           35309           2.30
IBM_FV_2004_rule_batch_03_SAT_dat.k15.cnf           56119           4.49
IBM_FV_2004_rule_batch_03_SAT_dat.k20.cnf           77054           7.97
IBM_FV_2004_rule_batch_03_SAT_dat.k25.cnf           97989          11.51
IBM_FV_2004_rule_batch_03_SAT_dat.k30.cnf           118924          23.88
IBM_FV_2004_rule_batch_03_SAT_dat.k35.cnf           139860           3.58
IBM_FV_2004_rule_batch_04_SAT_dat.k10.cnf           39117           5.58
IBM_FV_2004_rule_batch_04_SAT_dat.k15.cnf              --          1000.00
IBM_FV_2004_rule_batch_04_SAT_dat.k20.cnf              --          1000.00
IBM_FV_2004_rule_batch_04_SAT_dat.k25.cnf           118678           2.62
IBM_FV_2004_rule_batch_04_SAT_dat.k30.cnf           145218           3.66
IBM_FV_2004_rule_batch_04_SAT_dat.k35.cnf           171758           6.94
IBM_FV_2004_rule_batch_05_SAT_dat.k10.cnf              --          1000.00
IBM_FV_2004_rule_batch_05_SAT_dat.k15.cnf              --          1000.00
IBM_FV_2004_rule_batch_05_SAT_dat.k20.cnf              --          1000.00
IBM_FV_2004_rule_batch_05_SAT_dat.k25.cnf              --          1000.00
IBM_FV_2004_rule_batch_05_SAT_dat.k30.cnf              --          1000.00
IBM_FV_2004_rule_batch_05_SAT_dat.k35.cnf           349042           8.77
IBM_FV_2004_rule_batch_06_SAT_dat.k10.cnf           48206           1.87
IBM_FV_2004_rule_batch_06_SAT_dat.k15.cnf           75615           4.38
IBM_FV_2004_rule_batch_06_SAT_dat.k20.cnf              --          1000.00
IBM_FV_2004_rule_batch_06_SAT_dat.k25.cnf              --          1000.00
IBM_FV_2004_rule_batch_06_SAT_dat.k30.cnf              --          1000.00
IBM_FV_2004_rule_batch_06_SAT_dat.k35.cnf           186056           8.24
IBM_FV_2004_rule_batch_07_SAT_dat.k10.cnf              --          1000.00
IBM_FV_2004_rule_batch_07_SAT_dat.k15.cnf              --          1000.00
IBM_FV_2004_rule_batch_07_SAT_dat.k20.cnf              --          1000.00
IBM_FV_2004_rule_batch_07_SAT_dat.k25.cnf              --          1000.00
IBM_FV_2004_rule_batch_07_SAT_dat.k30.cnf              --          1000.00
IBM_FV_2004_rule_batch_07_SAT_dat.k35.cnf              --          1000.00
IBM_FV_2004_rule_batch_09_SAT_dat.k10.cnf           22934           1.16
IBM_FV_2004_rule_batch_09_SAT_dat.k15.cnf           38108           0.83
IBM_FV_2004_rule_batch_09_SAT_dat.k20.cnf           53388           1.18
IBM_FV_2004_rule_batch_09_SAT_dat.k25.cnf           68668           1.54
IBM_FV_2004_rule_batch_09_SAT_dat.k30.cnf           83948           1.86
IBM_FV_2004_rule_batch_09_SAT_dat.k35.cnf           99228           2.29
IBM_FV_2004_rule_batch_1_02_1_SAT_dat.k10.cnf       22563          32.00
IBM_FV_2004_rule_batch_1_02_1_SAT_dat.k15.cnf          --          1000.00
IBM_FV_2004_rule_batch_1_02_1_SAT_dat.k20.cnf          --          1000.00
IBM_FV_2004_rule_batch_1_02_1_SAT_dat.k25.cnf          --          1000.00
IBM_FV_2004_rule_batch_1_02_1_SAT_dat.k30.cnf          --          1000.00
IBM_FV_2004_rule_batch_1_02_1_SAT_dat.k35.cnf          --          1000.00
IBM_FV_2004_rule_batch_1_02_3_SAT_dat.k10.cnf       27325           0.47
IBM_FV_2004_rule_batch_1_02_3_SAT_dat.k15.cnf       42572           0.74
IBM_FV_2004_rule_batch_1_02_3_SAT_dat.k20.cnf       57877           1.01
IBM_FV_2004_rule_batch_1_02_3_SAT_dat.k25.cnf       73182           1.31
IBM_FV_2004_rule_batch_1_02_3_SAT_dat.k30.cnf       88487           1.57
IBM_FV_2004_rule_batch_1_02_3_SAT_dat.k35.cnf       103792           1.98
IBM_FV_2004_rule_batch_10_SAT_dat.k10.cnf           95785           6.68
IBM_FV_2004_rule_batch_10_SAT_dat.k15.cnf           159500          40.73
IBM_FV_2004_rule_batch_10_SAT_dat.k20.cnf           223390          12.11
IBM_FV_2004_rule_batch_10_SAT_dat.k25.cnf           287280          26.42
IBM_FV_2004_rule_batch_10_SAT_dat.k30.cnf           351170          21.10
IBM_FV_2004_rule_batch_10_SAT_dat.k35.cnf           415060          44.35
IBM_FV_2004_rule_batch_1_11_SAT_dat.k10.cnf         111518          77.51
IBM_FV_2004_rule_batch_1_11_SAT_dat.k15.cnf            --          1000.00
IBM_FV_2004_rule_batch_1_11_SAT_dat.k20.cnf            --          1000.00
IBM_FV_2004_rule_batch_1_11_SAT_dat.k25.cnf            --          1000.00
IBM_FV_2004_rule_batch_1_11_SAT_dat.k30.cnf            --          1000.00
IBM_FV_2004_rule_batch_1_11_SAT_dat.k35.cnf         445150          42.80
IBM_FV_2004_rule_batch_1_13_SAT_dat.k10.cnf            --          1000.00
IBM_FV_2004_rule_batch_1_13_SAT_dat.k15.cnf            --          1000.00
IBM_FV_2004_rule_batch_1_13_SAT_dat.k20.cnf            --          1000.00
IBM_FV_2004_rule_batch_1_13_SAT_dat.k25.cnf            --          1000.00
IBM_FV_2004_rule_batch_1_13_SAT_dat.k30.cnf            --          1000.00
IBM_FV_2004_rule_batch_1_13_SAT_dat.k35.cnf            --          1000.00
IBM_FV_2004_rule_batch_1_14_SAT_dat.k10.cnf         48665          37.86
IBM_FV_2004_rule_batch_1_14_SAT_dat.k15.cnf         77365          11.00
IBM_FV_2004_rule_batch_1_14_SAT_dat.k20.cnf         106135          54.07
IBM_FV_2004_rule_batch_1_14_SAT_dat.k25.cnf         134905          21.85
IBM_FV_2004_rule_batch_1_14_SAT_dat.k30.cnf         163675          21.48
IBM_FV_2004_rule_batch_1_14_SAT_dat.k35.cnf         192445          36.15
IBM_FV_2004_rule_batch_1_16_2_SAT_dat.k10.cnf       14104           0.26
IBM_FV_2004_rule_batch_1_16_2_SAT_dat.k15.cnf       21443           0.38
IBM_FV_2004_rule_batch_1_16_2_SAT_dat.k20.cnf       29233           0.51
IBM_FV_2004_rule_batch_1_16_2_SAT_dat.k25.cnf       37023           0.65
IBM_FV_2004_rule_batch_1_16_2_SAT_dat.k30.cnf       44813           0.79
IBM_FV_2004_rule_batch_1_16_2_SAT_dat.k35.cnf       52603           0.93
IBM_FV_2004_rule_batch_1_17_1_SAT_dat.k10.cnf       26155          15.03
IBM_FV_2004_rule_batch_1_17_1_SAT_dat.k15.cnf       45344          51.41
IBM_FV_2004_rule_batch_1_17_1_SAT_dat.k20.cnf          --          1000.00
IBM_FV_2004_rule_batch_1_17_1_SAT_dat.k25.cnf          --          1000.00
IBM_FV_2004_rule_batch_1_17_1_SAT_dat.k30.cnf          --          1000.00
IBM_FV_2004_rule_batch_1_17_1_SAT_dat.k35.cnf          --          1000.00
IBM_FV_2004_rule_batch_1_17_2_SAT_dat.k10.cnf       27690           1.71
IBM_FV_2004_rule_batch_1_17_2_SAT_dat.k15.cnf       50750           9.34
IBM_FV_2004_rule_batch_1_17_2_SAT_dat.k20.cnf       73810          19.13
IBM_FV_2004_rule_batch_1_17_2_SAT_dat.k25.cnf          --          1000.00
IBM_FV_2004_rule_batch_1_17_2_SAT_dat.k30.cnf          --          1000.00
IBM_FV_2004_rule_batch_1_17_2_SAT_dat.k35.cnf          --          1000.00
IBM_FV_2004_rule_batch_12_SAT_dat.k10.cnf              -1           0.05
IBM_FV_2004_rule_batch_12_SAT_dat.k15.cnf              -1           0.05
IBM_FV_2004_rule_batch_12_SAT_dat.k20.cnf              -1           0.05
IBM_FV_2004_rule_batch_12_SAT_dat.k25.cnf              -1           0.05
IBM_FV_2004_rule_batch_12_SAT_dat.k30.cnf              -1           0.06
IBM_FV_2004_rule_batch_12_SAT_dat.k35.cnf              -1           0.05
IBM_FV_2004_rule_batch_1_31_1_SAT_dat.k10.cnf          --          1000.00
IBM_FV_2004_rule_batch_1_31_1_SAT_dat.k15.cnf          --          1000.00
IBM_FV_2004_rule_batch_1_31_1_SAT_dat.k20.cnf          --          1000.00
IBM_FV_2004_rule_batch_1_31_1_SAT_dat.k25.cnf          --          1000.00
IBM_FV_2004_rule_batch_1_31_1_SAT_dat.k30.cnf          --          1000.00
IBM_FV_2004_rule_batch_1_31_1_SAT_dat.k35.cnf          --          1000.00
IBM_FV_2004_rule_batch_1_31_2_SAT_dat.k10.cnf       44619          59.27
IBM_FV_2004_rule_batch_1_31_2_SAT_dat.k15.cnf          --          1000.00
IBM_FV_2004_rule_batch_1_31_2_SAT_dat.k20.cnf          --          1000.00
IBM_FV_2004_rule_batch_1_31_2_SAT_dat.k25.cnf          --          1000.00
IBM_FV_2004_rule_batch_1_31_2_SAT_dat.k30.cnf          --          1000.00
IBM_FV_2004_rule_batch_1_31_2_SAT_dat.k35.cnf          --          1000.00
IBM_FV_2004_rule_batch_15_SAT_dat.k10.cnf           74434           1.34
IBM_FV_2004_rule_batch_15_SAT_dat.k15.cnf           119910           4.97
IBM_FV_2004_rule_batch_15_SAT_dat.k20.cnf           165415           8.92
IBM_FV_2004_rule_batch_15_SAT_dat.k25.cnf           210920          23.83
IBM_FV_2004_rule_batch_15_SAT_dat.k30.cnf           256425          20.20
IBM_FV_2004_rule_batch_15_SAT_dat.k35.cnf           301930          33.57
IBM_FV_2004_rule_batch_16_1_SAT_dat.k10.cnf         20323          21.21
IBM_FV_2004_rule_batch_16_1_SAT_dat.k15.cnf         30296          30.72
IBM_FV_2004_rule_batch_16_1_SAT_dat.k20.cnf         41141          63.09
IBM_FV_2004_rule_batch_16_1_SAT_dat.k25.cnf            --          1000.00
IBM_FV_2004_rule_batch_16_1_SAT_dat.k30.cnf            --          1000.00
IBM_FV_2004_rule_batch_16_1_SAT_dat.k35.cnf            --          1000.00
IBM_FV_2004_rule_batch_18_SAT_dat.k10.cnf           69988          73.80
IBM_FV_2004_rule_batch_18_SAT_dat.k15.cnf              --          1000.00
IBM_FV_2004_rule_batch_18_SAT_dat.k20.cnf              --          1000.00
IBM_FV_2004_rule_batch_18_SAT_dat.k25.cnf              --          1000.00
IBM_FV_2004_rule_batch_18_SAT_dat.k30.cnf           217310          210.76
IBM_FV_2004_rule_batch_18_SAT_dat.k35.cnf           254305          315.91
IBM_FV_2004_rule_batch_19_SAT_dat.k10.cnf           83901          33.25
IBM_FV_2004_rule_batch_19_SAT_dat.k15.cnf              --          1000.00
IBM_FV_2004_rule_batch_19_SAT_dat.k20.cnf              --          1000.00
IBM_FV_2004_rule_batch_19_SAT_dat.k25.cnf              --          1000.00
IBM_FV_2004_rule_batch_19_SAT_dat.k30.cnf           284488           7.04
IBM_FV_2004_rule_batch_19_SAT_dat.k35.cnf           334643          12.63
IBM_FV_2004_rule_batch_2_02_1_SAT_dat.k10.cnf       21800          70.77
IBM_FV_2004_rule_batch_2_02_1_SAT_dat.k15.cnf          --          1000.00
IBM_FV_2004_rule_batch_2_02_1_SAT_dat.k20.cnf          --          1000.00
IBM_FV_2004_rule_batch_2_02_1_SAT_dat.k25.cnf          --          1000.00
IBM_FV_2004_rule_batch_2_02_1_SAT_dat.k30.cnf          --          1000.00
IBM_FV_2004_rule_batch_2_02_1_SAT_dat.k35.cnf          --          1000.00
IBM_FV_2004_rule_batch_2_02_3_SAT_dat.k10.cnf          --          1000.00
IBM_FV_2004_rule_batch_2_02_3_SAT_dat.k15.cnf       42561          55.12
IBM_FV_2004_rule_batch_2_02_3_SAT_dat.k20.cnf          --          1000.00
IBM_FV_2004_rule_batch_2_02_3_SAT_dat.k25.cnf       73171          24.39
IBM_FV_2004_rule_batch_2_02_3_SAT_dat.k30.cnf       88476          24.13
IBM_FV_2004_rule_batch_2_02_3_SAT_dat.k35.cnf       103781          85.72
IBM_FV_2004_rule_batch_20_SAT_dat.k10.cnf           72086          54.13
IBM_FV_2004_rule_batch_20_SAT_dat.k15.cnf              --          1000.00
IBM_FV_2004_rule_batch_20_SAT_dat.k20.cnf              --          1000.00
IBM_FV_2004_rule_batch_20_SAT_dat.k25.cnf              --          1000.00
IBM_FV_2004_rule_batch_20_SAT_dat.k30.cnf              --          1000.00
IBM_FV_2004_rule_batch_20_SAT_dat.k35.cnf              --          1000.00
IBM_FV_2004_rule_batch_2_11_SAT_dat.k10.cnf         110607          66.72
IBM_FV_2004_rule_batch_2_11_SAT_dat.k15.cnf            --          1000.00
IBM_FV_2004_rule_batch_2_11_SAT_dat.k20.cnf            --          1000.00
IBM_FV_2004_rule_batch_2_11_SAT_dat.k25.cnf            --          1000.00
IBM_FV_2004_rule_batch_2_11_SAT_dat.k30.cnf            --          1000.00
IBM_FV_2004_rule_batch_2_11_SAT_dat.k35.cnf            --          1000.00
IBM_FV_2004_rule_batch_2_14_SAT_dat.k10.cnf         49350          80.41
IBM_FV_2004_rule_batch_2_14_SAT_dat.k15.cnf            --          1000.00
IBM_FV_2004_rule_batch_2_14_SAT_dat.k20.cnf            --          1000.00
IBM_FV_2004_rule_batch_2_14_SAT_dat.k25.cnf            --          1000.00
IBM_FV_2004_rule_batch_2_14_SAT_dat.k30.cnf            --          1000.00
IBM_FV_2004_rule_batch_2_14_SAT_dat.k35.cnf            --          1000.00
IBM_FV_2004_rule_batch_2_16_2_SAT_dat.k10.cnf       14140           0.26
IBM_FV_2004_rule_batch_2_16_2_SAT_dat.k15.cnf       21464           0.37
IBM_FV_2004_rule_batch_2_16_2_SAT_dat.k20.cnf       29254           0.50
IBM_FV_2004_rule_batch_2_16_2_SAT_dat.k25.cnf       37044           0.65
IBM_FV_2004_rule_batch_2_16_2_SAT_dat.k30.cnf       44834           0.78
IBM_FV_2004_rule_batch_2_16_2_SAT_dat.k35.cnf       52624           0.94
IBM_FV_2004_rule_batch_2_17_1_SAT_dat.k10.cnf       22765          91.95
IBM_FV_2004_rule_batch_2_17_1_SAT_dat.k15.cnf          --          1000.00
IBM_FV_2004_rule_batch_2_17_1_SAT_dat.k20.cnf          --          1000.00
IBM_FV_2004_rule_batch_2_17_1_SAT_dat.k25.cnf          --          1000.00
IBM_FV_2004_rule_batch_2_17_1_SAT_dat.k30.cnf          --          1000.00
IBM_FV_2004_rule_batch_2_17_1_SAT_dat.k35.cnf          --          1000.00
IBM_FV_2004_rule_batch_2_17_2_SAT_dat.k10.cnf       30491           1.85
IBM_FV_2004_rule_batch_2_17_2_SAT_dat.k15.cnf       53534          10.28
IBM_FV_2004_rule_batch_2_17_2_SAT_dat.k20.cnf       76594          19.47
IBM_FV_2004_rule_batch_2_17_2_SAT_dat.k25.cnf          --          1000.00
IBM_FV_2004_rule_batch_2_17_2_SAT_dat.k30.cnf          --          1000.00
IBM_FV_2004_rule_batch_2_17_2_SAT_dat.k35.cnf          --          1000.00
IBM_FV_2004_rule_batch_21_SAT_dat.k10.cnf           65179          29.46
IBM_FV_2004_rule_batch_21_SAT_dat.k15.cnf              --          1000.00
IBM_FV_2004_rule_batch_21_SAT_dat.k20.cnf              --          1000.00
IBM_FV_2004_rule_batch_21_SAT_dat.k25.cnf              --          1000.00
IBM_FV_2004_rule_batch_21_SAT_dat.k30.cnf           220086           5.10
IBM_FV_2004_rule_batch_21_SAT_dat.k35.cnf           258821           8.58
IBM_FV_2004_rule_batch_22_SAT_dat.k10.cnf              --          1000.00
IBM_FV_2004_rule_batch_22_SAT_dat.k15.cnf              --          1000.00
IBM_FV_2004_rule_batch_22_SAT_dat.k20.cnf              --          1000.00
IBM_FV_2004_rule_batch_22_SAT_dat.k25.cnf              --          1000.00
IBM_FV_2004_rule_batch_22_SAT_dat.k30.cnf              --          1000.00
IBM_FV_2004_rule_batch_22_SAT_dat.k35.cnf              --          1000.00
IBM_FV_2004_rule_batch_2_31_1_SAT_dat.k10.cnf          --          1000.00
IBM_FV_2004_rule_batch_2_31_1_SAT_dat.k15.cnf          --          1000.00
IBM_FV_2004_rule_batch_2_31_1_SAT_dat.k20.cnf          --          1000.00
IBM_FV_2004_rule_batch_2_31_1_SAT_dat.k25.cnf          --          1000.00
IBM_FV_2004_rule_batch_2_31_1_SAT_dat.k30.cnf          --          1000.00
IBM_FV_2004_rule_batch_2_31_1_SAT_dat.k35.cnf          --          1000.00
IBM_FV_2004_rule_batch_2_31_2_SAT_dat.k10.cnf          --          1000.00
IBM_FV_2004_rule_batch_2_31_2_SAT_dat.k15.cnf          --          1000.00
IBM_FV_2004_rule_batch_2_31_2_SAT_dat.k20.cnf          --          1000.00
IBM_FV_2004_rule_batch_2_31_2_SAT_dat.k25.cnf          --          1000.00
IBM_FV_2004_rule_batch_2_31_2_SAT_dat.k30.cnf          --          1000.00
IBM_FV_2004_rule_batch_2_31_2_SAT_dat.k35.cnf          --          1000.00
IBM_FV_2004_rule_batch_23_SAT_dat.k10.cnf           76085          11.81
IBM_FV_2004_rule_batch_23_SAT_dat.k15.cnf              --          1000.00
IBM_FV_2004_rule_batch_23_SAT_dat.k20.cnf              --          1000.00
IBM_FV_2004_rule_batch_23_SAT_dat.k25.cnf              --          1000.00
IBM_FV_2004_rule_batch_23_SAT_dat.k30.cnf              --          1000.00
IBM_FV_2004_rule_batch_23_SAT_dat.k35.cnf              --          1000.00
IBM_FV_2004_rule_batch_25_SAT_dat.k10.cnf              --          1000.00
IBM_FV_2004_rule_batch_25_SAT_dat.k15.cnf              --          1000.00
IBM_FV_2004_rule_batch_25_SAT_dat.k20.cnf              --          1000.00
IBM_FV_2004_rule_batch_25_SAT_dat.k25.cnf              --          1000.00
IBM_FV_2004_rule_batch_25_SAT_dat.k30.cnf              --          1000.00
IBM_FV_2004_rule_batch_25_SAT_dat.k35.cnf              --          1000.00
IBM_FV_2004_rule_batch_26_SAT_dat.k10.cnf           277610          40.09
IBM_FV_2004_rule_batch_26_SAT_dat.k15.cnf           385165          18.77
IBM_FV_2004_rule_batch_26_SAT_dat.k20.cnf           509490          24.64
IBM_FV_2004_rule_batch_26_SAT_dat.k25.cnf           633815          318.60
IBM_FV_2004_rule_batch_26_SAT_dat.k30.cnf           758140          27.30
IBM_FV_2004_rule_batch_26_SAT_dat.k35.cnf           882465          37.55
IBM_FV_2004_rule_batch_27_SAT_dat.k10.cnf           27069          43.82
IBM_FV_2004_rule_batch_27_SAT_dat.k15.cnf              --          1000.00
IBM_FV_2004_rule_batch_27_SAT_dat.k20.cnf           57369           1.09
IBM_FV_2004_rule_batch_27_SAT_dat.k25.cnf           72574           1.72
IBM_FV_2004_rule_batch_27_SAT_dat.k30.cnf           87779           2.47
IBM_FV_2004_rule_batch_27_SAT_dat.k35.cnf           102984           3.19
IBM_FV_2004_rule_batch_28_SAT_dat.k10.cnf              --          1000.00
IBM_FV_2004_rule_batch_28_SAT_dat.k15.cnf           35796           0.73
IBM_FV_2004_rule_batch_28_SAT_dat.k20.cnf           47771           1.16
IBM_FV_2004_rule_batch_28_SAT_dat.k25.cnf           59746           1.92
IBM_FV_2004_rule_batch_28_SAT_dat.k30.cnf           71721           3.24
IBM_FV_2004_rule_batch_28_SAT_dat.k35.cnf           83696           2.29
IBM_FV_2004_rule_batch_29_SAT_dat.k10.cnf              --          1000.00
IBM_FV_2004_rule_batch_29_SAT_dat.k15.cnf              --          1000.00
IBM_FV_2004_rule_batch_29_SAT_dat.k20.cnf              --          1000.00
IBM_FV_2004_rule_batch_29_SAT_dat.k25.cnf              --          1000.00
IBM_FV_2004_rule_batch_29_SAT_dat.k30.cnf              --          1000.00
IBM_FV_2004_rule_batch_29_SAT_dat.k35.cnf           108358          791.15
IBM_FV_2004_rule_batch_3_02_1_SAT_dat.k10.cnf       19542           2.27
IBM_FV_2004_rule_batch_3_02_1_SAT_dat.k15.cnf       30878           4.20
IBM_FV_2004_rule_batch_3_02_1_SAT_dat.k20.cnf       42328          26.95
IBM_FV_2004_rule_batch_3_02_1_SAT_dat.k25.cnf       53778          19.90
IBM_FV_2004_rule_batch_3_02_1_SAT_dat.k30.cnf       65228          35.89
IBM_FV_2004_rule_batch_3_02_1_SAT_dat.k35.cnf       76678          35.99
IBM_FV_2004_rule_batch_3_02_3_SAT_dat.k10.cnf       27325           0.47
IBM_FV_2004_rule_batch_3_02_3_SAT_dat.k15.cnf       42572           0.75
IBM_FV_2004_rule_batch_3_02_3_SAT_dat.k20.cnf       57877           1.03
IBM_FV_2004_rule_batch_3_02_3_SAT_dat.k25.cnf       73182           1.36
IBM_FV_2004_rule_batch_3_02_3_SAT_dat.k30.cnf       88487           1.57
IBM_FV_2004_rule_batch_3_02_3_SAT_dat.k35.cnf       103792           1.91
IBM_FV_2004_rule_batch_30_SAT_dat.k10.cnf              --          1000.00
IBM_FV_2004_rule_batch_30_SAT_dat.k15.cnf              --          1000.00
IBM_FV_2004_rule_batch_30_SAT_dat.k20.cnf              --          1000.00
IBM_FV_2004_rule_batch_30_SAT_dat.k25.cnf              --          1000.00
IBM_FV_2004_rule_batch_30_SAT_dat.k30.cnf              --          1000.00
IBM_FV_2004_rule_batch_30_SAT_dat.k35.cnf              --          1000.00
IBM_FV_2004_rule_batch_3_11_SAT_dat.k10.cnf         112345          59.15
IBM_FV_2004_rule_batch_3_11_SAT_dat.k15.cnf            --          1000.00
IBM_FV_2004_rule_batch_3_11_SAT_dat.k20.cnf            --          1000.00
IBM_FV_2004_rule_batch_3_11_SAT_dat.k25.cnf            --          1000.00
IBM_FV_2004_rule_batch_3_11_SAT_dat.k30.cnf            --          1000.00
IBM_FV_2004_rule_batch_3_11_SAT_dat.k35.cnf            --          1000.00
IBM_FV_2004_rule_batch_3_16_2_SAT_dat.k10.cnf       14162           0.26
IBM_FV_2004_rule_batch_3_16_2_SAT_dat.k15.cnf       21474           0.38
IBM_FV_2004_rule_batch_3_16_2_SAT_dat.k20.cnf       29264           0.49
IBM_FV_2004_rule_batch_3_16_2_SAT_dat.k25.cnf       37054           0.65
IBM_FV_2004_rule_batch_3_16_2_SAT_dat.k30.cnf       44844           0.78
IBM_FV_2004_rule_batch_3_16_2_SAT_dat.k35.cnf       52634           0.95
IBM_FV_2004_rule_batch_3_31_1_SAT_dat.k10.cnf          --          1000.00
IBM_FV_2004_rule_batch_3_31_1_SAT_dat.k15.cnf          --          1000.00
IBM_FV_2004_rule_batch_3_31_1_SAT_dat.k20.cnf          --          1000.00
IBM_FV_2004_rule_batch_3_31_1_SAT_dat.k25.cnf          --          1000.00
IBM_FV_2004_rule_batch_3_31_1_SAT_dat.k30.cnf          --          1000.00
IBM_FV_2004_rule_batch_3_31_1_SAT_dat.k35.cnf          --          1000.00
IBM_FV_2004_rule_batch_4_02_1_SAT_dat.k10.cnf       19510           2.43
IBM_FV_2004_rule_batch_4_02_1_SAT_dat.k15.cnf       30831           4.04
IBM_FV_2004_rule_batch_4_02_1_SAT_dat.k20.cnf       42266           9.89
IBM_FV_2004_rule_batch_4_02_1_SAT_dat.k25.cnf       53701          18.74
IBM_FV_2004_rule_batch_4_02_1_SAT_dat.k30.cnf       65136          25.73
IBM_FV_2004_rule_batch_4_02_1_SAT_dat.k35.cnf       76571          35.82
IBM_FV_2004_rule_batch_4_02_3_SAT_dat.k10.cnf       27302          23.89
IBM_FV_2004_rule_batch_4_02_3_SAT_dat.k15.cnf          --          1000.00
IBM_FV_2004_rule_batch_4_02_3_SAT_dat.k20.cnf          --          1000.00
IBM_FV_2004_rule_batch_4_02_3_SAT_dat.k25.cnf          --          1000.00
IBM_FV_2004_rule_batch_4_02_3_SAT_dat.k30.cnf          --          1000.00
IBM_FV_2004_rule_batch_4_02_3_SAT_dat.k35.cnf       103781          60.30
IBM_FV_2004_rule_batch_4_16_2_SAT_dat.k10.cnf       21401           0.37
IBM_FV_2004_rule_batch_4_16_2_SAT_dat.k15.cnf       30570           0.52
IBM_FV_2004_rule_batch_4_16_2_SAT_dat.k20.cnf       41090           0.71
IBM_FV_2004_rule_batch_4_16_2_SAT_dat.k25.cnf       51610           0.90
IBM_FV_2004_rule_batch_4_16_2_SAT_dat.k30.cnf       62130           1.11
IBM_FV_2004_rule_batch_4_16_2_SAT_dat.k35.cnf       72650           1.32
IBM_FV_2004_rule_batch_5_02_1_SAT_dat.k10.cnf       19420           2.51
IBM_FV_2004_rule_batch_5_02_1_SAT_dat.k15.cnf       30696           4.12
IBM_FV_2004_rule_batch_5_02_1_SAT_dat.k20.cnf       42086          11.37
IBM_FV_2004_rule_batch_5_02_1_SAT_dat.k25.cnf       53476          13.15
IBM_FV_2004_rule_batch_5_02_1_SAT_dat.k30.cnf       64866          22.74
IBM_FV_2004_rule_batch_5_02_1_SAT_dat.k35.cnf          --          1000.00
IBM_FV_2004_rule_batch_5_02_3_SAT_dat.k10.cnf       27325           0.48
IBM_FV_2004_rule_batch_5_02_3_SAT_dat.k15.cnf       42572           0.75
IBM_FV_2004_rule_batch_5_02_3_SAT_dat.k20.cnf       57877           1.02
IBM_FV_2004_rule_batch_5_02_3_SAT_dat.k25.cnf       73182           1.43
IBM_FV_2004_rule_batch_5_02_3_SAT_dat.k30.cnf       88487           1.57
IBM_FV_2004_rule_batch_5_02_3_SAT_dat.k35.cnf       103792           1.93
IBM_FV_2004_rule_batch_5_16_2_SAT_dat.k10.cnf       19309           0.34
IBM_FV_2004_rule_batch_5_16_2_SAT_dat.k15.cnf       28950           0.50
IBM_FV_2004_rule_batch_5_16_2_SAT_dat.k20.cnf       39470           0.69
IBM_FV_2004_rule_batch_5_16_2_SAT_dat.k25.cnf       49990           0.87
IBM_FV_2004_rule_batch_5_16_2_SAT_dat.k30.cnf       60510           1.04
IBM_FV_2004_rule_batch_5_16_2_SAT_dat.k35.cnf       71030           1.29
IBM_FV_2004_rule_batch_6_02_3_SAT_dat.k10.cnf          --          1000.00
IBM_FV_2004_rule_batch_6_02_3_SAT_dat.k15.cnf          --          1000.00
IBM_FV_2004_rule_batch_6_02_3_SAT_dat.k20.cnf          --          1000.00
IBM_FV_2004_rule_batch_6_02_3_SAT_dat.k25.cnf           0           0.05
IBM_FV_2004_rule_batch_6_02_3_SAT_dat.k30.cnf           0           0.05
IBM_FV_2004_rule_batch_6_02_3_SAT_dat.k35.cnf           0           0.05
IBM_FV_2004_rule_batch_6_16_2_SAT_dat.k10.cnf           0           0.06
IBM_FV_2004_rule_batch_6_16_2_SAT_dat.k15.cnf           0           0.05
IBM_FV_2004_rule_batch_6_16_2_SAT_dat.k20.cnf           0           0.05
IBM_FV_2004_rule_batch_6_16_2_SAT_dat.k25.cnf           0           0.05
IBM_FV_2004_rule_batch_6_16_2_SAT_dat.k30.cnf           0           0.05
IBM_FV_2004_rule_batch_6_16_2_SAT_dat.k35.cnf           0           0.05
IBM_FV_2004_rule_batch_7_02_3_SAT_dat.k15.cnf           0           0.06
IBM_FV_2004_rule_batch_7_02_3_SAT_dat.k20.cnf           0           0.05
IBM_FV_2004_rule_batch_7_02_3_SAT_dat.k25.cnf           0           0.05
IBM_FV_2004_rule_batch_7_02_3_SAT_dat.k30.cnf           0           0.05
IBM_FV_2004_rule_batch_7_02_3_SAT_dat.k35.cnf           0           0.06
