c10_i.cnf                                           50703          15.61
c10_s.cnf                                            3465           0.21
c10b_s.cnf                                          18774           0.67
c10n_s.cnf                                          18021           0.67
c6_i.cnf                                            36858          72.01
c6_s.cnf                                             3150           0.19
c6b.cnf                                             64557          42.31
c6b_i.cnf                                           64683          345.22
c6b_s.cnf                                            8721           0.39
c6bi_s.cnf                                          115113           4.57
c6i.cnf                                             119148          60.81
c6i_s.cnf                                           75855           2.68
c6n.cnf                                             110076          107.50
c6n_i.cnf                                           60327          59.78
c6n_s.cnf                                            7863           0.36
c7_i.cnf                                            38508          11.20
c7_s.cnf                                             3186           0.20
c7b_i.cnf                                           77472          190.70
c7b_s.cnf                                           11181           0.47
c7n.cnf                                             81471          74.74
c7n_i.cnf                                           72639          100.45
c7n_s.cnf                                           10470           0.46
c8_i.cnf                                            41595          39.60
c8_s.cnf                                             3264           0.20
c8b_i.cnf                                              -1          186.30
