normalized-f20c10b_001_area_delay.pmcnf           --        1000.00
normalized-f20c10b_002_area_delay.pmcnf           2464        4.80
normalized-f20c10b_003_area_delay.pmcnf           2981        4.77
normalized-f20c10b_004_area_delay.pmcnf           2507        258.18
normalized-f20c10b_005_area_delay.pmcnf           --        1000.00
normalized-f20c10b_006_area_delay.pmcnf           1400        0.99
normalized-f20c10b_007_area_delay.pmcnf           4434        495.11
normalized-f20c10b_008_area_delay.pmcnf           1775        7.13
normalized-f20c10b_009_area_delay.pmcnf           2476        2.16
normalized-f20c10b_010_area_delay.pmcnf           --        1000.00
normalized-f20c10b_011_area_delay.pmcnf           5084        14.39
normalized-f20c10b_012_area_delay.pmcnf           --        1000.00
normalized-f20c10b_013_area_delay.pmcnf           10068        90.21
normalized-f20c10b_014_area_delay.pmcnf           --        1000.00
normalized-f20c10b_015_area_delay.pmcnf           3155        571.88
normalized-f20c10b_016_area_delay.pmcnf           4050        7.88
normalized-f20c10b_017_area_delay.pmcnf           --        1000.00
normalized-f20c10b_018_area_delay.pmcnf           1409        3.35
normalized-f20c10b_019_area_delay.pmcnf           2992        15.69
normalized-f20c10b_020_area_delay.pmcnf           1949        1.89
normalized-f20c10b_021_area_delay.pmcnf           3670        4.39
normalized-f20c10b_022_area_delay.pmcnf           3242        25.79
normalized-f20c10b_023_area_delay.pmcnf           9178        776.01
normalized-f20c10b_024_area_delay.pmcnf           --        1000.00
normalized-f20c10b_025_area_delay.pmcnf           --        1000.00
normalized-f20c10b_026_area_delay.pmcnf           --        1000.00
normalized-f20c10b_027_area_delay.pmcnf           3578        7.17
normalized-f20c10b_028_area_delay.pmcnf           8051        51.87
normalized-f20c10b_029_area_delay.pmcnf           8555        17.36
normalized-f20c10b_030_area_delay.pmcnf           2084        11.42
normalized-fir01_area_delay.pmcnf           44        0.09
normalized-fir01_area_opers.pmcnf           101        0.11
normalized-fir02_area_delay.pmcnf           305        0.19
normalized-fir02_area_opers.pmcnf           741        0.37
normalized-fir02_area_partials.pmcnf           40        0.07
normalized-fir03_area_delay.pmcnf           1540        0.67
normalized-fir03_area_opers.pmcnf           3285        1.91
normalized-fir03_area_partials.pmcnf           189        0.29
normalized-fir04_area_delay.pmcnf           328        0.34
normalized-fir04_area_opers.pmcnf           850        0.50
normalized-fir04_area_partials.pmcnf           13        0.07
normalized-fir05_area_delay.pmcnf           1675        1.22
normalized-fir05_area_opers.pmcnf           3105        2.38
normalized-fir05_area_partials.pmcnf           182        0.12
normalized-fir06_area_delay.pmcnf           2377        1.28
normalized-fir06_area_opers.pmcnf           5510        5.29
normalized-fir06_area_partials.pmcnf           136        0.35
normalized-fir07_area_delay.pmcnf           6080        5.04
normalized-fir07_area_opers.pmcnf           10952        9.15
normalized-fir07_area_partials.pmcnf           59        0.11
normalized-fir08_area_delay.pmcnf           61457        86.21
normalized-fir08_area_opers.pmcnf           --        1000.00
normalized-fir08_area_partials.pmcnf           --        1000.00
normalized-fir09_area_delay.pmcnf           6469        9.68
normalized-fir09_area_opers.pmcnf           --        1000.00
normalized-fir09_area_partials.pmcnf           502        3.22
normalized-fir10_area_delay.pmcnf           24282        45.52
normalized-fir10_area_opers.pmcnf           --        1000.00
normalized-fir10_area_partials.pmcnf           --        1000.00
