22s.smv.sat.chaff.4.1.bryant.cnf                    40970           1.06
25s.smv.sat.chaff.4.1.bryant.cnf                    33484           0.81
27s.smv.sat.chaff.4.1.bryant.cnf                     1552           0.11
32s.smv.sat.chaff.4.1.bryant.cnf                     2945           0.15
37s.smv.sat.chaff.4.1.bryant.cnf                     1070           0.09
38s.smv.sat.chaff.4.1.bryant.cnf                     2443           0.20
43s.smv.sat.chaff.4.1.bryant.cnf                    21334           0.76
44s.smv.sat.chaff.4.1.bryant.cnf                     3388           0.18
46s.smv.sat.chaff.4.1.bryant.cnf                     8811           0.28
49s.smv.sat.chaff.4.1.bryant.cnf                    54540           1.34
cache.inv10.ucl.sat.chaff.4.1.bryant.cnf            32615           0.79
cache.inv12.ucl.sat.chaff.4.1.bryant.cnf            87705           5.70
cache.inv14.ucl.sat.chaff.4.1.bryant.cnf            204643          295.48
cache.inv8.ucl.sat.chaff.4.1.bryant.cnf              9671           0.26
dlx1c.rwmem1.ucl.sat.chaff.4.1.bryant.cnf           48642           8.03
dlx1c.rwmem.ucl.sat.chaff.4.1.bryant.cnf            52791           3.52
dlx1c.ucl.sat.chaff.4.1.bryant.cnf                  43397           2.29
elf.rf10.ucl.sat.chaff.4.1.bryant.cnf               274321          75.48
elf.rf6.ucl.sat.chaff.4.1.bryant.cnf                  223           0.08
elf.rf7.ucl.sat.chaff.4.1.bryant.cnf                 4771           0.23
elf.rf8.ucl.sat.chaff.4.1.bryant.cnf                31700           1.01
elf.rf9.ucl.sat.chaff.4.1.bryant.cnf                104988           3.85
ooo.rf10.ucl.sat.chaff.4.1.bryant.cnf               82528          50.83
ooo.rf6.ucl.sat.chaff.4.1.bryant.cnf                 8393           0.31
ooo.rf7.ucl.sat.chaff.4.1.bryant.cnf                18784           0.75
ooo.rf8.ucl.sat.chaff.4.1.bryant.cnf                32961           2.56
ooo.rf9.ucl.sat.chaff.4.1.bryant.cnf                53450          21.50
ooo.tag10.ucl.sat.chaff.4.1.bryant.cnf              43407           2.62
ooo.tag12.ucl.sat.chaff.4.1.bryant.cnf              94712           4.01
ooo.tag14.ucl.sat.chaff.4.1.bryant.cnf              179969          11.92
ooo.tag8.ucl.sat.chaff.4.1.bryant.cnf               15650           0.88
