22s.smv.sat.chaff.4.1.bryant.cnf                    40970           5.88
25s.smv.sat.chaff.4.1.bryant.cnf                    33484           1.21
27s.smv.sat.chaff.4.1.bryant.cnf                     1552           0.21
32s.smv.sat.chaff.4.1.bryant.cnf                     2945           0.65
37s.smv.sat.chaff.4.1.bryant.cnf                     1070           0.10
38s.smv.sat.chaff.4.1.bryant.cnf                     2443           2.74
43s.smv.sat.chaff.4.1.bryant.cnf                    21334          50.51
44s.smv.sat.chaff.4.1.bryant.cnf                     3388           1.71
46s.smv.sat.chaff.4.1.bryant.cnf                     8811           2.09
49s.smv.sat.chaff.4.1.bryant.cnf                    54540           1.15
cache.inv10.ucl.sat.chaff.4.1.bryant.cnf            32615           1.37
cache.inv12.ucl.sat.chaff.4.1.bryant.cnf               --          1000.00
cache.inv14.ucl.sat.chaff.4.1.bryant.cnf               --          1000.00
cache.inv8.ucl.sat.chaff.4.1.bryant.cnf              9671           0.23
dlx1c.rwmem1.ucl.sat.chaff.4.1.bryant.cnf              --          1000.00
dlx1c.rwmem.ucl.sat.chaff.4.1.bryant.cnf               --          1000.00
dlx1c.ucl.sat.chaff.4.1.bryant.cnf                     --          1000.00
elf.rf10.ucl.sat.chaff.4.1.bryant.cnf                  --          1000.00
elf.rf6.ucl.sat.chaff.4.1.bryant.cnf                  223           0.08
elf.rf7.ucl.sat.chaff.4.1.bryant.cnf                 4771           2.87
elf.rf8.ucl.sat.chaff.4.1.bryant.cnf                31700          56.67
elf.rf9.ucl.sat.chaff.4.1.bryant.cnf                   --          1000.00
ooo.rf10.ucl.sat.chaff.4.1.bryant.cnf                  --          1000.00
ooo.rf6.ucl.sat.chaff.4.1.bryant.cnf                 8393           7.12
ooo.rf7.ucl.sat.chaff.4.1.bryant.cnf                18784          68.93
ooo.rf8.ucl.sat.chaff.4.1.bryant.cnf                   --          1000.00
ooo.rf9.ucl.sat.chaff.4.1.bryant.cnf                   --          1000.00
ooo.tag10.ucl.sat.chaff.4.1.bryant.cnf              43407          66.01
ooo.tag12.ucl.sat.chaff.4.1.bryant.cnf                 --          1000.00
ooo.tag14.ucl.sat.chaff.4.1.bryant.cnf                 --          1000.00
ooo.tag8.ucl.sat.chaff.4.1.bryant.cnf               15650          18.51
