normalized-9symml_F_117_@1.pmcnf           11        0.34
normalized-9symml_F1@1.pmcnf           8        10.25
normalized-9symml_F2@0.pmcnf           8        1.84
normalized-9symml_F3@0.pmcnf           8        13.86
normalized-9symml_F4@1.pmcnf           8        15.51
normalized-9symml_F4-_52312_@1.pmcnf           8        5.05
normalized-9symml_F5@1.pmcnf           8        2.71
normalized-9symml_F_52309_@0.pmcnf           9        4.45
normalized-9symml_F_52310_-_117_@0.pmcnf           9        0.30
normalized-9symml_F_52310_@1.pmcnf           11        0.54
normalized-9symml_F_52312_@0.pmcnf           9        5.60
normalized-9symml_F5-_52310_@0.pmcnf           10        0.55
normalized-9symml_F6@0.pmcnf           8        3.96
normalized-9symml_F6-_117_@0.pmcnf           9        0.35
normalized-9symml_F7@0.pmcnf           8        14.17
normalized-9symml_F7-_52309_@0.pmcnf           10        0.42
normalized-9symml_F8@1.pmcnf           8        16.15
normalized-alu4_Fa@1.pmcnf           21        1.27
normalized-alu4_Fb@0.pmcnf           21        1.11
normalized-alu4_Fc@0.pmcnf           21        0.88
normalized-alu4_Fd@1.pmcnf           25        0.28
normalized-alu4_Ff@1.pmcnf           21        1.07
normalized-alu4_Fg@0.pmcnf           21        0.83
normalized-alu4_Fg@1.pmcnf           21        0.86
normalized-alu4_Fh@0.pmcnf           25        0.28
normalized-alu4_Fh@1.pmcnf           25        0.28
normalized-alu4_Fj@0.pmcnf           21        1.30
normalized-alu4_Fk@0.pmcnf           21        1.94
normalized-alu4_Fl@1.pmcnf           21        1.29
normalized-apex2_Fv0@1.pmcnf           56        0.45
normalized-apex2_Fv1@1.pmcnf           --        1000.00
normalized-apex2_Fv12@0.pmcnf           64        3.20
normalized-apex2_Fv13@1.pmcnf           --        1000.00
normalized-apex2_Fv14@1.pmcnf           65        0.54
normalized-apex2_Fv16@0.pmcnf           62        0.28
normalized-apex2_Fv17@1.pmcnf           63        0.74
normalized-apex2_Fv18@1.pmcnf           58        500.79
normalized-apex2_Fv19@1.pmcnf           57        16.68
normalized-apex2_Fv20@0.pmcnf           67        0.23
normalized-apex2_Fv2@0.pmcnf           59        2.10
normalized-apex2_Fv21@1.pmcnf           67        0.20
normalized-apex2_Fv22@1.pmcnf           66        0.39
normalized-apex2_Fv24@1.pmcnf           68        0.40
normalized-apex2_Fv6@1.pmcnf           --        1000.00
normalized-apex2_Fv7@0.pmcnf           65        0.89
normalized-apex2_Fv8@1.pmcnf           --        1000.00
normalized-c1355_F1001gat-1048gat@1.pmcnf           --        1000.00
normalized-c1355_F1001gat@1.pmcnf           --        1000.00
normalized-c1355_F1036gat-1229gat@1.pmcnf           --        1000.00
normalized-c1355_F1051gat@1.pmcnf           --        1000.00
normalized-c1355_F106gat@0.pmcnf           --        1000.00
normalized-c1355_F106gat-409gat@1.pmcnf           --        1000.00
normalized-c1355_F113gat-1260gat@1.pmcnf           --        1000.00
normalized-c1355_F1150gat@0.pmcnf           --        1000.00
normalized-c1355_F1183gat-1262gat@1.pmcnf           --        1000.00
normalized-c1355_F120gat-414gat@1.pmcnf           --        1000.00
normalized-c1355_F1229gat@1.pmcnf           49        343.72
normalized-c1355_F127gat-418gat@1.pmcnf           --        1000.00
normalized-c1355_F141gat@0.pmcnf           --        1000.00
normalized-c1355_F155gat@1.pmcnf           --        1000.00
normalized-c1355_F176gat-1278gat@1.pmcnf           --        1000.00
normalized-c1355_F183gat@0.pmcnf           --        1000.00
normalized-c1355_F197gat-308gat@1.pmcnf           --        1000.00
normalized-c1355_F1gat@0.pmcnf           --        1000.00
normalized-c1355_F43gat@1.pmcnf           --        1000.00
normalized-c1355_F50gat@1.pmcnf           --        1000.00
normalized-c1355_F543gat@1.pmcnf           --        1000.00
normalized-c1355_F57gat@1.pmcnf           --        1000.00
normalized-c1355_F71gat@1.pmcnf           --        1000.00
normalized-c17_F10gat@1.pmcnf           5        0.07
normalized-c17_F11gat@0.pmcnf           8        0.08
normalized-c17_F11gat-16gat@1.pmcnf           6        0.08
normalized-c17_F11gat-19gat@1.pmcnf           4        0.08
normalized-c17_F11gat@1.pmcnf           7        0.08
normalized-c17_F16gat@0.pmcnf           8        0.09
normalized-c17_F16gat@1.pmcnf           8        0.08
normalized-c17_F16gat-22gat@1.pmcnf           6        0.08
normalized-c17_F16gat-23gat@1.pmcnf           5        0.08
normalized-c17_F19gat@1.pmcnf           5        0.08
normalized-c17_F1gat@1.pmcnf           3        0.08
normalized-c17_F22gat@0.pmcnf           6        0.08
normalized-c17_F22gat@1.pmcnf           6        0.08
normalized-c17_F23gat@0.pmcnf           6        0.07
normalized-c17_F23gat@1.pmcnf           6        0.07
normalized-c17_F2gat@1.pmcnf           7        0.07
normalized-c17_F3gat@0.pmcnf           6        0.08
normalized-c17_F3gat-10gat@1.pmcnf           3        0.07
normalized-c17_F3gat-11gat@1.pmcnf           5        0.08
normalized-c17_F6gat@1.pmcnf           4        0.08
normalized-c17_F7gat@1.pmcnf           4        0.08
normalized-c1908_F101@0.pmcnf           62        0.62
normalized-c1908_F101@1.pmcnf           62        0.61
normalized-c1908_F104@0.pmcnf           62        0.64
normalized-c1908_F104@1.pmcnf           62        0.63
normalized-c1908_F107@0.pmcnf           62        0.63
normalized-c1908_F107@1.pmcnf           62        0.63
normalized-c1908_F110@0.pmcnf           62        0.61
normalized-c1908_F110@1.pmcnf           62        0.62
normalized-c1908_F113@0.pmcnf           62        0.61
normalized-c1908_F113@1.pmcnf           62        0.61
normalized-c1908_F116@0.pmcnf           62        0.63
normalized-c1908_F116@1.pmcnf           62        0.63
normalized-c1908_F119@0.pmcnf           62        0.61
normalized-c1908_F119@1.pmcnf           62        0.61
normalized-c1908_F122@0.pmcnf           62        0.59
normalized-c1908_F122@1.pmcnf           62        0.59
normalized-c1908_F125@0.pmcnf           62        0.61
normalized-c1908_F125@1.pmcnf           62        0.61
normalized-c1908_F221@1.pmcnf           --        1000.00
normalized-c1908_F469@0.pmcnf           54        19.01
normalized-c1908_F902@0.pmcnf           --        1000.00
normalized-c1908_F952@0.pmcnf           56        279.93
normalized-c1908_F953@0.pmcnf           61        0.76
normalized-c1908_F953@1.pmcnf           61        0.82
normalized-c2670_F11@0.pmcnf           178        0.67
normalized-c2670_F11@1.pmcnf           178        0.62
normalized-c2670_F1@1.pmcnf           19        0.11
normalized-c2670_F14@1.pmcnf           --        1000.00
normalized-c2670_F15@1.pmcnf           0        0.08
normalized-c2670_F16@0.pmcnf           --        1000.00
normalized-c2670_F16@1.pmcnf           --        1000.00
normalized-c2670_F19@1.pmcnf           178        0.61
normalized-c2670_F20@1.pmcnf           178        0.60
normalized-c2670_F2@1.pmcnf           0        0.09
normalized-c2670_F27@1.pmcnf           178        0.61
normalized-c2670_F28@1.pmcnf           178        0.60
normalized-c2670_F3@1.pmcnf           19        0.10
normalized-c2670_F32@1.pmcnf           178        0.61
normalized-c2670_F34@1.pmcnf           178        0.62
normalized-c2670_F36@1.pmcnf           19        0.11
normalized-c2670_F37@1.pmcnf           --        1000.00
normalized-c2670_F4@1.pmcnf           178        0.59
normalized-c2670_F6@1.pmcnf           178        0.62
normalized-c2670_F7@1.pmcnf           4        0.09
normalized-c2670_F74@1.pmcnf           284        0.42
normalized-c2670_F78@1.pmcnf           284        0.42
normalized-c2670_F8@0.pmcnf           --        1000.00
normalized-c2670_F8@1.pmcnf           235        1.20
normalized-c3540_F20@1.pmcnf           93        8.47
normalized-c3540_F41@1.pmcnf           92        5.25
normalized-c3540_F45@0.pmcnf           --        1000.00
normalized-c3540_F45@1.pmcnf           --        1000.00
normalized-c432_F102gat@1.pmcnf           61        4.04
normalized-c432_F105gat@0.pmcnf           59        14.85
normalized-c432_F14gat@0.pmcnf           63        0.28
normalized-c432_F14gat@1.pmcnf           63        0.29
normalized-c432_F17gat@1.pmcnf           64        0.34
normalized-c432_F1gat@1.pmcnf           63        0.50
normalized-c432_F30gat@1.pmcnf           64        0.38
normalized-c432_F37gat@1.pmcnf           62        27.67
normalized-c432_F60gat@1.pmcnf           61        197.95
normalized-c499_Fic0@1.pmcnf           39        48.08
normalized-c499_Fic2@1.pmcnf           39        85.04
normalized-c499_Fic6@1.pmcnf           --        1000.00
normalized-c499_Fid11@1.pmcnf           --        1000.00
normalized-c499_Fid18@0.pmcnf           67        179.81
normalized-c499_Fid20-xa10@0.pmcnf           --        1000.00
normalized-c499_Fid26@0.pmcnf           67        86.24
normalized-c499_Fxa10@0.pmcnf           --        1000.00
normalized-c5315_F1@0.pmcnf           2        0.09
normalized-c5315_F11@1.pmcnf           46        0.12
normalized-c5315_F34@1.pmcnf           5        0.11
normalized-c5315_F4@1.pmcnf           247        0.80
normalized-c5315_F43@0.pmcnf           88        0.14
normalized-c5315_F54@1.pmcnf           258        0.75
normalized-c5315_F61@1.pmcnf           46        0.12
normalized-c5315_F79@1.pmcnf           6        0.13
normalized-c6288_F137gat@1.pmcnf           --        1000.00
normalized-c6288_F18gat@0.pmcnf           60        1.32
normalized-c6288_F205gat@1.pmcnf           56        183.31
normalized-c6288_F35gat@1.pmcnf           59        2.19
normalized-c6288_F69gat@1.pmcnf           57        9.92
normalized-duke2_Fv0@0.pmcnf           32        0.20
normalized-duke2_Fv10@1.pmcnf           --        1000.00
normalized-duke2_Fv1@1.pmcnf           26        0.16
normalized-duke2_Fv12@1.pmcnf           33        1.02
normalized-duke2_Fv2@0.pmcnf           33        0.90
normalized-duke2_Fv3@0.pmcnf           22        0.14
normalized-duke2_Fv4@1.pmcnf           32        3.78
normalized-duke2_Fv5@1.pmcnf           36        0.63
normalized-duke2_Fv6@0.pmcnf           33        0.68
normalized-duke2_Fv7@0.pmcnf           36        0.56
normalized-e64_Fv0@0.pmcnf           100        0.79
normalized-e64_Fv10@1.pmcnf           121        0.48
normalized-e64_Fv11@1.pmcnf           113        0.63
normalized-e64_Fv12@0.pmcnf           76        0.79
normalized-e64_Fv13@1.pmcnf           70        0.76
normalized-e64_Fv14@1.pmcnf           123        0.43
normalized-e64_Fv3@1.pmcnf           106        0.75
normalized-e64_Fv4@1.pmcnf           95        0.82
normalized-e64_Fv5@1.pmcnf           85        0.84
normalized-e64_Fv6@1.pmcnf           103        0.77
normalized-e64_Fv7@0.pmcnf           108        0.73
normalized-e64_Fv9@0.pmcnf           91        0.85
normalized-e64_Fv9@1.pmcnf           91        0.83
normalized-misex1_Fdmpst0@1.pmcnf           11        0.16
normalized-misex1_Fdmpst1@0.pmcnf           11        0.15
normalized-misex1_Fdmpst2@0.pmcnf           12        0.13
normalized-misex1_Fdmpst3@1.pmcnf           12        0.13
normalized-misex3_Fa@0.pmcnf           --        1000.00
normalized-misex3_Fa@1.pmcnf           --        1000.00
normalized-misex3_Fb@0.pmcnf           --        1000.00
normalized-misex3_Fb@1.pmcnf           19        176.18
normalized-spla_F_51723_@0.pmcnf           23        6.59
normalized-spla_Fv10@0.pmcnf           24        1.85
normalized-spla_Fv1@0.pmcnf           28        0.62
normalized-spla_Fv12@1.pmcnf           23        26.24
normalized-spla_Fv13@0.pmcnf           23        16.73
normalized-spla_Fv14@0.pmcnf           23        51.66
normalized-spla_Fv15@1.pmcnf           23        18.92
normalized-spla_Fv2@1.pmcnf           29        0.12
normalized-spla_Fv4@1.pmcnf           27        0.66
normalized-spla_Fv6@1.pmcnf           27        0.66
normalized-spla_Fv7@0.pmcnf           27        0.67
normalized-spla_Fv9@0.pmcnf           25        0.92
