9symml_gr_2pin_w5.shuffled.cnf                         --          1000.00
9symml_gr_2pin_w6.shuffled.cnf                      36994           0.99
9symml_gr_rcs_w5.shuffled.cnf                          --          1000.00
9symml_gr_rcs_w6.shuffled.cnf                       29119           0.50
alu2_gr_rcs_w7.shuffled.cnf                            --          1000.00
alu2_gr_rcs_w8.shuffled.cnf                         83902           1.41
apex7_gr_2pin_w4.shuffled.cnf                       10938           0.93
apex7_gr_2pin_w5.shuffled.cnf                       15358           0.50
apex7_gr_rcs_w5.shuffled.cnf                        11695           0.21
c499_gr_2pin_w5.shuffled.cnf                           --          1000.00
c499_gr_2pin_w6.shuffled.cnf                        22470           2.00
c499_gr_rcs_w5.shuffled.cnf                            --          1000.00
c499_gr_rcs_w6.shuffled.cnf                         18870           0.33
c880_gr_rcs_w5.shuffled.cnf                            --          1000.00
c880_gr_rcs_w6.shuffled.cnf                            --          1000.00
c880_gr_rcs_w7.shuffled.cnf                         61745           1.02
example2_gr_2pin_w5.shuffled.cnf                       --          1000.00
example2_gr_2pin_w6.shuffled.cnf                    41023           1.79
example2_gr_rcs_w5.shuffled.cnf                        --          1000.00
example2_gr_rcs_w6.shuffled.cnf                     27684           0.46
term1_gr_2pin_w3.shuffled.cnf                          --          1000.00
term1_gr_2pin_w4.shuffled.cnf                        3964           0.14
term1_gr_rcs_w3.shuffled.cnf                         2505          21.89
term1_gr_rcs_w4.shuffled.cnf                         3290           0.09
too_large_gr_rcs_w5.shuffled.cnf                       --          1000.00
too_large_gr_rcs_w6.shuffled.cnf                       --          1000.00
too_large_gr_rcs_w7.shuffled.cnf                    50373           0.84
too_large_gr_rcs_w8.shuffled.cnf                    57495           0.94
too_large_gr_rcs_w9.shuffled.cnf                    64617           1.08
vda_gr_rcs_w7.shuffled.cnf                             --          1000.00
vda_gr_rcs_w8.shuffled.cnf                             --          1000.00
vda_gr_rcs_w9.shuffled.cnf                          130997           2.24
