b14_opt_bug2_vec1-gate-0.dimacs.seq                 402706          14.06
b15-bug-fourvec-gate-0.dimacs.seq                      --          1000.00
b15-bug-onevec-gate-0.dimacs.seq                    359039          36.80
c1_DD_s3_f1_e2_v1-bug-fourvec-gate-0.dimacs.seq     989881          52.53
c1_DD_s3_f1_e2_v1-bug-onevec-gate-0.dimacs.seq      258293           8.56
c2_DD_s3_f1_e2_v1-bug-fourvec-gate-0.dimacs.seq     1121806          66.54
c2_DD_s3_f1_e2_v1-bug-onevec-gate-0.dimacs.seq      236941           8.56
c3_DD_s3_f1_e1_v1-bug-fourvec-gate-0.dimacs.seq     86940           3.77
c3_DD_s3_f1_e1_v1-bug-onevec-gate-0.dimacs.seq      21735           0.67
c4_DD_s3_f1_e1_v1-bug-gate-0.dimacs.seq             2011208          158.71
c4_DD_s3_f1_e2_v1-bug-fourvec-gate-0.dimacs.seq     1130668          59.36
c4_DD_s3_f1_e2_v1-bug-onevec-gate-0.dimacs.seq      331753          11.03
c5315-bug-gate-0.dimacs.seq                          5048           0.20
c5_DD_s3_f1_e1_v1-bug-fourvec-gate-0.dimacs.seq     270488          13.14
c5_DD_s3_f1_e1_v1-bug-gate-0.dimacs.seq             540976          39.41
c5_DD_s3_f1_e1_v1-bug-onevec-gate-0.dimacs.seq      67622           2.18
c5_DD_s3_f1_e1_v2-bug-gate-0.dimacs.seq             540976          39.39
c6288-bug-gate-0.dimacs.seq                          9284           0.44
c6_DD_s3_f1_e1_v1-bug-fourvec-gate-0.dimacs.seq     454046          22.53
c6_DD_s3_f1_e1_v1-bug-gate-0.dimacs.seq             795892          59.41
c6_DD_s3_f1_e1_v1-bug-onevec-gate-0.dimacs.seq      117719           3.78
c6_DD_s3_f1_e2_v1-bug-fourvec-gate-0.dimacs.seq     454046          22.51
c7552-bug-gate-0.dimacs.seq                          7007           0.28
dividers10.dimacs                                   162872          12.12
dividers11.dimacs                                   162981           5.75
dividers1.dimacs                                    162981           6.55
dividers2.dimacs                                    162981           5.81
dividers3.dimacs                                    162981           5.71
dividers4.dimacs                                    162981           6.86
dividers5.dimacs                                    162981           5.96
dividers6_hack.dimacs                               132698           4.80
dividers7.dimacs                                    231331           9.16
dividers8.dimacs                                    162981           5.69
dividers9.dimacs                                    162981           6.29
dividers_multivec1.dimacs                           397648          17.74
i2c_master1.dimacs                                  285986          24.21
i2c_master2.dimacs                                  221319           9.74
mem_ctrl1.dimacs                                       --          1000.00
mot_comb1._red-gate-0.dimacs.seq                     5325           0.20
mot_comb2._red-gate-0.dimacs.seq                    13893           0.43
mot_comb3._red-gate-0.dimacs.seq                    29519           0.91
mrisc_mem2wire1.dimacs                              641597          23.90
rsdecoder1.dimacs                                   935186          331.98
rsdecoder2.dimacs                                   1632525          92.42
rsdecoder3.dimacs                                   936005          38.20
rsdecoder4.dimacs                                      --          1000.00
rsdecoder5.dimacs                                      --          1000.00
rsdecoder6.dimacs                                      --          1000.00
rsdecoder_fsm1.dimacs                               936005          308.53
rsdecoder_fsm2.dimacs                                  --          1000.00
rsdecoder_multivec1.dimacs                             --          1000.00
s15850-bug-fourvec-gate-0.dimacs.seq                206248           9.72
s15850-bug-onevec-gate-0.dimacs.seq                 51562           1.60
s38584-bug-onevec-gate-0.dimacs.seq                 819829          29.79
SM_AS_TOP_buggy1.dimacs                                --          1000.00
SM_MAIN_MEM_buggy1.dimacs                              --          1000.00
SM_RX_TOP.dimacs                                       --          1000.00
spi2.dimacs                                         515812          199.15
wb1.dimacs                                          139873          131.52
wb2.dimacs                                             --          1000.00
wb_4m8s1.dimacs                                        --          1000.00
wb_4m8s3.dimacs                                     1759142          143.60
wb_4m8s4.dimacs                                        --          1000.00
wb_conmax1.dimacs                                      --          1000.00
wb_conmax3.dimacs                                   1220987          628.32
