C168_FW_SZ_107.cnf                                   6598           0.36
C168_FW_SZ_128.cnf                                   5424           0.25
C168_FW_SZ_41.cnf                                    5386           0.23
C168_FW_SZ_66.cnf                                    5400           0.22
C168_FW_SZ_75.cnf                                    5421           0.23
C168_FW_UT_2463.cnf                                  7488           0.31
C168_FW_UT_2468.cnf                                  7486           0.30
C168_FW_UT_2469.cnf                                  7499           0.29
C168_FW_UT_714.cnf                                   7486           0.29
C168_FW_UT_851.cnf                                   7490           0.29
C168_FW_UT_852.cnf                                   7488           0.28
C168_FW_UT_854.cnf                                   7485           0.29
C168_FW_UT_855.cnf                                   7484           0.29
C170_FR_RZ_32.cnf                                    4955           0.26
C170_FR_SZ_58.cnf                                    5000           0.21
C170_FR_SZ_92.cnf                                    5081           0.24
C170_FR_SZ_95.cnf                                    4954           0.22
C170_FR_SZ_96.cnf                                    4954           0.22
C202_FS_RZ_44.cnf                                    6198           0.24
C202_FS_SZ_104.cnf                                   6200           0.24
C202_FS_SZ_121.cnf                                   6180           0.24
C202_FS_SZ_122.cnf                                   6178           0.24
C202_FS_SZ_74.cnf                                    6354           0.27
C202_FS_SZ_84.cnf                                    6272           0.33
C202_FS_SZ_95.cnf                                    6183           0.24
C202_FS_SZ_97.cnf                                    6249           0.25
C202_FW_RZ_57.cnf                                    8684           0.35
C202_FW_SZ_100.cnf                                   8737           0.30
C202_FW_SZ_103.cnf                                  10282           0.70
C202_FW_SZ_118.cnf                                   8810           0.33
C202_FW_SZ_123.cnf                                   8685           0.31
C202_FW_SZ_124.cnf                                   8683           0.30
C202_FW_SZ_61.cnf                                    8744           0.30
C202_FW_SZ_77.cnf                                    8859           0.35
C202_FW_SZ_87.cnf                                    8945           0.49
C202_FW_SZ_96.cnf                                    8848           0.42
C202_FW_SZ_98.cnf                                    8688           0.30
C202_FW_UT_2814.cnf                                 11351           0.39
C202_FW_UT_2815.cnf                                 11351           0.40
C208_FA_RZ_43.cnf                                    5296           0.22
C208_FA_RZ_64.cnf                                    5278           0.25
C208_FA_SZ_120.cnf                                   5277           0.21
C208_FA_SZ_121.cnf                                   5277           0.22
C208_FA_SZ_87.cnf                                    5298           0.21
C208_FA_UT_3254.cnf                                  7333           0.28
C208_FA_UT_3255.cnf                                  7336           0.28
C208_FC_RZ_65.cnf                                    5590           0.22
C208_FC_RZ_70.cnf                                    5542           0.26
C208_FC_SZ_107.cnf                                   5640           0.23
C208_FC_SZ_127.cnf                                   5541           0.22
C208_FC_SZ_128.cnf                                   5541           0.22
C210_FS_RZ_23.cnf                                    5777           0.24
C210_FS_RZ_38.cnf                                    5762           0.24
C210_FS_RZ_40.cnf                                    5751           0.25
C210_FS_SZ_103.cnf                                   5774           0.24
C210_FS_SZ_107.cnf                                   5761           0.23
C210_FS_SZ_123.cnf                                   5920           0.27
C210_FS_SZ_129.cnf                                   5752           0.24
C210_FS_SZ_130.cnf                                   5752           0.24
C210_FS_SZ_55.cnf                                    5780           0.25
C210_FS_SZ_78.cnf                                    5929           0.27
C210_FW_RZ_30.cnf                                    7425           0.29
C210_FW_RZ_57.cnf                                    7404           0.29
C210_FW_RZ_59.cnf                                    7393           0.30
C210_FW_SZ_106.cnf                                   7416           0.29
C210_FW_SZ_111.cnf                                   7403           0.28
C210_FW_SZ_128.cnf                                   7411           0.28
C210_FW_SZ_129.cnf                                   7605           0.32
C210_FW_SZ_135.cnf                                   7394           0.28
C210_FW_SZ_136.cnf                                   7394           0.28
C210_FW_SZ_80.cnf                                    7571           0.32
C210_FW_SZ_90.cnf                                    7993           0.59
C210_FW_SZ_91.cnf                                    7720           0.49
C210_FW_UT_8630.cnf                                  9720           0.35
C210_FW_UT_8634.cnf                                  9718           0.35
C220_FV_RZ_12.cnf                                    4511           0.20
C220_FV_RZ_13.cnf                                    4508           0.20
C220_FV_RZ_14.cnf                                    4507           0.20
C220_FV_SZ_114.cnf                                   4776           0.24
C220_FV_SZ_121.cnf                                   4507           0.21
C220_FV_SZ_39.cnf                                    5262           0.55
C220_FV_SZ_46.cnf                                    4497           0.19
C220_FV_SZ_55.cnf                                    5752           0.78
C220_FV_SZ_65.cnf                                    4495           0.20
