p_hat500-2.clq.cnf  xxx 666.13
san1000.clq.cnf  xxx 472.43
c-fat200-5.clq.cnf  xxx 441.17
brock400_2.clq.cnf  xxx 880.62
brock800_2.clq.cnf  xxx 476.51
p_hat300-2.clq.cnf  xxx 535.80
san200_0.9_1.clq.cnf  xxx 612.19
hamming6-2.clq.cnf  xxx 1311.51
hamming10-2.clq.cnf  xxx 622.30
brock200_3.clq.cnf  xxx 627.33
san400_0.5_1.clq.cnf  xxx 578.39
sanr200_0.7.clq.cnf  xxx 556.34
brock400_1.clq.cnf  xxx 708.48
keller5.clq.cnf  xxx 933.51
brock400_4.clq.cnf  xxx 489.61
johnson16-2-4.clq.cnf  xxx 610.83
johnson8-4-4.clq.cnf  xxx 703.15
p_hat500-1.clq.cnf  xxx 554.88
MANN_a45.clq.cnf  xxx 530.04
sanr200_0.9.clq.cnf  xxx 480.53
keller4.clq.cnf  xxx 501.13
p_hat700-2.clq.cnf  xxx 486.94
brock400_3.clq.cnf  xxx 554.90
p_hat700-1.clq.cnf  xxx 643.55
san200_0.9_2.clq.cnf  xxx 870.60
hamming10-4.clq.cnf  xxx 988.79
MANN_a9.clq.cnf  xxx 553.05
hamming8-2.clq.cnf  xxx 612.90
sanr400_0.5.clq.cnf  xxx 478.48
san400_0.7_2.clq.cnf  xxx 445.94
p_hat300-3.clq.cnf  xxx 954.13
hamming8-4.clq.cnf  xxx 491.56
c-fat200-1.clq.cnf  xxx 0.07
p_hat300-1.clq.cnf  xxx 755.00
johnson8-2-4.clq.cnf  xxx 578.18
c-fat500-5.clq.cnf  xxx 1007.53
p_hat1000-1.clq.cnf  xxx 833.37
san400_0.7_1.clq.cnf  xxx 569.02
brock800_3.clq.cnf  xxx 491.51
san200_0.7_2.clq.cnf  xxx 891.17
p_hat500-3.clq.cnf  xx 928.58
san200_0.9_3.clq.cnf  xxx 576.54
brock200_4.clq.cnf  xxx 560.55
MANN_a81.clq.cnf  xxx 471.59
hamming6-4.clq.cnf  xxx 529.75
san400_0.7_3.clq.cnf  xxx 574.12
p_hat1000-3.clq.cnf  xxx 466.03
johnson32-2-4.clq.cnf  xxx 461.05
brock200_2.clq.cnf  xxx 456.21
san200_0.7_1.clq.cnf  xxx 654.65
p_hat700-3.clq.cnf  xxx 549.48
c-fat500-2.clq.cnf  xxx 0.13
brock800_4.clq.cnf  xxx 543.99
sanr400_0.7.clq.cnf  xxx 470.62
c-fat500-1.clq.cnf  xxx 0.06
brock800_1.clq.cnf  xxx 506.64
c-fat500-10.clq.cnf  xxx 808.31
san400_0.9_1.clq.cnf  xxx 490.49
c-fat200-2.clq.cnf  xxx 0.15
p_hat1000-2.clq.cnf  xxx  575.46
brock200_1.clq.cnf  xxx 469.30
MANN_a27.clq.cnf  xxx 531.06
