b14_opt_bug2_vec1-gate-0.dimacs.seq                 402706           9.79
b15-bug-fourvec-gate-0.dimacs.seq                      --          1000.00
b15-bug-onevec-gate-0.dimacs.seq                    359039          27.43
c1_DD_s3_f1_e2_v1-bug-fourvec-gate-0.dimacs.seq     989881          41.90
c1_DD_s3_f1_e2_v1-bug-onevec-gate-0.dimacs.seq      258293           5.92
c2_DD_s3_f1_e2_v1-bug-fourvec-gate-0.dimacs.seq     1121806          51.89
c2_DD_s3_f1_e2_v1-bug-onevec-gate-0.dimacs.seq      236941           5.72
c3_DD_s3_f1_e1_v1-bug-fourvec-gate-0.dimacs.seq     86940           2.84
c3_DD_s3_f1_e1_v1-bug-onevec-gate-0.dimacs.seq      21735           0.44
c4_DD_s3_f1_e1_v1-bug-gate-0.dimacs.seq             2011208          136.72
c4_DD_s3_f1_e2_v1-bug-fourvec-gate-0.dimacs.seq     1130668          47.22
c4_DD_s3_f1_e2_v1-bug-onevec-gate-0.dimacs.seq      331753           7.62
c5315-bug-gate-0.dimacs.seq                          5048           0.14
c5_DD_s3_f1_e1_v1-bug-fourvec-gate-0.dimacs.seq     270488          10.20
c5_DD_s3_f1_e1_v1-bug-gate-0.dimacs.seq             540976          33.32
c5_DD_s3_f1_e1_v1-bug-onevec-gate-0.dimacs.seq      67622           1.46
c5_DD_s3_f1_e1_v2-bug-gate-0.dimacs.seq             540976          33.32
c5_DD_s3_f1_e1_v2-bug-onevec-gate-0.dimacs.seq      67623           0.26
c6288-bug-gate-0.dimacs.seq                          9284           0.54
c6_DD_s3_f1_e1_v1-bug-fourvec-gate-0.dimacs.seq     454046          17.63
c6_DD_s3_f1_e1_v1-bug-gate-0.dimacs.seq             795892          50.69
c6_DD_s3_f1_e1_v1-bug-onevec-gate-0.dimacs.seq      117719           2.57
c6_DD_s3_f1_e2_v1-bug-fourvec-gate-0.dimacs.seq     454046          17.62
c7552-bug-gate-0.dimacs.seq                          7007           0.21
mot_comb1._red-gate-0.dimacs.seq                     5325           0.14
mot_comb2._red-gate-0.dimacs.seq                    13893           0.29
mot_comb3._red-gate-0.dimacs.seq                    29519           0.59
s15850-bug-fourvec-gate-0.dimacs.seq                206248           7.63
s15850-bug-onevec-gate-0.dimacs.seq                 51562           1.07
s38584-bug-onevec-gate-0.dimacs.seq                 819829          21.12
