bf0432-005.cnf                                       3667           0.24
bf0432-007.cnf                                       3667           0.29
bf0432-011.cnf                                       3742           0.16
bf0432-015.cnf                                       3684           0.31
bf0432-017.cnf                                       3684           0.28
bf0432-033.cnf                                       2783           0.22
bf0432-035.cnf                                       2783           0.22
bf0432-039.cnf                                       2789           0.20
bf0432-041.cnf                                       2782           0.22
bf0432-043.cnf                                       2782           0.20
bf0432-048.cnf                                       1036           0.12
bf0432-053.cnf                                       3765           0.16
bf0432-070.cnf                                       3760           0.17
bf0432-077.cnf                                       3684           0.34
bf0432-079.cnf                                       3684           0.33
bf0432-091.cnf                                       3760           0.17
bf0432-103.cnf                                       3745           0.17
bf0432-122.cnf                                       3762           0.18
bf0432-135.cnf                                       1030           0.13
bf0432-138.cnf                                        999           0.12
bf0432-139.cnf                                       1010           0.07
bf1355-075.cnf                                       6777           0.21
bf1355-076.cnf                                       6777           0.21
bf1355-119.cnf                                       7305           0.22
bf1355-120.cnf                                       7305           0.21
bf1355-123.cnf                                       7305           0.22
bf1355-124.cnf                                       7305           0.23
bf1355-127.cnf                                       7305           0.22
bf1355-128.cnf                                       7305           0.23
bf1355-131.cnf                                       7270           0.21
bf1355-132.cnf                                       7270           0.20
bf1355-143.cnf                                       7288           0.22
bf1355-144.cnf                                       7288           0.21
bf1355-147.cnf                                       7288           0.21
bf1355-148.cnf                                       7288           0.21
bf1355-151.cnf                                       7294           0.22
bf1355-152.cnf                                       7294           0.21
bf1355-159.cnf                                       7304           0.20
bf1355-160.cnf                                       7304           0.21
bf1355-167.cnf                                       7261           0.21
bf1355-168.cnf                                       7261           0.21
bf1355-175.cnf                                       7247           0.21
bf1355-176.cnf                                       7247           0.21
bf1355-227.cnf                                       7306           0.20
bf1355-228.cnf                                       7306           0.21
bf1355-239.cnf                                       7306           0.21
bf1355-240.cnf                                       7306           0.21
bf1355-243.cnf                                       4030           0.19
bf1355-291.cnf                                       7265           0.21
bf1355-292.cnf                                       7265           0.21
bf1355-295.cnf                                       6290           0.19
bf1355-296.cnf                                       6290           0.19
bf1355-303.cnf                                       7272           0.21
bf1355-304.cnf                                       7272           0.21
bf1355-315.cnf                                       7272           0.22
bf1355-316.cnf                                       7272           0.22
bf1355-319.cnf                                       7247           0.23
bf1355-320.cnf                                       7247           0.21
bf1355-323.cnf                                       7270           0.21
bf1355-324.cnf                                       7270           0.21
bf1355-327.cnf                                       7247           0.22
bf1355-328.cnf                                       7247           0.22
bf1355-347.cnf                                       7270           0.21
bf1355-348.cnf                                       7270           0.21
bf1355-351.cnf                                       7247           0.21
bf1355-352.cnf                                       7247           0.20
bf1355-355.cnf                                       7272           0.23
bf1355-356.cnf                                       7272           0.22
bf1355-359.cnf                                       7306           0.21
bf1355-360.cnf                                       7306           0.22
bf1355-363.cnf                                       7287           0.20
bf1355-364.cnf                                       7287           0.20
bf1355-445.cnf                                       7304           0.21
bf1355-446.cnf                                       7304           0.23
bf1355-449.cnf                                       7295           0.21
bf1355-450.cnf                                       7295           0.21
bf1355-453.cnf                                       7294           0.21
bf1355-454.cnf                                       7294           0.22
bf1355-457.cnf                                       7270           0.21
bf1355-458.cnf                                       7270           0.21
bf1355-461.cnf                                       7304           0.21
bf1355-462.cnf                                       7304           0.22
bf1355-465.cnf                                       7294           0.21
bf1355-466.cnf                                       7294           0.21
bf1355-469.cnf                                       7288           0.22
bf1355-470.cnf                                       7288           0.22
bf1355-473.cnf                                       7294           0.22
bf1355-474.cnf                                       7294           0.22
bf1355-477.cnf                                       7243           0.22
bf1355-478.cnf                                       7243           0.20
bf1355-481.cnf                                       7270           0.22
bf1355-482.cnf                                       7270           0.21
bf1355-485.cnf                                       7295           0.22
bf1355-486.cnf                                       7295           0.22
bf1355-489.cnf                                       7270           0.21
bf1355-490.cnf                                       7270           0.22
bf1355-493.cnf                                       7272           0.21
bf1355-494.cnf                                       7272           0.20
bf1355-497.cnf                                       6767           0.20
bf1355-498.cnf                                       6767           0.21
bf1355-505.cnf                                       6766           0.21
bf1355-506.cnf                                       6766           0.21
bf1355-509.cnf                                       6767           0.21
bf1355-510.cnf                                       6767           0.21
bf1355-513.cnf                                       7269           0.21
bf1355-514.cnf                                       7269           0.22
bf1355-517.cnf                                       7287           0.21
bf1355-518.cnf                                       7287           0.22
bf1355-521.cnf                                       7263           0.22
bf1355-522.cnf                                       7263           0.22
bf1355-525.cnf                                       6787           0.20
bf1355-526.cnf                                       6787           0.20
bf1355-529.cnf                                       7304           0.21
bf1355-530.cnf                                       7304           0.21
bf1355-533.cnf                                       7295           0.21
bf1355-534.cnf                                       7295           0.21
bf1355-537.cnf                                       6710           0.20
bf1355-538.cnf                                       6710           0.20
bf1355-557.cnf                                       7295           0.22
bf1355-558.cnf                                       7295           0.22
bf1355-561.cnf                                       7261           0.21
bf1355-562.cnf                                       7261           0.22
bf1355-565.cnf                                       7297           0.21
bf1355-566.cnf                                       7297           0.22
bf1355-573.cnf                                       6777           0.20
bf1355-574.cnf                                       6777           0.20
bf1355-577.cnf                                       6792           0.21
bf1355-578.cnf                                       6792           0.20
bf1355-581.cnf                                       7287           0.22
bf1355-582.cnf                                       7287           0.21
bf1355-585.cnf                                       7269           0.21
bf1355-586.cnf                                       7269           0.21
bf1355-589.cnf                                       7261           0.20
bf1355-590.cnf                                       7261           0.21
bf1355-593.cnf                                       6777           0.21
bf1355-594.cnf                                       6777           0.20
bf1355-597.cnf                                       7297           0.22
bf1355-598.cnf                                       7297           0.22
bf1355-601.cnf                                       7282           0.22
bf1355-602.cnf                                       7282           0.21
bf1355-617.cnf                                       7289           0.21
bf1355-618.cnf                                       7289           0.20
bf1355-621.cnf                                       7297           0.20
bf1355-622.cnf                                       7297           0.21
bf1355-625.cnf                                       7265           0.21
bf1355-626.cnf                                       7265           0.21
bf1355-629.cnf                                       6766           0.20
bf1355-630.cnf                                       6766           0.21
bf1355-633.cnf                                       7269           0.22
bf1355-634.cnf                                       7269           0.22
bf1355-637.cnf                                       6767           0.20
bf1355-638.cnf                                       6767           0.21
bf1355-653.cnf                                       7306           0.22
bf1355-654.cnf                                       7306           0.21
bf1355-661.cnf                                       7295           0.21
bf1355-662.cnf                                       7295           0.21
bf1355-665.cnf                                       7304           0.21
bf1355-666.cnf                                       7304           0.21
bf1355-669.cnf                                       7304           0.20
bf1355-670.cnf                                       7304           0.21
bf1355-681.cnf                                       7247           0.21
bf1355-682.cnf                                       7247           0.21
bf1355-701.cnf                                       7287           0.22
bf1355-702.cnf                                       7287           0.22
bf1355-741.cnf                                       7306           0.22
bf1355-742.cnf                                       7306           0.21
bf1355-749.cnf                                       7294           0.21
bf1355-750.cnf                                       7294           0.21
bf1355-757.cnf                                       7305           0.21
bf1355-758.cnf                                       7305           0.20
bf2670-001.cnf                                       3433           0.14
bf2670-007.cnf                                       1633           0.07
bf2670-008.cnf                                       1643           0.09
bf2670-033.cnf                                       1640           0.07
bf2670-035.cnf                                       1698           0.11
bf2670-038.cnf                                       2286           0.09
bf2670-042.cnf                                       2169           0.08
bf2670-051.cnf                                       3439           0.15
bf2670-052.cnf                                       3439           0.15
bf2670-121.cnf                                       1619           0.09
bf2670-126.cnf                                       1613           0.07
bf2670-130.cnf                                       4765           0.15
bf2670-143.cnf                                       1662           0.08
bf2670-144.cnf                                       1625           0.07
bf2670-145.cnf                                       1643           0.08
bf2670-187.cnf                                       3390           0.14
bf2670-189.cnf                                       3416           0.23
bf2670-190.cnf                                       3416           0.25
bf2670-200.cnf                                       3368           0.13
bf2670-202.cnf                                       3438           0.20
bf2670-203.cnf                                       3438           0.23
bf2670-208.cnf                                       3422           0.13
bf2670-240.cnf                                       4940           0.30
bf2670-241.cnf                                       4940           0.31
bf2670-244.cnf                                       4268           0.29
bf2670-248.cnf                                       4323           0.41
bf2670-269.cnf                                       3495           0.16
bf2670-275.cnf                                       4333           0.12
bf2670-278.cnf                                       4334           0.12
bf2670-400.cnf                                       3248           0.27
bf2670-404.cnf                                       2323           0.22
bf2670-414.cnf                                       2940           0.10
bf2670-449.cnf                                       1677           0.08
bf2670-461.cnf                                       2169           0.08
bf2670-468.cnf                                       3858           0.18
bf2670-483.cnf                                       4391           0.12
bf2670-487.cnf                                       3608           0.20
bf2670-491.cnf                                       3360           0.22
bf2670-492.cnf                                       3360           0.16
bf2670-493.cnf                                       3382           0.21
bf2670-494.cnf                                       3382           0.15
bf2670-495.cnf                                       3400           0.13
bf2670-501.cnf                                       4940           0.26
bf2670-502.cnf                                       4940           0.28
bf2670-510.cnf                                       4940           0.27
bf2670-511.cnf                                       4940           0.24
bf2670-522.cnf                                       3413           0.19
bf2670-524.cnf                                       3435           0.20
bf2670-532.cnf                                       3840           0.21
bf2670-533.cnf                                       3840           0.20
bf2670-538.cnf                                       4711           0.19
bf2670-546.cnf                                       3736           0.22
bf2670-547.cnf                                       3736           0.22
