c10b_s.cnf                                          18774           7.65
c10_i.cnf                                              --          1000.00
c10n_s.cnf                                          18021           7.70
c10_s.cnf                                            3465           0.40
c6b.cnf                                                --          1000.00
c6b_i.cnf                                              --          1000.00
c6bi_s.cnf                                          115113          54.95
c6b_s.cnf                                            8721           2.46
c6_i.cnf                                               --          1000.00
c6i.cnf                                                --          1000.00
c6i_s.cnf                                           75855          15.04
c6n.cnf                                                --          1000.00
c6n_i.cnf                                              --          1000.00
c6n_s.cnf                                            7863           2.46
c6_s.cnf                                             3150           0.22
c7b_i.cnf                                              --          1000.00
c7b_s.cnf                                           11181           5.33
c7_i.cnf                                               --          1000.00
c7n.cnf                                                --          1000.00
c7n_i.cnf                                              --          1000.00
c7n_s.cnf                                           10470           5.27
c7_s.cnf                                             3186           0.31
c8b_i.cnf                                              --          1000.00
c8b_s.cnf                                           14112           6.05
c8_i.cnf                                               --          1000.00
c8n_i.cnf                                              --          1000.00
c8n_s.cnf                                           12780           6.04
c8_s.cnf                                             3264           0.33
c9b_i.cnf                                              --          1000.00
c9b_s.cnf                                           15675           6.97
c9_i.cnf                                               --          1000.00
c9n_i.cnf                                              --          1000.00
c9n_s.cnf                                           15321           6.99
c9_s.cnf                                             3324           0.36
f6b.cnf                                                --          1000.00
f6.cnf                                                 --          1000.00
f6i.cnf                                                --          1000.00
f6n.cnf                                                --          1000.00
f7.cnf                                                 --          1000.00
g6b.cnf                                                --          1000.00
g6bi.cnf                                               --          1000.00
g6bid.cnf                                              --          1000.00
g6bidw.cnf                                             --          1000.00
g6.cnf                                                 --          1000.00
g6i.cnf                                                --          1000.00
g6id.cnf                                               --          1000.00
g6idw.cnf                                              --          1000.00
g6n.cnf                                                --          1000.00
g6ni.cnf                                               --          1000.00
g6nid.cnf                                              --          1000.00
g6nidw.cnf                                             --          1000.00
g7b.cnf                                                --          1000.00
g7.cnf                                                 --          1000.00
g7n.cnf                                                --          1000.00
g8b.cnf                                                --          1000.00
g8.cnf                                                 --          1000.00
g8n.cnf                                                --          1000.00
g9.cnf                                                 --          1000.00
