normalized-9symml_F_117_@1.pmcnf           11        0.38
normalized-9symml_F1@1.pmcnf           8        150.26
normalized-9symml_F2@0.pmcnf           8        9.02
normalized-9symml_F3@0.pmcnf           8        125.29
normalized-9symml_F4@1.pmcnf           8        326.39
normalized-9symml_F4-_52312_@1.pmcnf           8        35.54
normalized-9symml_F5@1.pmcnf           8        22.58
normalized-9symml_F_52309_@0.pmcnf           9        17.50
normalized-9symml_F_52310_-_117_@0.pmcnf           9        0.31
normalized-9symml_F_52310_@1.pmcnf           11        0.75
normalized-9symml_F_52312_@0.pmcnf           9        38.99
normalized-9symml_F5-_52310_@0.pmcnf           10        0.69
normalized-9symml_F6@0.pmcnf           8        18.87
normalized-9symml_F6-_117_@0.pmcnf           9        0.40
normalized-9symml_F7@0.pmcnf           8        226.64
normalized-9symml_F7-_52309_@0.pmcnf           10        0.53
normalized-9symml_F8@1.pmcnf           8        426.82
normalized-alu4_Fa@1.pmcnf           21        1.46
normalized-alu4_Fb@0.pmcnf           21        1.40
normalized-alu4_Fc@0.pmcnf           21        1.27
normalized-alu4_Fd@1.pmcnf           25        0.28
normalized-alu4_Ff@1.pmcnf           21        1.26
normalized-alu4_Fg@0.pmcnf           21        1.04
normalized-alu4_Fg@1.pmcnf           21        1.19
normalized-alu4_Fh@0.pmcnf           25        0.28
normalized-alu4_Fh@1.pmcnf           25        0.27
normalized-alu4_Fj@0.pmcnf           21        1.52
normalized-alu4_Fk@0.pmcnf           21        1.51
normalized-alu4_Fl@1.pmcnf           21        1.66
normalized-apex2_Fv0@1.pmcnf           56        0.40
normalized-apex2_Fv1@1.pmcnf           --        1000.00
normalized-apex2_Fv12@0.pmcnf           64        2.51
normalized-apex2_Fv13@1.pmcnf           --        1000.00
normalized-apex2_Fv14@1.pmcnf           65        3.82
normalized-apex2_Fv16@0.pmcnf           62        0.68
normalized-apex2_Fv17@1.pmcnf           63        12.87
normalized-apex2_Fv18@1.pmcnf           --        1000.00
normalized-apex2_Fv19@1.pmcnf           --        1000.00
normalized-apex2_Fv20@0.pmcnf           67        0.23
normalized-apex2_Fv2@0.pmcnf           --        1000.00
normalized-apex2_Fv21@1.pmcnf           67        0.26
normalized-apex2_Fv22@1.pmcnf           66        0.32
normalized-apex2_Fv24@1.pmcnf           68        0.46
normalized-apex2_Fv6@1.pmcnf           --        1000.00
normalized-apex2_Fv7@0.pmcnf           65        0.80
normalized-apex2_Fv8@1.pmcnf           --        1000.00
normalized-c1355_F1001gat-1048gat@1.pmcnf           --        1000.00
normalized-c1355_F1001gat@1.pmcnf           --        1000.00
normalized-c1355_F1036gat-1229gat@1.pmcnf           --        1000.00
normalized-c1355_F1051gat@1.pmcnf           --        1000.00
normalized-c1355_F106gat@0.pmcnf           --        1000.00
normalized-c1355_F106gat-409gat@1.pmcnf           --        1000.00
normalized-c1355_F113gat-1260gat@1.pmcnf           --        1000.00
normalized-c1355_F1150gat@0.pmcnf           --        1000.00
normalized-c1355_F1183gat-1262gat@1.pmcnf           --        1000.00
normalized-c1355_F120gat-414gat@1.pmcnf           --        1000.00
normalized-c1355_F1229gat@1.pmcnf           --        1000.00
normalized-c1355_F127gat-418gat@1.pmcnf           --        1000.00
normalized-c1355_F141gat@0.pmcnf           --        1000.00
normalized-c1355_F155gat@1.pmcnf           --        1000.00
normalized-c1355_F176gat-1278gat@1.pmcnf           --        1000.00
normalized-c1355_F183gat@0.pmcnf           --        1000.00
normalized-c1355_F197gat-308gat@1.pmcnf           --        1000.00
normalized-c1355_F1gat@0.pmcnf           --        1000.00
normalized-c1355_F43gat@1.pmcnf           --        1000.00
normalized-c1355_F50gat@1.pmcnf           --        1000.00
normalized-c1355_F543gat@1.pmcnf           --        1000.00
normalized-c1355_F57gat@1.pmcnf           --        1000.00
normalized-c1355_F71gat@1.pmcnf           --        1000.00
normalized-c17_F10gat@1.pmcnf           5        0.09
normalized-c17_F11gat@0.pmcnf           8        0.08
normalized-c17_F11gat-16gat@1.pmcnf           6        0.07
normalized-c17_F11gat-19gat@1.pmcnf           4        0.07
normalized-c17_F11gat@1.pmcnf           7        0.09
normalized-c17_F16gat@0.pmcnf           8        0.08
normalized-c17_F16gat@1.pmcnf           8        0.07
normalized-c17_F16gat-22gat@1.pmcnf           6        0.08
normalized-c17_F16gat-23gat@1.pmcnf           5        0.07
normalized-c17_F19gat@1.pmcnf           5        0.09
normalized-c17_F1gat@1.pmcnf           3        0.07
normalized-c17_F22gat@0.pmcnf           6        0.08
normalized-c17_F22gat@1.pmcnf           6        0.08
normalized-c17_F23gat@0.pmcnf           6        0.07
normalized-c17_F23gat@1.pmcnf           6        0.08
normalized-c17_F2gat@1.pmcnf           7        0.07
normalized-c17_F3gat@0.pmcnf           6        0.08
normalized-c17_F3gat-10gat@1.pmcnf           3        0.07
normalized-c17_F3gat-11gat@1.pmcnf           5        0.07
normalized-c17_F6gat@1.pmcnf           4        0.08
normalized-c17_F7gat@1.pmcnf           4        0.08
normalized-c1908_F101@0.pmcnf           62        0.62
normalized-c1908_F101@1.pmcnf           62        0.63
normalized-c1908_F104@0.pmcnf           62        0.64
normalized-c1908_F104@1.pmcnf           62        0.64
normalized-c1908_F107@0.pmcnf           62        0.65
normalized-c1908_F107@1.pmcnf           62        0.63
normalized-c1908_F110@0.pmcnf           62        0.61
normalized-c1908_F110@1.pmcnf           62        0.61
normalized-c1908_F113@0.pmcnf           62        0.61
normalized-c1908_F113@1.pmcnf           62        0.60
normalized-c1908_F116@0.pmcnf           62        0.62
normalized-c1908_F116@1.pmcnf           62        0.62
normalized-c1908_F119@0.pmcnf           62        0.62
normalized-c1908_F119@1.pmcnf           62        0.62
normalized-c1908_F122@0.pmcnf           62        0.59
normalized-c1908_F122@1.pmcnf           62        0.60
normalized-c1908_F125@0.pmcnf           62        0.61
normalized-c1908_F125@1.pmcnf           62        0.62
normalized-c1908_F221@1.pmcnf           --        1000.00
normalized-c1908_F469@0.pmcnf           54        25.14
normalized-c1908_F902@0.pmcnf           --        1000.00
normalized-c1908_F952@0.pmcnf           --        1000.00
normalized-c1908_F953@0.pmcnf           61        0.79
normalized-c1908_F953@1.pmcnf           61        0.87
normalized-c2670_F11@0.pmcnf           178        0.72
normalized-c2670_F11@1.pmcnf           178        0.68
normalized-c2670_F1@1.pmcnf           19        0.11
normalized-c2670_F14@1.pmcnf           232        1.16
normalized-c2670_F15@1.pmcnf           0        0.08
normalized-c2670_F16@0.pmcnf           --        1000.00
normalized-c2670_F16@1.pmcnf           --        1000.00
normalized-c2670_F19@1.pmcnf           178        0.63
normalized-c2670_F20@1.pmcnf           178        0.62
normalized-c2670_F2@1.pmcnf           0        0.09
normalized-c2670_F27@1.pmcnf           178        0.63
normalized-c2670_F28@1.pmcnf           178        0.64
normalized-c2670_F3@1.pmcnf           19        0.11
normalized-c2670_F32@1.pmcnf           178        0.62
normalized-c2670_F34@1.pmcnf           178        0.63
normalized-c2670_F36@1.pmcnf           19        0.11
normalized-c2670_F37@1.pmcnf           --        1000.00
normalized-c2670_F4@1.pmcnf           178        0.62
normalized-c2670_F6@1.pmcnf           178        0.62
normalized-c2670_F7@1.pmcnf           4        0.09
normalized-c2670_F74@1.pmcnf           284        0.41
normalized-c2670_F78@1.pmcnf           284        0.42
normalized-c2670_F8@0.pmcnf           --        1000.00
normalized-c2670_F8@1.pmcnf           235        0.97
normalized-c3540_F20@1.pmcnf           93        10.31
normalized-c3540_F41@1.pmcnf           92        9.83
normalized-c3540_F45@0.pmcnf           --        1000.00
normalized-c3540_F45@1.pmcnf           --        1000.00
normalized-c432_F102gat@1.pmcnf           61        1.55
normalized-c432_F105gat@0.pmcnf           59        779.05
normalized-c432_F14gat@0.pmcnf           63        0.38
normalized-c432_F14gat@1.pmcnf           63        0.26
normalized-c432_F17gat@1.pmcnf           64        0.35
normalized-c432_F1gat@1.pmcnf           63        0.71
normalized-c432_F30gat@1.pmcnf           64        0.40
normalized-c432_F37gat@1.pmcnf           62        25.56
normalized-c432_F60gat@1.pmcnf           61        0.71
normalized-c499_Fic0@1.pmcnf           39        55.10
normalized-c499_Fic2@1.pmcnf           --        1000.00
normalized-c499_Fic6@1.pmcnf           39        4.16
normalized-c499_Fid11@1.pmcnf           --        1000.00
normalized-c499_Fid18@0.pmcnf           --        1000.00
normalized-c499_Fid20-xa10@0.pmcnf           48        5.77
normalized-c499_Fid26@0.pmcnf           --        1000.00
normalized-c499_Fxa10@0.pmcnf           49        3.39
normalized-c5315_F1@0.pmcnf           2        0.09
normalized-c5315_F11@1.pmcnf           46        0.12
normalized-c5315_F34@1.pmcnf           5        0.12
normalized-c5315_F4@1.pmcnf           247        0.83
normalized-c5315_F43@0.pmcnf           88        0.13
normalized-c5315_F54@1.pmcnf           258        0.75
normalized-c5315_F61@1.pmcnf           46        0.13
normalized-c5315_F79@1.pmcnf           6        0.12
normalized-c6288_F137gat@1.pmcnf           --        1000.00
normalized-c6288_F18gat@0.pmcnf           60        1.19
normalized-c6288_F205gat@1.pmcnf           56        168.30
normalized-c6288_F35gat@1.pmcnf           59        2.13
normalized-c6288_F69gat@1.pmcnf           57        11.62
normalized-duke2_Fv0@0.pmcnf           32        0.19
normalized-duke2_Fv10@1.pmcnf           --        1000.00
normalized-duke2_Fv1@1.pmcnf           26        0.15
normalized-duke2_Fv12@1.pmcnf           33        1.83
normalized-duke2_Fv2@0.pmcnf           33        1.49
normalized-duke2_Fv3@0.pmcnf           22        0.16
normalized-duke2_Fv4@1.pmcnf           32        7.53
normalized-duke2_Fv5@1.pmcnf           36        0.68
normalized-duke2_Fv6@0.pmcnf           33        1.25
normalized-duke2_Fv7@0.pmcnf           36        0.59
normalized-e64_Fv0@0.pmcnf           100        0.80
normalized-e64_Fv10@1.pmcnf           121        0.47
normalized-e64_Fv11@1.pmcnf           113        0.66
normalized-e64_Fv12@0.pmcnf           76        0.80
normalized-e64_Fv13@1.pmcnf           70        0.78
normalized-e64_Fv14@1.pmcnf           123        0.46
normalized-e64_Fv3@1.pmcnf           106        0.78
normalized-e64_Fv4@1.pmcnf           95        0.83
normalized-e64_Fv5@1.pmcnf           85        0.84
normalized-e64_Fv6@1.pmcnf           103        0.77
normalized-e64_Fv7@0.pmcnf           108        0.72
normalized-e64_Fv9@0.pmcnf           91        0.87
normalized-e64_Fv9@1.pmcnf           91        0.83
normalized-misex1_Fdmpst0@1.pmcnf           11        0.16
normalized-misex1_Fdmpst1@0.pmcnf           11        0.14
normalized-misex1_Fdmpst2@0.pmcnf           12        0.12
normalized-misex1_Fdmpst3@1.pmcnf           12        0.12
normalized-misex3_Fa@0.pmcnf           --        1000.00
normalized-misex3_Fa@1.pmcnf           --        1000.00
normalized-misex3_Fb@0.pmcnf           --        1000.00
normalized-misex3_Fb@1.pmcnf           19        958.29
normalized-spla_F_51723_@0.pmcnf           23        31.78
normalized-spla_Fv10@0.pmcnf           24        5.21
normalized-spla_Fv1@0.pmcnf           28        0.61
normalized-spla_Fv12@1.pmcnf           23        89.77
normalized-spla_Fv13@0.pmcnf           23        62.94
normalized-spla_Fv14@0.pmcnf           23        135.49
normalized-spla_Fv15@1.pmcnf           23        57.33
normalized-spla_Fv2@1.pmcnf           29        0.10
normalized-spla_Fv4@1.pmcnf           27        0.65
normalized-spla_Fv6@1.pmcnf           27        0.66
normalized-spla_Fv7@0.pmcnf           27        0.75
normalized-spla_Fv9@0.pmcnf           25        1.14
