c10b_s.cnf                                          18774           0.58
c10_i.cnf                                           50703          27.64
c10n_s.cnf                                          18021           0.50
c10_s.cnf                                            3465           0.14
c6b.cnf                                             64557          392.87
c6b_i.cnf                                           64683          456.01
c6bi_s.cnf                                          115113           4.01
c6b_s.cnf                                            8721           0.28
c6_i.cnf                                            36858          74.18
c6i.cnf                                                --          1000.00
c6i_s.cnf                                           75855           1.99
c6n.cnf                                             110076          63.72
c6n_i.cnf                                           60327          535.06
c6n_s.cnf                                            7863           0.26
c6_s.cnf                                             3150           0.13
c7b_i.cnf                                           77472          615.69
c7b_s.cnf                                           11181           0.35
c7_i.cnf                                            38508          33.33
c7n.cnf                                             81471          328.06
c7n_i.cnf                                           72639          595.23
c7n_s.cnf                                           10470           0.34
c7_s.cnf                                             3186           0.13
c8b_i.cnf                                           95004          1163.92
c8b_s.cnf                                           14112           0.41
c8_i.cnf                                            41595          102.27
c8n_i.cnf                                              --          1000.00
c8n_s.cnf                                           12780           0.41
c8_s.cnf                                             3264           0.15
c9b_i.cnf                                           109845          740.44
c9b_s.cnf                                           15675           0.50
c9_i.cnf                                            44739          248.70
c9n_i.cnf                                              --          1000.00
c9n_s.cnf                                           15321           0.46
c9_s.cnf                                             3324           0.14
f6b.cnf                                             109569          53.56
f6.cnf                                              83724          18.09
f6i.cnf                                             144690          28.34
f6n.cnf                                             110919          38.78
f7.cnf                                                 --          1000.00
g6b.cnf                                             39570           9.80
g6bi.cnf                                            69894          27.02
g6bid.cnf                                           118191          198.94
g6bidw.cnf                                          133539          562.65
g6.cnf                                              27918           7.66
g6i.cnf                                             49647           9.40
g6id.cnf                                            84870          98.28
g6idw.cnf                                           99696          79.15
g6n.cnf                                             36978          16.49
g6ni.cnf                                            67908          123.40
g6nid.cnf                                              --          1000.00
g6nidw.cnf                                          132615          119.12
g7b.cnf                                             75711          61.23
g7.cnf                                              51792          85.26
g7n.cnf                                             70491          274.91
g8b.cnf                                             119994          319.14
g8.cnf                                              80343          15.55
g8n.cnf                                             115812          532.05
g9.cnf                                              116934          485.36
