normalized-f20c10b_001_area_delay.pmcnf           --        1000.00
normalized-f20c10b_002_area_delay.pmcnf           2464        10.27
normalized-f20c10b_003_area_delay.pmcnf           --        1000.00
normalized-f20c10b_004_area_delay.pmcnf           2507        28.45
normalized-f20c10b_005_area_delay.pmcnf           --        1000.00
normalized-f20c10b_006_area_delay.pmcnf           1400        7.33
normalized-f20c10b_007_area_delay.pmcnf           --        1000.00
normalized-f20c10b_008_area_delay.pmcnf           --        1000.00
normalized-f20c10b_009_area_delay.pmcnf           2476        8.40
normalized-f20c10b_010_area_delay.pmcnf           --        1000.00
normalized-f20c10b_011_area_delay.pmcnf           --        1000.00
normalized-f20c10b_012_area_delay.pmcnf           --        1000.00
normalized-f20c10b_013_area_delay.pmcnf           10068        100.68
normalized-f20c10b_014_area_delay.pmcnf           --        1000.00
normalized-f20c10b_015_area_delay.pmcnf           --        1000.00
normalized-f20c10b_016_area_delay.pmcnf           --        1000.00
normalized-f20c10b_017_area_delay.pmcnf           --        1000.00
normalized-f20c10b_018_area_delay.pmcnf           1409        25.97
normalized-f20c10b_019_area_delay.pmcnf           2992        15.72
normalized-f20c10b_020_area_delay.pmcnf           1949        23.29
normalized-f20c10b_021_area_delay.pmcnf           3670        18.67
normalized-f20c10b_022_area_delay.pmcnf           --        1000.00
normalized-f20c10b_023_area_delay.pmcnf           --        1000.00
normalized-f20c10b_024_area_delay.pmcnf           --        1000.00
normalized-f20c10b_025_area_delay.pmcnf           7946        1145.10
normalized-f20c10b_026_area_delay.pmcnf           --        1000.00
normalized-f20c10b_027_area_delay.pmcnf           --        1000.00
normalized-f20c10b_028_area_delay.pmcnf           8051        341.10
normalized-f20c10b_029_area_delay.pmcnf           8555        33.47
normalized-f20c10b_030_area_delay.pmcnf           2084        16.60
normalized-fir01_area_delay.pmcnf           44        0.14
normalized-fir01_area_opers.pmcnf           101        0.17
normalized-fir02_area_delay.pmcnf           305        0.39
normalized-fir02_area_opers.pmcnf           741        1.12
normalized-fir02_area_partials.pmcnf           40        0.10
normalized-fir03_area_delay.pmcnf           1540        1.50
normalized-fir03_area_opers.pmcnf           3285        25.92
normalized-fir03_area_partials.pmcnf           189        0.86
normalized-fir04_area_delay.pmcnf           --        1000.00
normalized-fir04_area_opers.pmcnf           850        1.96
normalized-fir04_area_partials.pmcnf           13        0.08
normalized-fir05_area_delay.pmcnf           1675        6.35
normalized-fir05_area_opers.pmcnf           3105        13.40
normalized-fir05_area_partials.pmcnf           182        0.27
normalized-fir06_area_delay.pmcnf           2377        4.13
normalized-fir06_area_opers.pmcnf           5510        32.14
normalized-fir06_area_partials.pmcnf           136        0.79
normalized-fir07_area_delay.pmcnf           6080        13.56
normalized-fir07_area_opers.pmcnf           10952        19.51
normalized-fir07_area_partials.pmcnf           59        0.19
normalized-fir08_area_delay.pmcnf           61457        147.82
normalized-fir08_area_opers.pmcnf           --        1000.00
normalized-fir08_area_partials.pmcnf           --        1000.00
normalized-fir09_area_delay.pmcnf           --        1000.00
normalized-fir09_area_opers.pmcnf           --        1000.00
normalized-fir09_area_partials.pmcnf           502        7.61
normalized-fir10_area_delay.pmcnf           --        1000.00
normalized-fir10_area_opers.pmcnf           --        1000.00
normalized-fir10_area_partials.pmcnf           --        1000.00
