normalized-f20c10b_001_area_delay.pmcnf           --        1000.00
normalized-f20c10b_002_area_delay.pmcnf           2464        5.58
normalized-f20c10b_003_area_delay.pmcnf           2981        7.75
normalized-f20c10b_004_area_delay.pmcnf           2507        43.09
normalized-f20c10b_005_area_delay.pmcnf           --        1000.00
normalized-f20c10b_006_area_delay.pmcnf           1400        3.76
normalized-f20c10b_007_area_delay.pmcnf           4434        20.17
normalized-f20c10b_008_area_delay.pmcnf           1775        13.15
normalized-f20c10b_009_area_delay.pmcnf           2476        3.43
normalized-f20c10b_010_area_delay.pmcnf           --        1000.00
normalized-f20c10b_011_area_delay.pmcnf           5084        124.43
normalized-f20c10b_012_area_delay.pmcnf           --        1000.00
normalized-f20c10b_013_area_delay.pmcnf           --        1000.00
normalized-f20c10b_014_area_delay.pmcnf           --        1000.00
normalized-f20c10b_015_area_delay.pmcnf           3155        22.42
normalized-f20c10b_016_area_delay.pmcnf           4050        13.76
normalized-f20c10b_017_area_delay.pmcnf           3800        340.16
normalized-f20c10b_018_area_delay.pmcnf           1409        106.78
normalized-f20c10b_019_area_delay.pmcnf           2992        11.83
normalized-f20c10b_020_area_delay.pmcnf           1949        4.48
normalized-f20c10b_021_area_delay.pmcnf           3670        9.86
normalized-f20c10b_022_area_delay.pmcnf           3242        22.28
normalized-f20c10b_023_area_delay.pmcnf           --        1000.00
normalized-f20c10b_024_area_delay.pmcnf           --        1000.00
normalized-f20c10b_025_area_delay.pmcnf           --        1000.00
normalized-f20c10b_026_area_delay.pmcnf           --        1000.00
normalized-f20c10b_027_area_delay.pmcnf           3578        10.31
normalized-f20c10b_028_area_delay.pmcnf           --        1000.00
normalized-f20c10b_029_area_delay.pmcnf           8555        28.81
normalized-f20c10b_030_area_delay.pmcnf           2084        10.81
normalized-fir01_area_delay.pmcnf           44        0.10
normalized-fir01_area_opers.pmcnf           101        0.12
normalized-fir02_area_delay.pmcnf           305        0.21
normalized-fir02_area_opers.pmcnf           741        0.61
normalized-fir02_area_partials.pmcnf           40        0.08
normalized-fir03_area_delay.pmcnf           1540        0.77
normalized-fir03_area_opers.pmcnf           3285        67.62
normalized-fir03_area_partials.pmcnf           189        0.55
normalized-fir04_area_delay.pmcnf           328        0.36
normalized-fir04_area_opers.pmcnf           850        0.59
normalized-fir04_area_partials.pmcnf           13        0.07
normalized-fir05_area_delay.pmcnf           1675        1.19
normalized-fir05_area_opers.pmcnf           3105        36.57
normalized-fir05_area_partials.pmcnf           182        0.20
normalized-fir06_area_delay.pmcnf           2377        1.40
normalized-fir06_area_opers.pmcnf           5510        14.46
normalized-fir06_area_partials.pmcnf           136        0.28
normalized-fir07_area_delay.pmcnf           6080        6.57
normalized-fir07_area_opers.pmcnf           10952        11.30
normalized-fir07_area_partials.pmcnf           59        0.11
normalized-fir08_area_delay.pmcnf           61457        127.55
normalized-fir08_area_opers.pmcnf           --        1000.00
normalized-fir08_area_partials.pmcnf           --        1000.00
normalized-fir09_area_delay.pmcnf           6469        31.13
normalized-fir09_area_opers.pmcnf           --        1000.00
normalized-fir09_area_partials.pmcnf           502        6.37
normalized-fir10_area_delay.pmcnf           24282        64.39
normalized-fir10_area_opers.pmcnf           --        1000.00
normalized-fir10_area_partials.pmcnf           434        832.31
