normalized-f20c10b_001_area_delay.pmcnf           --        1000.00
normalized-f20c10b_002_area_delay.pmcnf           2464        2.33
normalized-f20c10b_003_area_delay.pmcnf           2981        3.22
normalized-f20c10b_004_area_delay.pmcnf           2507        200.27
normalized-f20c10b_005_area_delay.pmcnf           --        1000.00
normalized-f20c10b_006_area_delay.pmcnf           1400        1.04
normalized-f20c10b_007_area_delay.pmcnf           4434        191.22
normalized-f20c10b_008_area_delay.pmcnf           1775        14.38
normalized-f20c10b_009_area_delay.pmcnf           2476        2.23
normalized-f20c10b_010_area_delay.pmcnf           --        1000.00
normalized-f20c10b_011_area_delay.pmcnf           5084        13.50
normalized-f20c10b_012_area_delay.pmcnf           --        1000.00
normalized-f20c10b_013_area_delay.pmcnf           10068        66.90
normalized-f20c10b_014_area_delay.pmcnf           --        1000.00
normalized-f20c10b_015_area_delay.pmcnf           3155        56.75
normalized-f20c10b_016_area_delay.pmcnf           4050        13.53
normalized-f20c10b_017_area_delay.pmcnf           3800        88.91
normalized-f20c10b_018_area_delay.pmcnf           1409        7.62
normalized-f20c10b_019_area_delay.pmcnf           2992        18.25
normalized-f20c10b_020_area_delay.pmcnf           1949        1.85
normalized-f20c10b_021_area_delay.pmcnf           3670        4.69
normalized-f20c10b_022_area_delay.pmcnf           3242        31.05
normalized-f20c10b_023_area_delay.pmcnf           --        1000.00
normalized-f20c10b_024_area_delay.pmcnf           --        1000.00
normalized-f20c10b_025_area_delay.pmcnf           --        1000.00
normalized-f20c10b_026_area_delay.pmcnf           --        1000.00
normalized-f20c10b_027_area_delay.pmcnf           3578        8.77
normalized-f20c10b_028_area_delay.pmcnf           8051        640.57
normalized-f20c10b_029_area_delay.pmcnf           8555        17.97
normalized-f20c10b_030_area_delay.pmcnf           2084        13.12
normalized-fir01_area_delay.pmcnf           44        0.09
normalized-fir01_area_opers.pmcnf           101        0.12
normalized-fir02_area_delay.pmcnf           305        0.21
normalized-fir02_area_opers.pmcnf           741        0.38
normalized-fir02_area_partials.pmcnf           40        0.08
normalized-fir03_area_delay.pmcnf           1540        0.68
normalized-fir03_area_opers.pmcnf           3285        1.86
normalized-fir03_area_partials.pmcnf           189        0.29
normalized-fir04_area_delay.pmcnf           328        5.60
normalized-fir04_area_opers.pmcnf           850        0.57
normalized-fir04_area_partials.pmcnf           13        0.08
normalized-fir05_area_delay.pmcnf           1675        1.52
normalized-fir05_area_opers.pmcnf           3105        2.14
normalized-fir05_area_partials.pmcnf           182        0.13
normalized-fir06_area_delay.pmcnf           2377        1.33
normalized-fir06_area_opers.pmcnf           5510        7.68
normalized-fir06_area_partials.pmcnf           136        0.19
normalized-fir07_area_delay.pmcnf           6080        5.09
normalized-fir07_area_opers.pmcnf           10952        9.25
normalized-fir07_area_partials.pmcnf           59        0.11
normalized-fir08_area_delay.pmcnf           61457        87.46
normalized-fir08_area_opers.pmcnf           --        1000.00
normalized-fir08_area_partials.pmcnf           1772        790.29
normalized-fir09_area_delay.pmcnf           6469        28.83
normalized-fir09_area_opers.pmcnf           --        1000.00
normalized-fir09_area_partials.pmcnf           502        7.28
normalized-fir10_area_delay.pmcnf           24282        34.63
normalized-fir10_area_opers.pmcnf           --        1000.00
normalized-fir10_area_partials.pmcnf           --        1000.00
