normalized-9symml_F_117_@1.pmcnf           11        0.37
normalized-9symml_F1@1.pmcnf           8        0.30
normalized-9symml_F2@0.pmcnf           8        0.22
normalized-9symml_F3@0.pmcnf           8        0.30
normalized-9symml_F4@1.pmcnf           8        0.32
normalized-9symml_F4-_52312_@1.pmcnf           8        0.32
normalized-9symml_F5@1.pmcnf           8        0.28
normalized-9symml_F_52309_@0.pmcnf           9        0.27
normalized-9symml_F_52310_-_117_@0.pmcnf           9        0.29
normalized-9symml_F_52310_@1.pmcnf           11        0.33
normalized-9symml_F_52312_@0.pmcnf           9        0.33
normalized-9symml_F5-_52310_@0.pmcnf           10        0.31
normalized-9symml_F6@0.pmcnf           8        0.26
normalized-9symml_F6-_117_@0.pmcnf           9        0.29
normalized-9symml_F7@0.pmcnf           8        0.30
normalized-9symml_F7-_52309_@0.pmcnf           10        0.32
normalized-9symml_F8@1.pmcnf           8        0.31
normalized-alu4_Fa@1.pmcnf           21        0.94
normalized-alu4_Fb@0.pmcnf           21        0.76
normalized-alu4_Fc@0.pmcnf           21        0.72
normalized-alu4_Fd@1.pmcnf           25        0.27
normalized-alu4_Ff@1.pmcnf           21        0.98
normalized-alu4_Fg@0.pmcnf           21        0.76
normalized-alu4_Fg@1.pmcnf           21        0.68
normalized-alu4_Fh@0.pmcnf           25        0.28
normalized-alu4_Fh@1.pmcnf           25        0.27
normalized-alu4_Fj@0.pmcnf           21        1.23
normalized-alu4_Fk@0.pmcnf           21        1.10
normalized-alu4_Fl@1.pmcnf           21        0.99
normalized-apex2_Fv0@1.pmcnf           56        0.51
normalized-apex2_Fv1@1.pmcnf           54        0.78
normalized-apex2_Fv12@0.pmcnf           64        0.73
normalized-apex2_Fv13@1.pmcnf           62        0.67
normalized-apex2_Fv14@1.pmcnf           65        0.72
normalized-apex2_Fv16@0.pmcnf           62        0.47
normalized-apex2_Fv17@1.pmcnf           63        0.65
normalized-apex2_Fv18@1.pmcnf           58        0.56
normalized-apex2_Fv19@1.pmcnf           57        0.56
normalized-apex2_Fv20@0.pmcnf           67        0.30
normalized-apex2_Fv2@0.pmcnf           59        0.79
normalized-apex2_Fv21@1.pmcnf           67        0.24
normalized-apex2_Fv22@1.pmcnf           66        0.39
normalized-apex2_Fv24@1.pmcnf           68        0.44
normalized-apex2_Fv6@1.pmcnf           55        0.64
normalized-apex2_Fv7@0.pmcnf           65        0.60
normalized-apex2_Fv8@1.pmcnf           59        0.72
normalized-c1355_F1001gat-1048gat@1.pmcnf           61        177.86
normalized-c1355_F1001gat@1.pmcnf           61        654.70
normalized-c1355_F1036gat-1229gat@1.pmcnf           69        1.44
normalized-c1355_F1051gat@1.pmcnf           69        2.00
normalized-c1355_F106gat@0.pmcnf           67        1.66
normalized-c1355_F106gat-409gat@1.pmcnf           --        1000.00
normalized-c1355_F113gat-1260gat@1.pmcnf           68        1.45
normalized-c1355_F1150gat@0.pmcnf           69        3.13
normalized-c1355_F1183gat-1262gat@1.pmcnf           --        1000.00
normalized-c1355_F120gat-414gat@1.pmcnf           --        1000.00
normalized-c1355_F1229gat@1.pmcnf           --        1000.00
normalized-c1355_F127gat-418gat@1.pmcnf           --        1000.00
normalized-c1355_F141gat@0.pmcnf           67        6.36
normalized-c1355_F155gat@1.pmcnf           67        2.95
normalized-c1355_F176gat-1278gat@1.pmcnf           68        1.30
normalized-c1355_F183gat@0.pmcnf           67        3.86
normalized-c1355_F197gat-308gat@1.pmcnf           --        1000.00
normalized-c1355_F1gat@0.pmcnf           67        4.03
normalized-c1355_F43gat@1.pmcnf           67        2.22
normalized-c1355_F50gat@1.pmcnf           67        3.00
normalized-c1355_F543gat@1.pmcnf           --        1000.00
normalized-c1355_F57gat@1.pmcnf           67        2.49
normalized-c1355_F71gat@1.pmcnf           67        2.23
normalized-c17_F10gat@1.pmcnf           5        0.08
normalized-c17_F11gat@0.pmcnf           8        0.08
normalized-c17_F11gat-16gat@1.pmcnf           6        0.07
normalized-c17_F11gat-19gat@1.pmcnf           4        0.07
normalized-c17_F11gat@1.pmcnf           7        0.09
normalized-c17_F16gat@0.pmcnf           8        0.08
normalized-c17_F16gat@1.pmcnf           8        0.07
normalized-c17_F16gat-22gat@1.pmcnf           6        0.08
normalized-c17_F16gat-23gat@1.pmcnf           5        0.08
normalized-c17_F19gat@1.pmcnf           5        0.09
normalized-c17_F1gat@1.pmcnf           3        0.07
normalized-c17_F22gat@0.pmcnf           6        0.09
normalized-c17_F22gat@1.pmcnf           6        0.08
normalized-c17_F23gat@0.pmcnf           6        0.08
normalized-c17_F23gat@1.pmcnf           6        0.08
normalized-c17_F2gat@1.pmcnf           7        0.07
normalized-c17_F3gat@0.pmcnf           6        0.08
normalized-c17_F3gat-10gat@1.pmcnf           3        0.08
normalized-c17_F3gat-11gat@1.pmcnf           5        0.07
normalized-c17_F6gat@1.pmcnf           4        0.09
normalized-c17_F7gat@1.pmcnf           4        0.08
normalized-c1908_F101@0.pmcnf           62        0.65
normalized-c1908_F101@1.pmcnf           62        0.66
normalized-c1908_F104@0.pmcnf           62        0.66
normalized-c1908_F104@1.pmcnf           62        0.79
normalized-c1908_F107@0.pmcnf           62        0.67
normalized-c1908_F107@1.pmcnf           62        0.68
normalized-c1908_F110@0.pmcnf           62        0.75
normalized-c1908_F110@1.pmcnf           62        0.75
normalized-c1908_F113@0.pmcnf           62        0.64
normalized-c1908_F113@1.pmcnf           62        0.96
normalized-c1908_F116@0.pmcnf           62        0.65
normalized-c1908_F116@1.pmcnf           62        0.65
normalized-c1908_F119@0.pmcnf           62        0.77
normalized-c1908_F119@1.pmcnf           62        0.81
normalized-c1908_F122@0.pmcnf           62        0.62
normalized-c1908_F122@1.pmcnf           62        0.64
normalized-c1908_F125@0.pmcnf           62        0.64
normalized-c1908_F125@1.pmcnf           62        0.65
normalized-c1908_F221@1.pmcnf           54        1.22
normalized-c1908_F469@0.pmcnf           54        25.16
normalized-c1908_F902@0.pmcnf           52        22.91
normalized-c1908_F952@0.pmcnf           56        1.05
normalized-c1908_F953@0.pmcnf           61        1.03
normalized-c1908_F953@1.pmcnf           61        1.06
normalized-c2670_F11@0.pmcnf           --        1000.00
normalized-c2670_F11@1.pmcnf           --        1000.00
normalized-c2670_F1@1.pmcnf           19        0.11
normalized-c2670_F14@1.pmcnf           232        0.32
normalized-c2670_F15@1.pmcnf           0        0.08
normalized-c2670_F16@0.pmcnf           --        1000.00
normalized-c2670_F16@1.pmcnf           --        1000.00
normalized-c2670_F19@1.pmcnf           178        228.75
normalized-c2670_F20@1.pmcnf           178        472.93
normalized-c2670_F2@1.pmcnf           0        0.08
normalized-c2670_F27@1.pmcnf           178        107.72
normalized-c2670_F28@1.pmcnf           178        350.71
normalized-c2670_F3@1.pmcnf           19        0.11
normalized-c2670_F32@1.pmcnf           178        95.26
normalized-c2670_F34@1.pmcnf           178        598.45
normalized-c2670_F36@1.pmcnf           19        0.11
normalized-c2670_F37@1.pmcnf           231        3.67
normalized-c2670_F4@1.pmcnf           178        140.48
normalized-c2670_F6@1.pmcnf           178        87.70
normalized-c2670_F7@1.pmcnf           4        0.08
normalized-c2670_F74@1.pmcnf           284        0.42
normalized-c2670_F78@1.pmcnf           284        0.43
normalized-c2670_F8@0.pmcnf           232        3.38
normalized-c2670_F8@1.pmcnf           235        2.27
normalized-c3540_F20@1.pmcnf           93        4.07
normalized-c3540_F41@1.pmcnf           92        2.96
normalized-c3540_F45@0.pmcnf           90        5.11
normalized-c3540_F45@1.pmcnf           90        5.99
normalized-c432_F102gat@1.pmcnf           61        0.57
normalized-c432_F105gat@0.pmcnf           59        1.15
normalized-c432_F14gat@0.pmcnf           63        0.57
normalized-c432_F14gat@1.pmcnf           63        0.52
normalized-c432_F17gat@1.pmcnf           64        0.61
normalized-c432_F1gat@1.pmcnf           63        0.55
normalized-c432_F30gat@1.pmcnf           64        0.90
normalized-c432_F37gat@1.pmcnf           62        0.58
normalized-c432_F60gat@1.pmcnf           61        0.65
normalized-c499_Fic0@1.pmcnf           --        1000.00
normalized-c499_Fic2@1.pmcnf           --        1000.00
normalized-c499_Fic6@1.pmcnf           --        1000.00
normalized-c499_Fid11@1.pmcnf           67        1.89
normalized-c499_Fid18@0.pmcnf           67        2.01
normalized-c499_Fid20-xa10@0.pmcnf           --        1000.00
normalized-c499_Fid26@0.pmcnf           67        1.76
normalized-c499_Fxa10@0.pmcnf           --        1000.00
normalized-c5315_F1@0.pmcnf           2        0.08
normalized-c5315_F11@1.pmcnf           46        0.12
normalized-c5315_F34@1.pmcnf           5        0.11
normalized-c5315_F4@1.pmcnf           247        1.51
normalized-c5315_F43@0.pmcnf           88        0.14
normalized-c5315_F54@1.pmcnf           258        0.79
normalized-c5315_F61@1.pmcnf           46        0.12
normalized-c5315_F79@1.pmcnf           6        0.12
normalized-c6288_F137gat@1.pmcnf           53        12.39
normalized-c6288_F18gat@0.pmcnf           60        1.69
normalized-c6288_F205gat@1.pmcnf           56        8.28
normalized-c6288_F35gat@1.pmcnf           59        1.87
normalized-c6288_F69gat@1.pmcnf           57        3.54
normalized-duke2_Fv0@0.pmcnf           32        0.22
normalized-duke2_Fv10@1.pmcnf           25        0.34
normalized-duke2_Fv1@1.pmcnf           26        0.15
normalized-duke2_Fv12@1.pmcnf           33        0.52
normalized-duke2_Fv2@0.pmcnf           33        0.51
normalized-duke2_Fv3@0.pmcnf           22        0.14
normalized-duke2_Fv4@1.pmcnf           32        0.53
normalized-duke2_Fv5@1.pmcnf           36        0.72
normalized-duke2_Fv6@0.pmcnf           33        0.46
normalized-duke2_Fv7@0.pmcnf           36        0.49
normalized-e64_Fv0@0.pmcnf           100        0.89
normalized-e64_Fv10@1.pmcnf           121        0.62
normalized-e64_Fv11@1.pmcnf           113        0.76
normalized-e64_Fv12@0.pmcnf           76        1.13
normalized-e64_Fv13@1.pmcnf           70        1.16
normalized-e64_Fv14@1.pmcnf           123        0.44
normalized-e64_Fv3@1.pmcnf           106        0.86
normalized-e64_Fv4@1.pmcnf           95        0.95
normalized-e64_Fv5@1.pmcnf           85        0.93
normalized-e64_Fv6@1.pmcnf           103        1.22
normalized-e64_Fv7@0.pmcnf           108        0.84
normalized-e64_Fv9@0.pmcnf           91        1.18
normalized-e64_Fv9@1.pmcnf           91        1.10
normalized-misex1_Fdmpst0@1.pmcnf           11        0.14
normalized-misex1_Fdmpst1@0.pmcnf           11        0.15
normalized-misex1_Fdmpst2@0.pmcnf           12        0.15
normalized-misex1_Fdmpst3@1.pmcnf           12        0.13
normalized-misex3_Fa@0.pmcnf           18        0.49
normalized-misex3_Fa@1.pmcnf           18        0.49
normalized-misex3_Fb@0.pmcnf           18        0.79
normalized-misex3_Fb@1.pmcnf           19        0.84
normalized-spla_F_51723_@0.pmcnf           23        0.73
normalized-spla_Fv10@0.pmcnf           24        0.82
normalized-spla_Fv1@0.pmcnf           28        0.76
normalized-spla_Fv12@1.pmcnf           23        0.78
normalized-spla_Fv13@0.pmcnf           23        0.62
normalized-spla_Fv14@0.pmcnf           23        0.62
normalized-spla_Fv15@1.pmcnf           23        0.65
normalized-spla_Fv2@1.pmcnf           29        0.11
normalized-spla_Fv4@1.pmcnf           27        1.03
normalized-spla_Fv6@1.pmcnf           27        0.66
normalized-spla_Fv7@0.pmcnf           27        0.94
normalized-spla_Fv9@0.pmcnf           25        0.84
