b14_opt_bug2_vec1-gate-0.dimacs.seq                 402706          11.74
b15-bug-fourvec-gate-0.dimacs.seq                      --          1000.00
b15-bug-onevec-gate-0.dimacs.seq                    359039          93.47
c1_DD_s3_f1_e2_v1-bug-fourvec-gate-0.dimacs.seq     989881          47.29
c1_DD_s3_f1_e2_v1-bug-onevec-gate-0.dimacs.seq      258293           7.04
c2_DD_s3_f1_e2_v1-bug-fourvec-gate-0.dimacs.seq     1121806          249.42
c2_DD_s3_f1_e2_v1-bug-onevec-gate-0.dimacs.seq      236941           6.72
c3_DD_s3_f1_e1_v1-bug-fourvec-gate-0.dimacs.seq     86940           3.21
c3_DD_s3_f1_e1_v1-bug-onevec-gate-0.dimacs.seq      21735           0.49
c4_DD_s3_f1_e1_v1-bug-gate-0.dimacs.seq             2011208          148.02
c4_DD_s3_f1_e2_v1-bug-fourvec-gate-0.dimacs.seq     1130668          53.20
c4_DD_s3_f1_e2_v1-bug-onevec-gate-0.dimacs.seq      331753           9.06
c5315-bug-gate-0.dimacs.seq                          5048           0.15
c5_DD_s3_f1_e1_v1-bug-fourvec-gate-0.dimacs.seq     270488          11.49
c5_DD_s3_f1_e1_v1-bug-gate-0.dimacs.seq             540976          36.25
c5_DD_s3_f1_e1_v1-bug-onevec-gate-0.dimacs.seq      67622           1.69
c5_DD_s3_f1_e1_v2-bug-gate-0.dimacs.seq             540976          36.17
c5_DD_s3_f1_e1_v2-bug-onevec-gate-0.dimacs.seq      67623           0.26
c6288-bug-gate-0.dimacs.seq                          9284           0.45
c6_DD_s3_f1_e1_v1-bug-fourvec-gate-0.dimacs.seq     454046          19.91
c6_DD_s3_f1_e1_v1-bug-gate-0.dimacs.seq             795892          54.98
c6_DD_s3_f1_e1_v1-bug-onevec-gate-0.dimacs.seq      117719           3.03
c6_DD_s3_f1_e2_v1-bug-fourvec-gate-0.dimacs.seq     454046          19.95
c7552-bug-gate-0.dimacs.seq                          7007           0.21
mot_comb1._red-gate-0.dimacs.seq                     5325           0.16
mot_comb2._red-gate-0.dimacs.seq                    13893           0.33
mot_comb3._red-gate-0.dimacs.seq                    29519           0.66
s15850-bug-fourvec-gate-0.dimacs.seq                206248           8.42
s15850-bug-onevec-gate-0.dimacs.seq                 51562           1.23
s38584-bug-onevec-gate-0.dimacs.seq                 819829          25.41
