C168_FW_SZ_107.cnf                                   6598           2.96
C168_FW_SZ_128.cnf                                   5424           1.80
C168_FW_SZ_41.cnf                                    5386           1.79
C168_FW_SZ_66.cnf                                    5400           1.84
C168_FW_SZ_75.cnf                                    5421           1.84
C168_FW_UT_2463.cnf                                  7488           2.58
C168_FW_UT_2468.cnf                                  7486           2.56
C168_FW_UT_2469.cnf                                  7499           2.59
C168_FW_UT_714.cnf                                   7486           2.53
C168_FW_UT_851.cnf                                   7490           2.56
C168_FW_UT_852.cnf                                   7488           3.24
C168_FW_UT_854.cnf                                   7485           3.21
C168_FW_UT_855.cnf                                   7484           2.59
C170_FR_RZ_32.cnf                                    4955           1.54
C170_FR_SZ_58.cnf                                    5000           1.60
C170_FR_SZ_92.cnf                                    5081           1.59
C170_FR_SZ_95.cnf                                    4954           1.56
C170_FR_SZ_96.cnf                                    4954           1.59
C202_FS_RZ_44.cnf                                    6198           1.97
C202_FS_SZ_104.cnf                                   6200           1.97
C202_FS_SZ_121.cnf                                   6180           1.98
C202_FS_SZ_122.cnf                                   6178           1.95
C202_FS_SZ_74.cnf                                    6354           2.12
C202_FS_SZ_84.cnf                                    6272           2.32
C202_FS_SZ_95.cnf                                    6183           2.47
C202_FS_SZ_97.cnf                                    6249           1.98
C202_FW_RZ_57.cnf                                    8684           3.45
C202_FW_SZ_100.cnf                                   8737           3.43
C202_FW_SZ_103.cnf                                  10282           7.38
C202_FW_SZ_118.cnf                                   8810           3.40
C202_FW_SZ_123.cnf                                   8685           3.37
C202_FW_SZ_124.cnf                                   8683           3.35
C202_FW_SZ_61.cnf                                    8744           3.48
C202_FW_SZ_77.cnf                                    8859           3.54
C202_FW_SZ_87.cnf                                    8945           4.56
C202_FW_SZ_96.cnf                                    8848           3.97
C202_FW_SZ_98.cnf                                    8688           3.45
C202_FW_UT_2814.cnf                                 11351           4.62
C202_FW_UT_2815.cnf                                 11351           4.60
C208_FA_RZ_43.cnf                                    5296           2.09
C208_FA_RZ_64.cnf                                    5278           1.67
C208_FA_SZ_120.cnf                                   5277           1.63
C208_FA_SZ_121.cnf                                   5277           1.62
C208_FA_SZ_87.cnf                                    5298           1.63
C208_FA_UT_3254.cnf                                  7333           2.51
C208_FA_UT_3255.cnf                                  7336           2.51
C208_FC_RZ_65.cnf                                    5590           2.22
C208_FC_RZ_70.cnf                                    5542           1.67
C208_FC_SZ_107.cnf                                   5640           1.78
C208_FC_SZ_127.cnf                                   5541           1.74
C208_FC_SZ_128.cnf                                   5541           1.72
C210_FS_RZ_23.cnf                                    5777           1.87
C210_FS_RZ_38.cnf                                    5762           1.89
C210_FS_RZ_40.cnf                                    5751           1.86
C210_FS_SZ_103.cnf                                   5774           1.85
C210_FS_SZ_107.cnf                                   5761           1.86
C210_FS_SZ_123.cnf                                   5920           1.91
C210_FS_SZ_129.cnf                                   5752           1.91
C210_FS_SZ_130.cnf                                   5752           1.84
C210_FS_SZ_55.cnf                                    5780           1.95
C210_FS_SZ_78.cnf                                    5929           1.89
C210_FW_RZ_30.cnf                                    7425           2.43
C210_FW_RZ_57.cnf                                    7404           2.55
C210_FW_RZ_59.cnf                                    7393           2.41
C210_FW_SZ_106.cnf                                   7416           2.53
C210_FW_SZ_111.cnf                                   7403           2.45
C210_FW_SZ_128.cnf                                   7411           2.50
C210_FW_SZ_129.cnf                                   7605           2.60
C210_FW_SZ_135.cnf                                   7394           2.59
C210_FW_SZ_136.cnf                                   7394           2.55
C210_FW_SZ_80.cnf                                    7571           2.58
C210_FW_SZ_90.cnf                                    7993           4.98
C210_FW_SZ_91.cnf                                    7720           3.70
C210_FW_UT_8630.cnf                                  9720           3.97
C210_FW_UT_8634.cnf                                  9718           4.10
C220_FV_RZ_12.cnf                                    4511           1.47
C220_FV_RZ_13.cnf                                    4508           1.43
C220_FV_RZ_14.cnf                                    4507           1.46
C220_FV_SZ_114.cnf                                   4776           1.62
C220_FV_SZ_121.cnf                                   4507           1.49
C220_FV_SZ_39.cnf                                    5262           4.60
C220_FV_SZ_46.cnf                                    4497           1.48
C220_FV_SZ_55.cnf                                    5752           6.68
C220_FV_SZ_65.cnf                                    4495           1.47
