c4_DD_s3_f1_e1_v1-bug-gate-0.dimacs.seq             2011208          164.01
c2_DD_s3_f1_e2_v1-bug-fourvec-gate-0.dimacs.seq     1121806          62.52
c4_DD_s3_f1_e2_v1-bug-fourvec-gate-0.dimacs.seq     1130668          57.71
c1_DD_s3_f1_e2_v1-bug-fourvec-gate-0.dimacs.seq     989881          50.85
s38584-bug-onevec-gate-0.dimacs.seq                 819829          26.84
c6_DD_s3_f1_e1_v1-bug-gate-0.dimacs.seq             795892          58.86
c5_DD_s3_f1_e1_v1-bug-gate-0.dimacs.seq             540976          39.39
c5_DD_s3_f1_e1_v2-bug-gate-0.dimacs.seq             540976          39.38
c6_DD_s3_f1_e1_v1-bug-fourvec-gate-0.dimacs.seq     454046          21.14
c6_DD_s3_f1_e2_v1-bug-fourvec-gate-0.dimacs.seq     454046          21.12
b14_opt_bug2_vec1-gate-0.dimacs.seq                 402706          12.48
b15-bug-onevec-gate-0.dimacs.seq                    359039          14.84
c4_DD_s3_f1_e2_v1-bug-onevec-gate-0.dimacs.seq      331753           9.61
c5_DD_s3_f1_e1_v1-bug-fourvec-gate-0.dimacs.seq     270488          12.43
c1_DD_s3_f1_e2_v1-bug-onevec-gate-0.dimacs.seq      258293           7.48
c2_DD_s3_f1_e2_v1-bug-onevec-gate-0.dimacs.seq      236941           7.29
s15850-bug-fourvec-gate-0.dimacs.seq                206248           9.12
c6_DD_s3_f1_e1_v1-bug-onevec-gate-0.dimacs.seq      117719           3.22
c3_DD_s3_f1_e1_v1-bug-fourvec-gate-0.dimacs.seq     86940           3.46
c5_DD_s3_f1_e1_v1-bug-onevec-gate-0.dimacs.seq      67622           1.84
s15850-bug-onevec-gate-0.dimacs.seq                 51562           1.37
mot_comb3._red-gate-0.dimacs.seq                    29519           0.80
c3_DD_s3_f1_e1_v1-bug-onevec-gate-0.dimacs.seq      21735           0.61
c5_DD_s3_f1_e1_v2-bug-onevec-gate-0.dimacs.seq      67623           0.38
mot_comb2._red-gate-0.dimacs.seq                    13893           0.42
c6288-bug-gate-0.dimacs.seq                          9284           0.44
c7552-bug-gate-0.dimacs.seq                          7007           0.30
c5315-bug-gate-0.dimacs.seq                          5048           0.22
mot_comb1._red-gate-0.dimacs.seq                     5325           0.22
