dividers10.dimacs                                      --          1000.00
dividers11.dimacs                                   162981          21.27
dividers1.dimacs                                    162981          109.28
dividers2.dimacs                                    162981          13.32
dividers3.dimacs                                    162981          15.07
dividers4.dimacs                                    162981          35.60
dividers5.dimacs                                    162981          69.97
dividers6_hack.dimacs                               132698          585.67
dividers7.dimacs                                    231331          618.21
dividers8.dimacs                                    162981          21.15
dividers9.dimacs                                    162981          117.10
dividers_multivec1.dimacs                           397648          667.86
i2c_master1.dimacs                                     --          1000.00
i2c_master2.dimacs                                  221319          36.20
mem_ctrl1.dimacs                                    4422184          343.65
mrisc_mem2wire1.dimacs                              641597          29.89
rsdecoder1.dimacs                                      --          1000.00
rsdecoder2.dimacs                                      --          1000.00
rsdecoder3.dimacs                                      --          1000.00
rsdecoder4.dimacs                                      --          1000.00
rsdecoder5.dimacs                                      --          1000.00
rsdecoder6.dimacs                                      --          1000.00
rsdecoder_fsm1.dimacs                                  --          1000.00
rsdecoder_fsm2.dimacs                                  --          1000.00
rsdecoder_multivec1.dimacs                             --          1000.00
SM_AS_TOP_buggy1.dimacs                                --          1000.00
SM_MAIN_MEM_buggy1.dimacs                              --          1000.00
SM_RX_TOP.dimacs                                       --          1000.00
spi2.dimacs                                            --          1000.00
wb1.dimacs                                             --          1000.00
wb2.dimacs                                             --          1000.00
wb_4m8s1.dimacs                                        --          1000.00
wb_4m8s3.dimacs                                     1759142          494.80
wb_4m8s4.dimacs                                        --          1000.00
wb_conmax1.dimacs                                      --          1000.00
wb_conmax3.dimacs                                      --          1000.00
