c4_DD_s3_f1_e1_v1-bug-gate-0.dimacs.seq             2011208          177.43
c2_DD_s3_f1_e2_v1-bug-fourvec-gate-0.dimacs.seq     1121806          127.04
c4_DD_s3_f1_e2_v1-bug-fourvec-gate-0.dimacs.seq     1130668          64.53
c1_DD_s3_f1_e2_v1-bug-fourvec-gate-0.dimacs.seq     989881          56.37
s38584-bug-onevec-gate-0.dimacs.seq                 819829          31.54
c6_DD_s3_f1_e1_v1-bug-gate-0.dimacs.seq             795892          63.36
c5_DD_s3_f1_e1_v1-bug-gate-0.dimacs.seq             540976          42.84
c5_DD_s3_f1_e1_v2-bug-gate-0.dimacs.seq             540976          42.47
c6_DD_s3_f1_e1_v1-bug-fourvec-gate-0.dimacs.seq     454046          23.68
c6_DD_s3_f1_e2_v1-bug-fourvec-gate-0.dimacs.seq     454046          23.88
b14_opt_bug2_vec1-gate-0.dimacs.seq                 402706          14.70
b15-bug-onevec-gate-0.dimacs.seq                    359039          28.59
c4_DD_s3_f1_e2_v1-bug-onevec-gate-0.dimacs.seq      331753          11.18
c5_DD_s3_f1_e1_v1-bug-fourvec-gate-0.dimacs.seq     270488          13.69
c1_DD_s3_f1_e2_v1-bug-onevec-gate-0.dimacs.seq      258293           8.68
c2_DD_s3_f1_e2_v1-bug-onevec-gate-0.dimacs.seq      236941           8.33
s15850-bug-fourvec-gate-0.dimacs.seq                206248          10.01
c6_DD_s3_f1_e1_v1-bug-onevec-gate-0.dimacs.seq      117719           3.68
c3_DD_s3_f1_e1_v1-bug-fourvec-gate-0.dimacs.seq     86940           3.82
c5_DD_s3_f1_e1_v1-bug-onevec-gate-0.dimacs.seq      67622           2.09
s15850-bug-onevec-gate-0.dimacs.seq                 51562           1.53
mot_comb3._red-gate-0.dimacs.seq                    29519           0.91
c3_DD_s3_f1_e1_v1-bug-onevec-gate-0.dimacs.seq      21735           0.69
c5_DD_s3_f1_e1_v2-bug-onevec-gate-0.dimacs.seq      67623           0.38
mot_comb2._red-gate-0.dimacs.seq                    13893           0.47
c6288-bug-gate-0.dimacs.seq                          9284           0.52
c7552-bug-gate-0.dimacs.seq                          7007           0.34
c5315-bug-gate-0.dimacs.seq                          5048           0.25
mot_comb1._red-gate-0.dimacs.seq                     5325           0.25
