c4_DD_s3_f1_e1_v1-bug-gate-0.dimacs.seq                --          1000.00
c2_DD_s3_f1_e2_v1-bug-fourvec-gate-0.dimacs.seq        --          1000.00
c4_DD_s3_f1_e2_v1-bug-fourvec-gate-0.dimacs.seq        --          1000.00
c1_DD_s3_f1_e2_v1-bug-fourvec-gate-0.dimacs.seq        --          1000.00
s38584-bug-onevec-gate-0.dimacs.seq                 819829          37.38
c6_DD_s3_f1_e1_v1-bug-gate-0.dimacs.seq                --          1000.00
c5_DD_s3_f1_e1_v1-bug-gate-0.dimacs.seq                --          1000.00
c5_DD_s3_f1_e1_v2-bug-gate-0.dimacs.seq                --          1000.00
c6_DD_s3_f1_e1_v1-bug-fourvec-gate-0.dimacs.seq        --          1000.00
c6_DD_s3_f1_e2_v1-bug-fourvec-gate-0.dimacs.seq        --          1000.00
b14_opt_bug2_vec1-gate-0.dimacs.seq                 402706          24.08
b15-bug-onevec-gate-0.dimacs.seq                       --          1000.00
c4_DD_s3_f1_e2_v1-bug-onevec-gate-0.dimacs.seq      331753          14.63
c5_DD_s3_f1_e1_v1-bug-fourvec-gate-0.dimacs.seq     270488          90.63
c1_DD_s3_f1_e2_v1-bug-onevec-gate-0.dimacs.seq      258293           8.78
c2_DD_s3_f1_e2_v1-bug-onevec-gate-0.dimacs.seq         --          1000.00
s15850-bug-fourvec-gate-0.dimacs.seq                206248          42.80
c6_DD_s3_f1_e1_v1-bug-onevec-gate-0.dimacs.seq      117719           4.32
c3_DD_s3_f1_e1_v1-bug-fourvec-gate-0.dimacs.seq     86940          193.07
c5_DD_s3_f1_e1_v1-bug-onevec-gate-0.dimacs.seq      67622           2.40
s15850-bug-onevec-gate-0.dimacs.seq                 51562           3.66
mot_comb3._red-gate-0.dimacs.seq                    29519           1.28
c3_DD_s3_f1_e1_v1-bug-onevec-gate-0.dimacs.seq      21735           0.80
c5_DD_s3_f1_e1_v2-bug-onevec-gate-0.dimacs.seq      67623           0.39
mot_comb2._red-gate-0.dimacs.seq                    13893           1.69
c6288-bug-gate-0.dimacs.seq                          9284           1.06
c7552-bug-gate-0.dimacs.seq                          7007           0.35
c5315-bug-gate-0.dimacs.seq                          5048           0.30
mot_comb1._red-gate-0.dimacs.seq                     5325           0.46
