c4_DD_s3_f1_e1_v1-bug-gate-0.dimacs.seq             2011208          164.40
c2_DD_s3_f1_e2_v1-bug-fourvec-gate-0.dimacs.seq     1121806          72.67
c4_DD_s3_f1_e2_v1-bug-fourvec-gate-0.dimacs.seq     1130668          58.55
c1_DD_s3_f1_e2_v1-bug-fourvec-gate-0.dimacs.seq     989881          51.29
s38584-bug-onevec-gate-0.dimacs.seq                 819829          26.90
c6_DD_s3_f1_e1_v1-bug-gate-0.dimacs.seq             795892          58.73
c5_DD_s3_f1_e1_v1-bug-gate-0.dimacs.seq             540976          39.81
c5_DD_s3_f1_e1_v2-bug-gate-0.dimacs.seq             540976          39.53
c6_DD_s3_f1_e1_v1-bug-fourvec-gate-0.dimacs.seq     454046          21.22
c6_DD_s3_f1_e2_v1-bug-fourvec-gate-0.dimacs.seq     454046          21.30
b14_opt_bug2_vec1-gate-0.dimacs.seq                 402706          12.46
b15-bug-onevec-gate-0.dimacs.seq                    359039          22.42
c4_DD_s3_f1_e2_v1-bug-onevec-gate-0.dimacs.seq      331753           9.66
c5_DD_s3_f1_e1_v1-bug-fourvec-gate-0.dimacs.seq     270488          12.39
c1_DD_s3_f1_e2_v1-bug-onevec-gate-0.dimacs.seq      258293           7.46
c2_DD_s3_f1_e2_v1-bug-onevec-gate-0.dimacs.seq      236941           7.22
s15850-bug-fourvec-gate-0.dimacs.seq                206248           9.09
c6_DD_s3_f1_e1_v1-bug-onevec-gate-0.dimacs.seq      117719           3.22
c3_DD_s3_f1_e1_v1-bug-fourvec-gate-0.dimacs.seq     86940           3.46
c5_DD_s3_f1_e1_v1-bug-onevec-gate-0.dimacs.seq      67622           1.83
s15850-bug-onevec-gate-0.dimacs.seq                 51562           1.35
mot_comb3._red-gate-0.dimacs.seq                    29519           0.80
c3_DD_s3_f1_e1_v1-bug-onevec-gate-0.dimacs.seq      21735           0.60
c5_DD_s3_f1_e1_v2-bug-onevec-gate-0.dimacs.seq      67623           0.38
mot_comb2._red-gate-0.dimacs.seq                    13893           0.42
c6288-bug-gate-0.dimacs.seq                          9284           0.47
c7552-bug-gate-0.dimacs.seq                          7007           0.31
c5315-bug-gate-0.dimacs.seq                          5048           0.22
mot_comb1._red-gate-0.dimacs.seq                     5325           0.22
