dividers10.dimacs                                      --          1000.00
dividers11.dimacs                                   162981           4.17
dividers1.dimacs                                    162981           8.13
dividers2.dimacs                                    162981           3.94
dividers3.dimacs                                    162981           4.04
dividers4.dimacs                                    162981           5.69
dividers5.dimacs                                    162981           7.78
dividers6_hack.dimacs                               132698          18.62
dividers7.dimacs                                    231331          16.54
dividers8.dimacs                                    162981           4.19
dividers9.dimacs                                    162981          13.33
dividers_multivec1.dimacs                           397648          16.46
i2c_master1.dimacs                                     --          1000.00
i2c_master2.dimacs                                     --          1000.00
mem_ctrl1.dimacs                                    4422184          130.41
mrisc_mem2wire1.dimacs                              641597          19.41
rsdecoder1.dimacs                                      --          1000.00
rsdecoder2.dimacs                                      --          1000.00
rsdecoder3.dimacs                                   936005          115.64
rsdecoder4.dimacs                                      --          1000.00
rsdecoder5.dimacs                                      --          1000.00
rsdecoder6.dimacs                                      --          1000.00
rsdecoder_fsm1.dimacs                                  --          1000.00
rsdecoder_fsm2.dimacs                                  --          1000.00
rsdecoder_multivec1.dimacs                             --          1000.00
SM_AS_TOP_buggy1.dimacs                                --          1000.00
SM_MAIN_MEM_buggy1.dimacs                              --          1000.00
SM_RX_TOP.dimacs                                       --          1000.00
spi2.dimacs                                            --          1000.00
wb1.dimacs                                          139873          127.29
wb2.dimacs                                             --          1000.00
wb_4m8s1.dimacs                                        --          1000.00
wb_4m8s3.dimacs                                     1759142          122.78
wb_4m8s4.dimacs                                        --          1000.00
wb_conmax1.dimacs                                      --          1000.00
wb_conmax3.dimacs                                      --          1000.00
