dividers10.dimacs                                   162872          12.09
dividers11.dimacs                                   162981           4.60
dividers1.dimacs                                    162981           5.50
dividers2.dimacs                                    162981           4.73
dividers3.dimacs                                    162981           4.56
dividers4.dimacs                                    162981           5.89
dividers5.dimacs                                    162981           5.06
dividers6_hack.dimacs                               132698           4.31
dividers7.dimacs                                    231331           7.85
dividers8.dimacs                                    162981           4.56
dividers9.dimacs                                    162981           5.55
dividers_multivec1.dimacs                           397648          16.78
i2c_master1.dimacs                                  285986          71.95
i2c_master2.dimacs                                  221319          22.98
mem_ctrl1.dimacs                                    4422184          160.34
mrisc_mem2wire1.dimacs                              641597          19.92
rsdecoder1.dimacs                                   935186          343.66
rsdecoder2.dimacs                                      --          1000.00
rsdecoder3.dimacs                                      --          1000.00
rsdecoder4.dimacs                                      --          1000.00
rsdecoder5.dimacs                                      --          1000.00
rsdecoder6.dimacs                                      --          1000.00
rsdecoder_fsm1.dimacs                               936005          55.28
rsdecoder_fsm2.dimacs                                  --          1000.00
rsdecoder_multivec1.dimacs                             --          1000.00
SM_AS_TOP_buggy1.dimacs                                --          1000.00
SM_MAIN_MEM_buggy1.dimacs                              --          1000.00
SM_RX_TOP.dimacs                                       --          1000.00
spi2.dimacs                                         515812          162.20
wb1.dimacs                                          139873          1114.79
wb2.dimacs                                             --          1000.00
wb_4m8s1.dimacs                                        --          1000.00
wb_4m8s3.dimacs                                     1759142          133.83
wb_4m8s4.dimacs                                        --          1000.00
wb_conmax1.dimacs                                      --          1000.00
wb_conmax3.dimacs                                      --          1000.00
