dividers10.dimacs                                   162872           8.68
dividers11.dimacs                                   162981           3.96
dividers1.dimacs                                    162981           4.35
dividers2.dimacs                                    162981           3.88
dividers3.dimacs                                    162981           3.88
dividers4.dimacs                                    162981           4.49
dividers5.dimacs                                    162981           4.02
dividers6_hack.dimacs                               132698           3.34
dividers7.dimacs                                    231331           6.21
dividers8.dimacs                                    162981           3.88
dividers9.dimacs                                    162981           4.04
dividers_multivec1.dimacs                           397648          13.11
i2c_master1.dimacs                                  285986          16.21
i2c_master2.dimacs                                  221319          10.25
mem_ctrl1.dimacs                                    4422184          130.12
mrisc_mem2wire1.dimacs                              641597          16.51
rsdecoder1.dimacs                                   935186          204.12
rsdecoder2.dimacs                                   1632525          66.27
rsdecoder3.dimacs                                   936005          35.25
rsdecoder4.dimacs                                      --          1000.00
rsdecoder5.dimacs                                      --          1000.00
rsdecoder6.dimacs                                      --          1000.00
rsdecoder_fsm1.dimacs                               936005          103.52
rsdecoder_fsm2.dimacs                               936004          617.96
rsdecoder_multivec1.dimacs                             --          1000.00
SM_AS_TOP_buggy1.dimacs                                --          1000.00
SM_MAIN_MEM_buggy1.dimacs                              --          1000.00
SM_RX_TOP.dimacs                                       --          1000.00
spi2.dimacs                                         515812          36.31
wb1.dimacs                                          139873          127.78
wb2.dimacs                                          139468          354.92
wb_4m8s1.dimacs                                        --          1000.00
wb_4m8s3.dimacs                                     1759142          122.88
wb_4m8s4.dimacs                                        --          1000.00
wb_conmax1.dimacs                                      --          1000.00
wb_conmax3.dimacs                                      --          1000.00
