/benchmark/cnf/maxsat/evaluation/ms/ToolbarTeam/MAXCUT/DIMACS_MOD/p_hat500-2.clq.cnf
Number of clauses:                   910
Number of soft clauses:              910
ERROR: Invalid SAT solver outcome??

/benchmark/cnf/maxsat/evaluation/ms/ToolbarTeam/MAXCUT/DIMACS_MOD/san1000.clq.cnf
Number of clauses:                   744
Number of soft clauses:              744
ERROR: Invalid SAT solver outcome??

/benchmark/cnf/maxsat/evaluation/ms/ToolbarTeam/MAXCUT/DIMACS_MOD/c-fat200-5.clq.cnf
Number of clauses:                   646
Number of soft clauses:              646
ERROR: Invalid SAT solver outcome??

/benchmark/cnf/maxsat/evaluation/ms/ToolbarTeam/MAXCUT/DIMACS_MOD/brock400_2.clq.cnf
Number of clauses:                   1188
Number of soft clauses:              1188
ERROR: Invalid SAT solver outcome??

/benchmark/cnf/maxsat/evaluation/ms/ToolbarTeam/MAXCUT/DIMACS_MOD/brock800_2.clq.cnf
Number of clauses:                   1026
Number of soft clauses:              1026
ERROR: Invalid SAT solver outcome??

/benchmark/cnf/maxsat/evaluation/ms/ToolbarTeam/MAXCUT/DIMACS_MOD/p_hat300-2.clq.cnf
Number of clauses:                   736
Number of soft clauses:              736
ERROR: Invalid SAT solver outcome??

/benchmark/cnf/maxsat/evaluation/ms/ToolbarTeam/MAXCUT/DIMACS_MOD/san200_0.9_1.clq.cnf
Number of clauses:                   1392
Number of soft clauses:              1392
ERROR: Invalid SAT solver outcome??

/benchmark/cnf/maxsat/evaluation/ms/ToolbarTeam/MAXCUT/DIMACS_MOD/hamming6-2.clq.cnf
Number of clauses:                   3648
Number of soft clauses:              3648
ERROR: Invalid SAT solver outcome??

/benchmark/cnf/maxsat/evaluation/ms/ToolbarTeam/MAXCUT/DIMACS_MOD/hamming10-2.clq.cnf
Number of clauses:                   1640
Number of soft clauses:              1640
ERROR: Invalid SAT solver outcome??

/benchmark/cnf/maxsat/evaluation/ms/ToolbarTeam/MAXCUT/DIMACS_MOD/brock200_3.clq.cnf
Number of clauses:                   1038
Number of soft clauses:              1038
ERROR: Invalid SAT solver outcome??

/benchmark/cnf/maxsat/evaluation/ms/ToolbarTeam/MAXCUT/DIMACS_MOD/san400_0.5_1.clq.cnf
Number of clauses:                   790
Number of soft clauses:              790
ERROR: Invalid SAT solver outcome??

/benchmark/cnf/maxsat/evaluation/ms/ToolbarTeam/MAXCUT/DIMACS_MOD/sanr200_0.7.clq.cnf
Number of clauses:                   1092
Number of soft clauses:              1092
ERROR: Invalid SAT solver outcome??

/benchmark/cnf/maxsat/evaluation/ms/ToolbarTeam/MAXCUT/DIMACS_MOD/brock400_1.clq.cnf
Number of clauses:                   1192
Number of soft clauses:              1192
ERROR: Invalid SAT solver outcome??

/benchmark/cnf/maxsat/evaluation/ms/ToolbarTeam/MAXCUT/DIMACS_MOD/keller5.clq.cnf
Number of clauses:                   1230
Number of soft clauses:              1230
ERROR: Invalid SAT solver outcome??

/benchmark/cnf/maxsat/evaluation/ms/ToolbarTeam/MAXCUT/DIMACS_MOD/brock400_4.clq.cnf
Number of clauses:                   1178
Number of soft clauses:              1178
ERROR: Invalid SAT solver outcome??

/benchmark/cnf/maxsat/evaluation/ms/ToolbarTeam/MAXCUT/DIMACS_MOD/johnson16-2-4.clq.cnf
Number of clauses:                   1150
Number of soft clauses:              1150
ERROR: Invalid SAT solver outcome??

/benchmark/cnf/maxsat/evaluation/ms/ToolbarTeam/MAXCUT/DIMACS_MOD/johnson8-4-4.clq.cnf
Number of clauses:                   3710
Number of soft clauses:              3710
ERROR: Invalid SAT solver outcome??

/benchmark/cnf/maxsat/evaluation/ms/ToolbarTeam/MAXCUT/DIMACS_MOD/p_hat500-1.clq.cnf
Number of clauses:                   474
Number of soft clauses:              474
ERROR: Invalid SAT solver outcome??

/benchmark/cnf/maxsat/evaluation/ms/ToolbarTeam/MAXCUT/DIMACS_MOD/MANN_a45.clq.cnf
Number of clauses:                   1718
Number of soft clauses:              1718
ERROR: Invalid SAT solver outcome??

/benchmark/cnf/maxsat/evaluation/ms/ToolbarTeam/MAXCUT/DIMACS_MOD/sanr200_0.9.clq.cnf
Number of clauses:                   1354
Number of soft clauses:              1354
ERROR: Invalid SAT solver outcome??

/benchmark/cnf/maxsat/evaluation/ms/ToolbarTeam/MAXCUT/DIMACS_MOD/keller4.clq.cnf
Number of clauses:                   1212
Number of soft clauses:              1212
ERROR: Invalid SAT solver outcome??

/benchmark/cnf/maxsat/evaluation/ms/ToolbarTeam/MAXCUT/DIMACS_MOD/p_hat700-2.clq.cnf
Number of clauses:                   822
Number of soft clauses:              822
ERROR: Invalid SAT solver outcome??

/benchmark/cnf/maxsat/evaluation/ms/ToolbarTeam/MAXCUT/DIMACS_MOD/brock400_3.clq.cnf
Number of clauses:                   1136
Number of soft clauses:              1136
ERROR: Invalid SAT solver outcome??

/benchmark/cnf/maxsat/evaluation/ms/ToolbarTeam/MAXCUT/DIMACS_MOD/p_hat700-1.clq.cnf
Number of clauses:                   418
Number of soft clauses:              418
ERROR: Invalid SAT solver outcome??

/benchmark/cnf/maxsat/evaluation/ms/ToolbarTeam/MAXCUT/DIMACS_MOD/san200_0.9_2.clq.cnf
Number of clauses:                   1404
Number of soft clauses:              1404
ERROR: Invalid SAT solver outcome??

/benchmark/cnf/maxsat/evaluation/ms/ToolbarTeam/MAXCUT/DIMACS_MOD/hamming10-4.clq.cnf
Number of clauses:                   1436
Number of soft clauses:              1436
ERROR: Invalid SAT solver outcome??

/benchmark/cnf/maxsat/evaluation/ms/ToolbarTeam/MAXCUT/DIMACS_MOD/MANN_a9.clq.cnf
Number of clauses:                   1836
Number of soft clauses:              1836
ERROR: Invalid SAT solver outcome??

/benchmark/cnf/maxsat/evaluation/ms/ToolbarTeam/MAXCUT/DIMACS_MOD/hamming8-2.clq.cnf
Number of clauses:                   1806
Number of soft clauses:              1806
ERROR: Invalid SAT solver outcome??

/benchmark/cnf/maxsat/evaluation/ms/ToolbarTeam/MAXCUT/DIMACS_MOD/sanr400_0.5.clq.cnf
Number of clauses:                   798
Number of soft clauses:              798
ERROR: Invalid SAT solver outcome??

/benchmark/cnf/maxsat/evaluation/ms/ToolbarTeam/MAXCUT/DIMACS_MOD/san400_0.7_2.clq.cnf
Number of clauses:                   1126
Number of soft clauses:              1126
ERROR: Invalid SAT solver outcome??

/benchmark/cnf/maxsat/evaluation/ms/ToolbarTeam/MAXCUT/DIMACS_MOD/p_hat300-3.clq.cnf
Number of clauses:                   1270
Number of soft clauses:              1270
ERROR: Invalid SAT solver outcome??

/benchmark/cnf/maxsat/evaluation/ms/ToolbarTeam/MAXCUT/DIMACS_MOD/hamming8-4.clq.cnf
Number of clauses:                   994
Number of soft clauses:              994
ERROR: Invalid SAT solver outcome??

/benchmark/cnf/maxsat/evaluation/ms/ToolbarTeam/MAXCUT/DIMACS_MOD/c-fat200-1.clq.cnf
Number of clauses:                   92
Number of soft clauses:              92
Computed maxsat solution:            88
/benchmark/cnf/maxsat/evaluation/ms/ToolbarTeam/MAXCUT/DIMACS_MOD/p_hat300-1.clq.cnf
Number of clauses:                   348
Number of soft clauses:              348
ERROR: Invalid SAT solver outcome??

/benchmark/cnf/maxsat/evaluation/ms/ToolbarTeam/MAXCUT/DIMACS_MOD/johnson8-2-4.clq.cnf
Number of clauses:                   420
Number of soft clauses:              420
ERROR: Invalid SAT solver outcome??

/benchmark/cnf/maxsat/evaluation/ms/ToolbarTeam/MAXCUT/DIMACS_MOD/c-fat500-5.clq.cnf
Number of clauses:                   400
Number of soft clauses:              400
ERROR: Invalid SAT solver outcome??

/benchmark/cnf/maxsat/evaluation/ms/ToolbarTeam/MAXCUT/DIMACS_MOD/p_hat1000-1.clq.cnf
Number of clauses:                   352
Number of soft clauses:              352
ERROR: Invalid SAT solver outcome??

/benchmark/cnf/maxsat/evaluation/ms/ToolbarTeam/MAXCUT/DIMACS_MOD/san400_0.7_1.clq.cnf
Number of clauses:                   1120
Number of soft clauses:              1120
ERROR: Invalid SAT solver outcome??

/benchmark/cnf/maxsat/evaluation/ms/ToolbarTeam/MAXCUT/DIMACS_MOD/brock800_3.clq.cnf
Number of clauses:                   1014
Number of soft clauses:              1014
ERROR: Invalid SAT solver outcome??

/benchmark/cnf/maxsat/evaluation/ms/ToolbarTeam/MAXCUT/DIMACS_MOD/san200_0.7_2.clq.cnf
Number of clauses:                   1124
Number of soft clauses:              1124
ERROR: Invalid SAT solver outcome??

/benchmark/cnf/maxsat/evaluation/ms/ToolbarTeam/MAXCUT/DIMACS_MOD/p_hat500-3.clq.cnf
Number of clauses:                   1310
Number of soft clauses:              1310
ERROR: Invalid SAT solver outcome??

/benchmark/cnf/maxsat/evaluation/ms/ToolbarTeam/MAXCUT/DIMACS_MOD/san200_0.9_3.clq.cnf
Number of clauses:                   1420
Number of soft clauses:              1420
ERROR: Invalid SAT solver outcome??

/benchmark/cnf/maxsat/evaluation/ms/ToolbarTeam/MAXCUT/DIMACS_MOD/brock200_4.clq.cnf
Number of clauses:                   1028
Number of soft clauses:              1028
ERROR: Invalid SAT solver outcome??

/benchmark/cnf/maxsat/evaluation/ms/ToolbarTeam/MAXCUT/DIMACS_MOD/MANN_a81.clq.cnf
Number of clauses:                   1638
Number of soft clauses:              1638
ERROR: Invalid SAT solver outcome??

/benchmark/cnf/maxsat/evaluation/ms/ToolbarTeam/MAXCUT/DIMACS_MOD/hamming6-4.clq.cnf
Number of clauses:                   1408
Number of soft clauses:              1408
ERROR: Invalid SAT solver outcome??

/benchmark/cnf/maxsat/evaluation/ms/ToolbarTeam/MAXCUT/DIMACS_MOD/san400_0.7_3.clq.cnf
Number of clauses:                   1094
Number of soft clauses:              1094
ERROR: Invalid SAT solver outcome??

/benchmark/cnf/maxsat/evaluation/ms/ToolbarTeam/MAXCUT/DIMACS_MOD/p_hat1000-3.clq.cnf
Number of clauses:                   1140
Number of soft clauses:              1140
ERROR: Invalid SAT solver outcome??

/benchmark/cnf/maxsat/evaluation/ms/ToolbarTeam/MAXCUT/DIMACS_MOD/johnson32-2-4.clq.cnf
Number of clauses:                   1528
Number of soft clauses:              1528
ERROR: Invalid SAT solver outcome??

/benchmark/cnf/maxsat/evaluation/ms/ToolbarTeam/MAXCUT/DIMACS_MOD/brock200_2.clq.cnf
Number of clauses:                   770
Number of soft clauses:              770
ERROR: Invalid SAT solver outcome??

/benchmark/cnf/maxsat/evaluation/ms/ToolbarTeam/MAXCUT/DIMACS_MOD/san200_0.7_1.clq.cnf
Number of clauses:                   1116
Number of soft clauses:              1116
ERROR: Invalid SAT solver outcome??

/benchmark/cnf/maxsat/evaluation/ms/ToolbarTeam/MAXCUT/DIMACS_MOD/p_hat700-3.clq.cnf
Number of clauses:                   1260
Number of soft clauses:              1260
ERROR: Invalid SAT solver outcome??

/benchmark/cnf/maxsat/evaluation/ms/ToolbarTeam/MAXCUT/DIMACS_MOD/c-fat500-2.clq.cnf
Number of clauses:                   136
Number of soft clauses:              136
Computed maxsat solution:            112
/benchmark/cnf/maxsat/evaluation/ms/ToolbarTeam/MAXCUT/DIMACS_MOD/brock800_4.clq.cnf
Number of clauses:                   996
Number of soft clauses:              996
ERROR: Invalid SAT solver outcome??

/benchmark/cnf/maxsat/evaluation/ms/ToolbarTeam/MAXCUT/DIMACS_MOD/sanr400_0.7.clq.cnf
Number of clauses:                   1096
Number of soft clauses:              1096
ERROR: Invalid SAT solver outcome??

/benchmark/cnf/maxsat/evaluation/ms/ToolbarTeam/MAXCUT/DIMACS_MOD/c-fat500-1.clq.cnf
Number of clauses:                   48
Number of soft clauses:              48
Computed maxsat solution:            46
/benchmark/cnf/maxsat/evaluation/ms/ToolbarTeam/MAXCUT/DIMACS_MOD/brock800_1.clq.cnf
Number of clauses:                   1022
Number of soft clauses:              1022
ERROR: Invalid SAT solver outcome??

/benchmark/cnf/maxsat/evaluation/ms/ToolbarTeam/MAXCUT/DIMACS_MOD/c-fat500-10.clq.cnf
Number of clauses:                   840
Number of soft clauses:              840
ERROR: Invalid SAT solver outcome??

/benchmark/cnf/maxsat/evaluation/ms/ToolbarTeam/MAXCUT/DIMACS_MOD/san400_0.9_1.clq.cnf
Number of clauses:                   1356
Number of soft clauses:              1356
ERROR: Invalid SAT solver outcome??

/benchmark/cnf/maxsat/evaluation/ms/ToolbarTeam/MAXCUT/DIMACS_MOD/c-fat200-2.clq.cnf
Number of clauses:                   228
Number of soft clauses:              228
Computed maxsat solution:            202
/benchmark/cnf/maxsat/evaluation/ms/ToolbarTeam/MAXCUT/DIMACS_MOD/p_hat1000-2.clq.cnf
Number of clauses:                   742
Number of soft clauses:              742
ERROR: Invalid SAT solver outcome??

/benchmark/cnf/maxsat/evaluation/ms/ToolbarTeam/MAXCUT/DIMACS_MOD/brock200_1.clq.cnf
Number of clauses:                   1132
Number of soft clauses:              1132
ERROR: Invalid SAT solver outcome??

/benchmark/cnf/maxsat/evaluation/ms/ToolbarTeam/MAXCUT/DIMACS_MOD/MANN_a27.clq.cnf
Number of clauses:                   1690
Number of soft clauses:              1690
ERROR: Invalid SAT solver outcome??

