/benchmark/cnf/maxsat/evaluation/ms/MaxSAT06/RAMSEY/ram_k3_n4.ra0.cnf
Number of clauses:                   5
Number of soft clauses:              5
Computed maxsat solution:            5
/benchmark/cnf/maxsat/evaluation/ms/MaxSAT06/RAMSEY/ram_k3_n14.ra0.cnf
Number of clauses:                   1365
Number of soft clauses:              1365
ERROR: Invalid SAT solver outcome??

/benchmark/cnf/maxsat/evaluation/ms/MaxSAT06/RAMSEY/ram_k3_n18.ra0.cnf
Number of clauses:                   3876
Number of soft clauses:              3876
ERROR: Invalid SAT solver outcome??

/benchmark/cnf/maxsat/evaluation/ms/MaxSAT06/RAMSEY/ram_k4_n16.ra0.cnf
Number of clauses:                   3640
Number of soft clauses:              3640
Computed maxsat solution:            3640
/benchmark/cnf/maxsat/evaluation/ms/MaxSAT06/RAMSEY/ram_k3_n9.ra0.cnf
Number of clauses:                   210
Number of soft clauses:              210
Computed maxsat solution:            209
/benchmark/cnf/maxsat/evaluation/ms/MaxSAT06/RAMSEY/ram_k5_n9.ra0.cnf
Number of clauses:                   252
Number of soft clauses:              252
Computed maxsat solution:            252
/benchmark/cnf/maxsat/evaluation/ms/MaxSAT06/RAMSEY/ram_k3_n19.ra0.cnf
Number of clauses:                   4845
Number of soft clauses:              4845
ERROR: Invalid SAT solver outcome??

/benchmark/cnf/maxsat/evaluation/ms/MaxSAT06/RAMSEY/ram_k5_n18.ra0.cnf
Number of clauses:                   11628
Number of soft clauses:              11628
Computed maxsat solution:            11628
/benchmark/cnf/maxsat/evaluation/ms/MaxSAT06/RAMSEY/ram_k4_n18.ra0.cnf
Number of clauses:                   6120
Number of soft clauses:              6120
ERROR: Invalid SAT solver outcome??

/benchmark/cnf/maxsat/evaluation/ms/MaxSAT06/RAMSEY/ram_k4_n8.ra0.cnf
Number of clauses:                   140
Number of soft clauses:              140
Computed maxsat solution:            140
/benchmark/cnf/maxsat/evaluation/ms/MaxSAT06/RAMSEY/ram_k5_n11.ra0.cnf
Number of clauses:                   792
Number of soft clauses:              792
Computed maxsat solution:            792
/benchmark/cnf/maxsat/evaluation/ms/MaxSAT06/RAMSEY/ram_k4_n10.ra0.cnf
Number of clauses:                   420
Number of soft clauses:              420
Computed maxsat solution:            420
/benchmark/cnf/maxsat/evaluation/ms/MaxSAT06/RAMSEY/ram_k3_n12.ra0.cnf
Number of clauses:                   715
Number of soft clauses:              715
ERROR: Invalid SAT solver outcome??

/benchmark/cnf/maxsat/evaluation/ms/MaxSAT06/RAMSEY/ram_k3_n6.ra0.cnf
Number of clauses:                   35
Number of soft clauses:              35
Computed maxsat solution:            35
/benchmark/cnf/maxsat/evaluation/ms/MaxSAT06/RAMSEY/ram_k5_n6.ra0.cnf
Number of clauses:                   21
Number of soft clauses:              21
Computed maxsat solution:            21
/benchmark/cnf/maxsat/evaluation/ms/MaxSAT06/RAMSEY/ram_k5_n20.ra0.cnf
Number of clauses:                   20349
Number of soft clauses:              20349
Computed maxsat solution:            20349
/benchmark/cnf/maxsat/evaluation/ms/MaxSAT06/RAMSEY/ram_k4_n19.ra0.cnf
Number of clauses:                   7752
Number of soft clauses:              7752
ERROR: Invalid SAT solver outcome??

/benchmark/cnf/maxsat/evaluation/ms/MaxSAT06/RAMSEY/ram_k3_n13.ra0.cnf
Number of clauses:                   1001
Number of soft clauses:              1001
ERROR: Invalid SAT solver outcome??

/benchmark/cnf/maxsat/evaluation/ms/MaxSAT06/RAMSEY/ram_k3_n15.ra0.cnf
Number of clauses:                   1820
Number of soft clauses:              1820
ERROR: Invalid SAT solver outcome??

/benchmark/cnf/maxsat/evaluation/ms/MaxSAT06/RAMSEY/ram_k5_n12.ra0.cnf
Number of clauses:                   1287
Number of soft clauses:              1287
Computed maxsat solution:            1287
/benchmark/cnf/maxsat/evaluation/ms/MaxSAT06/RAMSEY/ram_k5_n13.ra0.cnf
Number of clauses:                   2002
Number of soft clauses:              2002
Computed maxsat solution:            2002
/benchmark/cnf/maxsat/evaluation/ms/MaxSAT06/RAMSEY/ram_k4_n12.ra0.cnf
Number of clauses:                   990
Number of soft clauses:              990
Computed maxsat solution:            990
/benchmark/cnf/maxsat/evaluation/ms/MaxSAT06/RAMSEY/ram_k3_n7.ra0.cnf
Number of clauses:                   70
Number of soft clauses:              70
Computed maxsat solution:            70
/benchmark/cnf/maxsat/evaluation/ms/MaxSAT06/RAMSEY/ram_k5_n7.ra0.cnf
Number of clauses:                   56
Number of soft clauses:              56
Computed maxsat solution:            56
/benchmark/cnf/maxsat/evaluation/ms/MaxSAT06/RAMSEY/ram_k5_n10.ra0.cnf
Number of clauses:                   462
Number of soft clauses:              462
Computed maxsat solution:            462
/benchmark/cnf/maxsat/evaluation/ms/MaxSAT06/RAMSEY/ram_k4_n14.ra0.cnf
Number of clauses:                   2002
Number of soft clauses:              2002
Computed maxsat solution:            2002
/benchmark/cnf/maxsat/evaluation/ms/MaxSAT06/RAMSEY/ram_k5_n14.ra0.cnf
Number of clauses:                   3003
Number of soft clauses:              3003
Computed maxsat solution:            3003
/benchmark/cnf/maxsat/evaluation/ms/MaxSAT06/RAMSEY/ram_k3_n20.ra0.cnf
Number of clauses:                   5985
Number of soft clauses:              5985
ERROR: Invalid SAT solver outcome??

/benchmark/cnf/maxsat/evaluation/ms/MaxSAT06/RAMSEY/ram_k5_n19.ra0.cnf
Number of clauses:                   15504
Number of soft clauses:              15504
Computed maxsat solution:            15504
/benchmark/cnf/maxsat/evaluation/ms/MaxSAT06/RAMSEY/ram_k4_n7.ra0.cnf
Number of clauses:                   70
Number of soft clauses:              70
Computed maxsat solution:            70
/benchmark/cnf/maxsat/evaluation/ms/MaxSAT06/RAMSEY/ram_k3_n11.ra0.cnf
Number of clauses:                   495
Number of soft clauses:              495
ERROR: Invalid SAT solver outcome??

/benchmark/cnf/maxsat/evaluation/ms/MaxSAT06/RAMSEY/ram_k4_n9.ra0.cnf
Number of clauses:                   252
Number of soft clauses:              252
Computed maxsat solution:            252
/benchmark/cnf/maxsat/evaluation/ms/MaxSAT06/RAMSEY/ram_k4_n6.ra0.cnf
Number of clauses:                   30
Number of soft clauses:              30
Computed maxsat solution:            30
/benchmark/cnf/maxsat/evaluation/ms/MaxSAT06/RAMSEY/ram_k3_n16.ra0.cnf
Number of clauses:                   2380
Number of soft clauses:              2380
ERROR: Invalid SAT solver outcome??

/benchmark/cnf/maxsat/evaluation/ms/MaxSAT06/RAMSEY/ram_k3_n5.ra0.cnf
Number of clauses:                   15
Number of soft clauses:              15
Computed maxsat solution:            15
/benchmark/cnf/maxsat/evaluation/ms/MaxSAT06/RAMSEY/ram_k5_n15.ra0.cnf
Number of clauses:                   4368
Number of soft clauses:              4368
Computed maxsat solution:            4368
/benchmark/cnf/maxsat/evaluation/ms/MaxSAT06/RAMSEY/ram_k5_n8.ra0.cnf
Number of clauses:                   126
Number of soft clauses:              126
Computed maxsat solution:            126
/benchmark/cnf/maxsat/evaluation/ms/MaxSAT06/RAMSEY/ram_k3_n8.ra0.cnf
Number of clauses:                   126
Number of soft clauses:              126
Computed maxsat solution:            126
/benchmark/cnf/maxsat/evaluation/ms/MaxSAT06/RAMSEY/ram_k3_n17.ra0.cnf
Number of clauses:                   3060
Number of soft clauses:              3060
ERROR: Invalid SAT solver outcome??

/benchmark/cnf/maxsat/evaluation/ms/MaxSAT06/RAMSEY/ram_k3_n10.ra0.cnf
Number of clauses:                   330
Number of soft clauses:              330
ERROR: Invalid SAT solver outcome??

/benchmark/cnf/maxsat/evaluation/ms/MaxSAT06/RAMSEY/ram_k5_n17.ra0.cnf
Number of clauses:                   8568
Number of soft clauses:              8568
Computed maxsat solution:            8568
/benchmark/cnf/maxsat/evaluation/ms/MaxSAT06/RAMSEY/ram_k4_n11.ra0.cnf
Number of clauses:                   660
Number of soft clauses:              660
Computed maxsat solution:            660
/benchmark/cnf/maxsat/evaluation/ms/MaxSAT06/RAMSEY/ram_k4_n15.ra0.cnf
Number of clauses:                   2730
Number of soft clauses:              2730
Computed maxsat solution:            2730
/benchmark/cnf/maxsat/evaluation/ms/MaxSAT06/RAMSEY/ram_k4_n20.ra0.cnf
Number of clauses:                   9690
Number of soft clauses:              9690
ERROR: Invalid SAT solver outcome??

/benchmark/cnf/maxsat/evaluation/ms/MaxSAT06/RAMSEY/ram_k4_n17.ra0.cnf
Number of clauses:                   4760
Number of soft clauses:              4760
Computed maxsat solution:            4760
/benchmark/cnf/maxsat/evaluation/ms/MaxSAT06/RAMSEY/ram_k4_n13.ra0.cnf
Number of clauses:                   1430
Number of soft clauses:              1430
Computed maxsat solution:            1430
/benchmark/cnf/maxsat/evaluation/ms/MaxSAT06/RAMSEY/ram_k5_n16.ra0.cnf
Number of clauses:                   6188
Number of soft clauses:              6188
Computed maxsat solution:            6188
/benchmark/cnf/maxsat/evaluation/ms/MaxSAT06/RAMSEY/ram_k4_n5.ra0.cnf
Number of clauses:                   10
Number of soft clauses:              10
Computed maxsat solution:            10
